2026-01-19 08:14:37.017,4456,INFO,[MySystemLog] Logging to SD: /sd/system.log
2026-01-19 08:14:37.055,4494,INFO,[Main Loop] System Log Started
2026-01-19 08:14:37.065,4504,INFO,"[Main Loop] all defined cats: ['bob', 'Handsome', 'henk']"
2026-01-19 08:14:37.353,4792,INFO,[Main Loop] Objects created
2026-01-19 08:14:37.364,4803,INFO,[Main Loop] Starting monitoring loop
2026-01-19 08:14:37.381,4820,INFO,[Main Loop] Cat switched None      -> unknown   
2026-01-19 08:14:37.394,4833,INFO,[Main Loop] unknown: state=0 licks=0 bouts=0
2026-01-19 08:14:58.021,25666,INFO,[MySystemLog] Logging to SD: /sd/system.log
2026-01-19 08:14:58.031,25676,INFO,[Main Loop] System Log Started
2026-01-19 08:14:58.044,25689,INFO,"[Main Loop] all defined cats: ['bob', 'Handsome', 'henk']"
2026-01-19 08:14:58.309,25954,INFO,[Main Loop] Objects created
2026-01-19 08:14:58.319,25964,INFO,[Main Loop] Starting monitoring loop
2026-01-19 08:14:58.337,25982,INFO,[Main Loop] Cat switched None      -> unknown   
2026-01-19 08:14:58.352,25997,INFO,[Main Loop] unknown: state=0 licks=0 bouts=0
2026-01-19 08:15:46.022,74177,INFO,[MySystemLog] Logging to SD: /sd/system.log
2026-01-19 08:15:46.035,74190,INFO,[Main Loop] System Log Started
2026-01-19 08:15:46.046,74201,INFO,"[Main Loop] all defined cats: ['bob', 'Handsome', 'henk']"
2026-01-19 08:15:46.311,74466,INFO,[Main Loop] Objects created
2026-01-19 08:15:46.323,74478,INFO,[Main Loop] Starting monitoring loop
2026-01-19 08:15:46.339,74494,INFO,[Main Loop] Cat switched None      -> unknown   
2026-01-19 08:15:46.354,74509,INFO,[Main Loop] unknown: state=0 licks=0 bouts=0
2026-01-19 08:15:51.026,79385,INFO,[MySystemLog] Logging to SD: /sd/system.log
2026-01-19 08:15:51.039,79398,INFO,[Main Loop] System Log Started
2026-01-19 08:15:51.051,79410,INFO,"[Main Loop] all defined cats: ['bob', 'Handsome', 'henk']"
2026-01-19 08:15:51.315,79674,INFO,[Main Loop] Objects created
2026-01-19 08:15:51.327,79686,INFO,[Main Loop] Starting monitoring loop
2026-01-19 08:15:51.344,79703,INFO,[Main Loop] Cat switched None      -> unknown   
2026-01-19 08:15:51.358,79717,INFO,[Main Loop] unknown: state=0 licks=0 bouts=0
2026-01-19 08:17:28.030,175812,INFO,[MySystemLog] Logging to SD: /sd/system.log
2026-01-19 08:17:28.042,175824,INFO,[Main Loop] System Log Started
2026-01-19 08:17:28.054,175836,INFO,"[Main Loop] all defined cats: ['bob', 'Handsome', 'henk']"
2026-01-19 08:17:28.319,176101,INFO,[Main Loop] Objects created
2026-01-19 08:17:28.330,176112,INFO,[Main Loop] Starting monitoring loop
2026-01-19 08:17:28.348,176130,INFO,[Main Loop] Cat switched None      -> unknown   
2026-01-19 08:17:28.362,176144,INFO,[Main Loop] unknown: state=0 licks=0 bouts=0
2026-01-19 08:21:32.033,4422,INFO,[MySystemLog] Logging to SD: /sd/system.log
2026-01-19 08:21:32.048,4437,INFO,[Main Loop] System Log Started
2026-01-19 08:21:32.059,4448,INFO,"[Main Loop] all defined cats: ['bob', 'Handsome', 'henk']"
2026-01-19 08:21:32.324,4713,INFO,[Main Loop] Objects created
2026-01-19 08:21:32.335,4724,INFO,[Main Loop] Starting monitoring loop
2026-01-19 08:21:32.352,4741,INFO,[Main Loop] Cat switched None      -> unknown   
2026-01-19 08:21:32.366,4755,INFO,[Main Loop] unknown: state=0 licks=0 bouts=0
2026-01-19 08:21:38.643,11032,INFO,[Main Loop] unknown: state=1 licks=0 bouts=0
2026-01-19 08:21:39.037,11426,INFO,[Main Loop] unknown: state=0 licks=0 bouts=0
2026-01-19 08:21:39.381,11770,INFO,[Main Loop] unknown: state=1 licks=0 bouts=0
2026-01-19 08:21:39.754,12143,INFO,[Main Loop] unknown: state=0 licks=0 bouts=0
2026-01-19 08:21:40.056,12445,INFO,[Main Loop] unknown: state=1 licks=0 bouts=0
2026-01-19 08:21:40.368,12757,INFO,[Main Loop] unknown: state=0 licks=0 bouts=0
2026-01-19 09:35:57.061,4469450,INFO,[Main Loop] unknown: state=1 licks=0 bouts=0
2026-01-19 09:35:58.693,4471082,INFO,[Main Loop] unknown: state=0 licks=0 bouts=0
2026-01-19 09:36:02.577,4474966,INFO,[Main Loop] unknown: state=1 licks=0 bouts=0
2026-01-19 09:36:03.367,4475756,INFO,[Main Loop] unknown: state=0 licks=0 bouts=0
2026-01-19 09:36:07.201,4479590,INFO,[Main Loop] unknown: state=1 licks=0 bouts=0
2026-01-19 09:36:08.079,4480468,INFO,[Main Loop] unknown: state=0 licks=0 bouts=0
2026-01-19 09:36:12.299,4484688,INFO,[Main Loop] unknown: state=1 licks=0 bouts=0
2026-01-19 09:36:12.421,4484810,INFO,[Main Loop] unknown: state=0 licks=1 bouts=0
2026-01-19 09:36:12.509,4484898,INFO,[Main Loop] unknown: state=1 licks=1 bouts=0
2026-01-19 09:36:13.287,4485676,INFO,[Main Loop] unknown: state=0 licks=1 bouts=0
2026-01-19 09:36:14.287,4486676,INFO,[Main Loop] unknown: state=0 licks=0 bouts=0
2026-01-19 09:36:17.259,4489648,INFO,[Main Loop] unknown: state=1 licks=0 bouts=0
2026-01-19 09:36:17.995,4490384,INFO,[Main Loop] unknown: state=0 licks=0 bouts=0
2026-01-19 09:36:18.065,4490454,INFO,[Main Loop] unknown: state=1 licks=0 bouts=0
2026-01-19 09:36:18.113,4490502,INFO,[Main Loop] unknown: state=0 licks=1 bouts=0
2026-01-19 09:36:19.117,4491506,INFO,[Main Loop] unknown: state=0 licks=0 bouts=0
2026-01-19 09:36:23.129,4495518,INFO,[Main Loop] unknown: state=1 licks=0 bouts=0
2026-01-19 09:36:23.209,4495598,INFO,[Main Loop] unknown: state=0 licks=1 bouts=0
2026-01-19 09:36:23.363,4495752,INFO,[Main Loop] unknown: state=1 licks=1 bouts=0
2026-01-19 09:36:23.819,4496208,INFO,[Main Loop] unknown: state=0 licks=1 bouts=0
2026-01-19 09:36:23.871,4496260,INFO,[Main Loop] unknown: state=1 licks=1 bouts=0
2026-01-19 09:36:23.997,4496386,INFO,[Main Loop] unknown: state=0 licks=2 bouts=0
2026-01-19 09:36:24.117,4496506,INFO,[Main Loop] unknown: state=1 licks=2 bouts=0
2026-01-19 09:36:24.227,4496616,INFO,[Main Loop] unknown: state=0 licks=3 bouts=0
2026-01-19 09:36:25.231,4497620,INFO,[Main Loop] unknown: state=0 licks=0 bouts=1
2026-01-19 09:36:27.873,4500262,INFO,[Main Loop] unknown: state=1 licks=0 bouts=1
2026-01-19 09:36:28.379,4500768,INFO,[Main Loop] unknown: state=0 licks=0 bouts=1
2026-01-19 09:36:28.433,4500822,INFO,[Main Loop] unknown: state=1 licks=0 bouts=1
2026-01-19 09:36:28.579,4500968,INFO,[Main Loop] unknown: state=0 licks=1 bouts=1
2026-01-19 09:36:29.579,4501968,INFO,[Main Loop] unknown: state=0 licks=0 bouts=1
2026-01-19 09:36:32.767,4505156,INFO,[Main Loop] unknown: state=1 licks=0 bouts=1
2026-01-19 09:36:33.515,4505904,INFO,[Main Loop] unknown: state=0 licks=0 bouts=1
2026-01-19 09:36:33.567,4505956,INFO,[Main Loop] unknown: state=1 licks=0 bouts=1
2026-01-19 09:36:33.649,4506038,INFO,[Main Loop] unknown: state=0 licks=1 bouts=1
2026-01-19 09:36:34.649,4507038,INFO,[Main Loop] unknown: state=0 licks=0 bouts=1
2026-01-19 09:36:38.049,4510438,INFO,[Main Loop] unknown: state=1 licks=0 bouts=1
2026-01-19 09:36:38.835,4511224,INFO,[Main Loop] unknown: state=0 licks=0 bouts=1
2026-01-19 09:36:42.787,4515176,INFO,[Main Loop] unknown: state=1 licks=0 bouts=1
2026-01-19 09:36:43.827,4516216,INFO,[Main Loop] unknown: state=0 licks=0 bouts=1
2026-01-19 09:36:43.873,4516262,INFO,[Main Loop] unknown: state=1 licks=0 bouts=1
2026-01-19 09:36:43.943,4516332,INFO,[Main Loop] unknown: state=0 licks=1 bouts=1
2026-01-19 09:36:44.955,4517344,INFO,[Main Loop] unknown: state=0 licks=0 bouts=1
2026-01-20 07:34:42.299,83594688,INFO,[Main Loop] unknown: state=1 licks=0 bouts=1
2026-01-20 07:34:43.451,83595840,INFO,[Main Loop] unknown: state=0 licks=0 bouts=1
2026-01-20 07:34:48.699,83601088,INFO,[Main Loop] unknown: state=1 licks=0 bouts=1
2026-01-20 07:34:48.859,83601248,INFO,[Main Loop] unknown: state=0 licks=0 bouts=1
2026-01-20 07:34:49.371,83601760,INFO,[Main Loop] unknown: state=1 licks=0 bouts=1
2026-01-20 07:34:50.075,83602464,INFO,[Main Loop] unknown: state=0 licks=0 bouts=1
2026-01-20 18:47:27.035,123959424,INFO,[Main Loop] unknown: state=1 licks=0 bouts=1
2026-01-20 18:47:28.187,123960576,INFO,[Main Loop] unknown: state=0 licks=0 bouts=1
2026-01-20 18:47:32.283,123964672,INFO,[Main Loop] unknown: state=1 licks=0 bouts=1
2026-01-20 18:47:33.659,123966048,INFO,[Main Loop] unknown: state=0 licks=0 bouts=1
2026-01-20 18:47:37.339,123969728,INFO,[Main Loop] unknown: state=1 licks=0 bouts=1
2026-01-20 18:47:38.555,123970944,INFO,[Main Loop] unknown: state=0 licks=0 bouts=1
2026-01-20 18:47:42.075,123974464,INFO,[Main Loop] unknown: state=1 licks=0 bouts=1
2026-01-20 18:47:43.387,123975776,INFO,[Main Loop] unknown: state=0 licks=0 bouts=1
2026-01-20 18:47:46.651,123979040,INFO,[Main Loop] unknown: state=1 licks=0 bouts=1
2026-01-20 18:47:47.803,123980192,INFO,[Main Loop] unknown: state=0 licks=0 bouts=1
2026-01-20 18:47:51.547,123983936,INFO,[Main Loop] unknown: state=1 licks=0 bouts=1
2026-01-20 18:47:52.827,123985216,INFO,[Main Loop] unknown: state=0 licks=0 bouts=1
2026-01-20 18:47:56.731,123989120,INFO,[Main Loop] unknown: state=1 licks=0 bouts=1
2026-01-20 18:47:58.395,123990784,INFO,[Main Loop] unknown: state=0 licks=0 bouts=1
2026-01-20 18:48:05.243,123997632,INFO,[Main Loop] unknown: state=1 licks=0 bouts=1
2026-01-20 18:48:06.331,123998720,INFO,[Main Loop] unknown: state=0 licks=0 bouts=1
2026-01-20 18:48:06.395,123998784,INFO,[Main Loop] unknown: state=1 licks=0 bouts=1
2026-01-20 18:48:06.459,123998848,INFO,[Main Loop] unknown: state=0 licks=1 bouts=1
2026-01-20 18:48:07.515,123999904,INFO,[Main Loop] unknown: state=0 licks=0 bouts=1
2026-01-20 18:48:09.563,124001952,INFO,[Main Loop] unknown: state=1 licks=0 bouts=1
2026-01-20 18:48:10.555,124002944,INFO,[Main Loop] unknown: state=0 licks=0 bouts=1
2026-01-20 18:48:14.139,124006528,INFO,[Main Loop] unknown: state=1 licks=0 bouts=1
2026-01-20 18:48:14.235,124006624,INFO,[Main Loop] unknown: state=0 licks=1 bouts=1
2026-01-20 18:48:14.299,124006688,INFO,[Main Loop] unknown: state=1 licks=1 bouts=1
2026-01-20 18:48:15.387,124007776,INFO,[Main Loop] unknown: state=0 licks=1 bouts=1
2026-01-20 18:48:16.443,124008832,INFO,[Main Loop] unknown: state=0 licks=0 bouts=1
2026-01-20 18:48:20.219,124012608,INFO,[Main Loop] unknown: state=1 licks=0 bouts=1
2026-01-20 18:48:21.691,124014080,INFO,[Main Loop] unknown: state=0 licks=0 bouts=1
2026-01-20 18:48:25.019,124017408,INFO,[Main Loop] unknown: state=1 licks=0 bouts=1
2026-01-20 18:48:26.171,124018560,INFO,[Main Loop] unknown: state=0 licks=0 bouts=1
2026-01-20 18:48:29.307,124021696,INFO,[Main Loop] unknown: state=1 licks=0 bouts=1
2026-01-20 18:48:30.555,124022944,INFO,[Main Loop] unknown: state=0 licks=0 bouts=1
2026-01-20 18:48:30.651,124023040,INFO,[Main Loop] unknown: state=1 licks=0 bouts=1
2026-01-20 18:48:30.715,124023104,INFO,[Main Loop] unknown: state=0 licks=1 bouts=1
2026-01-20 18:48:31.739,124024128,INFO,[Main Loop] unknown: state=0 licks=0 bouts=1
2026-01-20 18:48:33.723,124026112,INFO,[Main Loop] unknown: state=1 licks=0 bouts=1
2026-01-20 18:48:33.819,124026208,INFO,[Main Loop] unknown: state=0 licks=1 bouts=1
2026-01-20 18:48:33.915,124026304,INFO,[Main Loop] unknown: state=1 licks=1 bouts=1
2026-01-20 18:48:35.067,124027456,INFO,[Main Loop] unknown: state=0 licks=1 bouts=1
2026-01-20 18:48:36.123,124028512,INFO,[Main Loop] unknown: state=0 licks=0 bouts=1
2026-01-20 18:48:37.787,124030176,INFO,[Main Loop] unknown: state=1 licks=0 bouts=1
2026-01-20 18:48:39.131,124031520,INFO,[Main Loop] unknown: state=0 licks=0 bouts=1
2026-01-20 18:48:42.139,124034528,INFO,[Main Loop] unknown: state=1 licks=0 bouts=1
2026-01-20 18:48:43.291,124035680,INFO,[Main Loop] unknown: state=0 licks=0 bouts=1
2026-01-20 18:48:43.579,124035968,INFO,[Main Loop] unknown: state=1 licks=0 bouts=1
2026-01-20 18:48:43.611,124036000,INFO,[Main Loop] unknown: state=0 licks=1 bouts=1
2026-01-20 18:48:44.635,124037024,INFO,[Main Loop] unknown: state=0 licks=0 bouts=1
2026-01-20 18:48:46.011,124038400,INFO,[Main Loop] unknown: state=1 licks=0 bouts=1
2026-01-20 18:48:47.227,124039616,INFO,[Main Loop] unknown: state=0 licks=0 bouts=1
2026-01-20 18:48:50.523,124042912,INFO,[Main Loop] unknown: state=1 licks=0 bouts=1
2026-01-20 18:48:52.123,124044512,INFO,[Main Loop] unknown: state=0 licks=0 bouts=1
2026-01-20 18:48:55.547,124047936,INFO,[Main Loop] unknown: state=1 licks=0 bouts=1
2026-01-20 18:48:57.307,124049696,INFO,[Main Loop] unknown: state=0 licks=0 bouts=1
2026-01-20 18:49:01.499,124053888,INFO,[Main Loop] unknown: state=1 licks=0 bouts=1
2026-01-20 18:49:02.651,124055040,INFO,[Main Loop] unknown: state=0 licks=0 bouts=1
2026-01-20 18:49:02.779,124055168,INFO,[Main Loop] unknown: state=1 licks=0 bouts=1
2026-01-20 18:49:02.843,124055232,INFO,[Main Loop] unknown: state=0 licks=1 bouts=1
2026-01-20 18:49:03.867,124056256,INFO,[Main Loop] unknown: state=0 licks=0 bouts=1
2026-01-20 18:49:06.523,124058912,INFO,[Main Loop] unknown: state=1 licks=0 bouts=1
2026-01-20 18:49:08.411,124060800,INFO,[Main Loop] unknown: state=0 licks=0 bouts=1
2026-01-20 18:49:12.955,124065344,INFO,[Main Loop] unknown: state=1 licks=0 bouts=1
2026-01-20 18:49:14.363,124066752,INFO,[Main Loop] unknown: state=0 licks=0 bouts=1
2026-01-20 18:51:15.547,124187936,INFO,[Main Loop] unknown: state=1 licks=0 bouts=1
2026-01-20 18:51:15.675,124188064,INFO,[Main Loop] unknown: state=0 licks=1 bouts=1
2026-01-20 18:51:16.699,124189088,INFO,[Main Loop] unknown: state=0 licks=0 bouts=1
2026-01-20 19:07:40.091,125172480,INFO,[Main Loop] unknown: state=1 licks=0 bouts=1
2026-01-20 19:07:41.979,125174368,INFO,[Main Loop] unknown: state=0 licks=0 bouts=1
2026-01-20 19:07:46.299,125178688,INFO,[Main Loop] unknown: state=1 licks=0 bouts=1
2026-01-20 19:07:47.131,125179520,INFO,[Main Loop] unknown: state=0 licks=0 bouts=1
2026-01-20 19:07:50.843,125183232,INFO,[Main Loop] unknown: state=1 licks=0 bouts=1
2026-01-20 19:07:51.835,125184224,INFO,[Main Loop] unknown: state=0 licks=0 bouts=1
2026-01-20 19:07:56.155,125188544,INFO,[Main Loop] unknown: state=1 licks=0 bouts=1
2026-01-20 19:07:57.339,125189728,INFO,[Main Loop] unknown: state=0 licks=0 bouts=1
2026-01-20 19:08:01.723,125194112,INFO,[Main Loop] unknown: state=1 licks=0 bouts=1
2026-01-20 19:08:01.819,125194208,INFO,[Main Loop] unknown: state=0 licks=1 bouts=1
2026-01-20 19:08:01.915,125194304,INFO,[Main Loop] unknown: state=1 licks=1 bouts=1
2026-01-20 19:08:03.131,125195520,INFO,[Main Loop] unknown: state=0 licks=1 bouts=1
2026-01-20 19:08:04.123,125196512,INFO,[Main Loop] unknown: state=0 licks=0 bouts=1
2026-01-20 19:08:07.323,125199712,INFO,[Main Loop] unknown: state=1 licks=0 bouts=1
2026-01-20 19:08:08.859,125201248,INFO,[Main Loop] unknown: state=0 licks=0 bouts=1
2026-01-20 19:08:12.443,125204832,INFO,[Main Loop] unknown: state=1 licks=0 bouts=1
2026-01-20 19:08:12.571,125204960,INFO,[Main Loop] unknown: state=0 licks=1 bouts=1
2026-01-20 19:08:12.667,125205056,INFO,[Main Loop] unknown: state=1 licks=1 bouts=1
2026-01-20 19:08:13.819,125206208,INFO,[Main Loop] unknown: state=0 licks=1 bouts=1
2026-01-20 19:08:14.843,125207232,INFO,[Main Loop] unknown: state=0 licks=0 bouts=1
2026-01-20 19:08:17.723,125210112,INFO,[Main Loop] unknown: state=1 licks=0 bouts=1
2026-01-20 19:08:17.851,125210240,INFO,[Main Loop] unknown: state=0 licks=1 bouts=1
2026-01-20 19:08:17.947,125210336,INFO,[Main Loop] unknown: state=1 licks=1 bouts=1
2026-01-20 19:08:19.003,125211392,INFO,[Main Loop] unknown: state=0 licks=1 bouts=1
2026-01-20 19:08:20.027,125212416,INFO,[Main Loop] unknown: state=0 licks=0 bouts=1
2026-01-20 19:08:22.843,125215232,INFO,[Main Loop] unknown: state=1 licks=0 bouts=1
2026-01-20 19:08:24.731,125217120,INFO,[Main Loop] unknown: state=0 licks=0 bouts=1
2026-01-20 19:08:28.827,125221216,INFO,[Main Loop] unknown: state=1 licks=0 bouts=1
2026-01-20 19:08:28.923,125221312,INFO,[Main Loop] unknown: state=0 licks=1 bouts=1
2026-01-20 19:08:29.595,125221984,INFO,[Main Loop] unknown: state=1 licks=1 bouts=1
2026-01-20 19:08:30.971,125223360,INFO,[Main Loop] unknown: state=0 licks=1 bouts=1
2026-01-20 19:08:31.995,125224384,INFO,[Main Loop] unknown: state=0 licks=0 bouts=1
2026-01-20 19:08:36.507,125228896,INFO,[Main Loop] unknown: state=1 licks=0 bouts=1
2026-01-20 19:08:37.563,125229952,INFO,[Main Loop] unknown: state=0 licks=0 bouts=1
2026-01-20 19:08:41.947,125234336,INFO,[Main Loop] unknown: state=1 licks=0 bouts=1
2026-01-20 19:08:42.843,125235232,INFO,[Main Loop] unknown: state=0 licks=0 bouts=1
2026-01-20 19:08:46.683,125239072,INFO,[Main Loop] unknown: state=1 licks=0 bouts=1
2026-01-20 19:08:48.091,125240480,INFO,[Main Loop] unknown: state=0 licks=0 bouts=1
2026-01-20 19:08:52.123,125244512,INFO,[Main Loop] unknown: state=1 licks=0 bouts=1
2026-01-20 19:08:53.179,125245568,INFO,[Main Loop] unknown: state=0 licks=0 bouts=1
2026-01-20 19:08:59.067,125251456,INFO,[Main Loop] unknown: state=1 licks=0 bouts=1
2026-01-20 19:09:00.283,125252672,INFO,[Main Loop] unknown: state=0 licks=0 bouts=1
2026-01-20 19:40:35.675,127148064,INFO,[Main Loop] unknown: state=1 licks=0 bouts=1
2026-01-20 19:40:37.179,127149568,INFO,[Main Loop] unknown: state=0 licks=0 bouts=1
2026-01-20 19:40:40.315,127152704,INFO,[Main Loop] unknown: state=1 licks=0 bouts=1
2026-01-20 19:40:41.371,127153760,INFO,[Main Loop] unknown: state=0 licks=0 bouts=1
2026-01-20 19:40:45.051,127157440,INFO,[Main Loop] unknown: state=1 licks=0 bouts=1
2026-01-20 19:40:46.011,127158400,INFO,[Main Loop] unknown: state=0 licks=0 bouts=1
2026-01-20 19:40:49.819,127162208,INFO,[Main Loop] unknown: state=1 licks=0 bouts=1
2026-01-20 19:40:50.843,127163232,INFO,[Main Loop] unknown: state=0 licks=0 bouts=1
2026-01-20 19:40:54.555,127166944,INFO,[Main Loop] unknown: state=1 licks=0 bouts=1
2026-01-20 19:40:55.899,127168288,INFO,[Main Loop] unknown: state=0 licks=0 bouts=1
2026-01-20 19:40:59.707,127172096,INFO,[Main Loop] unknown: state=1 licks=0 bouts=1
2026-01-20 19:41:01.083,127173472,INFO,[Main Loop] unknown: state=0 licks=0 bouts=1
2026-01-20 19:41:04.667,127177056,INFO,[Main Loop] unknown: state=1 licks=0 bouts=1
2026-01-20 19:41:05.947,127178336,INFO,[Main Loop] unknown: state=0 licks=0 bouts=1
2026-01-20 19:41:09.243,127181632,INFO,[Main Loop] unknown: state=1 licks=0 bouts=1
2026-01-20 19:41:10.459,127182848,INFO,[Main Loop] unknown: state=0 licks=0 bouts=1
2026-01-20 19:41:14.107,127186496,INFO,[Main Loop] unknown: state=1 licks=0 bouts=1
2026-01-20 19:41:15.707,127188096,INFO,[Main Loop] unknown: state=0 licks=0 bouts=1
2026-01-20 19:41:19.323,127191712,INFO,[Main Loop] unknown: state=1 licks=0 bouts=1
2026-01-20 19:41:20.795,127193184,INFO,[Main Loop] unknown: state=0 licks=0 bouts=1
2026-01-21 18:00:14.651,207527040,INFO,[Main Loop] Detected key 879B029A405D30010000000000
2026-01-21 18:00:14.651,207527040,INFO,[Main Loop] Cat switched unknown   -> Handsome  
2026-01-21 18:00:14.715,207527104,INFO,[Main Loop] Handsome: state=0 licks=0 bouts=0
2026-01-21 18:00:15.675,207528064,INFO,[Main Loop] Cat switched Handsome  -> unknown   
2026-01-21 18:00:15.739,207528128,INFO,[Main Loop] unknown: state=0 licks=0 bouts=1
2026-01-21 18:00:16.187,207528576,INFO,[Main Loop] unknown: state=1 licks=0 bouts=1
2026-01-21 18:00:16.571,207528960,INFO,[Main Loop] unknown: state=0 licks=0 bouts=1
2026-01-21 18:00:20.539,207532928,INFO,[Main Loop] unknown: state=1 licks=0 bouts=1
2026-01-21 18:00:21.371,207533760,INFO,[Main Loop] unknown: state=0 licks=0 bouts=1
2026-01-21 18:00:24.891,207537280,INFO,[Main Loop] unknown: state=1 licks=0 bouts=1
2026-01-21 18:00:26.171,207538560,INFO,[Main Loop] unknown: state=0 licks=0 bouts=1
2026-01-21 18:00:32.379,207544768,INFO,[Main Loop] unknown: state=1 licks=0 bouts=1
2026-01-21 18:00:33.403,207545792,INFO,[Main Loop] unknown: state=0 licks=0 bouts=1
2026-01-21 18:00:36.731,207549120,INFO,[Main Loop] unknown: state=1 licks=0 bouts=1
2026-01-21 18:00:37.819,207550208,INFO,[Main Loop] unknown: state=0 licks=0 bouts=1
2026-01-21 18:00:37.947,207550336,INFO,[Main Loop] unknown: state=1 licks=0 bouts=1
2026-01-21 18:00:38.011,207550400,INFO,[Main Loop] unknown: state=0 licks=1 bouts=1
2026-01-21 18:00:39.035,207551424,INFO,[Main Loop] unknown: state=0 licks=0 bouts=1
2026-01-21 18:00:41.147,207553536,INFO,[Main Loop] unknown: state=1 licks=0 bouts=1
2026-01-21 18:00:42.747,207555136,INFO,[Main Loop] unknown: state=0 licks=0 bouts=1
2026-01-21 18:00:46.203,207558592,INFO,[Main Loop] unknown: state=1 licks=0 bouts=1
2026-01-21 18:00:47.611,207560000,INFO,[Main Loop] unknown: state=0 licks=0 bouts=1
2026-01-21 18:00:52.219,207564608,INFO,[Main Loop] unknown: state=1 licks=0 bouts=1
2026-01-21 18:00:53.691,207566080,INFO,[Main Loop] unknown: state=0 licks=0 bouts=1
2026-01-21 18:00:57.275,207569664,INFO,[Main Loop] unknown: state=1 licks=0 bouts=1
2026-01-21 18:00:58.875,207571264,INFO,[Main Loop] unknown: state=0 licks=0 bouts=1
2026-01-21 18:01:03.035,207575424,INFO,[Main Loop] unknown: state=1 licks=0 bouts=1
2026-01-21 18:01:04.507,207576896,INFO,[Main Loop] unknown: state=0 licks=0 bouts=1
2026-01-21 18:01:07.323,207579712,INFO,[Main Loop] unknown: state=1 licks=0 bouts=1
2026-01-21 18:01:08.731,207581120,INFO,[Main Loop] unknown: state=0 licks=0 bouts=1
2026-01-21 18:01:12.891,207585280,INFO,[Main Loop] unknown: state=1 licks=0 bouts=1
2026-01-21 18:01:14.427,207586816,INFO,[Main Loop] unknown: state=0 licks=0 bouts=1
2026-01-21 18:01:17.819,207590208,INFO,[Main Loop] unknown: state=1 licks=0 bouts=1
2026-01-21 18:01:19.547,207591936,INFO,[Main Loop] unknown: state=0 licks=0 bouts=1
2026-01-21 18:01:34.779,207607168,INFO,[Main Loop] unknown: state=1 licks=0 bouts=1
2026-01-21 18:01:37.147,207609536,INFO,[Main Loop] unknown: state=0 licks=0 bouts=1
2026-01-21 18:01:39.195,207611584,INFO,[Main Loop] unknown: state=1 licks=0 bouts=1
2026-01-21 18:01:40.667,207613056,INFO,[Main Loop] unknown: state=0 licks=0 bouts=1
2026-01-21 18:50:51.067,210563456,INFO,[Main Loop] unknown: state=1 licks=0 bouts=1
2026-01-21 18:50:51.131,210563520,INFO,[Main Loop] unknown: state=0 licks=1 bouts=1
2026-01-21 18:50:51.259,210563648,INFO,[Main Loop] unknown: state=1 licks=1 bouts=1
2026-01-21 18:50:52.539,210564928,INFO,[Main Loop] unknown: state=0 licks=1 bouts=1
2026-01-21 18:50:53.563,210565952,INFO,[Main Loop] unknown: state=0 licks=0 bouts=1
2026-01-21 18:50:56.123,210568512,INFO,[Main Loop] unknown: state=1 licks=0 bouts=1
2026-01-21 18:50:57.275,210569664,INFO,[Main Loop] unknown: state=0 licks=0 bouts=1
2026-01-21 18:51:00.283,210572672,INFO,[Main Loop] unknown: state=1 licks=0 bouts=1
2026-01-21 18:51:01.371,210573760,INFO,[Main Loop] unknown: state=0 licks=0 bouts=1
2026-01-21 18:51:04.379,210576768,INFO,[Main Loop] unknown: state=1 licks=0 bouts=1
2026-01-21 18:51:05.851,210578240,INFO,[Main Loop] unknown: state=0 licks=0 bouts=1
2026-01-21 18:51:09.691,210582080,INFO,[Main Loop] unknown: state=1 licks=0 bouts=1
2026-01-21 18:51:11.227,210583616,INFO,[Main Loop] unknown: state=0 licks=0 bouts=1
2026-01-21 18:51:14.363,210586752,INFO,[Main Loop] unknown: state=1 licks=0 bouts=1
2026-01-21 18:51:15.323,210587712,INFO,[Main Loop] unknown: state=0 licks=0 bouts=1
2026-01-21 18:51:18.971,210591360,INFO,[Main Loop] unknown: state=1 licks=0 bouts=1
2026-01-21 18:51:20.187,210592576,INFO,[Main Loop] unknown: state=0 licks=0 bouts=1
2026-01-21 18:51:25.755,210598144,INFO,[Main Loop] unknown: state=1 licks=0 bouts=1
2026-01-21 18:51:26.907,210599296,INFO,[Main Loop] unknown: state=0 licks=0 bouts=1
2026-01-21 18:51:30.043,210602432,INFO,[Main Loop] unknown: state=1 licks=0 bouts=1
2026-01-21 18:51:31.067,210603456,INFO,[Main Loop] unknown: state=0 licks=0 bouts=1
2026-01-21 18:51:36.059,210608448,INFO,[Main Loop] unknown: state=1 licks=0 bouts=1
2026-01-21 18:51:37.083,210609472,INFO,[Main Loop] unknown: state=0 licks=0 bouts=1
2026-01-21 18:51:40.347,210612736,INFO,[Main Loop] unknown: state=1 licks=0 bouts=1
2026-01-21 18:51:41.371,210613760,INFO,[Main Loop] unknown: state=0 licks=0 bouts=1
2026-01-21 18:51:45.275,210617664,INFO,[Main Loop] unknown: state=1 licks=0 bouts=1
2026-01-21 18:51:46.427,210618816,INFO,[Main Loop] unknown: state=0 licks=0 bouts=1
2026-01-21 18:51:46.683,210619072,INFO,[Main Loop] unknown: state=1 licks=0 bouts=1
2026-01-21 18:51:46.747,210619136,INFO,[Main Loop] unknown: state=0 licks=1 bouts=1
2026-01-21 18:51:47.771,210620160,INFO,[Main Loop] unknown: state=0 licks=0 bouts=1
2026-01-21 18:51:50.267,210622656,INFO,[Main Loop] unknown: state=1 licks=0 bouts=1
2026-01-21 18:51:51.291,210623680,INFO,[Main Loop] unknown: state=0 licks=0 bouts=1
2026-01-21 18:51:56.283,210628672,INFO,[Main Loop] unknown: state=1 licks=0 bouts=1
2026-01-21 18:51:57.563,210629952,INFO,[Main Loop] unknown: state=0 licks=0 bouts=1
2026-01-21 18:52:01.403,210633792,INFO,[Main Loop] unknown: state=1 licks=0 bouts=1
2026-01-21 18:52:02.683,210635072,INFO,[Main Loop] unknown: state=0 licks=0 bouts=1
2026-01-21 18:52:05.883,210638272,INFO,[Main Loop] unknown: state=1 licks=0 bouts=1
2026-01-21 18:52:06.907,210639296,INFO,[Main Loop] unknown: state=0 licks=0 bouts=1
2026-01-21 18:52:10.875,210643264,INFO,[Main Loop] unknown: state=1 licks=0 bouts=1
2026-01-21 18:52:12.539,210644928,INFO,[Main Loop] unknown: state=0 licks=0 bouts=1
2026-01-21 18:52:16.507,210648896,INFO,[Main Loop] unknown: state=1 licks=0 bouts=1
2026-01-21 18:52:17.659,210650048,INFO,[Main Loop] unknown: state=0 licks=0 bouts=1
2026-01-21 18:52:22.779,210655168,INFO,[Main Loop] unknown: state=1 licks=0 bouts=1
2026-01-21 18:52:23.995,210656384,INFO,[Main Loop] unknown: state=0 licks=0 bouts=1
2026-01-21 18:52:24.251,210656640,INFO,[Main Loop] unknown: state=1 licks=0 bouts=1
2026-01-21 18:52:24.315,210656704,INFO,[Main Loop] unknown: state=0 licks=1 bouts=1
2026-01-21 18:52:25.339,210657728,INFO,[Main Loop] unknown: state=0 licks=0 bouts=1
2026-01-21 19:03:34.459,211326848,INFO,[Main Loop] unknown: state=1 licks=0 bouts=1
2026-01-21 19:03:36.123,211328512,INFO,[Main Loop] unknown: state=0 licks=0 bouts=1
2026-01-21 19:03:40.091,211332480,INFO,[Main Loop] unknown: state=1 licks=0 bouts=1
2026-01-21 19:03:41.243,211333632,INFO,[Main Loop] unknown: state=0 licks=0 bouts=1
2026-01-21 19:03:44.635,211337024,INFO,[Main Loop] unknown: state=1 licks=0 bouts=1
2026-01-21 19:03:45.787,211338176,INFO,[Main Loop] unknown: state=0 licks=0 bouts=1
2026-01-21 19:03:49.947,211342336,INFO,[Main Loop] unknown: state=1 licks=0 bouts=1
2026-01-21 19:03:51.163,211343552,INFO,[Main Loop] unknown: state=0 licks=0 bouts=1
2026-01-21 19:03:54.939,211347328,INFO,[Main Loop] unknown: state=1 licks=0 bouts=1
2026-01-21 19:03:56.283,211348672,INFO,[Main Loop] unknown: state=0 licks=0 bouts=1
2026-01-21 19:03:59.931,211352320,INFO,[Main Loop] unknown: state=1 licks=0 bouts=1
2026-01-21 19:04:01.019,211353408,INFO,[Main Loop] unknown: state=0 licks=0 bouts=1
2026-01-21 19:04:04.987,211357376,INFO,[Main Loop] unknown: state=1 licks=0 bouts=1
2026-01-21 19:04:06.011,211358400,INFO,[Main Loop] unknown: state=0 licks=0 bouts=1
2026-01-21 19:04:09.403,211361792,INFO,[Main Loop] unknown: state=1 licks=0 bouts=1
2026-01-21 19:04:10.683,211363072,INFO,[Main Loop] unknown: state=0 licks=0 bouts=1
2026-01-21 19:04:14.267,211366656,INFO,[Main Loop] unknown: state=1 licks=0 bouts=1
2026-01-21 19:04:15.739,211368128,INFO,[Main Loop] unknown: state=0 licks=0 bouts=1
2026-01-21 19:04:19.195,211371584,INFO,[Main Loop] unknown: state=1 licks=0 bouts=1
2026-01-21 19:04:20.795,211373184,INFO,[Main Loop] unknown: state=0 licks=0 bouts=1
2026-01-21 19:04:25.403,211377792,INFO,[Main Loop] unknown: state=1 licks=0 bouts=1
2026-01-21 19:04:27.003,211379392,INFO,[Main Loop] unknown: state=0 licks=0 bouts=1
2026-01-21 19:04:32.827,211385216,INFO,[Main Loop] unknown: state=1 licks=0 bouts=1
2026-01-21 19:04:34.235,211386624,INFO,[Main Loop] unknown: state=0 licks=0 bouts=1
2026-01-21 19:04:37.371,211389760,INFO,[Main Loop] unknown: state=1 licks=0 bouts=1
2026-01-21 19:04:38.715,211391104,INFO,[Main Loop] unknown: state=0 licks=0 bouts=1
2026-01-21 19:04:38.907,211391296,INFO,[Main Loop] unknown: state=1 licks=0 bouts=1
2026-01-21 19:04:38.971,211391360,INFO,[Main Loop] unknown: state=0 licks=1 bouts=1
2026-01-21 19:04:39.995,211392384,INFO,[Main Loop] unknown: state=0 licks=0 bouts=1
2026-01-21 19:04:42.427,211394816,INFO,[Main Loop] unknown: state=1 licks=0 bouts=1
2026-01-21 19:04:43.515,211395904,INFO,[Main Loop] unknown: state=0 licks=0 bouts=1
2026-01-21 19:04:46.459,211398848,INFO,[Main Loop] unknown: state=1 licks=0 bouts=1
2026-01-21 19:04:47.739,211400128,INFO,[Main Loop] unknown: state=0 licks=0 bouts=1
2026-01-21 19:04:50.107,211402496,INFO,[Main Loop] unknown: state=1 licks=0 bouts=1
2026-01-21 19:04:51.451,211403840,INFO,[Main Loop] unknown: state=0 licks=0 bouts=1
2026-01-21 19:04:54.715,211407104,INFO,[Main Loop] unknown: state=1 licks=0 bouts=1
2026-01-21 19:04:55.867,211408256,INFO,[Main Loop] unknown: state=0 licks=0 bouts=1
2026-01-21 19:05:00.411,211412800,INFO,[Main Loop] unknown: state=1 licks=0 bouts=1
2026-01-21 19:05:01.755,211414144,INFO,[Main Loop] unknown: state=0 licks=0 bouts=1
2026-01-21 19:05:05.979,211418368,INFO,[Main Loop] unknown: state=1 licks=0 bouts=1
2026-01-21 19:05:07.067,211419456,INFO,[Main Loop] unknown: state=0 licks=0 bouts=1
2026-01-21 20:14:40.571,215592960,INFO,[Main Loop] unknown: state=1 licks=0 bouts=1
2026-01-21 20:14:41.851,215594240,INFO,[Main Loop] unknown: state=0 licks=0 bouts=1
2026-01-21 20:14:46.587,215598976,INFO,[Main Loop] unknown: state=1 licks=0 bouts=1
2026-01-21 20:14:47.419,215599808,INFO,[Main Loop] unknown: state=0 licks=0 bouts=1
2026-01-21 20:14:52.091,215604480,INFO,[Main Loop] unknown: state=1 licks=0 bouts=1
2026-01-21 20:14:53.243,215605632,INFO,[Main Loop] unknown: state=0 licks=0 bouts=1
2026-01-21 20:14:57.403,215609792,INFO,[Main Loop] unknown: state=1 licks=0 bouts=1
2026-01-21 20:14:57.467,215609856,INFO,[Main Loop] unknown: state=0 licks=1 bouts=1
2026-01-21 20:14:57.659,215610048,INFO,[Main Loop] unknown: state=1 licks=1 bouts=1
2026-01-21 20:14:58.683,215611072,INFO,[Main Loop] unknown: state=0 licks=1 bouts=1
2026-01-21 20:14:59.707,215612096,INFO,[Main Loop] unknown: state=0 licks=0 bouts=1
2026-01-21 20:15:05.979,215618368,INFO,[Main Loop] unknown: state=1 licks=0 bouts=1
2026-01-21 20:15:07.131,215619520,INFO,[Main Loop] unknown: state=0 licks=0 bouts=1
2026-01-21 20:15:10.971,215623360,INFO,[Main Loop] unknown: state=1 licks=0 bouts=1
2026-01-21 20:15:12.123,215624512,INFO,[Main Loop] unknown: state=0 licks=0 bouts=1
2026-01-21 20:15:16.539,215628928,INFO,[Main Loop] unknown: state=1 licks=0 bouts=1
2026-01-21 20:15:17.691,215630080,INFO,[Main Loop] unknown: state=0 licks=0 bouts=1
2026-01-21 20:15:21.659,215634048,INFO,[Main Loop] unknown: state=1 licks=0 bouts=1
2026-01-21 20:15:22.555,215634944,INFO,[Main Loop] unknown: state=0 licks=0 bouts=1
2026-01-21 20:15:28.123,215640512,INFO,[Main Loop] unknown: state=1 licks=0 bouts=1
2026-01-21 20:15:28.955,215641344,INFO,[Main Loop] unknown: state=0 licks=0 bouts=1
2026-01-21 20:15:29.019,215641408,INFO,[Main Loop] unknown: state=1 licks=0 bouts=1
2026-01-21 20:15:29.147,215641536,INFO,[Main Loop] unknown: state=0 licks=1 bouts=1
2026-01-21 20:15:29.275,215641664,INFO,[Main Loop] unknown: state=1 licks=1 bouts=1
2026-01-21 20:15:29.403,215641792,INFO,[Main Loop] unknown: state=0 licks=2 bouts=1
2026-01-21 20:15:30.427,215642816,INFO,[Main Loop] unknown: state=0 licks=0 bouts=1
2026-01-22 18:54:27.387,297179776,INFO,[Main Loop] unknown: state=1 licks=0 bouts=1
2026-01-22 18:54:28.795,297181184,INFO,[Main Loop] unknown: state=0 licks=0 bouts=1
2026-01-22 18:54:31.739,297184128,INFO,[Main Loop] unknown: state=1 licks=0 bouts=1
2026-01-22 18:54:31.867,297184256,INFO,[Main Loop] unknown: state=0 licks=1 bouts=1
2026-01-22 18:54:31.995,297184384,INFO,[Main Loop] unknown: state=1 licks=1 bouts=1
2026-01-22 18:54:32.763,297185152,INFO,[Main Loop] unknown: state=0 licks=1 bouts=1
2026-01-22 18:54:33.787,297186176,INFO,[Main Loop] unknown: state=0 licks=0 bouts=1
2026-01-22 18:54:35.579,297187968,INFO,[Main Loop] unknown: state=1 licks=0 bouts=1
2026-01-22 18:54:36.603,297188992,INFO,[Main Loop] unknown: state=0 licks=0 bouts=1
2026-01-22 18:54:39.675,297192064,INFO,[Main Loop] unknown: state=1 licks=0 bouts=1
2026-01-22 18:54:40.571,297192960,INFO,[Main Loop] unknown: state=0 licks=0 bouts=1
2026-01-22 18:54:45.819,297198208,INFO,[Main Loop] unknown: state=1 licks=0 bouts=1
2026-01-22 18:54:47.611,297200000,INFO,[Main Loop] unknown: state=0 licks=0 bouts=1
2026-01-22 18:54:50.683,297203072,INFO,[Main Loop] unknown: state=1 licks=0 bouts=1
2026-01-22 18:54:51.707,297204096,INFO,[Main Loop] unknown: state=0 licks=0 bouts=1
2026-01-22 18:54:54.779,297207168,INFO,[Main Loop] unknown: state=1 licks=0 bouts=1
2026-01-22 18:54:55.931,297208320,INFO,[Main Loop] unknown: state=0 licks=0 bouts=1
2026-01-22 18:54:58.235,297210624,INFO,[Main Loop] unknown: state=1 licks=0 bouts=1
2026-01-22 18:54:59.515,297211904,INFO,[Main Loop] unknown: state=0 licks=0 bouts=1
2026-01-22 18:55:03.867,297216256,INFO,[Main Loop] unknown: state=1 licks=0 bouts=1
2026-01-22 18:55:04.763,297217152,INFO,[Main Loop] unknown: state=0 licks=0 bouts=1
2026-01-22 18:55:08.987,297221376,INFO,[Main Loop] unknown: state=1 licks=0 bouts=1
2026-01-22 18:55:09.883,297222272,INFO,[Main Loop] unknown: state=0 licks=0 bouts=1
2026-01-22 18:55:13.083,297225472,INFO,[Main Loop] unknown: state=1 licks=0 bouts=1
2026-01-22 18:55:14.235,297226624,INFO,[Main Loop] unknown: state=0 licks=0 bouts=1
2026-01-22 18:55:20.379,297232768,INFO,[Main Loop] unknown: state=1 licks=0 bouts=1
2026-01-22 18:55:21.531,297233920,INFO,[Main Loop] unknown: state=0 licks=0 bouts=1
2026-01-22 18:55:25.115,297237504,INFO,[Main Loop] unknown: state=1 licks=0 bouts=1
2026-01-22 18:55:26.139,297238528,INFO,[Main Loop] unknown: state=0 licks=0 bouts=1
2026-01-22 18:55:26.395,297238784,INFO,[Main Loop] unknown: state=1 licks=0 bouts=1
2026-01-22 18:55:26.523,297238912,INFO,[Main Loop] unknown: state=0 licks=1 bouts=1
2026-01-22 18:55:27.547,297239936,INFO,[Main Loop] unknown: state=0 licks=0 bouts=1
2026-01-22 18:56:42.939,297315328,INFO,[Main Loop] unknown: state=1 licks=0 bouts=1
2026-01-22 18:56:44.219,297316608,INFO,[Main Loop] unknown: state=0 licks=0 bouts=1
2026-01-22 18:56:46.267,297318656,INFO,[Main Loop] unknown: state=1 licks=0 bouts=1
2026-01-22 18:56:47.291,297319680,INFO,[Main Loop] unknown: state=0 licks=0 bouts=1
2026-01-22 18:56:50.235,297322624,INFO,[Main Loop] unknown: state=1 licks=0 bouts=1
2026-01-22 18:56:51.259,297323648,INFO,[Main Loop] unknown: state=0 licks=0 bouts=1
2026-01-22 18:56:54.459,297326848,INFO,[Main Loop] unknown: state=1 licks=0 bouts=1
2026-01-22 18:56:55.611,297328000,INFO,[Main Loop] unknown: state=0 licks=0 bouts=1
2026-01-22 18:56:58.427,297330816,INFO,[Main Loop] unknown: state=1 licks=0 bouts=1
2026-01-22 18:56:59.963,297332352,INFO,[Main Loop] unknown: state=0 licks=0 bouts=1
2026-01-22 18:57:02.779,297335168,INFO,[Main Loop] unknown: state=1 licks=0 bouts=1
2026-01-22 18:57:04.699,297337088,INFO,[Main Loop] unknown: state=0 licks=0 bouts=1
2026-01-22 18:57:04.955,297337344,INFO,[Main Loop] unknown: state=1 licks=0 bouts=1
2026-01-22 18:57:05.083,297337472,INFO,[Main Loop] unknown: state=0 licks=1 bouts=1
2026-01-22 18:57:06.107,297338496,INFO,[Main Loop] unknown: state=0 licks=0 bouts=1
2026-01-22 18:57:07.899,297340288,INFO,[Main Loop] unknown: state=1 licks=0 bouts=1
2026-01-22 18:57:08.923,297341312,INFO,[Main Loop] unknown: state=0 licks=0 bouts=1
2026-01-22 18:57:12.379,297344768,INFO,[Main Loop] unknown: state=1 licks=0 bouts=1
2026-01-22 18:57:13.403,297345792,INFO,[Main Loop] unknown: state=0 licks=0 bouts=1
2026-01-22 18:57:16.603,297348992,INFO,[Main Loop] unknown: state=1 licks=0 bouts=1
2026-01-22 18:57:17.883,297350272,INFO,[Main Loop] unknown: state=0 licks=0 bouts=1
2026-01-22 19:15:11.163,298423552,INFO,[Main Loop] unknown: state=1 licks=0 bouts=1
2026-01-22 19:15:11.931,298424320,INFO,[Main Loop] unknown: state=0 licks=0 bouts=1
2026-01-22 19:15:16.411,298428800,INFO,[Main Loop] unknown: state=1 licks=0 bouts=1
2026-01-22 19:15:16.539,298428928,INFO,[Main Loop] unknown: state=0 licks=1 bouts=1
2026-01-22 19:15:16.923,298429312,INFO,[Main Loop] unknown: state=1 licks=1 bouts=1
2026-01-22 19:15:17.819,298430208,INFO,[Main Loop] unknown: state=0 licks=1 bouts=1
2026-01-22 19:15:18.843,298431232,INFO,[Main Loop] unknown: state=0 licks=0 bouts=1
2026-01-22 19:15:20.763,298433152,INFO,[Main Loop] unknown: state=1 licks=0 bouts=1
2026-01-22 19:15:21.787,298434176,INFO,[Main Loop] unknown: state=0 licks=0 bouts=1
2026-01-22 19:15:26.267,298438656,INFO,[Main Loop] unknown: state=1 licks=0 bouts=1
2026-01-22 19:15:27.419,298439808,INFO,[Main Loop] unknown: state=0 licks=0 bouts=1
2026-01-22 19:15:31.515,298443904,INFO,[Main Loop] unknown: state=1 licks=0 bouts=1
2026-01-22 19:15:32.667,298445056,INFO,[Main Loop] unknown: state=0 licks=0 bouts=1
2026-01-22 19:15:36.379,298448768,INFO,[Main Loop] unknown: state=1 licks=0 bouts=1
2026-01-22 19:15:37.659,298450048,INFO,[Main Loop] unknown: state=0 licks=0 bouts=1
2026-01-22 19:15:41.499,298453888,INFO,[Main Loop] unknown: state=1 licks=0 bouts=1
2026-01-22 19:15:42.779,298455168,INFO,[Main Loop] unknown: state=0 licks=0 bouts=1
2026-01-22 19:15:46.107,298458496,INFO,[Main Loop] unknown: state=1 licks=0 bouts=1
2026-01-22 19:15:48.027,298460416,INFO,[Main Loop] unknown: state=0 licks=0 bouts=1
2026-01-22 19:15:52.507,298464896,INFO,[Main Loop] unknown: state=1 licks=0 bouts=1
2026-01-22 19:15:54.043,298466432,INFO,[Main Loop] unknown: state=0 licks=0 bouts=1
2026-01-22 19:15:57.499,298469888,INFO,[Main Loop] unknown: state=1 licks=0 bouts=1
2026-01-22 19:15:58.907,298471296,INFO,[Main Loop] unknown: state=0 licks=0 bouts=1
2026-01-22 19:16:04.155,298476544,INFO,[Main Loop] unknown: state=1 licks=0 bouts=1
2026-01-22 19:16:06.331,298478720,INFO,[Main Loop] unknown: state=0 licks=0 bouts=1
