2025-12-11 11:11:40.011,4427,INFO,[MySystemLog] Logging to SD: /sd/system.log
2025-12-11 11:11:40.032,4446,INFO,[Main Loop] System Log Started
2025-12-11 11:11:40.045,4458,INFO,[Main Loop] all defined cats: ['bob', 'Handsome', 'henk']
2025-12-11 11:11:40.331,4745,INFO,[Main Loop] Objects created
2025-12-11 11:11:40.343,4757,INFO,[Main Loop] Starting monitoring loop
2025-12-11 11:11:40.365,4779,INFO,[Main Loop] Cat switched None      -> unknown   
2025-12-11 11:11:40.379,4793,INFO,[Main Loop] unknown: state=0 licks=0 bouts=0
2025-12-11 11:11:44.009,8840,INFO,[MySystemLog] Logging to SD: /sd/system.log
2025-12-11 11:11:44.021,8851,INFO,[Main Loop] System Log Started
2025-12-11 11:11:44.035,8865,INFO,[Main Loop] all defined cats: ['bob', 'Handsome', 'henk']
2025-12-11 11:11:44.298,9127,INFO,[Main Loop] Objects created
2025-12-11 11:11:44.311,9140,INFO,[Main Loop] Starting monitoring loop
2025-12-11 11:11:44.330,9160,INFO,[Main Loop] Cat switched None      -> unknown   
2025-12-11 11:11:44.344,9174,INFO,[Main Loop] unknown: state=0 licks=0 bouts=0
2025-12-11 12:11:56.010,4283,INFO,[MySystemLog] Logging to SD: /sd/system.log
2025-12-11 12:11:56.021,4295,INFO,[Main Loop] System Log Started
2025-12-11 12:11:56.035,4309,INFO,[Main Loop] all defined cats: ['bob', 'Handsome', 'henk']
2025-12-11 12:11:57.298,4571,INFO,[Main Loop] Objects created
2025-12-11 12:11:57.311,4583,INFO,[Main Loop] Starting monitoring loop
2025-12-11 12:11:57.329,4602,INFO,[Main Loop] Cat switched None      -> unknown   
2025-12-11 12:11:57.344,4618,INFO,[Main Loop] unknown: state=0 licks=0 bouts=0
2025-12-11 21:12:09.024,32413296,INFO,[Main Loop] Detected key 879B029A405D30010000000000
2025-12-11 21:12:09.040,32413312,INFO,[Main Loop] Cat switched unknown   -> Handsome  
2025-12-11 21:12:09.064,32413352,INFO,[Main Loop] Handsome: state=0 licks=0 bouts=0
2025-12-11 21:12:10.008,32414280,INFO,[Main Loop] Cat switched Handsome  -> unknown   
2025-12-11 21:12:10.040,32414320,INFO,[Main Loop] unknown: state=0 licks=0 bouts=0
2025-12-11 21:12:10.568,32414840,INFO,[Main Loop] Cat switched unknown   -> Handsome  
2025-12-11 21:12:10.608,32414880,INFO,[Main Loop] Handsome: state=0 licks=0 bouts=0
2025-12-11 21:12:11.560,32415832,INFO,[Main Loop] Cat switched Handsome  -> unknown   
2025-12-11 21:12:11.592,32415872,INFO,[Main Loop] unknown: state=0 licks=0 bouts=0
2025-12-11 21:20:53.952,32937232,INFO,[Main Loop] Cat switched unknown   -> Handsome  
2025-12-11 21:20:53.984,32937264,INFO,[Main Loop] Handsome: state=0 licks=0 bouts=0
2025-12-11 21:20:53.936,32938216,INFO,[Main Loop] Cat switched Handsome  -> unknown   
2025-12-11 21:20:54.968,32938264,INFO,[Main Loop] unknown: state=0 licks=0 bouts=0
2025-12-12 15:38:15.011,4285,INFO,[MySystemLog] Logging to SD: /sd/system.log
2025-12-12 15:38:15.023,4295,INFO,[Main Loop] System Log Started
2025-12-12 15:38:15.035,4309,INFO,[Main Loop] all defined cats: ['bob', 'Handsome', 'henk']
2025-12-12 15:38:15.298,4571,INFO,[Main Loop] Objects created
2025-12-12 15:38:15.311,4583,INFO,[Main Loop] Starting monitoring loop
2025-12-12 15:38:15.329,4604,INFO,[Main Loop] Cat switched None      -> unknown   
2025-12-12 15:38:15.347,4619,INFO,[Main Loop] unknown: state=0 licks=0 bouts=0
