2025-12-31 10:22:09.013,4358,INFO,[MySystemLog] Logging to SD: /sd/system.log
2025-12-31 10:22:09.034,4379,INFO,[Main Loop] System Log Started
2025-12-31 10:22:09.047,4392,INFO,[Main Loop] all defined cats: ['bob', 'Handsome', 'henk']
2025-12-31 10:22:09.329,4674,INFO,[Main Loop] Objects created
2025-12-31 10:22:09.340,4686,INFO,[Main Loop] Starting monitoring loop
2025-12-31 10:22:09.360,4705,INFO,[Main Loop] Cat switched None      -> unknown   
2025-12-31 10:22:09.374,4719,INFO,[Main Loop] unknown: state=0 licks=0 bouts=0
2025-12-31 10:22:20.010,15834,INFO,[MySystemLog] Logging to SD: /sd/system.log
2025-12-31 10:22:20.022,15847,INFO,[Main Loop] System Log Started
2025-12-31 10:22:20.035,15859,INFO,[Main Loop] all defined cats: ['bob', 'Handsome', 'henk']
2025-12-31 10:22:21.298,16122,INFO,[Main Loop] Objects created
2025-12-31 10:22:21.310,16134,INFO,[Main Loop] Starting monitoring loop
2025-12-31 10:22:21.329,16153,INFO,[Main Loop] Cat switched None      -> unknown   
2025-12-31 10:22:21.344,16167,INFO,[Main Loop] unknown: state=0 licks=0 bouts=0
2025-12-31 10:26:55.010,4289,INFO,[MySystemLog] Logging to SD: /sd/system.log
2025-12-31 10:26:55.021,4300,INFO,[Main Loop] System Log Started
2025-12-31 10:26:55.035,4314,INFO,[Main Loop] all defined cats: ['bob', 'Handsome', 'henk']
2025-12-31 10:26:56.298,4577,INFO,[Main Loop] Objects created
2025-12-31 10:26:56.310,4590,INFO,[Main Loop] Starting monitoring loop
2025-12-31 10:26:56.329,4608,INFO,[Main Loop] Cat switched None      -> unknown   
2025-12-31 10:26:56.345,4625,INFO,[Main Loop] unknown: state=0 licks=0 bouts=0
2025-12-31 22:24:20.944,43045232,INFO,[Main Loop] unknown: state=1 licks=0 bouts=0
2025-12-31 22:24:21.952,43046224,INFO,[Main Loop] unknown: state=0 licks=0 bouts=0
2025-12-31 22:24:21.016,43046288,INFO,[Main Loop] unknown: state=1 licks=0 bouts=0
2025-12-31 22:24:21.064,43046336,INFO,[Main Loop] unknown: state=0 licks=1 bouts=0
2025-12-31 22:24:22.056,43047344,INFO,[Main Loop] unknown: state=0 licks=0 bouts=0
2025-12-31 22:24:26.848,43051136,INFO,[Main Loop] unknown: state=1 licks=0 bouts=0
2025-12-31 22:24:27.776,43052064,INFO,[Main Loop] unknown: state=0 licks=0 bouts=0
2025-12-31 22:24:31.264,43055536,INFO,[Main Loop] unknown: state=1 licks=0 bouts=0
2025-12-31 22:24:32.416,43056704,INFO,[Main Loop] unknown: state=0 licks=0 bouts=0
2025-12-31 22:24:32.480,43056768,INFO,[Main Loop] unknown: state=1 licks=0 bouts=0
2025-12-31 22:24:32.528,43056816,INFO,[Main Loop] unknown: state=0 licks=1 bouts=0
2025-12-31 22:24:33.536,43057824,INFO,[Main Loop] unknown: state=0 licks=0 bouts=0
2025-12-31 22:24:37.632,43061936,INFO,[Main Loop] unknown: state=1 licks=0 bouts=0
2025-12-31 22:24:38.592,43062864,INFO,[Main Loop] unknown: state=0 licks=0 bouts=0
2025-12-31 22:24:42.320,43066608,INFO,[Main Loop] unknown: state=1 licks=0 bouts=0
2025-12-31 22:24:43.264,43067536,INFO,[Main Loop] unknown: state=0 licks=0 bouts=0
2025-12-31 22:24:46.528,43070800,INFO,[Main Loop] unknown: state=1 licks=0 bouts=0
2025-12-31 22:24:46.576,43070848,INFO,[Main Loop] unknown: state=0 licks=1 bouts=0
2025-12-31 22:24:46.752,43071056,INFO,[Main Loop] unknown: state=1 licks=1 bouts=0
2025-12-31 22:24:47.664,43071952,INFO,[Main Loop] unknown: state=0 licks=1 bouts=0
2025-12-31 22:24:48.688,43072960,INFO,[Main Loop] unknown: state=0 licks=0 bouts=0
2025-12-31 22:24:52.208,43076496,INFO,[Main Loop] unknown: state=1 licks=0 bouts=0
2025-12-31 22:24:53.472,43077760,INFO,[Main Loop] unknown: state=0 licks=0 bouts=0
2025-12-31 22:24:59.200,43083472,INFO,[Main Loop] unknown: state=1 licks=0 bouts=0
2025-12-31 22:24:59.328,43083600,INFO,[Main Loop] unknown: state=0 licks=1 bouts=0
2025-12-31 22:24:59.376,43083648,INFO,[Main Loop] unknown: state=1 licks=1 bouts=0
2025-12-31 22:25:00.544,43084816,INFO,[Main Loop] unknown: state=0 licks=1 bouts=0
2025-12-31 22:25:01.520,43085824,INFO,[Main Loop] unknown: state=0 licks=0 bouts=0
2025-12-31 22:25:03.872,43088144,INFO,[Main Loop] unknown: state=1 licks=0 bouts=0
2025-12-31 22:25:04.080,43088368,INFO,[Main Loop] unknown: state=0 licks=1 bouts=0
2025-12-31 22:25:04.144,43088432,INFO,[Main Loop] unknown: state=1 licks=1 bouts=0
2025-12-31 22:25:05.104,43089392,INFO,[Main Loop] unknown: state=0 licks=1 bouts=0
2025-12-31 22:25:06.096,43090400,INFO,[Main Loop] unknown: state=0 licks=0 bouts=0
2025-12-31 22:25:09.328,43093600,INFO,[Main Loop] unknown: state=1 licks=0 bouts=0
2025-12-31 22:25:10.352,43094640,INFO,[Main Loop] unknown: state=0 licks=0 bouts=0
2025-12-31 22:25:10.656,43094928,INFO,[Main Loop] unknown: state=1 licks=0 bouts=0
2025-12-31 22:25:10.720,43094992,INFO,[Main Loop] unknown: state=0 licks=1 bouts=0
2025-12-31 22:25:11.712,43096000,INFO,[Main Loop] unknown: state=0 licks=0 bouts=0
2025-12-31 22:25:19.104,43103392,INFO,[Main Loop] unknown: state=1 licks=0 bouts=0
2025-12-31 22:25:20.208,43104496,INFO,[Main Loop] unknown: state=0 licks=0 bouts=0
2025-12-31 22:25:23.872,43108144,INFO,[Main Loop] unknown: state=1 licks=0 bouts=0
2025-12-31 22:25:23.032,43108320,INFO,[Main Loop] unknown: state=0 licks=1 bouts=0
2025-12-31 22:25:24.112,43108416,INFO,[Main Loop] unknown: state=1 licks=1 bouts=0
2025-12-31 22:25:24.008,43109296,INFO,[Main Loop] unknown: state=0 licks=1 bouts=0
2025-12-31 22:25:25.408,43109696,INFO,[Main Loop] unknown: state=1 licks=1 bouts=0
2025-12-31 22:25:25.472,43109760,INFO,[Main Loop] unknown: state=0 licks=2 bouts=0
2025-12-31 22:25:26.496,43110768,INFO,[Main Loop] unknown: state=0 licks=0 bouts=0
2025-12-31 22:25:29.856,43114128,INFO,[Main Loop] unknown: state=1 licks=0 bouts=0
2025-12-31 22:25:30.800,43115088,INFO,[Main Loop] unknown: state=0 licks=0 bouts=0
2025-12-31 22:25:35.152,43119424,INFO,[Main Loop] unknown: state=1 licks=0 bouts=0
2025-12-31 22:25:35.216,43119488,INFO,[Main Loop] unknown: state=0 licks=1 bouts=0
2025-12-31 22:25:35.424,43119712,INFO,[Main Loop] unknown: state=1 licks=1 bouts=0
2025-12-31 22:25:35.536,43119824,INFO,[Main Loop] unknown: state=0 licks=2 bouts=0
2025-12-31 22:25:35.648,43119936,INFO,[Main Loop] unknown: state=1 licks=2 bouts=0
2025-12-31 22:25:36.528,43120800,INFO,[Main Loop] unknown: state=0 licks=2 bouts=0
2025-12-31 22:25:37.504,43121792,INFO,[Main Loop] unknown: state=0 licks=0 bouts=0
2025-12-31 22:25:40.352,43124640,INFO,[Main Loop] unknown: state=1 licks=0 bouts=0
2025-12-31 22:25:40.416,43124704,INFO,[Main Loop] unknown: state=0 licks=1 bouts=0
2025-12-31 22:25:40.512,43124784,INFO,[Main Loop] unknown: state=1 licks=1 bouts=0
2025-12-31 22:25:41.360,43125632,INFO,[Main Loop] unknown: state=0 licks=1 bouts=0
2025-12-31 22:25:42.352,43126640,INFO,[Main Loop] unknown: state=0 licks=0 bouts=0
2025-12-31 22:25:45.680,43129968,INFO,[Main Loop] unknown: state=1 licks=0 bouts=0
2025-12-31 22:25:45.856,43130128,INFO,[Main Loop] unknown: state=0 licks=1 bouts=0
2025-12-31 22:25:45.920,43130192,INFO,[Main Loop] unknown: state=1 licks=1 bouts=0
2025-12-31 22:25:46.736,43131008,INFO,[Main Loop] unknown: state=0 licks=1 bouts=0
2025-12-31 22:25:47.712,43132000,INFO,[Main Loop] unknown: state=0 licks=0 bouts=0
2025-12-31 22:25:49.808,43134096,INFO,[Main Loop] unknown: state=1 licks=0 bouts=0
2025-12-31 22:25:49.904,43134176,INFO,[Main Loop] unknown: state=0 licks=1 bouts=0
2025-12-31 22:25:49.048,43134336,INFO,[Main Loop] unknown: state=1 licks=1 bouts=0
2025-12-31 22:25:50.912,43135200,INFO,[Main Loop] unknown: state=0 licks=1 bouts=0
2025-12-31 22:25:51.952,43136224,INFO,[Main Loop] unknown: state=0 licks=0 bouts=0
2025-12-31 22:25:54.056,43139344,INFO,[Main Loop] unknown: state=1 licks=0 bouts=0
2025-12-31 22:25:55.064,43140336,INFO,[Main Loop] unknown: state=0 licks=0 bouts=0
2025-12-31 22:26:01.920,43146192,INFO,[Main Loop] unknown: state=1 licks=0 bouts=0
2025-12-31 22:26:02.944,43147232,INFO,[Main Loop] unknown: state=0 licks=0 bouts=0
2025-12-31 22:26:06.056,43151344,INFO,[Main Loop] unknown: state=1 licks=0 bouts=0
2025-12-31 22:26:07.984,43152256,INFO,[Main Loop] unknown: state=0 licks=0 bouts=0
2025-12-31 22:26:08.432,43152720,INFO,[Main Loop] unknown: state=1 licks=0 bouts=0
2025-12-31 22:26:08.480,43152768,INFO,[Main Loop] unknown: state=0 licks=1 bouts=0
2025-12-31 22:26:09.488,43153792,INFO,[Main Loop] unknown: state=0 licks=0 bouts=0
2025-12-31 22:26:13.408,43157696,INFO,[Main Loop] unknown: state=1 licks=0 bouts=0
2025-12-31 22:26:14.208,43158496,INFO,[Main Loop] unknown: state=0 licks=0 bouts=0
2025-12-31 22:26:14.256,43158544,INFO,[Main Loop] unknown: state=1 licks=0 bouts=0
2025-12-31 22:26:14.384,43158672,INFO,[Main Loop] unknown: state=0 licks=1 bouts=0
2025-12-31 22:26:15.408,43159680,INFO,[Main Loop] unknown: state=0 licks=0 bouts=0
2025-12-31 22:26:17.064,43162336,INFO,[Main Loop] unknown: state=1 licks=0 bouts=0
2025-12-31 22:26:18.160,43162448,INFO,[Main Loop] unknown: state=0 licks=1 bouts=0
2025-12-31 22:26:18.256,43162544,INFO,[Main Loop] unknown: state=1 licks=1 bouts=0
2025-12-31 22:26:19.504,43163792,INFO,[Main Loop] unknown: state=0 licks=1 bouts=0
2025-12-31 22:26:19.808,43164080,INFO,[Main Loop] unknown: state=1 licks=1 bouts=0
2025-12-31 22:26:19.872,43164144,INFO,[Main Loop] unknown: state=0 licks=2 bouts=0
2025-12-31 22:26:20.848,43165136,INFO,[Main Loop] unknown: state=0 licks=0 bouts=0
2025-12-31 22:26:24.240,43168528,INFO,[Main Loop] unknown: state=1 licks=0 bouts=0
2025-12-31 22:26:24.024,43169312,INFO,[Main Loop] unknown: state=0 licks=0 bouts=0
2025-12-31 22:26:25.088,43169376,INFO,[Main Loop] unknown: state=1 licks=0 bouts=0
2025-12-31 22:26:25.136,43169424,INFO,[Main Loop] unknown: state=0 licks=1 bouts=0
2025-12-31 22:26:26.144,43170432,INFO,[Main Loop] unknown: state=0 licks=0 bouts=0
2026-01-01 10:40:53.632,87233920,INFO,[Main Loop] unknown: state=1 licks=0 bouts=0
2026-01-01 10:40:54.784,87235040,INFO,[Main Loop] unknown: state=0 licks=0 bouts=0
2026-01-01 10:40:59.456,87239744,INFO,[Main Loop] unknown: state=1 licks=0 bouts=0
2026-01-01 10:41:00.480,87240768,INFO,[Main Loop] unknown: state=0 licks=0 bouts=0
2026-01-01 10:41:05.536,87245824,INFO,[Main Loop] unknown: state=1 licks=0 bouts=0
2026-01-01 10:41:05.568,87245888,INFO,[Main Loop] unknown: state=0 licks=1 bouts=0
2026-01-01 10:41:05.728,87246016,INFO,[Main Loop] unknown: state=1 licks=1 bouts=0
2026-01-01 10:41:06.720,87247008,INFO,[Main Loop] unknown: state=0 licks=1 bouts=0
2026-01-01 10:41:06.816,87247072,INFO,[Main Loop] unknown: state=1 licks=1 bouts=0
2026-01-01 10:41:07.880,87247168,INFO,[Main Loop] unknown: state=0 licks=2 bouts=0
2026-01-01 10:41:08.936,87248192,INFO,[Main Loop] unknown: state=0 licks=0 bouts=0
2026-01-01 10:41:11.040,87251328,INFO,[Main Loop] unknown: state=1 licks=0 bouts=0
2026-01-01 10:41:11.136,87251424,INFO,[Main Loop] unknown: state=0 licks=1 bouts=0
2026-01-01 10:41:11.264,87251552,INFO,[Main Loop] unknown: state=1 licks=1 bouts=0
2026-01-01 10:41:11.776,87252064,INFO,[Main Loop] unknown: state=0 licks=1 bouts=0
2026-01-01 10:41:11.872,87252160,INFO,[Main Loop] unknown: state=1 licks=1 bouts=0
2026-01-01 10:41:12.000,87252256,INFO,[Main Loop] unknown: state=0 licks=2 bouts=0
2026-01-01 10:41:13.960,87253280,INFO,[Main Loop] unknown: state=0 licks=0 bouts=0
2026-01-01 10:41:17.440,87257696,INFO,[Main Loop] unknown: state=1 licks=0 bouts=0
2026-01-01 10:41:18.304,87258592,INFO,[Main Loop] unknown: state=0 licks=0 bouts=0
2026-01-01 10:41:23.008,87263296,INFO,[Main Loop] unknown: state=1 licks=0 bouts=0
2026-01-01 10:41:23.808,87264096,INFO,[Main Loop] unknown: state=0 licks=0 bouts=0
2026-01-01 10:41:28.032,87268288,INFO,[Main Loop] unknown: state=1 licks=0 bouts=0
2026-01-01 10:41:29.928,87269216,INFO,[Main Loop] unknown: state=0 licks=0 bouts=0
2026-01-01 10:41:33.992,87273280,INFO,[Main Loop] unknown: state=1 licks=0 bouts=0
2026-01-01 10:41:33.088,87273376,INFO,[Main Loop] unknown: state=0 licks=1 bouts=0
2026-01-01 10:41:33.216,87273504,INFO,[Main Loop] unknown: state=1 licks=1 bouts=0
2026-01-01 10:41:34.112,87274400,INFO,[Main Loop] unknown: state=0 licks=1 bouts=0
2026-01-01 10:41:35.136,87275456,INFO,[Main Loop] unknown: state=0 licks=0 bouts=0
2026-01-01 10:41:38.784,87279040,INFO,[Main Loop] unknown: state=1 licks=0 bouts=0
2026-01-01 10:41:39.712,87280000,INFO,[Main Loop] unknown: state=0 licks=0 bouts=0
2026-01-01 10:41:44.320,87284608,INFO,[Main Loop] unknown: state=1 licks=0 bouts=0
2026-01-01 10:41:45.344,87285600,INFO,[Main Loop] unknown: state=0 licks=0 bouts=0
2026-01-01 10:41:49.152,87289440,INFO,[Main Loop] unknown: state=1 licks=0 bouts=0
2026-01-01 10:41:50.112,87290400,INFO,[Main Loop] unknown: state=0 licks=0 bouts=0
2026-01-01 10:41:55.008,87295296,INFO,[Main Loop] unknown: state=1 licks=0 bouts=0
2026-01-01 10:41:56.064,87296320,INFO,[Main Loop] unknown: state=0 licks=0 bouts=0
2026-01-01 10:41:59.680,87299968,INFO,[Main Loop] unknown: state=1 licks=0 bouts=0
2026-01-01 10:42:00.800,87301088,INFO,[Main Loop] unknown: state=0 licks=0 bouts=0
2026-01-01 10:42:01.960,87301248,INFO,[Main Loop] unknown: state=1 licks=0 bouts=0
2026-01-01 10:42:01.024,87301312,INFO,[Main Loop] unknown: state=0 licks=1 bouts=0
2026-01-01 10:42:02.048,87302336,INFO,[Main Loop] unknown: state=0 licks=0 bouts=0
2026-01-01 10:42:04.512,87304800,INFO,[Main Loop] unknown: state=1 licks=0 bouts=0
2026-01-01 10:42:05.632,87305920,INFO,[Main Loop] unknown: state=0 licks=0 bouts=0
2026-01-01 10:42:09.664,87309984,INFO,[Main Loop] unknown: state=1 licks=0 bouts=0
2026-01-01 10:42:11.976,87311264,INFO,[Main Loop] unknown: state=0 licks=0 bouts=0
2026-01-01 10:42:16.160,87316416,INFO,[Main Loop] unknown: state=1 licks=0 bouts=0
2026-01-01 10:42:17.120,87317408,INFO,[Main Loop] unknown: state=0 licks=0 bouts=0
2026-01-01 10:42:21.888,87322176,INFO,[Main Loop] unknown: state=1 licks=0 bouts=0
2026-01-01 10:42:23.680,87323968,INFO,[Main Loop] unknown: state=0 licks=0 bouts=0
2026-01-01 10:42:27.488,87327776,INFO,[Main Loop] unknown: state=1 licks=0 bouts=0
2026-01-01 10:42:28.608,87328896,INFO,[Main Loop] unknown: state=0 licks=0 bouts=0
2026-01-01 10:42:28.704,87328992,INFO,[Main Loop] unknown: state=1 licks=0 bouts=0
2026-01-01 10:42:28.800,87329088,INFO,[Main Loop] unknown: state=0 licks=1 bouts=0
2026-01-01 10:42:29.824,87330112,INFO,[Main Loop] unknown: state=0 licks=0 bouts=0
2026-01-01 10:42:34.496,87334784,INFO,[Main Loop] unknown: state=1 licks=0 bouts=0
2026-01-01 10:42:35.808,87336096,INFO,[Main Loop] unknown: state=0 licks=0 bouts=0
2026-01-01 10:42:39.104,87339392,INFO,[Main Loop] unknown: state=1 licks=0 bouts=0
2026-01-01 10:42:40.224,87340512,INFO,[Main Loop] unknown: state=0 licks=0 bouts=0
2026-01-01 18:41:07.192,116044480,INFO,[Main Loop] Detected key 879B029A405D30010000000000
2026-01-01 18:41:07.224,116044512,INFO,[Main Loop] Cat switched unknown   -> Handsome  
2026-01-01 18:41:07.256,116044544,INFO,[Main Loop] Handsome: state=0 licks=0 bouts=0
2026-01-01 18:41:08.216,116045504,INFO,[Main Loop] Cat switched Handsome  -> unknown   
2026-01-01 18:41:08.248,116045504,INFO,[Main Loop] unknown: state=0 licks=0 bouts=0
2026-01-01 22:33:20.832,129977120,INFO,[Main Loop] unknown: state=1 licks=0 bouts=0
2026-01-01 22:33:21.992,129977280,INFO,[Main Loop] unknown: state=0 licks=1 bouts=0
2026-01-01 22:33:21.120,129977408,INFO,[Main Loop] unknown: state=1 licks=1 bouts=0
2026-01-01 22:33:22.720,129978976,INFO,[Main Loop] unknown: state=0 licks=1 bouts=0
2026-01-01 22:33:23.712,129980000,INFO,[Main Loop] unknown: state=0 licks=0 bouts=0
2026-01-01 22:33:26.496,129982784,INFO,[Main Loop] unknown: state=1 licks=0 bouts=0
2026-01-01 22:33:27.552,129983840,INFO,[Main Loop] unknown: state=0 licks=0 bouts=0
2026-01-01 22:33:31.136,129987424,INFO,[Main Loop] unknown: state=1 licks=0 bouts=0
2026-01-01 22:33:32.000,129988256,INFO,[Main Loop] unknown: state=0 licks=0 bouts=0
2026-01-01 22:33:36.736,129993056,INFO,[Main Loop] unknown: state=1 licks=0 bouts=0
2026-01-01 22:33:39.552,129995840,INFO,[Main Loop] unknown: state=0 licks=0 bouts=0
2026-01-06 09:40:49.009,4337,INFO,[MySystemLog] Logging to SD: /sd/system.log
2026-01-06 09:40:49.021,4348,INFO,[Main Loop] System Log Started
2026-01-06 09:40:49.034,4361,INFO,[Main Loop] all defined cats: ['bob', 'Handsome', 'henk']
2026-01-06 09:40:49.296,4623,INFO,[Main Loop] Objects created
2026-01-06 09:40:49.307,4635,INFO,[Main Loop] Starting monitoring loop
2026-01-06 09:40:49.325,4653,INFO,[Main Loop] Cat switched None      -> unknown   
2026-01-06 09:40:49.340,4667,INFO,[Main Loop] unknown: state=0 licks=0 bouts=0
2026-01-06 09:40:54.013,9639,INFO,[MySystemLog] Logging to SD: /sd/system.log
2026-01-06 09:40:54.024,9652,INFO,[Main Loop] System Log Started
2026-01-06 09:40:54.037,9664,INFO,[Main Loop] all defined cats: ['bob', 'Handsome', 'henk']
2026-01-06 09:40:54.298,9925,INFO,[Main Loop] Objects created
2026-01-06 09:40:54.312,9938,INFO,[Main Loop] Starting monitoring loop
2026-01-06 09:40:54.329,9956,INFO,[Main Loop] Cat switched None      -> unknown   
2026-01-06 09:40:54.343,9970,INFO,[Main Loop] unknown: state=0 licks=0 bouts=0
2026-01-06 09:42:25.011,100035,INFO,[MySystemLog] Logging to SD: /sd/system.log
2026-01-06 09:42:25.023,100047,INFO,[Main Loop] System Log Started
2026-01-06 09:42:25.036,100060,INFO,[Main Loop] all defined cats: ['bob', 'Handsome', 'henk']
2026-01-06 09:42:25.299,100323,INFO,[Main Loop] Objects created
2026-01-06 09:42:25.311,100334,INFO,[Main Loop] Starting monitoring loop
2026-01-06 09:42:25.330,100353,INFO,[Main Loop] Cat switched None      -> unknown   
2026-01-06 09:42:25.346,100369,INFO,[Main Loop] unknown: state=0 licks=0 bouts=0
2026-01-06 09:43:06.011,141140,INFO,[MySystemLog] Logging to SD: /sd/system.log
2026-01-06 09:43:06.024,141153,INFO,[Main Loop] System Log Started
2026-01-06 09:43:06.037,141165,INFO,[Main Loop] all defined cats: ['bob', 'Handsome', 'henk']
2026-01-06 09:43:06.299,141428,INFO,[Main Loop] Objects created
2026-01-06 09:43:06.312,141441,INFO,[Main Loop] Starting monitoring loop
2026-01-06 09:43:06.330,141459,INFO,[Main Loop] Cat switched None      -> unknown   
2026-01-06 09:43:06.346,141475,INFO,[Main Loop] unknown: state=0 licks=0 bouts=0
2026-01-06 09:43:20.011,155258,INFO,[MySystemLog] Logging to SD: /sd/system.log
2026-01-06 09:43:20.023,155269,INFO,[Main Loop] System Log Started
2026-01-06 09:43:20.037,155284,INFO,[Main Loop] all defined cats: ['bob', 'Handsome', 'henk']
2026-01-06 09:43:20.299,155545,INFO,[Main Loop] Objects created
2026-01-06 09:43:20.312,155557,INFO,[Main Loop] Starting monitoring loop
2026-01-06 09:43:20.331,155578,INFO,[Main Loop] Cat switched None      -> unknown   
2026-01-06 09:43:20.346,155592,INFO,[Main Loop] unknown: state=0 licks=0 bouts=0
2026-01-06 09:44:19.011,4290,INFO,[MySystemLog] Logging to SD: /sd/system.log
2026-01-06 09:44:19.024,4303,INFO,[Main Loop] System Log Started
2026-01-06 09:44:19.037,4316,INFO,[Main Loop] all defined cats: ['bob', 'Handsome', 'henk']
2026-01-06 09:44:19.301,4580,INFO,[Main Loop] Objects created
2026-01-06 09:44:19.312,4592,INFO,[Main Loop] Starting monitoring loop
2026-01-06 09:44:19.332,4611,INFO,[Main Loop] Cat switched None      -> unknown   
2026-01-06 09:44:19.346,4626,INFO,[Main Loop] unknown: state=0 licks=0 bouts=0
2026-01-06 09:44:24.012,9663,INFO,[MySystemLog] Logging to SD: /sd/system.log
2026-01-06 09:44:24.024,9675,INFO,[Main Loop] System Log Started
2026-01-06 09:44:24.037,9688,INFO,[Main Loop] all defined cats: ['bob', 'Handsome', 'henk']
2026-01-06 09:44:24.300,9952,INFO,[Main Loop] Objects created
2026-01-06 09:44:24.312,9963,INFO,[Main Loop] Starting monitoring loop
2026-01-06 09:44:24.332,9983,INFO,[Main Loop] Cat switched None      -> unknown   
2026-01-06 09:44:24.347,10000,INFO,[Main Loop] unknown: state=0 licks=0 bouts=0
