2025-12-22 11:22:07.013,4356,INFO,[MySystemLog] Logging to SD: /sd/system.log
2025-12-22 11:22:07.034,4377,INFO,[Main Loop] System Log Started
2025-12-22 11:22:07.048,4390,INFO,[Main Loop] all defined cats: ['bob', 'Handsome', 'henk']
2025-12-22 11:22:08.329,4672,INFO,[Main Loop] Objects created
2025-12-22 11:22:08.342,4684,INFO,[Main Loop] Starting monitoring loop
2025-12-22 11:22:08.361,4703,INFO,[Main Loop] Cat switched None      -> unknown   
2025-12-22 11:22:08.375,4717,INFO,[Main Loop] unknown: state=0 licks=0 bouts=0
2025-12-22 18:11:01.272,24535616,INFO,[Main Loop] unknown: state=1 licks=0 bouts=0
2025-12-22 18:11:01.512,24535856,INFO,[Main Loop] Detected key 879B029A405D30010000000000
2025-12-22 18:11:01.528,24535872,INFO,[Main Loop] Cat switched unknown   -> Handsome  
2025-12-22 18:11:01.560,24535912,INFO,[Main Loop] Handsome: state=0 licks=0 bouts=0
2025-12-22 18:11:02.144,24536488,INFO,[Main Loop] Handsome: state=1 licks=0 bouts=0
2025-12-22 18:11:02.480,24536832,INFO,[Main Loop] Cat switched Handsome  -> unknown   
2025-12-22 18:11:02.520,24536872,INFO,[Main Loop] unknown: state=0 licks=0 bouts=0
2025-12-22 18:11:07.240,24541584,INFO,[Main Loop] unknown: state=1 licks=0 bouts=0
2025-12-22 18:11:08.160,24542504,INFO,[Main Loop] unknown: state=0 licks=0 bouts=0
2025-12-22 18:11:11.704,24546048,INFO,[Main Loop] unknown: state=1 licks=0 bouts=0
2025-12-22 18:11:12.856,24547208,INFO,[Main Loop] unknown: state=0 licks=0 bouts=0
2025-12-22 18:11:16.064,24550408,INFO,[Main Loop] unknown: state=1 licks=0 bouts=0
2025-12-22 18:11:16.896,24551240,INFO,[Main Loop] unknown: state=0 licks=0 bouts=0
2025-12-22 18:11:17.112,24551456,INFO,[Main Loop] unknown: state=1 licks=0 bouts=0
2025-12-22 18:11:17.168,24551512,INFO,[Main Loop] unknown: state=0 licks=1 bouts=0
2025-12-22 18:11:18.168,24552512,INFO,[Main Loop] unknown: state=0 licks=0 bouts=0
2025-12-22 18:11:20.976,24554320,INFO,[Main Loop] unknown: state=1 licks=0 bouts=0
2025-12-22 18:11:20.808,24555152,INFO,[Main Loop] unknown: state=0 licks=0 bouts=0
2025-12-22 18:11:23.664,24558008,INFO,[Main Loop] unknown: state=1 licks=0 bouts=0
2025-12-22 18:11:24.512,24558856,INFO,[Main Loop] unknown: state=0 licks=0 bouts=0
2025-12-22 18:11:24.576,24558920,INFO,[Main Loop] unknown: state=1 licks=0 bouts=0
2025-12-22 18:11:24.632,24558976,INFO,[Main Loop] unknown: state=0 licks=1 bouts=0
2025-12-22 18:11:24.768,24559112,INFO,[Main Loop] unknown: state=1 licks=1 bouts=0
2025-12-22 18:11:24.848,24559192,INFO,[Main Loop] unknown: state=0 licks=2 bouts=0
2025-12-22 18:11:25.840,24560184,INFO,[Main Loop] unknown: state=0 licks=0 bouts=0
2025-12-22 18:11:28.448,24562792,INFO,[Main Loop] unknown: state=1 licks=0 bouts=0
2025-12-22 18:11:29.264,24563608,INFO,[Main Loop] unknown: state=0 licks=0 bouts=0
2025-12-22 18:11:32.400,24566744,INFO,[Main Loop] unknown: state=1 licks=0 bouts=0
2025-12-22 18:11:32.472,24566816,INFO,[Main Loop] unknown: state=0 licks=1 bouts=0
2025-12-22 18:11:32.576,24566920,INFO,[Main Loop] unknown: state=1 licks=1 bouts=0
2025-12-22 18:11:33.408,24567752,INFO,[Main Loop] unknown: state=0 licks=1 bouts=0
2025-12-22 18:11:34.416,24568760,INFO,[Main Loop] unknown: state=0 licks=0 bouts=0
2025-12-22 18:11:37.128,24571472,INFO,[Main Loop] unknown: state=1 licks=0 bouts=0
2025-12-22 18:11:38.072,24572416,INFO,[Main Loop] unknown: state=0 licks=0 bouts=0
2025-12-22 18:11:38.424,24572776,INFO,[Main Loop] unknown: state=1 licks=0 bouts=0
2025-12-22 18:11:38.480,24572824,INFO,[Main Loop] unknown: state=0 licks=1 bouts=0
2025-12-22 18:11:39.488,24573832,INFO,[Main Loop] unknown: state=0 licks=0 bouts=0
2025-12-22 18:11:41.896,24576240,INFO,[Main Loop] unknown: state=1 licks=0 bouts=0
2025-12-22 18:11:43.064,24577408,INFO,[Main Loop] unknown: state=0 licks=0 bouts=0
2025-12-22 18:11:46.640,24580984,INFO,[Main Loop] unknown: state=1 licks=0 bouts=0
2025-12-22 18:11:47.512,24581856,INFO,[Main Loop] unknown: state=0 licks=0 bouts=0
2025-12-22 18:11:51.304,24585648,INFO,[Main Loop] unknown: state=1 licks=0 bouts=0
2025-12-22 18:11:52.672,24587016,INFO,[Main Loop] unknown: state=0 licks=0 bouts=0
2025-12-22 18:11:56.016,24590360,INFO,[Main Loop] unknown: state=1 licks=0 bouts=0
2025-12-22 18:11:57.112,24591456,INFO,[Main Loop] unknown: state=0 licks=0 bouts=0
2025-12-22 18:12:00.720,24595064,INFO,[Main Loop] unknown: state=1 licks=0 bouts=0
2025-12-22 18:12:01.680,24596024,INFO,[Main Loop] unknown: state=0 licks=0 bouts=0
2025-12-22 18:12:04.752,24599096,INFO,[Main Loop] unknown: state=1 licks=0 bouts=0
2025-12-22 18:12:05.808,24600152,INFO,[Main Loop] unknown: state=0 licks=0 bouts=0
2025-12-22 18:12:08.672,24603016,INFO,[Main Loop] unknown: state=1 licks=0 bouts=0
2025-12-22 18:12:09.680,24604024,INFO,[Main Loop] unknown: state=0 licks=0 bouts=0
2025-12-22 18:12:13.400,24607744,INFO,[Main Loop] unknown: state=1 licks=0 bouts=0
2025-12-22 18:12:14.480,24608832,INFO,[Main Loop] unknown: state=0 licks=0 bouts=0
2025-12-22 18:12:17.432,24611776,INFO,[Main Loop] unknown: state=1 licks=0 bouts=0
2025-12-22 18:12:18.528,24612872,INFO,[Main Loop] unknown: state=0 licks=0 bouts=0
2025-12-22 18:12:22.312,24616656,INFO,[Main Loop] unknown: state=1 licks=0 bouts=0
2025-12-22 18:12:23.464,24617808,INFO,[Main Loop] unknown: state=0 licks=0 bouts=0
2025-12-22 18:12:23.552,24617896,INFO,[Main Loop] unknown: state=1 licks=0 bouts=0
2025-12-22 18:12:23.600,24617944,INFO,[Main Loop] unknown: state=0 licks=1 bouts=0
2025-12-22 18:12:24.600,24618944,INFO,[Main Loop] unknown: state=0 licks=0 bouts=0
2025-12-22 18:12:26.368,24620712,INFO,[Main Loop] unknown: state=1 licks=0 bouts=0
2025-12-22 18:12:27.680,24622024,INFO,[Main Loop] unknown: state=0 licks=0 bouts=0
2025-12-22 18:12:27.888,24622240,INFO,[Main Loop] unknown: state=1 licks=0 bouts=0
2025-12-22 18:12:27.936,24622288,INFO,[Main Loop] unknown: state=0 licks=1 bouts=0
2025-12-22 18:12:28.944,24623288,INFO,[Main Loop] unknown: state=0 licks=0 bouts=0
2025-12-22 18:12:30.760,24625104,INFO,[Main Loop] unknown: state=1 licks=0 bouts=0
2025-12-22 18:12:31.760,24626104,INFO,[Main Loop] unknown: state=0 licks=0 bouts=0
2025-12-22 18:12:34.656,24629000,INFO,[Main Loop] unknown: state=1 licks=0 bouts=0
2025-12-22 18:12:35.808,24630152,INFO,[Main Loop] unknown: state=0 licks=0 bouts=0
2025-12-22 18:12:40.016,24634360,INFO,[Main Loop] unknown: state=1 licks=0 bouts=0
2025-12-22 18:12:41.192,24635536,INFO,[Main Loop] unknown: state=0 licks=0 bouts=0
2025-12-22 18:38:52.888,26206232,INFO,[Main Loop] unknown: state=1 licks=0 bouts=0
2025-12-22 18:38:52.936,26206288,INFO,[Main Loop] unknown: state=0 licks=1 bouts=0
2025-12-22 18:38:53.936,26207280,INFO,[Main Loop] unknown: state=0 licks=0 bouts=0
2025-12-22 18:38:53.088,26207432,INFO,[Main Loop] unknown: state=1 licks=0 bouts=0
2025-12-22 18:38:55.032,26209376,INFO,[Main Loop] unknown: state=0 licks=0 bouts=0
2025-12-22 18:38:59.528,26213880,INFO,[Main Loop] unknown: state=1 licks=0 bouts=0
2025-12-22 18:39:00.760,26215104,INFO,[Main Loop] unknown: state=0 licks=0 bouts=0
2025-12-22 18:39:05.240,26219584,INFO,[Main Loop] unknown: state=1 licks=0 bouts=0
2025-12-22 18:39:06.480,26220824,INFO,[Main Loop] unknown: state=0 licks=0 bouts=0
2025-12-22 18:39:11.320,26225664,INFO,[Main Loop] unknown: state=1 licks=0 bouts=0
2025-12-22 18:39:12.280,26226632,INFO,[Main Loop] unknown: state=0 licks=0 bouts=0
2025-12-22 18:39:15.648,26229992,INFO,[Main Loop] unknown: state=1 licks=0 bouts=0
2025-12-22 18:39:16.776,26231128,INFO,[Main Loop] unknown: state=0 licks=0 bouts=0
2025-12-22 18:39:21.928,26235272,INFO,[Main Loop] unknown: state=1 licks=0 bouts=0
2025-12-22 18:39:22.976,26236320,INFO,[Main Loop] unknown: state=0 licks=0 bouts=0
2025-12-22 20:19:16.904,32230248,INFO,[Main Loop] unknown: state=1 licks=0 bouts=0
2025-12-22 20:19:16.952,32230304,INFO,[Main Loop] unknown: state=0 licks=1 bouts=0
2025-12-22 20:19:17.320,32230664,INFO,[Main Loop] Cat switched unknown   -> Handsome  
2025-12-22 20:19:17.352,32230704,INFO,[Main Loop] Handsome: state=0 licks=0 bouts=0
2025-12-22 20:19:18.272,32231616,INFO,[Main Loop] Handsome: state=1 licks=0 bouts=0
2025-12-22 20:19:18.304,32231648,INFO,[Main Loop] Cat switched Handsome  -> unknown   
2025-12-22 20:19:18.344,32231688,INFO,[Main Loop] unknown: state=0 licks=0 bouts=0
2025-12-22 20:19:18.896,32232240,INFO,[Main Loop] unknown: state=1 licks=0 bouts=0
2025-12-22 20:19:20.776,32234120,INFO,[Main Loop] unknown: state=0 licks=0 bouts=0
2025-12-22 20:19:25.512,32238856,INFO,[Main Loop] unknown: state=1 licks=0 bouts=0
2025-12-22 20:19:26.928,32240272,INFO,[Main Loop] unknown: state=0 licks=0 bouts=0
2025-12-22 20:19:29.032,32243376,INFO,[Main Loop] unknown: state=1 licks=0 bouts=0
2025-12-22 20:19:31.528,32244880,INFO,[Main Loop] unknown: state=0 licks=0 bouts=0
2025-12-22 20:19:34.216,32248560,INFO,[Main Loop] unknown: state=1 licks=0 bouts=0
2025-12-22 20:19:36.296,32249648,INFO,[Main Loop] unknown: state=0 licks=0 bouts=0
2025-12-22 20:19:40.496,32253840,INFO,[Main Loop] unknown: state=1 licks=0 bouts=0
2025-12-22 20:19:41.984,32255328,INFO,[Main Loop] unknown: state=0 licks=0 bouts=0
2025-12-22 20:19:41.032,32255376,INFO,[Main Loop] unknown: state=1 licks=0 bouts=0
2025-12-22 20:19:41.080,32255424,INFO,[Main Loop] unknown: state=0 licks=1 bouts=0
2025-12-22 20:19:41.240,32255584,INFO,[Main Loop] unknown: state=1 licks=1 bouts=0
2025-12-22 20:19:42.296,32255640,INFO,[Main Loop] unknown: state=0 licks=2 bouts=0
2025-12-22 20:19:43.312,32256656,INFO,[Main Loop] unknown: state=0 licks=0 bouts=0
2025-12-22 20:19:45.896,32259240,INFO,[Main Loop] unknown: state=1 licks=0 bouts=0
2025-12-22 20:19:47.376,32260720,INFO,[Main Loop] unknown: state=0 licks=0 bouts=0
2025-12-22 20:19:50.128,32264472,INFO,[Main Loop] unknown: state=1 licks=0 bouts=0
2025-12-22 20:19:52.424,32265768,INFO,[Main Loop] unknown: state=0 licks=0 bouts=0
2025-12-22 20:19:55.952,32269296,INFO,[Main Loop] unknown: state=1 licks=0 bouts=0
2025-12-22 20:19:55.016,32269360,INFO,[Main Loop] unknown: state=0 licks=1 bouts=0
2025-12-22 20:19:55.208,32269552,INFO,[Main Loop] unknown: state=1 licks=1 bouts=0
2025-12-22 20:19:57.360,32270704,INFO,[Main Loop] unknown: state=0 licks=1 bouts=0
2025-12-22 20:19:57.624,32270968,INFO,[Main Loop] unknown: state=1 licks=1 bouts=0
2025-12-22 20:19:57.680,32271024,INFO,[Main Loop] unknown: state=0 licks=2 bouts=0
2025-12-22 20:19:58.672,32272016,INFO,[Main Loop] unknown: state=0 licks=0 bouts=0
2025-12-22 20:20:00.672,32274024,INFO,[Main Loop] unknown: state=1 licks=0 bouts=0
2025-12-22 20:20:02.368,32275704,INFO,[Main Loop] unknown: state=0 licks=0 bouts=0
2025-12-22 20:20:05.992,32279336,INFO,[Main Loop] unknown: state=1 licks=0 bouts=0
2025-12-22 20:20:07.000,32281344,INFO,[Main Loop] unknown: state=0 licks=0 bouts=0
2025-12-22 20:20:11.184,32285528,INFO,[Main Loop] unknown: state=1 licks=0 bouts=0
2025-12-22 20:20:13.496,32286840,INFO,[Main Loop] unknown: state=0 licks=0 bouts=0
2025-12-22 20:20:17.248,32290600,INFO,[Main Loop] unknown: state=1 licks=0 bouts=0
2025-12-22 20:20:18.584,32291928,INFO,[Main Loop] unknown: state=0 licks=0 bouts=0
2025-12-22 20:20:22.408,32295752,INFO,[Main Loop] unknown: state=1 licks=0 bouts=0
2025-12-22 20:20:23.000,32297344,INFO,[Main Loop] unknown: state=0 licks=0 bouts=0
2025-12-22 20:20:27.584,32300928,INFO,[Main Loop] unknown: state=1 licks=0 bouts=0
2025-12-22 20:20:28.864,32302208,INFO,[Main Loop] unknown: state=0 licks=0 bouts=0
2025-12-22 20:20:31.840,32305184,INFO,[Main Loop] unknown: state=1 licks=0 bouts=0
2025-12-22 20:20:33.264,32306616,INFO,[Main Loop] unknown: state=0 licks=0 bouts=0
2025-12-22 20:20:37.320,32310664,INFO,[Main Loop] unknown: state=1 licks=0 bouts=0
2025-12-22 20:20:38.344,32311688,INFO,[Main Loop] unknown: state=0 licks=0 bouts=0
2025-12-22 20:20:38.464,32311808,INFO,[Main Loop] unknown: state=1 licks=0 bouts=0
2025-12-22 20:20:38.512,32311880,INFO,[Main Loop] unknown: state=0 licks=1 bouts=0
2025-12-22 20:20:39.528,32312880,INFO,[Main Loop] unknown: state=0 licks=0 bouts=0
2025-12-22 20:20:41.256,32314600,INFO,[Main Loop] unknown: state=1 licks=0 bouts=0
2025-12-22 20:20:42.704,32316048,INFO,[Main Loop] unknown: state=0 licks=0 bouts=0
2025-12-22 20:20:45.040,32319384,INFO,[Main Loop] unknown: state=1 licks=0 bouts=0
2025-12-22 20:20:47.272,32320616,INFO,[Main Loop] unknown: state=0 licks=0 bouts=0
2025-12-22 20:20:50.416,32323760,INFO,[Main Loop] unknown: state=1 licks=0 bouts=0
2025-12-22 20:20:51.552,32324904,INFO,[Main Loop] unknown: state=0 licks=0 bouts=0
2025-12-22 20:20:53.240,32327584,INFO,[Main Loop] unknown: state=1 licks=0 bouts=0
2025-12-22 20:20:55.576,32328920,INFO,[Main Loop] unknown: state=0 licks=0 bouts=0
2025-12-23 17:34:39.016,108746368,INFO,[Main Loop] unknown: state=1 licks=0 bouts=0
2025-12-23 17:34:40.976,108747328,INFO,[Main Loop] unknown: state=0 licks=0 bouts=0
2025-12-23 17:34:45.456,108751808,INFO,[Main Loop] unknown: state=1 licks=0 bouts=0
2025-12-23 17:34:46.064,108752384,INFO,[Main Loop] unknown: state=0 licks=0 bouts=0
2025-12-23 17:34:49.616,108756000,INFO,[Main Loop] unknown: state=1 licks=0 bouts=0
2025-12-23 17:34:49.680,108756032,INFO,[Main Loop] unknown: state=0 licks=1 bouts=0
2025-12-23 17:34:49.744,108756096,INFO,[Main Loop] unknown: state=1 licks=1 bouts=0
2025-12-23 17:34:50.768,108757120,INFO,[Main Loop] unknown: state=0 licks=1 bouts=0
2025-12-23 17:34:51.760,108758112,INFO,[Main Loop] unknown: state=0 licks=0 bouts=0
2025-12-23 17:34:55.632,108761984,INFO,[Main Loop] unknown: state=1 licks=0 bouts=0
2025-12-23 17:34:56.496,108762816,INFO,[Main Loop] unknown: state=0 licks=0 bouts=0
2025-12-23 18:12:18.872,111004192,INFO,[Main Loop] unknown: state=1 licks=0 bouts=0
2025-12-23 18:12:19.928,111005280,INFO,[Main Loop] unknown: state=0 licks=0 bouts=0
2025-12-23 18:12:23.280,111009600,INFO,[Main Loop] unknown: state=1 licks=0 bouts=0
2025-12-23 18:12:24.304,111010688,INFO,[Main Loop] unknown: state=0 licks=0 bouts=0
2025-12-23 18:12:27.120,111013504,INFO,[Main Loop] unknown: state=1 licks=0 bouts=0
2025-12-23 18:12:28.112,111014464,INFO,[Main Loop] unknown: state=0 licks=0 bouts=0
2025-12-23 18:12:31.248,111017568,INFO,[Main Loop] unknown: state=1 licks=0 bouts=0
2025-12-23 18:12:32.016,111018368,INFO,[Main Loop] unknown: state=0 licks=0 bouts=0
2025-12-23 18:12:32.080,111018432,INFO,[Main Loop] unknown: state=1 licks=0 bouts=0
2025-12-23 18:12:32.304,111018656,INFO,[Main Loop] unknown: state=0 licks=1 bouts=0
2025-12-23 18:12:33.296,111019648,INFO,[Main Loop] unknown: state=0 licks=0 bouts=0
2025-12-23 18:12:35.152,111021504,INFO,[Main Loop] unknown: state=1 licks=0 bouts=0
2025-12-23 18:12:36.016,111022368,INFO,[Main Loop] unknown: state=0 licks=0 bouts=0
2025-12-23 18:12:39.312,111025632,INFO,[Main Loop] unknown: state=1 licks=0 bouts=0
2025-12-23 18:12:40.240,111026624,INFO,[Main Loop] unknown: state=0 licks=0 bouts=0
2025-12-23 18:12:44.984,111030336,INFO,[Main Loop] unknown: state=1 licks=0 bouts=0
2025-12-23 18:12:45.880,111031264,INFO,[Main Loop] unknown: state=0 licks=0 bouts=0
2025-12-23 18:12:48.368,111034752,INFO,[Main Loop] unknown: state=1 licks=0 bouts=0
2025-12-23 18:12:48.432,111034784,INFO,[Main Loop] unknown: state=0 licks=1 bouts=0
2025-12-23 18:12:48.560,111034880,INFO,[Main Loop] unknown: state=1 licks=1 bouts=0
2025-12-23 18:12:49.200,111035552,INFO,[Main Loop] unknown: state=0 licks=1 bouts=0
2025-12-23 18:12:50.256,111036608,INFO,[Main Loop] unknown: state=0 licks=0 bouts=0
2025-12-23 18:12:52.304,111038656,INFO,[Main Loop] unknown: state=1 licks=0 bouts=0
2025-12-23 18:12:53.264,111039648,INFO,[Main Loop] unknown: state=0 licks=0 bouts=0
2025-12-23 18:12:57.136,111043488,INFO,[Main Loop] unknown: state=1 licks=0 bouts=0
2025-12-23 18:12:58.160,111044512,INFO,[Main Loop] unknown: state=0 licks=0 bouts=0
2025-12-23 18:13:01.328,111047680,INFO,[Main Loop] unknown: state=1 licks=0 bouts=0
2025-12-23 18:13:03.864,111049216,INFO,[Main Loop] unknown: state=0 licks=0 bouts=0
2025-12-23 18:13:29.520,111075904,INFO,[Main Loop] unknown: state=1 licks=0 bouts=0
2025-12-23 18:13:31.960,111077312,INFO,[Main Loop] unknown: state=0 licks=0 bouts=0
2025-12-23 18:13:33.776,111080128,INFO,[Main Loop] unknown: state=1 licks=0 bouts=0
2025-12-23 18:13:35.896,111081248,INFO,[Main Loop] unknown: state=0 licks=0 bouts=0
2025-12-23 19:21:05.688,115131008,INFO,[Main Loop] unknown: state=1 licks=0 bouts=0
2025-12-23 19:21:05.816,115131168,INFO,[Main Loop] unknown: state=0 licks=1 bouts=0
2025-12-23 19:21:05.880,115131232,INFO,[Main Loop] unknown: state=1 licks=1 bouts=0
2025-12-23 19:21:06.616,115132000,INFO,[Main Loop] unknown: state=0 licks=1 bouts=0
2025-12-23 19:21:07.640,115132992,INFO,[Main Loop] unknown: state=0 licks=0 bouts=0
2025-12-23 20:54:21.048,120726400,INFO,[Main Loop] Cat switched unknown   -> Handsome  
2025-12-23 20:54:21.112,120726464,INFO,[Main Loop] Handsome: state=0 licks=0 bouts=0
2025-12-23 20:54:22.072,120727424,INFO,[Main Loop] Cat switched Handsome  -> unknown   
2025-12-23 20:54:22.104,120727456,INFO,[Main Loop] unknown: state=0 licks=0 bouts=0
2025-12-24 08:14:20.012,4288,INFO,[MySystemLog] Logging to SD: /sd/system.log
2025-12-24 08:14:20.024,4300,INFO,[Main Loop] System Log Started
2025-12-24 08:14:20.037,4313,INFO,[Main Loop] all defined cats: ['bob', 'Handsome', 'henk']
2025-12-24 08:14:20.300,4576,INFO,[Main Loop] Objects created
2025-12-24 08:14:20.311,4587,INFO,[Main Loop] Starting monitoring loop
2025-12-24 08:14:20.330,4608,INFO,[Main Loop] Cat switched None      -> unknown   
2025-12-24 08:14:20.346,4622,INFO,[Main Loop] unknown: state=0 licks=0 bouts=0
2025-12-24 18:32:21.360,37081632,INFO,[Main Loop] unknown: state=1 licks=0 bouts=0
2025-12-24 18:32:21.048,37082320,INFO,[Main Loop] unknown: state=0 licks=0 bouts=0
2025-12-24 18:32:29.968,37090240,INFO,[Main Loop] unknown: state=1 licks=0 bouts=0
2025-12-24 18:32:30.992,37091280,INFO,[Main Loop] unknown: state=0 licks=0 bouts=0
2025-12-24 18:32:40.320,37100608,INFO,[Main Loop] unknown: state=1 licks=0 bouts=0
2025-12-24 18:32:41.584,37101872,INFO,[Main Loop] unknown: state=0 licks=0 bouts=0
2025-12-24 18:32:45.160,37106448,INFO,[Main Loop] unknown: state=1 licks=0 bouts=0
2025-12-24 18:32:47.048,37108320,INFO,[Main Loop] unknown: state=0 licks=0 bouts=0
2025-12-24 18:32:52.880,37113168,INFO,[Main Loop] unknown: state=1 licks=0 bouts=0
2025-12-24 18:32:53.208,37114496,INFO,[Main Loop] unknown: state=0 licks=0 bouts=0
2025-12-24 20:22:36.016,43696288,INFO,[Main Loop] unknown: state=1 licks=0 bouts=0
2025-12-24 20:22:38.808,43698080,INFO,[Main Loop] unknown: state=0 licks=0 bouts=0
2025-12-24 20:22:44.904,43704176,INFO,[Main Loop] unknown: state=1 licks=0 bouts=0
2025-12-24 20:22:45.944,43705232,INFO,[Main Loop] unknown: state=0 licks=0 bouts=0
2025-12-24 20:22:49.976,43709264,INFO,[Main Loop] unknown: state=1 licks=0 bouts=0
2025-12-24 20:22:50.920,43710192,INFO,[Main Loop] unknown: state=0 licks=0 bouts=0
2025-12-24 20:22:55.800,43715104,INFO,[Main Loop] unknown: state=1 licks=0 bouts=0
2025-12-24 20:22:56.824,43716096,INFO,[Main Loop] unknown: state=0 licks=0 bouts=0
2025-12-24 20:23:00.760,43720048,INFO,[Main Loop] unknown: state=1 licks=0 bouts=0
2025-12-24 20:23:01.136,43721408,INFO,[Main Loop] unknown: state=0 licks=0 bouts=0
2025-12-24 20:23:05.488,43725776,INFO,[Main Loop] unknown: state=1 licks=0 bouts=0
2025-12-24 20:23:06.592,43726864,INFO,[Main Loop] unknown: state=0 licks=0 bouts=0
2025-12-24 20:23:11.376,43731648,INFO,[Main Loop] unknown: state=1 licks=0 bouts=0
2025-12-24 20:23:12.528,43732800,INFO,[Main Loop] unknown: state=0 licks=0 bouts=0
2025-12-24 20:23:18.904,43738176,INFO,[Main Loop] unknown: state=1 licks=0 bouts=0
2025-12-24 20:23:19.008,43739296,INFO,[Main Loop] unknown: state=0 licks=0 bouts=0
2025-12-24 20:23:22.544,43742816,INFO,[Main Loop] unknown: state=1 licks=0 bouts=0
2025-12-24 20:23:24.616,43743904,INFO,[Main Loop] unknown: state=0 licks=0 bouts=0
2025-12-24 20:23:27.472,43747760,INFO,[Main Loop] unknown: state=1 licks=0 bouts=0
2025-12-24 20:23:29.624,43748896,INFO,[Main Loop] unknown: state=0 licks=0 bouts=0
2025-12-24 20:23:34.648,43753936,INFO,[Main Loop] unknown: state=1 licks=0 bouts=0
2025-12-24 20:23:35.608,43754880,INFO,[Main Loop] unknown: state=0 licks=0 bouts=0
2025-12-24 20:23:38.712,43758000,INFO,[Main Loop] unknown: state=1 licks=0 bouts=0
2025-12-24 20:23:39.720,43759008,INFO,[Main Loop] unknown: state=0 licks=0 bouts=0
2025-12-24 20:23:44.776,43764064,INFO,[Main Loop] unknown: state=1 licks=0 bouts=0
2025-12-24 20:23:45.704,43764976,INFO,[Main Loop] unknown: state=0 licks=0 bouts=0
2025-12-25 08:21:46.368,86842656,INFO,[Main Loop] unknown: state=1 licks=0 bouts=0
2025-12-25 08:21:47.592,86842848,INFO,[Main Loop] unknown: state=0 licks=1 bouts=0
2025-12-25 08:21:47.752,86843008,INFO,[Main Loop] unknown: state=1 licks=1 bouts=0
2025-12-25 08:21:49.768,86845056,INFO,[Main Loop] unknown: state=0 licks=1 bouts=0
2025-12-25 08:21:50.792,86846080,INFO,[Main Loop] unknown: state=0 licks=0 bouts=0
2025-12-25 08:21:53.472,86849728,INFO,[Main Loop] unknown: state=1 licks=0 bouts=0
2025-12-25 08:21:54.336,86850624,INFO,[Main Loop] unknown: state=0 licks=0 bouts=0
2025-12-25 08:21:59.880,86855168,INFO,[Main Loop] unknown: state=1 licks=0 bouts=0
2025-12-25 08:22:00.096,86856352,INFO,[Main Loop] unknown: state=0 licks=0 bouts=0
2025-12-25 08:22:04.288,86860576,INFO,[Main Loop] unknown: state=1 licks=0 bouts=0
2025-12-25 08:22:05.216,86861504,INFO,[Main Loop] unknown: state=0 licks=0 bouts=0
2025-12-25 08:22:11.168,86867456,INFO,[Main Loop] unknown: state=1 licks=0 bouts=0
2025-12-25 08:22:11.264,86867552,INFO,[Main Loop] unknown: state=0 licks=1 bouts=0
2025-12-25 08:22:11.424,86867712,INFO,[Main Loop] unknown: state=1 licks=1 bouts=0
2025-12-25 08:22:12.160,86868448,INFO,[Main Loop] unknown: state=0 licks=1 bouts=0
2025-12-25 08:22:13.184,86869472,INFO,[Main Loop] unknown: state=0 licks=0 bouts=0
2025-12-25 08:22:16.512,86872800,INFO,[Main Loop] unknown: state=1 licks=0 bouts=0
2025-12-25 08:22:18.664,86873952,INFO,[Main Loop] unknown: state=0 licks=0 bouts=0
2025-12-25 08:22:23.816,86879104,INFO,[Main Loop] unknown: state=1 licks=0 bouts=0
2025-12-25 08:22:24.840,86880160,INFO,[Main Loop] unknown: state=0 licks=0 bouts=0
2025-12-25 08:22:29.504,86885760,INFO,[Main Loop] unknown: state=1 licks=0 bouts=0
2025-12-25 08:22:31.752,86887008,INFO,[Main Loop] unknown: state=0 licks=0 bouts=0
2025-12-25 08:22:35.720,86891008,INFO,[Main Loop] unknown: state=1 licks=0 bouts=0
2025-12-25 08:22:36.936,86892192,INFO,[Main Loop] unknown: state=0 licks=0 bouts=0
2025-12-25 08:22:41.376,86897632,INFO,[Main Loop] unknown: state=1 licks=0 bouts=0
2025-12-25 08:22:43.592,86898880,INFO,[Main Loop] unknown: state=0 licks=0 bouts=0
2025-12-25 08:22:48.552,86903840,INFO,[Main Loop] unknown: state=1 licks=0 bouts=0
2025-12-25 08:22:49.736,86905024,INFO,[Main Loop] unknown: state=0 licks=0 bouts=0
2025-12-25 08:22:53.088,86909376,INFO,[Main Loop] unknown: state=1 licks=0 bouts=0
2025-12-25 08:22:54.368,86910688,INFO,[Main Loop] unknown: state=0 licks=0 bouts=0
2025-12-25 08:22:58.016,86914304,INFO,[Main Loop] unknown: state=1 licks=0 bouts=0
2025-12-25 08:22:59.104,86915392,INFO,[Main Loop] unknown: state=0 licks=0 bouts=0
2025-12-25 08:23:05.152,86921440,INFO,[Main Loop] unknown: state=1 licks=0 bouts=0
2025-12-25 08:23:06.240,86922528,INFO,[Main Loop] unknown: state=0 licks=0 bouts=0
2025-12-25 08:23:06.368,86922656,INFO,[Main Loop] unknown: state=1 licks=0 bouts=0
2025-12-25 08:23:06.432,86922720,INFO,[Main Loop] unknown: state=0 licks=1 bouts=0
2025-12-25 08:23:07.456,86923744,INFO,[Main Loop] unknown: state=0 licks=0 bouts=0
2025-12-25 08:23:12.936,86928192,INFO,[Main Loop] unknown: state=1 licks=0 bouts=0
2025-12-25 08:23:13.280,86929536,INFO,[Main Loop] unknown: state=0 licks=0 bouts=0
2025-12-25 08:23:19.912,86935200,INFO,[Main Loop] unknown: state=1 licks=0 bouts=0
2025-12-25 08:23:21.120,86937408,INFO,[Main Loop] unknown: state=0 licks=0 bouts=0
2025-12-25 08:23:21.184,86937472,INFO,[Main Loop] unknown: state=1 licks=0 bouts=0
2025-12-25 08:23:21.280,86937536,INFO,[Main Loop] unknown: state=0 licks=1 bouts=0
2025-12-25 08:23:22.272,86938592,INFO,[Main Loop] unknown: state=0 licks=0 bouts=0
2025-12-25 08:23:27.040,86943328,INFO,[Main Loop] unknown: state=1 licks=0 bouts=0
2025-12-25 08:23:28.288,86944576,INFO,[Main Loop] unknown: state=0 licks=0 bouts=0
2025-12-25 08:23:28.384,86944672,INFO,[Main Loop] unknown: state=1 licks=0 bouts=0
2025-12-25 08:23:28.480,86944768,INFO,[Main Loop] unknown: state=0 licks=1 bouts=0
2025-12-25 08:23:30.536,86945824,INFO,[Main Loop] unknown: state=0 licks=0 bouts=0
2025-12-25 08:23:33.704,86948992,INFO,[Main Loop] unknown: state=1 licks=0 bouts=0
2025-12-25 08:23:34.760,86950048,INFO,[Main Loop] unknown: state=0 licks=0 bouts=0
2025-12-25 08:23:41.768,86957056,INFO,[Main Loop] unknown: state=1 licks=0 bouts=0
2025-12-25 08:23:43.752,86959008,INFO,[Main Loop] unknown: state=0 licks=0 bouts=0
2025-12-25 08:23:46.272,86962560,INFO,[Main Loop] unknown: state=1 licks=0 bouts=0
2025-12-25 08:23:47.488,86963776,INFO,[Main Loop] unknown: state=0 licks=0 bouts=0
2025-12-25 08:23:51.328,86967616,INFO,[Main Loop] unknown: state=1 licks=0 bouts=0
2025-12-25 08:23:53.928,86969248,INFO,[Main Loop] unknown: state=0 licks=0 bouts=0
2025-12-25 08:23:58.400,86974688,INFO,[Main Loop] unknown: state=1 licks=0 bouts=0
2025-12-25 08:24:01.024,86977312,INFO,[Main Loop] unknown: state=0 licks=0 bouts=0
2025-12-25 08:34:42.080,87618368,INFO,[Main Loop] unknown: state=1 licks=0 bouts=0
2025-12-25 08:34:42.176,87618464,INFO,[Main Loop] unknown: state=0 licks=1 bouts=0
2025-12-25 08:34:43.592,87618848,INFO,[Main Loop] unknown: state=1 licks=1 bouts=0
2025-12-25 08:34:45.576,87620864,INFO,[Main Loop] unknown: state=0 licks=1 bouts=0
2025-12-25 08:34:46.600,87621888,INFO,[Main Loop] unknown: state=0 licks=0 bouts=0
2025-12-25 08:34:51.264,87627552,INFO,[Main Loop] unknown: state=1 licks=0 bouts=0
2025-12-25 08:34:52.352,87628640,INFO,[Main Loop] unknown: state=0 licks=0 bouts=0
2025-12-25 08:34:57.896,87633184,INFO,[Main Loop] unknown: state=1 licks=0 bouts=0
2025-12-25 08:34:57.992,87633280,INFO,[Main Loop] unknown: state=0 licks=1 bouts=0
2025-12-25 08:34:57.120,87633408,INFO,[Main Loop] unknown: state=1 licks=1 bouts=0
2025-12-25 08:34:58.048,87634336,INFO,[Main Loop] unknown: state=0 licks=1 bouts=0
2025-12-25 08:34:59.072,87635360,INFO,[Main Loop] unknown: state=0 licks=0 bouts=0
2025-12-25 08:35:05.088,87641376,INFO,[Main Loop] unknown: state=1 licks=0 bouts=0
2025-12-25 08:35:06.240,87642528,INFO,[Main Loop] unknown: state=0 licks=0 bouts=0
2025-12-25 08:35:12.936,87648192,INFO,[Main Loop] unknown: state=1 licks=0 bouts=0
2025-12-25 08:35:13.088,87649376,INFO,[Main Loop] unknown: state=0 licks=0 bouts=0
2025-12-25 08:35:13.152,87649440,INFO,[Main Loop] unknown: state=1 licks=0 bouts=0
2025-12-25 08:35:13.248,87649504,INFO,[Main Loop] unknown: state=0 licks=1 bouts=0
2025-12-25 08:35:14.272,87650560,INFO,[Main Loop] unknown: state=0 licks=0 bouts=0
2025-12-25 08:35:18.144,87654432,INFO,[Main Loop] unknown: state=1 licks=0 bouts=0
2025-12-25 08:35:20.904,87656160,INFO,[Main Loop] unknown: state=0 licks=0 bouts=0
2025-12-25 08:35:28.648,87663936,INFO,[Main Loop] unknown: state=1 licks=0 bouts=0
2025-12-25 08:35:29.800,87665088,INFO,[Main Loop] unknown: state=0 licks=0 bouts=0
2025-12-25 08:35:38.824,87674112,INFO,[Main Loop] unknown: state=1 licks=0 bouts=0
2025-12-25 08:35:40.712,87676000,INFO,[Main Loop] unknown: state=0 licks=0 bouts=0
2025-12-25 08:35:44.288,87680576,INFO,[Main Loop] unknown: state=1 licks=0 bouts=0
2025-12-25 08:35:46.536,87681824,INFO,[Main Loop] unknown: state=0 licks=0 bouts=0
2025-12-25 08:35:50.144,87686432,INFO,[Main Loop] unknown: state=1 licks=0 bouts=0
2025-12-25 08:35:51.296,87687584,INFO,[Main Loop] unknown: state=0 licks=0 bouts=0
2025-12-25 08:35:57.896,87693184,INFO,[Main Loop] unknown: state=1 licks=0 bouts=0
2025-12-25 08:35:58.952,87694240,INFO,[Main Loop] unknown: state=0 licks=0 bouts=0
2025-12-25 08:36:02.112,87698400,INFO,[Main Loop] unknown: state=1 licks=0 bouts=0
2025-12-25 08:36:03.264,87699552,INFO,[Main Loop] unknown: state=0 licks=0 bouts=0
2025-12-25 08:36:09.120,87705408,INFO,[Main Loop] unknown: state=1 licks=0 bouts=0
2025-12-25 08:36:10.304,87706624,INFO,[Main Loop] unknown: state=0 licks=0 bouts=0
2025-12-25 08:36:15.848,87711136,INFO,[Main Loop] unknown: state=1 licks=0 bouts=0
2025-12-25 08:36:16.000,87712256,INFO,[Main Loop] unknown: state=0 licks=0 bouts=0
2025-12-25 08:36:21.960,87717248,INFO,[Main Loop] unknown: state=1 licks=0 bouts=0
2025-12-25 08:36:22.240,87718528,INFO,[Main Loop] unknown: state=0 licks=0 bouts=0
2025-12-25 08:36:28.936,87724192,INFO,[Main Loop] unknown: state=1 licks=0 bouts=0
2025-12-25 08:36:29.088,87725376,INFO,[Main Loop] unknown: state=0 licks=0 bouts=0
2025-12-25 08:36:34.600,87729888,INFO,[Main Loop] unknown: state=1 licks=0 bouts=0
2025-12-25 08:36:35.976,87731264,INFO,[Main Loop] unknown: state=0 licks=0 bouts=0
2025-12-25 18:04:38.688,121810944,INFO,[Main Loop] Detected key 879B029A405D30010000000000
2025-12-25 18:04:38.688,121810944,INFO,[Main Loop] Cat switched unknown   -> Handsome  
2025-12-25 18:04:38.720,121810976,INFO,[Main Loop] Handsome: state=0 licks=0 bouts=0
2025-12-25 18:04:39.648,121811936,INFO,[Main Loop] Cat switched Handsome  -> unknown   
2025-12-25 18:04:39.680,121811968,INFO,[Main Loop] unknown: state=0 licks=0 bouts=0
2025-12-25 18:04:41.280,121813536,INFO,[Main Loop] unknown: state=1 licks=0 bouts=0
2025-12-25 18:04:41.408,121813664,INFO,[Main Loop] unknown: state=0 licks=1 bouts=0
2025-12-25 18:04:41.536,121813824,INFO,[Main Loop] unknown: state=1 licks=1 bouts=0
2025-12-25 18:04:42.272,121814560,INFO,[Main Loop] unknown: state=0 licks=1 bouts=0
2025-12-25 18:04:43.264,121815552,INFO,[Main Loop] unknown: state=0 licks=0 bouts=0
2025-12-25 18:04:46.560,121818816,INFO,[Main Loop] unknown: state=1 licks=0 bouts=0
2025-12-25 18:04:47.424,121819744,INFO,[Main Loop] unknown: state=0 licks=0 bouts=0
2025-12-25 18:04:51.296,121823584,INFO,[Main Loop] unknown: state=1 licks=0 bouts=0
2025-12-25 18:04:51.160,121824416,INFO,[Main Loop] unknown: state=0 licks=0 bouts=0
2025-12-25 18:04:55.096,121828352,INFO,[Main Loop] unknown: state=1 licks=0 bouts=0
2025-12-25 18:04:56.992,121829280,INFO,[Main Loop] unknown: state=0 licks=0 bouts=0
2025-12-25 18:05:01.504,121833792,INFO,[Main Loop] unknown: state=1 licks=0 bouts=0
2025-12-25 18:05:02.432,121834720,INFO,[Main Loop] unknown: state=0 licks=0 bouts=0
2025-12-25 18:05:02.752,121835040,INFO,[Main Loop] unknown: state=1 licks=0 bouts=0
2025-12-25 18:05:02.816,121835072,INFO,[Main Loop] unknown: state=0 licks=1 bouts=0
2025-12-25 18:05:03.840,121836128,INFO,[Main Loop] unknown: state=0 licks=0 bouts=0
2025-12-25 18:05:06.072,121839392,INFO,[Main Loop] unknown: state=1 licks=0 bouts=0
2025-12-25 18:05:08.736,121841024,INFO,[Main Loop] unknown: state=0 licks=0 bouts=0
2025-12-25 18:05:12.384,121844672,INFO,[Main Loop] unknown: state=1 licks=0 bouts=0
2025-12-25 18:05:14.400,121846720,INFO,[Main Loop] unknown: state=0 licks=0 bouts=0
2025-12-25 18:05:17.984,121850272,INFO,[Main Loop] unknown: state=1 licks=0 bouts=0
2025-12-25 18:05:18.104,121851392,INFO,[Main Loop] unknown: state=0 licks=0 bouts=0
2025-12-25 18:05:24.640,121856928,INFO,[Main Loop] unknown: state=1 licks=0 bouts=0
2025-12-25 18:05:25.920,121858208,INFO,[Main Loop] unknown: state=0 licks=0 bouts=0
2025-12-25 18:05:25.144,121858432,INFO,[Main Loop] unknown: state=1 licks=0 bouts=0
2025-12-25 18:05:25.208,121858528,INFO,[Main Loop] unknown: state=0 licks=1 bouts=0
2025-12-25 18:05:26.232,121859520,INFO,[Main Loop] unknown: state=0 licks=0 bouts=0
2025-12-25 18:05:30.976,121863264,INFO,[Main Loop] unknown: state=1 licks=0 bouts=0
2025-12-25 18:05:32.088,121865376,INFO,[Main Loop] unknown: state=0 licks=0 bouts=0
2025-12-25 18:05:36.672,121868960,INFO,[Main Loop] unknown: state=1 licks=0 bouts=0
2025-12-25 18:05:37.144,121870432,INFO,[Main Loop] unknown: state=0 licks=0 bouts=0
2025-12-25 18:05:40.184,121873472,INFO,[Main Loop] unknown: state=1 licks=0 bouts=0
2025-12-25 18:05:41.272,121874560,INFO,[Main Loop] unknown: state=0 licks=0 bouts=0
2025-12-25 18:05:45.696,121877984,INFO,[Main Loop] unknown: state=1 licks=0 bouts=0
2025-12-25 18:05:46.168,121879456,INFO,[Main Loop] unknown: state=0 licks=0 bouts=0
2025-12-25 18:05:47.296,121879584,INFO,[Main Loop] unknown: state=1 licks=0 bouts=0
2025-12-25 18:05:47.328,121879616,INFO,[Main Loop] unknown: state=0 licks=1 bouts=0
2025-12-25 18:05:48.352,121880640,INFO,[Main Loop] unknown: state=0 licks=0 bouts=0
2025-12-25 18:05:50.624,121882880,INFO,[Main Loop] unknown: state=1 licks=0 bouts=0
2025-12-25 18:05:51.872,121884160,INFO,[Main Loop] unknown: state=0 licks=0 bouts=0
2025-12-25 18:05:55.968,121888224,INFO,[Main Loop] unknown: state=1 licks=0 bouts=0
2025-12-25 18:05:57.504,121889792,INFO,[Main Loop] unknown: state=0 licks=0 bouts=0
2025-12-25 18:06:01.984,121894272,INFO,[Main Loop] unknown: state=1 licks=0 bouts=0
2025-12-25 18:06:03.392,121895680,INFO,[Main Loop] unknown: state=0 licks=0 bouts=0
2025-12-25 18:06:09.344,121901600,INFO,[Main Loop] unknown: state=1 licks=0 bouts=0
2025-12-25 18:06:10.592,121902848,INFO,[Main Loop] unknown: state=0 licks=0 bouts=0
2025-12-25 18:43:48.288,124160576,INFO,[Main Loop] unknown: state=1 licks=0 bouts=0
2025-12-25 18:43:49.088,124161408,INFO,[Main Loop] unknown: state=0 licks=0 bouts=0
2025-12-25 18:43:55.232,124167552,INFO,[Main Loop] unknown: state=1 licks=0 bouts=0
2025-12-25 18:43:56.640,124168928,INFO,[Main Loop] unknown: state=0 licks=0 bouts=0
2025-12-25 18:44:02.656,124174944,INFO,[Main Loop] unknown: state=1 licks=0 bouts=0
2025-12-25 18:44:03.000,124176256,INFO,[Main Loop] unknown: state=0 licks=0 bouts=0
2025-12-25 18:44:07.584,124179872,INFO,[Main Loop] unknown: state=1 licks=0 bouts=0
2025-12-25 18:44:08.608,124180896,INFO,[Main Loop] unknown: state=0 licks=0 bouts=0
2025-12-25 18:44:12.608,124184928,INFO,[Main Loop] unknown: state=1 licks=0 bouts=0
2025-12-25 18:44:13.632,124185920,INFO,[Main Loop] unknown: state=0 licks=0 bouts=0
2025-12-25 18:44:17.664,124189984,INFO,[Main Loop] unknown: state=1 licks=0 bouts=0
2025-12-25 18:44:19.168,124191456,INFO,[Main Loop] unknown: state=0 licks=0 bouts=0
2025-12-25 18:44:23.904,124196160,INFO,[Main Loop] unknown: state=1 licks=0 bouts=0
2025-12-25 18:44:25.184,124197472,INFO,[Main Loop] unknown: state=0 licks=0 bouts=0
2025-12-25 18:44:25.312,124197568,INFO,[Main Loop] unknown: state=1 licks=0 bouts=0
2025-12-25 18:44:25.408,124197664,INFO,[Main Loop] unknown: state=0 licks=1 bouts=0
2025-12-25 18:44:26.368,124198688,INFO,[Main Loop] unknown: state=0 licks=0 bouts=0
2025-12-25 18:44:29.216,124201504,INFO,[Main Loop] unknown: state=1 licks=0 bouts=0
2025-12-25 18:44:29.344,124201600,INFO,[Main Loop] unknown: state=0 licks=1 bouts=0
2025-12-25 18:44:29.440,124201728,INFO,[Main Loop] unknown: state=1 licks=1 bouts=0
2025-12-25 18:44:30.688,124202976,INFO,[Main Loop] unknown: state=0 licks=1 bouts=0
2025-12-25 18:44:31.680,124203968,INFO,[Main Loop] unknown: state=0 licks=0 bouts=0
2025-12-25 18:44:35.360,124207648,INFO,[Main Loop] unknown: state=1 licks=0 bouts=0
2025-12-25 18:44:36.960,124209248,INFO,[Main Loop] unknown: state=0 licks=0 bouts=0
2025-12-25 18:44:43.264,124215552,INFO,[Main Loop] unknown: state=1 licks=0 bouts=0
2025-12-25 18:44:44.768,124217056,INFO,[Main Loop] unknown: state=0 licks=0 bouts=0
2025-12-25 18:44:49.728,124222016,INFO,[Main Loop] unknown: state=1 licks=0 bouts=0
2025-12-25 18:44:51.040,124223328,INFO,[Main Loop] unknown: state=0 licks=0 bouts=0
2025-12-25 18:44:56.160,124228416,INFO,[Main Loop] unknown: state=1 licks=0 bouts=0
2025-12-25 18:44:57.568,124229888,INFO,[Main Loop] unknown: state=0 licks=0 bouts=0
2025-12-25 18:45:03.552,124235840,INFO,[Main Loop] unknown: state=1 licks=0 bouts=0
2025-12-25 18:45:05.088,124237376,INFO,[Main Loop] unknown: state=0 licks=0 bouts=0
2025-12-25 18:45:11.680,124243968,INFO,[Main Loop] unknown: state=1 licks=0 bouts=0
2025-12-25 18:45:13.088,124245376,INFO,[Main Loop] unknown: state=0 licks=0 bouts=0
2025-12-25 18:45:17.248,124249504,INFO,[Main Loop] unknown: state=1 licks=0 bouts=0
2025-12-25 18:45:18.720,124250976,INFO,[Main Loop] unknown: state=0 licks=0 bouts=0
2025-12-25 18:45:23.000,124256288,INFO,[Main Loop] unknown: state=1 licks=0 bouts=0
2025-12-25 18:45:25.888,124258176,INFO,[Main Loop] unknown: state=0 licks=0 bouts=0
2025-12-25 18:55:00.928,124833216,INFO,[Main Loop] unknown: state=1 licks=0 bouts=0
2025-12-25 18:55:01.536,124833824,INFO,[Main Loop] unknown: state=0 licks=0 bouts=0
2025-12-25 18:55:01.600,124833888,INFO,[Main Loop] unknown: state=1 licks=0 bouts=0
2025-12-25 18:55:02.464,124834752,INFO,[Main Loop] unknown: state=0 licks=0 bouts=0
2025-12-25 18:55:07.456,124839744,INFO,[Main Loop] unknown: state=1 licks=0 bouts=0
2025-12-25 18:55:07.968,124840256,INFO,[Main Loop] unknown: state=0 licks=0 bouts=0
2025-12-25 18:55:08.064,124840352,INFO,[Main Loop] unknown: state=1 licks=0 bouts=0
2025-12-25 18:55:08.160,124840416,INFO,[Main Loop] unknown: state=0 licks=1 bouts=0
2025-12-25 18:55:08.192,124840480,INFO,[Main Loop] unknown: state=1 licks=1 bouts=0
2025-12-25 18:55:08.800,124841120,INFO,[Main Loop] unknown: state=0 licks=1 bouts=0
2025-12-25 18:55:09.824,124842112,INFO,[Main Loop] unknown: state=0 licks=0 bouts=0
2025-12-25 18:55:13.024,124845344,INFO,[Main Loop] unknown: state=1 licks=0 bouts=0
2025-12-25 18:55:14.016,124846336,INFO,[Main Loop] unknown: state=0 licks=0 bouts=0
2025-12-25 18:55:17.536,124849824,INFO,[Main Loop] unknown: state=1 licks=0 bouts=0
2025-12-25 18:55:18.496,124850784,INFO,[Main Loop] unknown: state=0 licks=0 bouts=0
2025-12-25 18:55:26.048,124858336,INFO,[Main Loop] unknown: state=1 licks=0 bouts=0
2025-12-25 18:55:27.296,124859616,INFO,[Main Loop] unknown: state=0 licks=0 bouts=0
2025-12-25 18:55:30.848,124863136,INFO,[Main Loop] unknown: state=1 licks=0 bouts=0
2025-12-25 18:55:31.968,124864224,INFO,[Main Loop] unknown: state=0 licks=0 bouts=0
2025-12-25 18:55:35.424,124867712,INFO,[Main Loop] unknown: state=1 licks=0 bouts=0
2025-12-25 18:55:36.640,124868928,INFO,[Main Loop] unknown: state=0 licks=0 bouts=0
2025-12-25 18:55:40.544,124872832,INFO,[Main Loop] unknown: state=1 licks=0 bouts=0
2025-12-25 18:55:41.728,124874016,INFO,[Main Loop] unknown: state=0 licks=0 bouts=0
2025-12-25 18:55:45.408,124877664,INFO,[Main Loop] unknown: state=1 licks=0 bouts=0
2025-12-25 18:55:47.328,124879616,INFO,[Main Loop] unknown: state=0 licks=0 bouts=0
2025-12-25 18:55:51.488,124883776,INFO,[Main Loop] unknown: state=1 licks=0 bouts=0
2025-12-25 18:55:53.312,124885568,INFO,[Main Loop] unknown: state=0 licks=0 bouts=0
2025-12-25 18:55:58.144,124890432,INFO,[Main Loop] unknown: state=1 licks=0 bouts=0
2025-12-25 18:55:59.424,124891744,INFO,[Main Loop] unknown: state=0 licks=0 bouts=0
2025-12-25 18:55:59.520,124891808,INFO,[Main Loop] unknown: state=1 licks=0 bouts=0
2025-12-25 18:55:59.616,124891904,INFO,[Main Loop] unknown: state=0 licks=1 bouts=0
2025-12-25 18:56:00.640,124892928,INFO,[Main Loop] unknown: state=0 licks=0 bouts=0
2025-12-25 18:56:05.504,124897760,INFO,[Main Loop] unknown: state=1 licks=0 bouts=0
2025-12-25 18:56:07.136,124899424,INFO,[Main Loop] unknown: state=0 licks=0 bouts=0
2025-12-25 18:56:11.296,124903584,INFO,[Main Loop] unknown: state=1 licks=0 bouts=0
2025-12-25 18:56:12.928,124905248,INFO,[Main Loop] unknown: state=0 licks=0 bouts=0
2025-12-25 18:56:16.480,124908768,INFO,[Main Loop] unknown: state=1 licks=0 bouts=0
2025-12-25 18:56:18.144,124910432,INFO,[Main Loop] unknown: state=0 licks=0 bouts=0
2025-12-25 18:56:21.664,124913952,INFO,[Main Loop] unknown: state=1 licks=0 bouts=0
2025-12-25 18:56:22.912,124915200,INFO,[Main Loop] unknown: state=0 licks=0 bouts=0
2025-12-25 19:58:20.648,128631936,INFO,[Main Loop] unknown: state=1 licks=0 bouts=0
2025-12-25 19:58:20.840,128632128,INFO,[Main Loop] unknown: state=0 licks=1 bouts=0
2025-12-25 19:58:20.160,128632448,INFO,[Main Loop] unknown: state=1 licks=1 bouts=0
2025-12-25 19:58:21.152,128633440,INFO,[Main Loop] unknown: state=0 licks=1 bouts=0
2025-12-25 19:58:22.208,128634496,INFO,[Main Loop] unknown: state=0 licks=0 bouts=0
2025-12-25 19:58:26.592,128638848,INFO,[Main Loop] unknown: state=1 licks=0 bouts=0
2025-12-25 19:58:27.424,128639712,INFO,[Main Loop] unknown: state=0 licks=0 bouts=0
2025-12-25 19:58:31.136,128643424,INFO,[Main Loop] unknown: state=1 licks=0 bouts=0
2025-12-25 19:58:32.160,128644448,INFO,[Main Loop] unknown: state=0 licks=0 bouts=0
2025-12-25 19:58:36.616,128647904,INFO,[Main Loop] unknown: state=1 licks=0 bouts=0
2025-12-25 19:58:36.160,128648448,INFO,[Main Loop] unknown: state=0 licks=0 bouts=0
2025-12-25 19:58:36.224,128648512,INFO,[Main Loop] unknown: state=1 licks=0 bouts=0
2025-12-25 19:58:37.832,128649152,INFO,[Main Loop] unknown: state=0 licks=0 bouts=0
2025-12-25 19:58:42.240,128654528,INFO,[Main Loop] unknown: state=1 licks=0 bouts=0
2025-12-25 19:58:42.528,128654816,INFO,[Main Loop] unknown: state=0 licks=0 bouts=0
2025-12-25 19:58:43.656,128654912,INFO,[Main Loop] unknown: state=1 licks=0 bouts=0
2025-12-25 19:58:44.224,128656512,INFO,[Main Loop] unknown: state=0 licks=0 bouts=0
2025-12-25 19:58:49.960,128661248,INFO,[Main Loop] unknown: state=1 licks=0 bouts=0
2025-12-25 19:58:50.016,128662304,INFO,[Main Loop] unknown: state=0 licks=0 bouts=0
2025-12-26 20:10:04.776,215728128,INFO,[Main Loop] unknown: state=1 licks=0 bouts=0
2025-12-26 20:10:05.184,215729472,INFO,[Main Loop] unknown: state=0 licks=0 bouts=0
2025-12-26 20:10:11.008,215735296,INFO,[Main Loop] unknown: state=1 licks=0 bouts=0
2025-12-26 20:10:12.904,215736256,INFO,[Main Loop] unknown: state=0 licks=0 bouts=0
2025-12-26 20:10:16.936,215740224,INFO,[Main Loop] unknown: state=1 licks=0 bouts=0
2025-12-26 20:10:17.152,215741504,INFO,[Main Loop] unknown: state=0 licks=0 bouts=0
2025-12-26 20:10:21.800,215745088,INFO,[Main Loop] unknown: state=1 licks=0 bouts=0
2025-12-26 20:10:21.864,215745152,INFO,[Main Loop] unknown: state=0 licks=1 bouts=0
2025-12-26 20:10:21.992,215745280,INFO,[Main Loop] unknown: state=1 licks=1 bouts=0
2025-12-26 20:10:22.952,215746304,INFO,[Main Loop] unknown: state=0 licks=1 bouts=0
2025-12-26 20:10:23.040,215747328,INFO,[Main Loop] unknown: state=0 licks=0 bouts=0
2025-12-26 20:10:27.880,215751168,INFO,[Main Loop] unknown: state=1 licks=0 bouts=0
2025-12-26 20:10:27.008,215751296,INFO,[Main Loop] unknown: state=0 licks=1 bouts=0
2025-12-26 20:10:27.072,215751424,INFO,[Main Loop] unknown: state=1 licks=1 bouts=0
2025-12-26 20:10:28.968,215752320,INFO,[Main Loop] unknown: state=0 licks=1 bouts=0
2025-12-26 20:10:29.056,215753344,INFO,[Main Loop] unknown: state=0 licks=0 bouts=0
2025-12-26 20:10:32.000,215756288,INFO,[Main Loop] unknown: state=1 licks=0 bouts=0
2025-12-26 20:10:32.128,215756416,INFO,[Main Loop] unknown: state=0 licks=1 bouts=0
2025-12-26 20:10:33.384,215756736,INFO,[Main Loop] unknown: state=1 licks=1 bouts=0
2025-12-26 20:10:34.472,215757760,INFO,[Main Loop] unknown: state=0 licks=1 bouts=0
2025-12-26 20:10:35.496,215758784,INFO,[Main Loop] unknown: state=0 licks=0 bouts=0
2025-12-26 20:10:37.312,215761600,INFO,[Main Loop] unknown: state=1 licks=0 bouts=0
2025-12-26 20:10:38.440,215761728,INFO,[Main Loop] unknown: state=0 licks=1 bouts=0
2025-12-26 20:10:38.568,215761856,INFO,[Main Loop] unknown: state=1 licks=1 bouts=0
2025-12-26 20:10:39.464,215762816,INFO,[Main Loop] unknown: state=0 licks=1 bouts=0
2025-12-26 20:10:39.656,215763008,INFO,[Main Loop] unknown: state=1 licks=1 bouts=0
2025-12-26 20:10:39.784,215763072,INFO,[Main Loop] unknown: state=0 licks=2 bouts=0
2025-12-26 20:10:40.808,215764096,INFO,[Main Loop] unknown: state=0 licks=0 bouts=0
2025-12-26 20:10:43.816,215767104,INFO,[Main Loop] unknown: state=1 licks=0 bouts=0
2025-12-26 20:10:44.712,215768064,INFO,[Main Loop] unknown: state=0 licks=0 bouts=0
2025-12-26 20:10:48.808,215772096,INFO,[Main Loop] unknown: state=1 licks=0 bouts=0
2025-12-26 20:10:49.640,215772992,INFO,[Main Loop] unknown: state=0 licks=0 bouts=0
2025-12-26 20:10:52.352,215776640,INFO,[Main Loop] unknown: state=1 licks=0 bouts=0
2025-12-26 20:10:53.312,215777600,INFO,[Main Loop] unknown: state=0 licks=0 bouts=0
2025-12-26 20:10:54.504,215777792,INFO,[Main Loop] unknown: state=1 licks=0 bouts=0
2025-12-26 20:10:54.568,215777856,INFO,[Main Loop] unknown: state=0 licks=1 bouts=0
2025-12-26 20:10:55.528,215778880,INFO,[Main Loop] unknown: state=0 licks=0 bouts=0
2025-12-26 20:10:57.088,215781440,INFO,[Main Loop] unknown: state=1 licks=0 bouts=0
2025-12-26 20:10:58.240,215782528,INFO,[Main Loop] unknown: state=0 licks=0 bouts=0
2025-12-26 20:11:02.336,215786688,INFO,[Main Loop] unknown: state=1 licks=0 bouts=0
2025-12-26 20:11:04.552,215787840,INFO,[Main Loop] unknown: state=0 licks=0 bouts=0
2025-12-26 20:11:04.616,215787904,INFO,[Main Loop] unknown: state=1 licks=0 bouts=0
2025-12-26 20:11:04.680,215787968,INFO,[Main Loop] unknown: state=0 licks=1 bouts=0
2025-12-26 20:11:05.640,215788992,INFO,[Main Loop] unknown: state=0 licks=0 bouts=0
2025-12-26 20:11:08.776,215792128,INFO,[Main Loop] unknown: state=1 licks=0 bouts=0
2025-12-26 20:11:09.800,215793088,INFO,[Main Loop] unknown: state=0 licks=0 bouts=0
2025-12-26 20:11:13.704,215797056,INFO,[Main Loop] unknown: state=1 licks=0 bouts=0
2025-12-26 20:11:14.792,215798080,INFO,[Main Loop] unknown: state=0 licks=0 bouts=0
2025-12-27 04:25:39.512,245460864,INFO,[Main Loop] unknown: state=1 licks=0 bouts=0
2025-12-27 04:25:41.856,245462144,INFO,[Main Loop] unknown: state=0 licks=0 bouts=0
2025-12-27 04:25:47.872,245468160,INFO,[Main Loop] unknown: state=1 licks=0 bouts=0
2025-12-27 04:25:48.024,245469376,INFO,[Main Loop] unknown: state=0 licks=0 bouts=0
2025-12-27 04:25:55.872,245476160,INFO,[Main Loop] unknown: state=1 licks=0 bouts=0
2025-12-27 04:25:56.024,245477376,INFO,[Main Loop] unknown: state=0 licks=0 bouts=0
2025-12-27 04:36:53.496,246134784,INFO,[Main Loop] unknown: state=1 licks=0 bouts=0
2025-12-27 04:36:55.904,246136256,INFO,[Main Loop] unknown: state=0 licks=0 bouts=0
2025-12-27 04:37:02.560,246142848,INFO,[Main Loop] unknown: state=1 licks=0 bouts=0
2025-12-27 04:37:02.008,246143296,INFO,[Main Loop] unknown: state=0 licks=0 bouts=0
2025-12-27 04:37:02.072,246143424,INFO,[Main Loop] unknown: state=1 licks=0 bouts=0
2025-12-27 04:37:03.224,246144512,INFO,[Main Loop] unknown: state=0 licks=0 bouts=0
2025-12-27 04:37:11.712,246152064,INFO,[Main Loop] unknown: state=1 licks=0 bouts=0
2025-12-27 04:37:12.056,246153344,INFO,[Main Loop] unknown: state=0 licks=0 bouts=0
2025-12-27 04:37:19.648,246160000,INFO,[Main Loop] unknown: state=1 licks=0 bouts=0
2025-12-27 04:37:20.864,246161152,INFO,[Main Loop] unknown: state=0 licks=0 bouts=0
2025-12-27 04:37:26.136,246167488,INFO,[Main Loop] unknown: state=1 licks=0 bouts=0
2025-12-27 04:37:27.480,246168768,INFO,[Main Loop] unknown: state=0 licks=0 bouts=0
2025-12-27 04:37:33.792,246174080,INFO,[Main Loop] unknown: state=1 licks=0 bouts=0
2025-12-27 04:37:34.008,246175296,INFO,[Main Loop] unknown: state=0 licks=0 bouts=0
2025-12-27 04:37:39.384,246180736,INFO,[Main Loop] unknown: state=1 licks=0 bouts=0
2025-12-27 04:37:41.304,246182592,INFO,[Main Loop] unknown: state=0 licks=0 bouts=0
2025-12-27 08:38:44.424,260643712,INFO,[Main Loop] unknown: state=1 licks=0 bouts=0
2025-12-27 08:38:46.920,260646208,INFO,[Main Loop] unknown: state=0 licks=0 bouts=0
2025-12-27 08:38:53.576,260652928,INFO,[Main Loop] unknown: state=1 licks=0 bouts=0
2025-12-27 08:38:54.048,260654336,INFO,[Main Loop] unknown: state=0 licks=0 bouts=0
2025-12-27 08:39:01.256,260660544,INFO,[Main Loop] unknown: state=1 licks=0 bouts=0
2025-12-27 08:39:02.048,260662336,INFO,[Main Loop] unknown: state=0 licks=0 bouts=0
2025-12-27 08:39:08.296,260667584,INFO,[Main Loop] unknown: state=1 licks=0 bouts=0
2025-12-27 08:39:09.448,260668800,INFO,[Main Loop] unknown: state=0 licks=0 bouts=0
2025-12-27 08:39:16.232,260675520,INFO,[Main Loop] unknown: state=1 licks=0 bouts=0
2025-12-27 08:39:18.536,260677824,INFO,[Main Loop] unknown: state=0 licks=0 bouts=0
2025-12-27 08:39:26.920,260686208,INFO,[Main Loop] unknown: state=1 licks=0 bouts=0
2025-12-27 08:39:28.904,260688256,INFO,[Main Loop] unknown: state=0 licks=0 bouts=0
2025-12-27 08:39:33.576,260692928,INFO,[Main Loop] unknown: state=1 licks=0 bouts=0
2025-12-27 08:39:34.048,260694336,INFO,[Main Loop] unknown: state=0 licks=0 bouts=0
2025-12-27 08:39:38.632,260697984,INFO,[Main Loop] unknown: state=1 licks=0 bouts=0
2025-12-27 08:39:40.168,260699456,INFO,[Main Loop] unknown: state=0 licks=0 bouts=0
2025-12-27 08:39:45.800,260705088,INFO,[Main Loop] unknown: state=1 licks=0 bouts=0
2025-12-27 08:39:47.336,260706688,INFO,[Main Loop] unknown: state=0 licks=0 bouts=0
2025-12-27 08:39:52.264,260711616,INFO,[Main Loop] unknown: state=1 licks=0 bouts=0
2025-12-27 08:39:53.544,260712832,INFO,[Main Loop] unknown: state=0 licks=0 bouts=0
2025-12-27 08:40:04.232,260723520,INFO,[Main Loop] unknown: state=1 licks=0 bouts=0
2025-12-27 08:40:05.024,260725376,INFO,[Main Loop] unknown: state=0 licks=0 bouts=0
2025-12-27 08:40:12.872,260732160,INFO,[Main Loop] unknown: state=1 licks=0 bouts=0
2025-12-27 08:40:14.408,260733696,INFO,[Main Loop] unknown: state=0 licks=0 bouts=0
2025-12-27 08:40:19.976,260739264,INFO,[Main Loop] unknown: state=1 licks=0 bouts=0
2025-12-27 08:40:21.320,260740672,INFO,[Main Loop] unknown: state=0 licks=0 bouts=0
2025-12-27 08:40:26.952,260746304,INFO,[Main Loop] unknown: state=1 licks=0 bouts=0
2025-12-27 08:40:28.488,260747776,INFO,[Main Loop] unknown: state=0 licks=0 bouts=0
2025-12-27 08:40:35.272,260754624,INFO,[Main Loop] unknown: state=1 licks=0 bouts=0
2025-12-27 08:40:35.336,260754688,INFO,[Main Loop] unknown: state=0 licks=1 bouts=0
2025-12-27 08:40:35.400,260754752,INFO,[Main Loop] unknown: state=1 licks=1 bouts=0
2025-12-27 08:40:36.744,260756032,INFO,[Main Loop] unknown: state=0 licks=1 bouts=0
2025-12-27 08:40:37.704,260757056,INFO,[Main Loop] unknown: state=0 licks=0 bouts=0
2025-12-27 08:40:41.544,260760832,INFO,[Main Loop] unknown: state=1 licks=0 bouts=0
2025-12-27 08:40:42.760,260762112,INFO,[Main Loop] unknown: state=0 licks=0 bouts=0
2025-12-27 08:40:49.544,260768832,INFO,[Main Loop] unknown: state=1 licks=0 bouts=0
2025-12-27 08:40:50.080,260770432,INFO,[Main Loop] unknown: state=0 licks=0 bouts=0
2025-12-27 08:40:56.520,260775872,INFO,[Main Loop] unknown: state=1 licks=0 bouts=0
2025-12-27 08:40:57.928,260777216,INFO,[Main Loop] unknown: state=0 licks=0 bouts=0
2025-12-27 08:41:04.584,260783936,INFO,[Main Loop] unknown: state=1 licks=0 bouts=0
2025-12-27 08:41:05.800,260785088,INFO,[Main Loop] unknown: state=0 licks=0 bouts=0
2025-12-27 08:41:11.688,260790976,INFO,[Main Loop] unknown: state=1 licks=0 bouts=0
2025-12-27 08:41:11.816,260791104,INFO,[Main Loop] unknown: state=0 licks=1 bouts=0
2025-12-27 08:41:11.880,260791168,INFO,[Main Loop] unknown: state=1 licks=1 bouts=0
2025-12-27 08:41:12.096,260792384,INFO,[Main Loop] unknown: state=0 licks=1 bouts=0
2025-12-27 08:41:13.120,260793408,INFO,[Main Loop] unknown: state=0 licks=0 bouts=0
2025-12-27 08:41:18.664,260797952,INFO,[Main Loop] unknown: state=1 licks=0 bouts=0
2025-12-27 08:41:19.008,260799360,INFO,[Main Loop] unknown: state=0 licks=0 bouts=0
2025-12-27 08:41:24.616,260803904,INFO,[Main Loop] unknown: state=1 licks=0 bouts=0
2025-12-27 08:41:26.408,260805696,INFO,[Main Loop] unknown: state=0 licks=0 bouts=0
2025-12-27 15:15:27.936,284444288,INFO,[Main Loop] unknown: state=1 licks=0 bouts=0
2025-12-27 15:15:28.088,284445440,INFO,[Main Loop] unknown: state=0 licks=0 bouts=0
2025-12-27 15:15:33.720,284451072,INFO,[Main Loop] unknown: state=1 licks=0 bouts=0
2025-12-27 15:15:34.616,284451968,INFO,[Main Loop] unknown: state=0 licks=0 bouts=0
2025-12-27 15:15:39.608,284456960,INFO,[Main Loop] unknown: state=1 licks=0 bouts=0
2025-12-27 15:15:40.632,284457984,INFO,[Main Loop] unknown: state=0 licks=0 bouts=0
2025-12-27 15:15:45.496,284462848,INFO,[Main Loop] unknown: state=1 licks=0 bouts=0
2025-12-27 15:15:46.520,284464000,INFO,[Main Loop] unknown: state=0 licks=0 bouts=0
2025-12-27 15:15:52.768,284469248,INFO,[Main Loop] unknown: state=1 licks=0 bouts=0
2025-12-27 15:15:52.536,284470016,INFO,[Main Loop] unknown: state=0 licks=0 bouts=0
2025-12-27 15:15:57.016,284474496,INFO,[Main Loop] unknown: state=1 licks=0 bouts=0
2025-12-27 15:15:57.144,284474624,INFO,[Main Loop] unknown: state=0 licks=1 bouts=0
2025-12-27 15:15:57.272,284474752,INFO,[Main Loop] unknown: state=1 licks=1 bouts=0
2025-12-27 15:15:58.040,284475392,INFO,[Main Loop] unknown: state=0 licks=1 bouts=0
2025-12-27 15:15:59.064,284476416,INFO,[Main Loop] unknown: state=0 licks=0 bouts=0
2025-12-27 15:16:07.640,284484992,INFO,[Main Loop] unknown: state=1 licks=0 bouts=0
2025-12-27 15:16:09.792,284486144,INFO,[Main Loop] unknown: state=0 licks=0 bouts=0
2025-12-27 15:16:13.272,284490752,INFO,[Main Loop] unknown: state=1 licks=0 bouts=0
2025-12-27 15:16:14.424,284491776,INFO,[Main Loop] unknown: state=0 licks=0 bouts=0
2025-12-27 15:16:19.904,284496384,INFO,[Main Loop] unknown: state=1 licks=0 bouts=0
2025-12-27 15:16:20.928,284497280,INFO,[Main Loop] unknown: state=0 licks=0 bouts=0
2025-12-27 15:16:26.816,284503168,INFO,[Main Loop] unknown: state=1 licks=0 bouts=0
2025-12-27 15:16:27.096,284504448,INFO,[Main Loop] unknown: state=0 licks=0 bouts=0
2025-12-27 15:16:31.808,284508160,INFO,[Main Loop] unknown: state=1 licks=0 bouts=0
2025-12-27 15:16:31.936,284508288,INFO,[Main Loop] unknown: state=0 licks=1 bouts=0
2025-12-27 15:16:31.192,284508544,INFO,[Main Loop] unknown: state=1 licks=1 bouts=0
2025-12-27 15:16:31.320,284508672,INFO,[Main Loop] unknown: state=0 licks=2 bouts=0
2025-12-27 15:16:31.448,284508800,INFO,[Main Loop] unknown: state=1 licks=2 bouts=0
2025-12-27 15:16:32.088,284509440,INFO,[Main Loop] unknown: state=0 licks=2 bouts=0
2025-12-27 15:16:33.112,284510464,INFO,[Main Loop] unknown: state=0 licks=0 bouts=0
2025-12-27 18:03:01.056,294497408,INFO,[Main Loop] unknown: state=1 licks=0 bouts=0
2025-12-27 18:03:01.312,294497664,INFO,[Main Loop] unknown: state=0 licks=0 bouts=0
2025-12-27 18:03:01.440,294497792,INFO,[Main Loop] unknown: state=1 licks=0 bouts=0
2025-12-27 18:03:02.464,294498816,INFO,[Main Loop] unknown: state=0 licks=0 bouts=0
2025-12-27 18:03:02.720,294499072,INFO,[Main Loop] unknown: state=1 licks=0 bouts=0
2025-12-27 18:03:02.848,294499200,INFO,[Main Loop] unknown: state=0 licks=1 bouts=0
2025-12-27 18:03:03.872,294500224,INFO,[Main Loop] unknown: state=0 licks=0 bouts=0
2025-12-27 18:03:07.200,294503552,INFO,[Main Loop] unknown: state=1 licks=0 bouts=0
2025-12-27 18:03:08.096,294504448,INFO,[Main Loop] unknown: state=0 licks=0 bouts=0
2025-12-27 18:03:12.832,294509184,INFO,[Main Loop] unknown: state=1 licks=0 bouts=0
2025-12-27 18:03:13.856,294510208,INFO,[Main Loop] unknown: state=0 licks=0 bouts=0
2025-12-27 18:03:17.568,294513920,INFO,[Main Loop] unknown: state=1 licks=0 bouts=0
2025-12-27 18:03:17.696,294514048,INFO,[Main Loop] unknown: state=0 licks=1 bouts=0
2025-12-27 18:03:17.824,294514176,INFO,[Main Loop] unknown: state=1 licks=1 bouts=0
2025-12-27 18:03:18.592,294514944,INFO,[Main Loop] unknown: state=0 licks=1 bouts=0
2025-12-27 18:03:19.488,294515840,INFO,[Main Loop] unknown: state=0 licks=0 bouts=0
2025-12-27 18:03:22.176,294518528,INFO,[Main Loop] unknown: state=1 licks=0 bouts=0
2025-12-27 18:03:23.072,294519424,INFO,[Main Loop] unknown: state=0 licks=0 bouts=0
2025-12-27 18:03:28.448,294524800,INFO,[Main Loop] unknown: state=1 licks=0 bouts=0
2025-12-27 18:03:29.728,294526080,INFO,[Main Loop] unknown: state=0 licks=0 bouts=0
2025-12-27 18:03:33.184,294529536,INFO,[Main Loop] unknown: state=1 licks=0 bouts=0
2025-12-27 18:03:34.720,294531072,INFO,[Main Loop] unknown: state=0 licks=0 bouts=0
2025-12-27 18:03:38.432,294534784,INFO,[Main Loop] unknown: state=1 licks=0 bouts=0
2025-12-27 18:03:39.328,294535680,INFO,[Main Loop] unknown: state=0 licks=0 bouts=0
2025-12-27 18:03:44.064,294540416,INFO,[Main Loop] unknown: state=1 licks=0 bouts=0
2025-12-27 18:03:45.088,294541440,INFO,[Main Loop] unknown: state=0 licks=0 bouts=0
2025-12-27 18:06:29.184,294705536,INFO,[Main Loop] unknown: state=1 licks=0 bouts=0
2025-12-27 18:06:30.464,294706816,INFO,[Main Loop] unknown: state=0 licks=0 bouts=0
2025-12-27 18:06:34.432,294710784,INFO,[Main Loop] unknown: state=1 licks=0 bouts=0
2025-12-27 18:06:35.584,294711936,INFO,[Main Loop] unknown: state=0 licks=0 bouts=0
2025-12-27 18:06:39.424,294715776,INFO,[Main Loop] unknown: state=1 licks=0 bouts=0
2025-12-27 18:06:40.320,294716672,INFO,[Main Loop] unknown: state=0 licks=0 bouts=0
2025-12-27 18:06:44.416,294720768,INFO,[Main Loop] unknown: state=1 licks=0 bouts=0
2025-12-27 18:06:45.056,294721408,INFO,[Main Loop] unknown: state=0 licks=0 bouts=0
2025-12-27 18:06:49.024,294725504,INFO,[Main Loop] unknown: state=1 licks=0 bouts=0
2025-12-27 18:06:50.920,294726272,INFO,[Main Loop] unknown: state=0 licks=0 bouts=0
2025-12-27 18:06:54.528,294731008,INFO,[Main Loop] unknown: state=1 licks=0 bouts=0
2025-12-27 18:06:55.296,294731648,INFO,[Main Loop] unknown: state=0 licks=0 bouts=0
2025-12-27 18:06:55.424,294731776,INFO,[Main Loop] unknown: state=1 licks=0 bouts=0
2025-12-27 18:06:55.552,294731904,INFO,[Main Loop] unknown: state=0 licks=1 bouts=0
2025-12-27 18:06:56.576,294732928,INFO,[Main Loop] unknown: state=0 licks=0 bouts=0
2025-12-27 18:06:59.648,294736128,INFO,[Main Loop] unknown: state=1 licks=0 bouts=0
2025-12-27 18:06:59.776,294736256,INFO,[Main Loop] unknown: state=0 licks=1 bouts=0
2025-12-27 18:07:00.904,294736384,INFO,[Main Loop] unknown: state=1 licks=1 bouts=0
2025-12-27 18:07:01.056,294737408,INFO,[Main Loop] unknown: state=0 licks=1 bouts=0
2025-12-27 18:07:02.080,294738432,INFO,[Main Loop] unknown: state=0 licks=0 bouts=0
2025-12-27 18:07:06.176,294742528,INFO,[Main Loop] unknown: state=1 licks=0 bouts=0
2025-12-27 18:07:07.072,294743424,INFO,[Main Loop] unknown: state=0 licks=0 bouts=0
2025-12-27 18:07:11.040,294747392,INFO,[Main Loop] unknown: state=1 licks=0 bouts=0
2025-12-27 18:07:12.064,294748416,INFO,[Main Loop] unknown: state=0 licks=0 bouts=0
2025-12-27 20:11:30.984,302206336,INFO,[Main Loop] Cat switched unknown   -> Handsome  
2025-12-27 20:11:30.984,302206336,INFO,[Main Loop] Handsome: state=0 licks=0 bouts=0
2025-12-27 20:11:32.776,302208256,INFO,[Main Loop] Cat switched Handsome  -> unknown   
2025-12-27 20:11:32.776,302208256,INFO,[Main Loop] unknown: state=0 licks=0 bouts=0
2025-12-27 20:11:33.288,302208640,INFO,[Main Loop] Cat switched unknown   -> Handsome  
2025-12-27 20:11:33.288,302208768,INFO,[Main Loop] Handsome: state=0 licks=0 bouts=0
2025-12-27 20:11:34.312,302209664,INFO,[Main Loop] Cat switched Handsome  -> unknown   
2025-12-27 20:11:34.312,302209664,INFO,[Main Loop] unknown: state=0 licks=0 bouts=0
2025-12-27 20:11:35.976,302211328,INFO,[Main Loop] unknown: state=1 licks=0 bouts=0
2025-12-27 20:11:36.744,302212096,INFO,[Main Loop] unknown: state=0 licks=0 bouts=0
2025-12-27 20:11:43.040,302219392,INFO,[Main Loop] unknown: state=1 licks=0 bouts=0
2025-12-27 20:11:44.936,302220288,INFO,[Main Loop] unknown: state=0 licks=0 bouts=0
2025-12-27 20:11:49.672,302225024,INFO,[Main Loop] unknown: state=1 licks=0 bouts=0
2025-12-27 20:11:50.568,302225920,INFO,[Main Loop] unknown: state=0 licks=0 bouts=0
2025-12-27 20:11:55.304,302230656,INFO,[Main Loop] unknown: state=1 licks=0 bouts=0
2025-12-27 20:11:56.584,302231936,INFO,[Main Loop] unknown: state=0 licks=0 bouts=0
2025-12-27 20:12:00.680,302236032,INFO,[Main Loop] unknown: state=1 licks=0 bouts=0
2025-12-27 20:12:00.936,302236288,INFO,[Main Loop] unknown: state=0 licks=0 bouts=0
2025-12-27 20:12:00.064,302236416,INFO,[Main Loop] unknown: state=1 licks=0 bouts=0
2025-12-27 20:12:01.960,302237312,INFO,[Main Loop] unknown: state=0 licks=0 bouts=0
2025-12-27 20:12:05.416,302240768,INFO,[Main Loop] unknown: state=1 licks=0 bouts=0
2025-12-27 20:12:06.312,302241664,INFO,[Main Loop] unknown: state=0 licks=0 bouts=0
2025-12-27 20:12:10.920,302246272,INFO,[Main Loop] unknown: state=1 licks=0 bouts=0
2025-12-27 20:12:11.688,302247040,INFO,[Main Loop] unknown: state=0 licks=0 bouts=0
2025-12-27 20:12:16.168,302251520,INFO,[Main Loop] unknown: state=1 licks=0 bouts=0
2025-12-27 20:12:17.448,302252800,INFO,[Main Loop] unknown: state=0 licks=0 bouts=0
2025-12-27 20:12:21.672,302257024,INFO,[Main Loop] unknown: state=1 licks=0 bouts=0
2025-12-27 20:12:21.800,302257152,INFO,[Main Loop] unknown: state=0 licks=1 bouts=0
2025-12-27 20:12:21.056,302257408,INFO,[Main Loop] unknown: state=1 licks=1 bouts=0
2025-12-27 20:12:22.080,302258432,INFO,[Main Loop] unknown: state=0 licks=1 bouts=0
2025-12-27 20:12:23.104,302259456,INFO,[Main Loop] unknown: state=0 licks=0 bouts=0
2025-12-27 20:12:27.560,302262912,INFO,[Main Loop] unknown: state=1 licks=0 bouts=0
2025-12-27 20:12:28.584,302263936,INFO,[Main Loop] unknown: state=0 licks=0 bouts=0
2025-12-27 20:12:32.680,302268032,INFO,[Main Loop] unknown: state=1 licks=0 bouts=0
2025-12-27 20:12:32.808,302268160,INFO,[Main Loop] unknown: state=0 licks=1 bouts=0
2025-12-27 20:12:32.936,302268288,INFO,[Main Loop] unknown: state=1 licks=1 bouts=0
2025-12-27 20:12:33.192,302268544,INFO,[Main Loop] unknown: state=0 licks=1 bouts=0
2025-12-27 20:12:33.320,302268672,INFO,[Main Loop] unknown: state=1 licks=1 bouts=0
2025-12-27 20:12:33.448,302268800,INFO,[Main Loop] unknown: state=0 licks=2 bouts=0
2025-12-27 20:12:33.576,302268928,INFO,[Main Loop] unknown: state=1 licks=2 bouts=0
2025-12-27 20:12:33.704,302269056,INFO,[Main Loop] unknown: state=0 licks=3 bouts=0
2025-12-27 20:12:34.728,302270080,INFO,[Main Loop] unknown: state=0 licks=0 bouts=1
2025-12-27 20:12:37.672,302273024,INFO,[Main Loop] unknown: state=1 licks=0 bouts=1
2025-12-27 20:12:38.440,302273792,INFO,[Main Loop] unknown: state=0 licks=0 bouts=1
2025-12-27 20:12:42.048,302278400,INFO,[Main Loop] unknown: state=1 licks=0 bouts=1
2025-12-27 20:12:43.816,302279168,INFO,[Main Loop] unknown: state=0 licks=0 bouts=1
2025-12-27 20:12:48.936,302284288,INFO,[Main Loop] unknown: state=1 licks=0 bouts=1
2025-12-27 20:12:49.832,302285184,INFO,[Main Loop] unknown: state=0 licks=0 bouts=1
2025-12-27 20:12:55.976,302291328,INFO,[Main Loop] unknown: state=1 licks=0 bouts=1
2025-12-27 20:12:56.872,302292224,INFO,[Main Loop] unknown: state=0 licks=0 bouts=1
2025-12-27 20:13:02.504,302297856,INFO,[Main Loop] unknown: state=1 licks=0 bouts=1
2025-12-27 20:13:03.400,302298880,INFO,[Main Loop] unknown: state=0 licks=0 bouts=1
2025-12-27 20:13:07.752,302303104,INFO,[Main Loop] unknown: state=1 licks=0 bouts=1
2025-12-27 20:13:08.520,302304000,INFO,[Main Loop] unknown: state=0 licks=0 bouts=1
2025-12-27 20:13:08.648,302304128,INFO,[Main Loop] unknown: state=1 licks=0 bouts=1
2025-12-27 20:13:08.776,302304256,INFO,[Main Loop] unknown: state=0 licks=1 bouts=1
2025-12-27 20:13:09.928,302305280,INFO,[Main Loop] unknown: state=0 licks=0 bouts=1
2025-12-27 20:13:15.304,302310656,INFO,[Main Loop] unknown: state=1 licks=0 bouts=1
2025-12-27 20:13:16.840,302312192,INFO,[Main Loop] unknown: state=0 licks=0 bouts=1
2025-12-27 20:13:21.320,302316672,INFO,[Main Loop] unknown: state=1 licks=0 bouts=1
2025-12-27 20:13:22.216,302317568,INFO,[Main Loop] unknown: state=0 licks=0 bouts=1
2025-12-27 20:13:26.696,302322048,INFO,[Main Loop] unknown: state=1 licks=0 bouts=1
2025-12-27 20:13:26.824,302322176,INFO,[Main Loop] unknown: state=0 licks=1 bouts=1
2025-12-27 20:13:26.080,302322432,INFO,[Main Loop] unknown: state=1 licks=1 bouts=1
2025-12-27 20:13:27.720,302323072,INFO,[Main Loop] unknown: state=0 licks=1 bouts=1
2025-12-27 20:13:28.744,302324096,INFO,[Main Loop] unknown: state=0 licks=0 bouts=1
2025-12-27 20:13:32.584,302327936,INFO,[Main Loop] unknown: state=1 licks=0 bouts=1
2025-12-27 20:13:33.608,302328960,INFO,[Main Loop] unknown: state=0 licks=0 bouts=1
2025-12-27 20:13:38.600,302333952,INFO,[Main Loop] unknown: state=1 licks=0 bouts=1
2025-12-27 20:13:39.496,302334848,INFO,[Main Loop] unknown: state=0 licks=0 bouts=1
2025-12-27 20:13:42.080,302338432,INFO,[Main Loop] unknown: state=1 licks=0 bouts=1
2025-12-27 20:13:43.976,302339328,INFO,[Main Loop] unknown: state=0 licks=0 bouts=1
2025-12-27 20:13:43.104,302339456,INFO,[Main Loop] unknown: state=1 licks=0 bouts=1
2025-12-27 20:13:44.360,302339712,INFO,[Main Loop] unknown: state=0 licks=0 bouts=1
2025-12-27 20:13:49.736,302345088,INFO,[Main Loop] unknown: state=1 licks=0 bouts=1
2025-12-27 20:13:50.504,302345856,INFO,[Main Loop] unknown: state=0 licks=0 bouts=1
2025-12-27 20:13:56.520,302352000,INFO,[Main Loop] unknown: state=1 licks=0 bouts=1
2025-12-27 20:13:57.544,302352896,INFO,[Main Loop] unknown: state=0 licks=0 bouts=1
2025-12-27 23:56:59.536,315734016,INFO,[Main Loop] unknown: state=1 licks=0 bouts=1
2025-12-27 23:56:59.792,315734144,INFO,[Main Loop] unknown: state=0 licks=1 bouts=1
2025-12-27 23:57:00.816,315735168,INFO,[Main Loop] unknown: state=0 licks=0 bouts=1
2025-12-28 00:02:06.096,316040448,INFO,[Main Loop] unknown: state=1 licks=0 bouts=1
2025-12-28 00:02:06.352,316040704,INFO,[Main Loop] unknown: state=0 licks=0 bouts=1
2025-12-28 00:37:44.208,318178560,INFO,[Main Loop] unknown: state=1 licks=0 bouts=1
2025-12-28 00:37:44.336,318178688,INFO,[Main Loop] unknown: state=0 licks=1 bouts=1
2025-12-28 00:37:45.360,318179712,INFO,[Main Loop] unknown: state=0 licks=0 bouts=1
2025-12-28 01:20:37.624,320750976,INFO,[Main Loop] unknown: state=1 licks=0 bouts=1
2025-12-28 01:20:37.752,320751104,INFO,[Main Loop] unknown: state=0 licks=1 bouts=1
2025-12-28 01:20:38.648,320752128,INFO,[Main Loop] unknown: state=0 licks=0 bouts=1
2025-12-28 01:27:39.280,321173760,INFO,[Main Loop] unknown: state=1 licks=0 bouts=1
2025-12-28 01:27:40.408,321173888,INFO,[Main Loop] unknown: state=0 licks=1 bouts=1
2025-12-28 01:27:41.560,321174912,INFO,[Main Loop] unknown: state=0 licks=0 bouts=1
2025-12-28 01:38:40.504,321833856,INFO,[Main Loop] unknown: state=1 licks=0 bouts=1
2025-12-28 01:38:40.632,321833984,INFO,[Main Loop] unknown: state=0 licks=1 bouts=1
2025-12-28 01:38:41.528,321835008,INFO,[Main Loop] unknown: state=0 licks=0 bouts=1
2025-12-28 01:41:00.048,321974400,INFO,[Main Loop] unknown: state=1 licks=0 bouts=1
2025-12-28 01:41:00.176,321974528,INFO,[Main Loop] unknown: state=0 licks=1 bouts=1
2025-12-28 01:41:01.200,321975552,INFO,[Main Loop] unknown: state=0 licks=0 bouts=1
2025-12-28 01:46:57.168,322331520,INFO,[Main Loop] unknown: state=1 licks=0 bouts=1
2025-12-28 01:46:58.296,322331648,INFO,[Main Loop] unknown: state=0 licks=1 bouts=1
2025-12-28 01:46:59.320,322332672,INFO,[Main Loop] unknown: state=0 licks=0 bouts=1
2025-12-28 02:28:18.424,324811776,INFO,[Main Loop] unknown: state=1 licks=0 bouts=1
2025-12-28 02:28:18.552,324811904,INFO,[Main Loop] unknown: state=0 licks=1 bouts=1
2025-12-28 02:28:19.576,324812928,INFO,[Main Loop] unknown: state=0 licks=0 bouts=1
2025-12-28 02:28:56.440,324849792,INFO,[Main Loop] unknown: state=1 licks=0 bouts=1
2025-12-28 02:28:56.568,324849920,INFO,[Main Loop] unknown: state=0 licks=1 bouts=1
2025-12-28 02:28:57.592,324850944,INFO,[Main Loop] unknown: state=0 licks=0 bouts=1
2025-12-28 02:57:37.400,326570880,INFO,[Main Loop] unknown: state=1 licks=0 bouts=1
2025-12-28 02:57:37.528,326571008,INFO,[Main Loop] unknown: state=0 licks=1 bouts=1
2025-12-28 02:57:38.680,326572032,INFO,[Main Loop] unknown: state=0 licks=0 bouts=1
2025-12-28 03:39:03.544,329056896,INFO,[Main Loop] unknown: state=1 licks=0 bouts=1
2025-12-28 03:39:04.672,329057024,INFO,[Main Loop] unknown: state=0 licks=1 bouts=1
2025-12-28 03:39:05.696,329058048,INFO,[Main Loop] unknown: state=0 licks=0 bouts=1
2025-12-28 03:40:15.968,329128320,INFO,[Main Loop] unknown: state=1 licks=0 bouts=1
2025-12-28 03:40:15.096,329128448,INFO,[Main Loop] unknown: state=0 licks=1 bouts=1
2025-12-28 03:40:16.120,329129472,INFO,[Main Loop] unknown: state=0 licks=0 bouts=1
2025-12-28 05:04:37.472,334189824,INFO,[Main Loop] Cat switched unknown   -> Handsome  
2025-12-28 05:04:37.472,334189824,INFO,[Main Loop] Handsome: state=0 licks=0 bouts=0
2025-12-28 05:04:38.496,334190848,INFO,[Main Loop] Cat switched Handsome  -> unknown   
2025-12-28 05:04:38.496,334190848,INFO,[Main Loop] unknown: state=0 licks=0 bouts=1
2025-12-28 05:32:57.440,335889792,INFO,[Main Loop] unknown: state=1 licks=0 bouts=1
2025-12-28 05:32:57.568,335889920,INFO,[Main Loop] unknown: state=0 licks=1 bouts=1
2025-12-28 05:32:58.592,335890944,INFO,[Main Loop] unknown: state=0 licks=0 bouts=1
2025-12-28 05:40:25.568,336337920,INFO,[Main Loop] unknown: state=1 licks=0 bouts=1
2025-12-28 05:40:25.696,336338048,INFO,[Main Loop] unknown: state=0 licks=1 bouts=1
2025-12-28 05:40:26.720,336339072,INFO,[Main Loop] unknown: state=0 licks=0 bouts=1
2025-12-28 06:22:48.904,338880384,INFO,[Main Loop] unknown: state=1 licks=0 bouts=1
2025-12-28 06:22:48.032,338880512,INFO,[Main Loop] unknown: state=0 licks=1 bouts=1
2025-12-28 06:22:49.184,338881536,INFO,[Main Loop] unknown: state=0 licks=0 bouts=1
2025-12-28 06:30:22.920,339334272,INFO,[Main Loop] unknown: state=1 licks=0 bouts=1
2025-12-28 06:30:22.048,339334400,INFO,[Main Loop] unknown: state=0 licks=1 bouts=1
2025-12-28 06:30:23.072,339335424,INFO,[Main Loop] unknown: state=0 licks=0 bouts=1
2025-12-28 06:32:23.880,339455232,INFO,[Main Loop] unknown: state=1 licks=0 bouts=1
2025-12-28 06:32:23.008,339455360,INFO,[Main Loop] unknown: state=0 licks=1 bouts=1
2025-12-28 06:32:24.904,339456384,INFO,[Main Loop] unknown: state=0 licks=0 bouts=1
2025-12-28 06:44:34.272,340186752,INFO,[Main Loop] unknown: state=1 licks=0 bouts=1
2025-12-28 06:44:34.400,340186880,INFO,[Main Loop] unknown: state=0 licks=1 bouts=1
2025-12-28 06:44:36.552,340187904,INFO,[Main Loop] unknown: state=0 licks=0 bouts=1
2025-12-28 06:50:55.560,340566912,INFO,[Main Loop] unknown: state=1 licks=0 bouts=1
2025-12-28 06:50:55.816,340567168,INFO,[Main Loop] unknown: state=0 licks=0 bouts=1
2025-12-28 06:52:46.304,340678656,INFO,[Main Loop] unknown: state=1 licks=0 bouts=1
2025-12-28 06:52:46.432,340678784,INFO,[Main Loop] unknown: state=0 licks=1 bouts=1
2025-12-28 06:52:47.456,340679808,INFO,[Main Loop] unknown: state=0 licks=0 bouts=1
2025-12-28 07:40:41.544,343552896,INFO,[Main Loop] unknown: state=1 licks=0 bouts=1
2025-12-28 07:40:41.672,343553024,INFO,[Main Loop] unknown: state=0 licks=1 bouts=1
2025-12-28 07:40:42.696,343554048,INFO,[Main Loop] unknown: state=0 licks=0 bouts=1
2025-12-28 07:46:22.408,343893888,INFO,[Main Loop] unknown: state=1 licks=0 bouts=1
2025-12-28 07:46:22.536,343894016,INFO,[Main Loop] unknown: state=0 licks=1 bouts=1
2025-12-28 07:46:23.560,343894912,INFO,[Main Loop] unknown: state=0 licks=0 bouts=1
2025-12-28 08:59:57.000,348308352,INFO,[Main Loop] unknown: state=1 licks=0 bouts=1
2025-12-28 08:59:57.128,348308480,INFO,[Main Loop] unknown: state=0 licks=1 bouts=1
2025-12-28 08:59:58.024,348309504,INFO,[Main Loop] unknown: state=0 licks=0 bouts=1
2025-12-28 17:54:08.256,380356608,INFO,[Main Loop] unknown: state=1 licks=0 bouts=1
2025-12-28 17:54:09.152,380357632,INFO,[Main Loop] unknown: state=0 licks=0 bouts=1
2025-12-28 17:54:15.168,380363520,INFO,[Main Loop] unknown: state=1 licks=0 bouts=1
2025-12-28 17:54:16.576,380364928,INFO,[Main Loop] unknown: state=0 licks=0 bouts=1
2025-12-28 17:54:21.056,380369408,INFO,[Main Loop] unknown: state=1 licks=0 bouts=1
2025-12-28 17:54:21.184,380369536,INFO,[Main Loop] unknown: state=0 licks=1 bouts=1
2025-12-28 17:54:21.312,380369664,INFO,[Main Loop] unknown: state=1 licks=1 bouts=1
2025-12-28 17:54:22.952,380370304,INFO,[Main Loop] unknown: state=0 licks=1 bouts=1
2025-12-28 17:54:23.976,380371328,INFO,[Main Loop] unknown: state=0 licks=0 bouts=1
2025-12-28 17:54:26.304,380374656,INFO,[Main Loop] unknown: state=1 licks=0 bouts=1
2025-12-28 17:54:27.200,380375552,INFO,[Main Loop] unknown: state=0 licks=0 bouts=1
2025-12-28 17:54:31.296,380379648,INFO,[Main Loop] unknown: state=1 licks=0 bouts=1
2025-12-28 17:54:32.192,380380544,INFO,[Main Loop] unknown: state=0 licks=0 bouts=1
2025-12-28 17:54:37.800,380385152,INFO,[Main Loop] unknown: state=1 licks=0 bouts=1
2025-12-28 17:54:38.824,380386176,INFO,[Main Loop] unknown: state=0 licks=0 bouts=1
2025-12-28 17:54:43.456,380391808,INFO,[Main Loop] unknown: state=1 licks=0 bouts=1
2025-12-28 17:54:44.224,380392576,INFO,[Main Loop] unknown: state=0 licks=0 bouts=1
2025-12-28 17:54:49.728,380398080,INFO,[Main Loop] unknown: state=1 licks=0 bouts=1
2025-12-28 17:54:50.112,380398464,INFO,[Main Loop] unknown: state=0 licks=0 bouts=1
2025-12-28 17:54:54.336,380402688,INFO,[Main Loop] unknown: state=1 licks=0 bouts=1
2025-12-28 17:54:56.872,380404224,INFO,[Main Loop] unknown: state=0 licks=0 bouts=1
2025-12-28 17:55:00.968,380408320,INFO,[Main Loop] unknown: state=1 licks=0 bouts=1
2025-12-28 17:55:01.864,380409216,INFO,[Main Loop] unknown: state=0 licks=0 bouts=1
2025-12-28 17:55:06.856,380414208,INFO,[Main Loop] unknown: state=1 licks=0 bouts=1
2025-12-28 17:55:07.008,380415360,INFO,[Main Loop] unknown: state=0 licks=0 bouts=1
2025-12-28 17:55:07.264,380415616,INFO,[Main Loop] unknown: state=1 licks=0 bouts=1
2025-12-28 17:55:07.264,380415744,INFO,[Main Loop] unknown: state=0 licks=1 bouts=1
2025-12-28 17:55:08.416,380416768,INFO,[Main Loop] unknown: state=0 licks=0 bouts=1
2025-12-28 17:55:10.336,380418688,INFO,[Main Loop] unknown: state=1 licks=0 bouts=1
2025-12-28 17:55:10.464,380418816,INFO,[Main Loop] unknown: state=0 licks=1 bouts=1
2025-12-28 17:55:10.592,380418944,INFO,[Main Loop] unknown: state=1 licks=1 bouts=1
2025-12-28 17:55:11.744,380420096,INFO,[Main Loop] unknown: state=0 licks=1 bouts=1
2025-12-28 17:55:12.640,380421120,INFO,[Main Loop] unknown: state=0 licks=0 bouts=1
2025-12-28 17:55:15.200,380423552,INFO,[Main Loop] unknown: state=1 licks=0 bouts=1
2025-12-28 17:55:16.352,380424704,INFO,[Main Loop] unknown: state=0 licks=0 bouts=1
2025-12-28 17:55:20.576,380428928,INFO,[Main Loop] unknown: state=1 licks=0 bouts=1
2025-12-28 17:55:21.472,380429824,INFO,[Main Loop] unknown: state=0 licks=0 bouts=1
2025-12-28 17:55:30.560,380438912,INFO,[Main Loop] unknown: state=1 licks=0 bouts=1
2025-12-28 17:55:32.840,380440192,INFO,[Main Loop] unknown: state=0 licks=0 bouts=1
2025-12-28 17:55:35.784,380443264,INFO,[Main Loop] unknown: state=1 licks=0 bouts=1
2025-12-28 17:55:36.808,380444160,INFO,[Main Loop] unknown: state=0 licks=0 bouts=1
2025-12-28 17:55:41.928,380449280,INFO,[Main Loop] unknown: state=1 licks=0 bouts=1
2025-12-28 17:55:42.952,380450304,INFO,[Main Loop] unknown: state=0 licks=0 bouts=1
2025-12-28 17:55:47.328,380455680,INFO,[Main Loop] unknown: state=1 licks=0 bouts=1
2025-12-28 17:55:48.480,380456832,INFO,[Main Loop] unknown: state=0 licks=0 bouts=1
2025-12-28 17:55:52.808,380460160,INFO,[Main Loop] unknown: state=1 licks=0 bouts=1
2025-12-28 17:55:53.832,380461184,INFO,[Main Loop] unknown: state=0 licks=0 bouts=1
2025-12-28 18:12:58.856,381486208,INFO,[Main Loop] unknown: state=1 licks=0 bouts=1
2025-12-28 18:12:59.880,381487232,INFO,[Main Loop] unknown: state=0 licks=0 bouts=1
2025-12-28 18:13:01.568,381489920,INFO,[Main Loop] unknown: state=1 licks=0 bouts=1
2025-12-28 18:13:03.720,381491072,INFO,[Main Loop] unknown: state=0 licks=0 bouts=1
2025-12-28 18:13:06.304,381494656,INFO,[Main Loop] unknown: state=1 licks=0 bouts=1
2025-12-28 18:13:07.456,381495808,INFO,[Main Loop] unknown: state=0 licks=0 bouts=1
2025-12-28 18:13:10.528,381499008,INFO,[Main Loop] unknown: state=1 licks=0 bouts=1
2025-12-28 18:13:12.680,381500032,INFO,[Main Loop] unknown: state=0 licks=0 bouts=1
2025-12-28 18:13:15.136,381503488,INFO,[Main Loop] unknown: state=1 licks=0 bouts=1
2025-12-28 18:13:16.032,381504512,INFO,[Main Loop] unknown: state=0 licks=0 bouts=1
2025-12-28 18:13:19.976,381507328,INFO,[Main Loop] unknown: state=1 licks=0 bouts=1
2025-12-28 18:13:20.128,381508480,INFO,[Main Loop] unknown: state=0 licks=0 bouts=1
2025-12-28 18:13:24.480,381512832,INFO,[Main Loop] unknown: state=1 licks=0 bouts=1
2025-12-28 18:13:25.504,381513856,INFO,[Main Loop] unknown: state=0 licks=0 bouts=1
2025-12-28 18:13:31.008,381519360,INFO,[Main Loop] unknown: state=1 licks=0 bouts=1
2025-12-28 18:13:31.136,381519488,INFO,[Main Loop] unknown: state=0 licks=1 bouts=1
2025-12-28 18:13:31.264,381519616,INFO,[Main Loop] unknown: state=1 licks=1 bouts=1
2025-12-28 18:13:31.264,381519744,INFO,[Main Loop] unknown: state=0 licks=2 bouts=1
2025-12-28 18:13:31.392,381519872,INFO,[Main Loop] unknown: state=1 licks=2 bouts=1
2025-12-28 18:13:32.416,381520768,INFO,[Main Loop] unknown: state=0 licks=2 bouts=1
2025-12-28 18:13:33.440,381521792,INFO,[Main Loop] unknown: state=0 licks=0 bouts=1
2025-12-28 18:13:36.000,381524352,INFO,[Main Loop] unknown: state=1 licks=0 bouts=1
2025-12-28 18:13:37.896,381525376,INFO,[Main Loop] unknown: state=0 licks=0 bouts=1
2025-12-28 18:13:41.736,381529088,INFO,[Main Loop] unknown: state=1 licks=0 bouts=1
2025-12-28 18:13:41.632,381529984,INFO,[Main Loop] unknown: state=0 licks=0 bouts=1
2025-12-28 18:13:45.704,381533056,INFO,[Main Loop] unknown: state=1 licks=0 bouts=1
2025-12-28 18:13:46.856,381534208,INFO,[Main Loop] unknown: state=0 licks=0 bouts=1
2025-12-28 18:13:52.744,381540096,INFO,[Main Loop] unknown: state=1 licks=0 bouts=1
2025-12-28 18:13:53.024,381541504,INFO,[Main Loop] unknown: state=0 licks=0 bouts=1
2025-12-28 18:13:57.376,381545728,INFO,[Main Loop] unknown: state=1 licks=0 bouts=1
2025-12-28 18:13:58.272,381546752,INFO,[Main Loop] unknown: state=0 licks=0 bouts=1
2025-12-28 18:14:02.112,381550464,INFO,[Main Loop] unknown: state=1 licks=0 bouts=1
2025-12-28 18:14:03.264,381551744,INFO,[Main Loop] unknown: state=0 licks=0 bouts=1
2025-12-28 18:56:37.248,384105600,INFO,[Main Loop] unknown: state=1 licks=0 bouts=1
2025-12-28 18:56:39.784,384107264,INFO,[Main Loop] unknown: state=0 licks=0 bouts=1
2025-12-28 18:56:42.112,384110464,INFO,[Main Loop] unknown: state=1 licks=0 bouts=1
2025-12-28 18:56:43.136,384111488,INFO,[Main Loop] unknown: state=0 licks=0 bouts=1
2025-12-28 18:56:47.464,384114816,INFO,[Main Loop] unknown: state=1 licks=0 bouts=1
2025-12-28 18:56:48.616,384115968,INFO,[Main Loop] unknown: state=0 licks=0 bouts=1
2025-12-28 18:56:52.224,384120576,INFO,[Main Loop] unknown: state=1 licks=0 bouts=1
2025-12-28 18:56:53.248,384121600,INFO,[Main Loop] unknown: state=0 licks=0 bouts=1
2025-12-28 18:56:58.728,384126080,INFO,[Main Loop] unknown: state=1 licks=0 bouts=1
2025-12-28 18:56:59.752,384127104,INFO,[Main Loop] unknown: state=0 licks=0 bouts=1
2025-12-28 18:57:03.104,384131456,INFO,[Main Loop] unknown: state=1 licks=0 bouts=1
2025-12-28 18:57:04.128,384132480,INFO,[Main Loop] unknown: state=0 licks=0 bouts=1
2025-12-28 18:57:09.864,384137216,INFO,[Main Loop] unknown: state=1 licks=0 bouts=1
2025-12-28 18:57:10.016,384138368,INFO,[Main Loop] unknown: state=0 licks=0 bouts=1
2025-12-28 18:57:14.984,384142336,INFO,[Main Loop] unknown: state=1 licks=0 bouts=1
2025-12-28 18:57:15.264,384143616,INFO,[Main Loop] unknown: state=0 licks=0 bouts=1
2025-12-28 18:57:18.336,384146688,INFO,[Main Loop] unknown: state=1 licks=0 bouts=1
2025-12-28 18:57:20.744,384148096,INFO,[Main Loop] unknown: state=0 licks=0 bouts=1
2025-12-28 18:57:24.096,384152448,INFO,[Main Loop] unknown: state=1 licks=0 bouts=1
2025-12-28 18:57:26.504,384153856,INFO,[Main Loop] unknown: state=0 licks=0 bouts=1
2025-12-28 18:57:29.960,384157312,INFO,[Main Loop] unknown: state=1 licks=0 bouts=1
2025-12-28 18:57:30.240,384158592,INFO,[Main Loop] unknown: state=0 licks=0 bouts=1
2025-12-28 18:57:35.976,384163328,INFO,[Main Loop] unknown: state=1 licks=0 bouts=1
2025-12-28 18:57:36.256,384164608,INFO,[Main Loop] unknown: state=0 licks=0 bouts=1
2025-12-28 18:57:40.096,384168448,INFO,[Main Loop] unknown: state=1 licks=0 bouts=1
2025-12-28 18:57:41.120,384169472,INFO,[Main Loop] unknown: state=0 licks=0 bouts=1
2025-12-28 18:57:45.448,384172800,INFO,[Main Loop] unknown: state=1 licks=0 bouts=1
2025-12-28 18:57:46.600,384173952,INFO,[Main Loop] unknown: state=0 licks=0 bouts=1
2025-12-28 22:23:37.808,396524160,INFO,[Main Loop] unknown: state=1 licks=0 bouts=1
2025-12-28 22:23:39.344,396525696,INFO,[Main Loop] unknown: state=0 licks=0 bouts=1
2025-12-28 22:23:42.184,396529536,INFO,[Main Loop] unknown: state=1 licks=0 bouts=1
2025-12-28 22:23:44.336,396530688,INFO,[Main Loop] unknown: state=0 licks=0 bouts=1
2025-12-28 22:23:47.048,396534400,INFO,[Main Loop] unknown: state=1 licks=0 bouts=1
2025-12-28 22:23:48.200,396535552,INFO,[Main Loop] unknown: state=0 licks=0 bouts=1
2025-12-28 22:23:52.040,396539392,INFO,[Main Loop] unknown: state=1 licks=0 bouts=1
2025-12-28 22:23:54.320,396540672,INFO,[Main Loop] unknown: state=0 licks=0 bouts=1
2025-12-28 22:23:57.648,396544128,INFO,[Main Loop] unknown: state=1 licks=0 bouts=1
2025-12-28 22:23:58.928,396545280,INFO,[Main Loop] unknown: state=0 licks=0 bouts=1
2025-12-29 18:35:03.720,469203072,INFO,[Main Loop] unknown: state=1 licks=0 bouts=1
2025-12-29 18:35:04.000,469204352,INFO,[Main Loop] unknown: state=0 licks=0 bouts=1
2025-12-29 18:35:08.224,469208576,INFO,[Main Loop] unknown: state=1 licks=0 bouts=1
2025-12-29 18:35:08.352,469208704,INFO,[Main Loop] unknown: state=0 licks=1 bouts=1
2025-12-29 18:35:09.480,469208832,INFO,[Main Loop] unknown: state=1 licks=1 bouts=1
2025-12-29 18:35:09.248,469209600,INFO,[Main Loop] unknown: state=0 licks=1 bouts=1
2025-12-29 18:35:10.144,469210624,INFO,[Main Loop] unknown: state=0 licks=0 bouts=1
2025-12-29 18:35:14.856,469214208,INFO,[Main Loop] unknown: state=1 licks=0 bouts=1
2025-12-29 18:35:15.264,469215616,INFO,[Main Loop] unknown: state=0 licks=0 bouts=1
2025-12-29 18:35:20.488,469219840,INFO,[Main Loop] unknown: state=1 licks=0 bouts=1
2025-12-29 18:35:21.640,469220992,INFO,[Main Loop] unknown: state=0 licks=0 bouts=1
2025-12-29 18:35:25.120,469225472,INFO,[Main Loop] unknown: state=1 licks=0 bouts=1
2025-12-29 18:35:26.888,469226240,INFO,[Main Loop] unknown: state=0 licks=0 bouts=1
2025-12-29 18:35:31.752,469231104,INFO,[Main Loop] unknown: state=1 licks=0 bouts=1
2025-12-29 18:35:32.776,469232256,INFO,[Main Loop] unknown: state=0 licks=0 bouts=1
2025-12-29 18:35:36.256,469236608,INFO,[Main Loop] unknown: state=1 licks=0 bouts=1
2025-12-29 18:35:38.408,469237888,INFO,[Main Loop] unknown: state=0 licks=0 bouts=1
2025-12-29 18:35:42.760,469242112,INFO,[Main Loop] unknown: state=1 licks=0 bouts=1
2025-12-29 18:35:43.040,469243392,INFO,[Main Loop] unknown: state=0 licks=0 bouts=1
2025-12-29 18:35:47.264,469247616,INFO,[Main Loop] unknown: state=1 licks=0 bouts=1
2025-12-29 18:35:48.160,469248640,INFO,[Main Loop] unknown: state=0 licks=0 bouts=1
2025-12-29 18:35:52.000,469252352,INFO,[Main Loop] unknown: state=1 licks=0 bouts=1
2025-12-29 18:35:53.896,469253376,INFO,[Main Loop] unknown: state=0 licks=0 bouts=1
2025-12-29 18:35:57.248,469257600,INFO,[Main Loop] unknown: state=1 licks=0 bouts=1
2025-12-29 18:35:58.144,469258624,INFO,[Main Loop] unknown: state=0 licks=0 bouts=1
2025-12-29 18:36:02.856,469262208,INFO,[Main Loop] unknown: state=1 licks=0 bouts=1
2025-12-29 18:36:03.752,469263104,INFO,[Main Loop] unknown: state=0 licks=0 bouts=1
2025-12-29 18:36:06.080,469266432,INFO,[Main Loop] unknown: state=1 licks=0 bouts=1
2025-12-29 18:36:07.232,469267584,INFO,[Main Loop] unknown: state=0 licks=0 bouts=1
2025-12-29 18:36:17.832,469277184,INFO,[Main Loop] unknown: state=1 licks=0 bouts=1
2025-12-29 18:36:18.856,469278208,INFO,[Main Loop] unknown: state=0 licks=0 bouts=1
2025-12-29 18:36:21.184,469281536,INFO,[Main Loop] unknown: state=1 licks=0 bouts=1
2025-12-29 18:36:22.336,469282688,INFO,[Main Loop] unknown: state=0 licks=0 bouts=1
2025-12-29 18:36:25.152,469285632,INFO,[Main Loop] unknown: state=1 licks=0 bouts=1
2025-12-29 18:36:26.304,469286656,INFO,[Main Loop] unknown: state=0 licks=0 bouts=1
2025-12-29 18:36:30.272,469290752,INFO,[Main Loop] unknown: state=1 licks=0 bouts=1
2025-12-29 18:36:31.296,469291648,INFO,[Main Loop] unknown: state=0 licks=0 bouts=1
2025-12-29 18:36:37.416,469296768,INFO,[Main Loop] unknown: state=1 licks=0 bouts=1
2025-12-29 18:36:38.440,469297792,INFO,[Main Loop] unknown: state=0 licks=0 bouts=1
2025-12-29 18:36:42.792,469302144,INFO,[Main Loop] unknown: state=1 licks=0 bouts=1
2025-12-29 18:36:43.560,469302912,INFO,[Main Loop] unknown: state=0 licks=0 bouts=1
2025-12-29 19:05:35.168,471035520,INFO,[Main Loop] unknown: state=1 licks=0 bouts=1
2025-12-29 19:05:37.576,471036928,INFO,[Main Loop] unknown: state=0 licks=0 bouts=1
2025-12-29 19:05:42.440,471041792,INFO,[Main Loop] unknown: state=1 licks=0 bouts=1
2025-12-29 19:05:42.568,471041920,INFO,[Main Loop] unknown: state=0 licks=1 bouts=1
2025-12-29 19:05:42.696,471042048,INFO,[Main Loop] unknown: state=1 licks=1 bouts=1
2025-12-29 19:05:43.592,471042944,INFO,[Main Loop] unknown: state=0 licks=1 bouts=1
2025-12-29 19:05:44.616,471043968,INFO,[Main Loop] unknown: state=0 licks=0 bouts=1
2025-12-29 19:05:46.920,471046272,INFO,[Main Loop] unknown: state=1 licks=0 bouts=1
2025-12-29 19:05:47.072,471047424,INFO,[Main Loop] unknown: state=0 licks=0 bouts=1
2025-12-29 19:05:51.272,471050752,INFO,[Main Loop] unknown: state=1 licks=0 bouts=1
2025-12-29 19:05:51.168,471051520,INFO,[Main Loop] unknown: state=0 licks=0 bouts=1
2025-12-29 19:05:55.264,471055616,INFO,[Main Loop] unknown: state=1 licks=0 bouts=1
2025-12-29 19:05:57.416,471056768,INFO,[Main Loop] unknown: state=0 licks=0 bouts=1
2025-12-29 19:06:00.744,471060096,INFO,[Main Loop] unknown: state=1 licks=0 bouts=1
2025-12-29 19:06:01.768,471061248,INFO,[Main Loop] unknown: state=0 licks=0 bouts=1
2025-12-29 22:00:23.080,481522432,INFO,[Main Loop] unknown: state=1 licks=0 bouts=1
2025-12-29 22:00:25.360,481523712,INFO,[Main Loop] unknown: state=0 licks=0 bouts=1
2025-12-29 22:00:30.736,481529088,INFO,[Main Loop] unknown: state=1 licks=0 bouts=1
2025-12-29 22:00:31.760,481530112,INFO,[Main Loop] unknown: state=0 licks=0 bouts=1
2025-12-29 22:00:35.856,481534208,INFO,[Main Loop] unknown: state=1 licks=0 bouts=1
2025-12-29 22:00:36.624,481534976,INFO,[Main Loop] unknown: state=0 licks=0 bouts=1
2025-12-29 22:00:40.848,481539200,INFO,[Main Loop] unknown: state=1 licks=0 bouts=1
2025-12-29 22:00:41.744,481540096,INFO,[Main Loop] unknown: state=0 licks=0 bouts=1
2025-12-29 22:00:45.096,481544448,INFO,[Main Loop] unknown: state=1 licks=0 bouts=1
2025-12-29 22:00:45.224,481544576,INFO,[Main Loop] unknown: state=0 licks=1 bouts=1
2025-12-29 22:00:46.352,481544704,INFO,[Main Loop] unknown: state=1 licks=1 bouts=1
2025-12-29 22:00:46.992,481545344,INFO,[Main Loop] unknown: state=0 licks=1 bouts=1
2025-12-29 22:00:47.016,481546368,INFO,[Main Loop] unknown: state=0 licks=0 bouts=1
2025-12-29 22:00:50.576,481548928,INFO,[Main Loop] unknown: state=1 licks=0 bouts=1
2025-12-29 22:00:50.704,481549056,INFO,[Main Loop] unknown: state=0 licks=1 bouts=1
2025-12-29 22:00:50.832,481549184,INFO,[Main Loop] unknown: state=1 licks=1 bouts=1
2025-12-29 22:00:51.472,481549824,INFO,[Main Loop] unknown: state=0 licks=1 bouts=1
2025-12-29 22:00:52.496,481550848,INFO,[Main Loop] unknown: state=0 licks=0 bouts=1
2025-12-29 22:00:55.696,481554048,INFO,[Main Loop] unknown: state=1 licks=0 bouts=1
2025-12-29 22:00:56.464,481554816,INFO,[Main Loop] unknown: state=0 licks=0 bouts=1
2025-12-29 22:01:01.456,481559808,INFO,[Main Loop] unknown: state=1 licks=0 bouts=1
2025-12-29 22:01:01.584,481559936,INFO,[Main Loop] unknown: state=0 licks=1 bouts=1
2025-12-29 22:01:01.712,481560064,INFO,[Main Loop] unknown: state=1 licks=1 bouts=1
2025-12-29 22:01:01.096,481560448,INFO,[Main Loop] unknown: state=0 licks=1 bouts=1
2025-12-29 22:01:01.224,481560576,INFO,[Main Loop] unknown: state=1 licks=1 bouts=1
2025-12-29 22:01:02.352,481560704,INFO,[Main Loop] unknown: state=0 licks=2 bouts=1
2025-12-29 22:01:03.376,481561728,INFO,[Main Loop] unknown: state=0 licks=0 bouts=1
2025-12-29 22:01:07.240,481566592,INFO,[Main Loop] unknown: state=1 licks=0 bouts=1
2025-12-29 22:01:08.008,481567360,INFO,[Main Loop] unknown: state=0 licks=0 bouts=1
2025-12-29 22:01:13.616,481571968,INFO,[Main Loop] unknown: state=1 licks=0 bouts=1
2025-12-29 22:01:13.872,481572224,INFO,[Main Loop] unknown: state=0 licks=0 bouts=1
2025-12-29 22:01:13.000,481572352,INFO,[Main Loop] unknown: state=1 licks=0 bouts=1
2025-12-29 22:01:13.128,481572480,INFO,[Main Loop] unknown: state=0 licks=1 bouts=1
2025-12-29 22:01:13.256,481572608,INFO,[Main Loop] unknown: state=1 licks=1 bouts=1
2025-12-29 22:01:14.384,481572736,INFO,[Main Loop] unknown: state=0 licks=2 bouts=1
2025-12-29 22:01:14.512,481572864,INFO,[Main Loop] unknown: state=1 licks=2 bouts=1
2025-12-29 22:01:14.640,481572992,INFO,[Main Loop] unknown: state=0 licks=3 bouts=1
2025-12-29 22:01:15.536,481574016,INFO,[Main Loop] unknown: state=0 licks=0 bouts=2
2025-12-29 22:01:18.352,481576704,INFO,[Main Loop] unknown: state=1 licks=0 bouts=2
2025-12-29 22:01:18.480,481576832,INFO,[Main Loop] unknown: state=0 licks=1 bouts=2
2025-12-29 22:01:18.608,481576960,INFO,[Main Loop] unknown: state=1 licks=1 bouts=2
2025-12-29 22:01:18.248,481577600,INFO,[Main Loop] unknown: state=0 licks=1 bouts=2
2025-12-29 22:01:19.144,481578624,INFO,[Main Loop] unknown: state=0 licks=0 bouts=2
2025-12-29 22:01:23.472,481581824,INFO,[Main Loop] unknown: state=1 licks=0 bouts=2
2025-12-29 22:01:23.600,481581952,INFO,[Main Loop] unknown: state=0 licks=1 bouts=2
2025-12-29 22:01:23.856,481582208,INFO,[Main Loop] unknown: state=1 licks=1 bouts=2
2025-12-29 22:01:24.496,481582848,INFO,[Main Loop] unknown: state=0 licks=1 bouts=2
2025-12-29 22:01:25.392,481583872,INFO,[Main Loop] unknown: state=0 licks=0 bouts=2
2025-12-29 22:01:29.360,481587712,INFO,[Main Loop] unknown: state=1 licks=0 bouts=2
2025-12-29 22:01:29.000,481588352,INFO,[Main Loop] unknown: state=0 licks=0 bouts=2
2025-12-30 19:25:20.104,558611456,INFO,[Main Loop] unknown: state=1 licks=0 bouts=2
2025-12-30 19:25:21.128,558612480,INFO,[Main Loop] unknown: state=0 licks=0 bouts=2
2025-12-30 19:25:25.736,558616832,INFO,[Main Loop] unknown: state=1 licks=0 bouts=2
2025-12-30 19:25:26.760,558617856,INFO,[Main Loop] unknown: state=0 licks=0 bouts=2
2025-12-30 19:25:30.344,558621696,INFO,[Main Loop] unknown: state=1 licks=0 bouts=2
2025-12-30 19:25:31.368,558622720,INFO,[Main Loop] unknown: state=0 licks=0 bouts=2
2025-12-30 19:25:35.208,558626304,INFO,[Main Loop] unknown: state=1 licks=0 bouts=2
2025-12-30 19:25:35.976,558627072,INFO,[Main Loop] unknown: state=0 licks=0 bouts=2
2025-12-30 19:33:57.224,559128320,INFO,[Main Loop] unknown: state=1 licks=0 bouts=2
2025-12-30 19:33:57.480,559128576,INFO,[Main Loop] unknown: state=0 licks=0 bouts=2
2025-12-30 20:17:44.012,4288,INFO,[MySystemLog] Logging to SD: /sd/system.log
2025-12-30 20:17:44.024,4300,INFO,[Main Loop] System Log Started
2025-12-30 20:17:44.037,4313,INFO,[Main Loop] all defined cats: ['bob', 'Handsome', 'henk']
2025-12-30 20:17:45.300,4576,INFO,[Main Loop] Objects created
2025-12-30 20:17:45.312,4588,INFO,[Main Loop] Starting monitoring loop
2025-12-30 20:17:45.329,4608,INFO,[Main Loop] Cat switched None      -> unknown   
2025-12-30 20:17:45.349,4625,INFO,[Main Loop] unknown: state=0 licks=0 bouts=0
2025-12-30 20:32:38.023,898316,INFO,[Main Loop] Detected key 879B029A405D30010000000000
2025-12-30 20:32:38.054,898331,INFO,[Main Loop] Cat switched unknown   -> Handsome  
2025-12-30 20:32:38.093,898370,INFO,[Main Loop] Handsome: state=0 licks=0 bouts=0
2025-12-30 20:32:39.679,898958,INFO,[Main Loop] Handsome: state=1 licks=0 bouts=0
2025-12-30 20:32:39.016,899293,INFO,[Main Loop] Cat switched Handsome  -> unknown   
2025-12-30 20:32:39.057,899334,INFO,[Main Loop] unknown: state=0 licks=0 bouts=0
2025-12-30 20:32:40.610,899888,INFO,[Main Loop] unknown: state=1 licks=0 bouts=0
2025-12-30 20:32:40.659,899937,INFO,[Main Loop] unknown: state=0 licks=1 bouts=0
2025-12-30 20:32:41.660,900938,INFO,[Main Loop] unknown: state=0 licks=0 bouts=0
2025-12-30 20:32:45.168,904445,INFO,[Main Loop] unknown: state=1 licks=0 bouts=0
2025-12-30 20:32:46.197,905475,INFO,[Main Loop] unknown: state=0 licks=0 bouts=0
2025-12-30 20:32:46.247,905525,INFO,[Main Loop] unknown: state=1 licks=0 bouts=0
2025-12-30 20:32:46.335,905612,INFO,[Main Loop] unknown: state=0 licks=1 bouts=0
2025-12-30 20:32:47.336,906614,INFO,[Main Loop] unknown: state=0 licks=0 bouts=0
2025-12-30 20:32:50.606,909883,INFO,[Main Loop] unknown: state=1 licks=0 bouts=0
2025-12-30 20:32:50.748,910025,INFO,[Main Loop] unknown: state=0 licks=1 bouts=0
2025-12-30 20:32:50.857,910136,INFO,[Main Loop] unknown: state=1 licks=1 bouts=0
2025-12-30 20:32:51.283,910560,INFO,[Main Loop] unknown: state=0 licks=1 bouts=0
2025-12-30 20:32:51.336,910614,INFO,[Main Loop] unknown: state=1 licks=1 bouts=0
2025-12-30 20:32:51.540,910817,INFO,[Main Loop] unknown: state=0 licks=2 bouts=0
2025-12-30 20:32:51.594,910871,INFO,[Main Loop] unknown: state=1 licks=2 bouts=0
2025-12-30 20:32:51.647,910924,INFO,[Main Loop] unknown: state=0 licks=3 bouts=0
2025-12-30 20:32:52.648,911926,INFO,[Main Loop] unknown: state=0 licks=0 bouts=1
2025-12-30 20:32:56.825,916103,INFO,[Main Loop] unknown: state=1 licks=0 bouts=1
2025-12-30 20:32:56.888,916166,INFO,[Main Loop] unknown: state=0 licks=1 bouts=1
2025-12-30 20:32:56.972,916250,INFO,[Main Loop] unknown: state=1 licks=1 bouts=1
2025-12-30 20:32:57.104,917381,INFO,[Main Loop] unknown: state=0 licks=1 bouts=1
2025-12-30 20:32:58.105,918382,INFO,[Main Loop] unknown: state=0 licks=0 bouts=1
2025-12-30 20:33:01.001,921278,INFO,[Main Loop] unknown: state=1 licks=0 bouts=1
2025-12-30 20:33:02.179,921456,INFO,[Main Loop] unknown: state=0 licks=1 bouts=1
2025-12-30 20:33:02.276,921553,INFO,[Main Loop] unknown: state=1 licks=1 bouts=1
2025-12-30 20:33:02.748,922025,INFO,[Main Loop] unknown: state=0 licks=1 bouts=1
2025-12-30 20:33:02.803,922080,INFO,[Main Loop] unknown: state=1 licks=1 bouts=1
2025-12-30 20:33:02.947,922225,INFO,[Main Loop] unknown: state=0 licks=2 bouts=1
2025-12-30 20:33:02.054,922331,INFO,[Main Loop] unknown: state=1 licks=2 bouts=1
2025-12-30 20:33:03.157,922434,INFO,[Main Loop] unknown: state=0 licks=3 bouts=1
2025-12-30 20:33:04.159,923437,INFO,[Main Loop] unknown: state=0 licks=0 bouts=2
2025-12-30 20:33:07.772,927049,INFO,[Main Loop] unknown: state=1 licks=0 bouts=2
2025-12-30 20:33:07.855,927132,INFO,[Main Loop] unknown: state=0 licks=1 bouts=2
2025-12-30 20:33:07.055,927333,INFO,[Main Loop] unknown: state=1 licks=1 bouts=2
2025-12-30 20:33:08.218,927495,INFO,[Main Loop] unknown: state=0 licks=2 bouts=2
2025-12-30 20:33:08.283,927560,INFO,[Main Loop] unknown: state=1 licks=2 bouts=2
2025-12-30 20:33:08.052,928329,INFO,[Main Loop] unknown: state=0 licks=2 bouts=2
2025-12-30 20:33:08.103,928380,INFO,[Main Loop] unknown: state=1 licks=2 bouts=2
2025-12-30 20:33:09.206,928483,INFO,[Main Loop] unknown: state=0 licks=3 bouts=2
2025-12-30 20:33:10.209,929486,INFO,[Main Loop] unknown: state=0 licks=0 bouts=3
2025-12-30 20:33:13.468,932745,INFO,[Main Loop] unknown: state=1 licks=0 bouts=3
2025-12-30 20:33:13.605,932882,INFO,[Main Loop] unknown: state=0 licks=1 bouts=3
2025-12-30 20:33:13.782,933059,INFO,[Main Loop] unknown: state=1 licks=1 bouts=3
2025-12-30 20:33:14.828,934105,INFO,[Main Loop] unknown: state=0 licks=1 bouts=3
2025-12-30 20:33:14.920,934198,INFO,[Main Loop] unknown: state=1 licks=1 bouts=3
2025-12-30 20:33:14.973,934251,INFO,[Main Loop] unknown: state=0 licks=2 bouts=3
2025-12-30 20:33:15.976,935253,INFO,[Main Loop] unknown: state=0 licks=0 bouts=3
2025-12-30 20:33:18.415,937692,INFO,[Main Loop] unknown: state=1 licks=0 bouts=3
2025-12-30 20:33:18.510,937787,INFO,[Main Loop] unknown: state=0 licks=1 bouts=3
2025-12-30 20:33:18.677,937954,INFO,[Main Loop] unknown: state=1 licks=1 bouts=3
2025-12-30 20:33:19.773,939051,INFO,[Main Loop] unknown: state=0 licks=1 bouts=3
2025-12-30 20:33:20.794,940072,INFO,[Main Loop] unknown: state=0 licks=0 bouts=3
2025-12-30 20:33:23.840,943117,INFO,[Main Loop] Cat switched unknown   -> Handsome  
2025-12-30 20:33:23.880,943157,INFO,[Main Loop] Handsome: state=0 licks=0 bouts=0
2025-12-30 20:33:24.835,944112,INFO,[Main Loop] Cat switched Handsome  -> unknown   
2025-12-30 20:33:24.874,944152,INFO,[Main Loop] unknown: state=0 licks=0 bouts=3
