2025-01-07 17:03:38.018,4410,INFO,[MySystemLog] Logging to SD: /sd/system.log
2025-01-07 17:03:38.042,4434,INFO,[Main Loop] System Log Started
2025-01-07 17:03:38.054,4446,INFO,"[Main Loop] all defined cats: ['bob', 'Handsome', 'henk']"
2025-01-07 17:03:38.341,4733,INFO,[Main Loop] Objects created
2025-01-07 17:03:38.351,4743,INFO,[Main Loop] Starting monitoring loop
2025-01-07 17:03:38.368,4760,INFO,[Main Loop] Cat switched None      -> unknown   
2025-01-07 17:03:38.382,4774,INFO,[Main Loop] unknown: state=0 licks=0 bouts=0
2025-01-07 17:03:43.019,9586,INFO,[MySystemLog] Logging to SD: /sd/system.log
2025-01-07 17:03:43.032,9599,INFO,[Main Loop] System Log Started
2025-01-07 17:03:43.045,9612,INFO,"[Main Loop] all defined cats: ['bob', 'Handsome', 'henk']"
2025-01-07 17:03:43.308,9875,INFO,[Main Loop] Objects created
2025-01-07 17:03:43.320,9887,INFO,[Main Loop] Starting monitoring loop
2025-01-07 17:03:43.337,9904,INFO,[Main Loop] Cat switched None      -> unknown   
2025-01-07 17:03:43.350,9917,INFO,[Main Loop] unknown: state=0 licks=0 bouts=0
2025-01-07 17:03:48.022,14417,INFO,[MySystemLog] Logging to SD: /sd/system.log
2025-01-07 17:03:48.035,14430,INFO,[Main Loop] System Log Started
2025-01-07 17:03:48.046,14441,INFO,"[Main Loop] all defined cats: ['bob', 'Handsome', 'henk']"
2025-01-07 17:03:48.313,14708,INFO,[Main Loop] Objects created
2025-01-07 17:03:48.322,14717,INFO,[Main Loop] Starting monitoring loop
2025-01-07 17:03:48.339,14734,INFO,[Main Loop] Cat switched None      -> unknown   
2025-01-07 17:03:48.355,14750,INFO,[Main Loop] unknown: state=0 licks=0 bouts=0
2025-01-07 17:04:24.028,50360,INFO,[MySystemLog] Logging to SD: /sd/system.log
2025-01-07 17:04:24.041,50373,INFO,[Main Loop] System Log Started
2025-01-07 17:04:24.051,50383,INFO,"[Main Loop] all defined cats: ['bob', 'Handsome', 'henk']"
2025-01-07 17:04:24.316,50648,INFO,[Main Loop] Objects created
2025-01-07 17:04:24.328,50660,INFO,[Main Loop] Starting monitoring loop
2025-01-07 17:04:24.344,50676,INFO,[Main Loop] Cat switched None      -> unknown   
2025-01-07 17:04:24.360,50692,INFO,[Main Loop] unknown: state=0 licks=0 bouts=0
2025-01-07 17:05:18.030,104483,INFO,[MySystemLog] Logging to SD: /sd/system.log
2025-01-07 17:05:18.043,104496,INFO,[Main Loop] System Log Started
2025-01-07 17:05:18.053,104506,INFO,"[Main Loop] all defined cats: ['bob', 'Handsome', 'henk']"
2025-01-07 17:05:18.319,104772,INFO,[Main Loop] Objects created
2025-01-07 17:05:18.331,104784,INFO,[Main Loop] Starting monitoring loop
2025-01-07 17:05:18.347,104800,INFO,[Main Loop] Cat switched None      -> unknown   
2025-01-07 17:05:18.362,104815,INFO,[Main Loop] unknown: state=0 licks=0 bouts=0
2025-01-07 17:05:35.035,4424,INFO,[MySystemLog] Logging to SD: /sd/system.log
2025-01-07 17:05:35.048,4437,INFO,[Main Loop] System Log Started
2025-01-07 17:05:35.059,4448,INFO,"[Main Loop] all defined cats: ['bob', 'Handsome', 'henk']"
2025-01-07 17:05:35.324,4713,INFO,[Main Loop] Objects created
2025-01-07 17:05:35.335,4724,INFO,[Main Loop] Starting monitoring loop
2025-01-07 17:05:35.352,4741,INFO,[Main Loop] Cat switched None      -> unknown   
2025-01-07 17:05:35.366,4755,INFO,[Main Loop] unknown: state=0 licks=0 bouts=0
2025-01-07 17:05:40.039,9409,INFO,[MySystemLog] Logging to SD: /sd/system.log
2025-01-07 17:05:40.049,9419,INFO,[Main Loop] System Log Started
2025-01-07 17:05:40.061,9431,INFO,"[Main Loop] all defined cats: ['bob', 'Handsome', 'henk']"
2025-01-07 17:05:40.327,9697,INFO,[Main Loop] Objects created
2025-01-07 17:05:40.338,9708,INFO,[Main Loop] Starting monitoring loop
2025-01-07 17:05:40.355,9725,INFO,[Main Loop] Cat switched None      -> unknown   
2025-01-07 17:05:40.369,9739,INFO,[Main Loop] unknown: state=0 licks=0 bouts=0
2026-01-07 17:11:48.042,4431,INFO,[MySystemLog] Logging to SD: /sd/system.log
2026-01-07 17:11:48.055,4444,INFO,[Main Loop] System Log Started
2026-01-07 17:11:48.066,4455,INFO,"[Main Loop] all defined cats: ['bob', 'Handsome', 'henk']"
2026-01-07 17:11:48.330,4719,INFO,[Main Loop] Objects created
2026-01-07 17:11:48.340,4729,INFO,[Main Loop] Starting monitoring loop
2026-01-07 17:11:48.358,4747,INFO,[Main Loop] Cat switched None      -> unknown   
2026-01-07 17:11:48.371,4760,INFO,[Main Loop] unknown: state=0 licks=0 bouts=0
2026-01-07 18:30:17.067,4713456,INFO,[Main Loop] Detected key 879B029A405D30010000000000
2026-01-07 18:30:17.079,4713468,INFO,[Main Loop] Cat switched unknown   -> Handsome  
2026-01-07 18:30:17.115,4713504,INFO,[Main Loop] Handsome: state=0 licks=0 bouts=0
2026-01-07 18:30:18.061,4714450,INFO,[Main Loop] Cat switched Handsome  -> unknown   
2026-01-07 18:30:18.099,4714488,INFO,[Main Loop] unknown: state=0 licks=0 bouts=0
2026-01-07 18:30:21.155,4717544,INFO,[Main Loop] unknown: state=1 licks=0 bouts=0
2026-01-07 18:30:21.281,4717670,INFO,[Main Loop] unknown: state=0 licks=1 bouts=0
2026-01-07 18:30:21.381,4717770,INFO,[Main Loop] unknown: state=1 licks=1 bouts=0
2026-01-07 18:30:21.537,4717926,INFO,[Main Loop] unknown: state=0 licks=1 bouts=0
2026-01-07 18:30:21.599,4717988,INFO,[Main Loop] unknown: state=1 licks=1 bouts=0
2026-01-07 18:30:22.449,4718838,INFO,[Main Loop] unknown: state=0 licks=1 bouts=0
2026-01-07 18:30:23.449,4719838,INFO,[Main Loop] unknown: state=0 licks=0 bouts=0
2026-01-07 18:30:27.287,4723676,INFO,[Main Loop] unknown: state=1 licks=0 bouts=0
2026-01-07 18:30:28.165,4724554,INFO,[Main Loop] unknown: state=0 licks=0 bouts=0
2026-01-07 18:30:32.403,4728792,INFO,[Main Loop] unknown: state=1 licks=0 bouts=0
2026-01-07 18:30:33.297,4729686,INFO,[Main Loop] unknown: state=0 licks=0 bouts=0
2026-01-07 18:30:33.367,4729756,INFO,[Main Loop] unknown: state=1 licks=0 bouts=0
2026-01-07 18:30:33.425,4729814,INFO,[Main Loop] unknown: state=0 licks=1 bouts=0
2026-01-07 18:30:34.425,4730814,INFO,[Main Loop] unknown: state=0 licks=0 bouts=0
2026-01-07 18:30:36.931,4733320,INFO,[Main Loop] unknown: state=1 licks=0 bouts=0
2026-01-07 18:30:37.719,4734108,INFO,[Main Loop] unknown: state=0 licks=0 bouts=0
2026-01-07 18:30:42.321,4738710,INFO,[Main Loop] unknown: state=1 licks=0 bouts=0
2026-01-07 18:30:43.687,4740076,INFO,[Main Loop] unknown: state=0 licks=0 bouts=0
2026-01-07 18:30:48.397,4744786,INFO,[Main Loop] unknown: state=1 licks=0 bouts=0
2026-01-07 18:30:49.333,4745722,INFO,[Main Loop] unknown: state=0 licks=0 bouts=0
2026-01-07 18:31:19.119,4775508,INFO,[Main Loop] unknown: state=1 licks=0 bouts=0
2026-01-07 18:31:19.167,4775556,INFO,[Main Loop] unknown: state=0 licks=0 bouts=0
2026-01-07 18:31:19.821,4776210,INFO,[Main Loop] Cat switched unknown   -> Handsome  
2026-01-07 18:31:19.873,4776262,INFO,[Main Loop] Handsome: state=0 licks=0 bouts=0
2026-01-07 18:31:20.461,4776850,INFO,[Main Loop] Handsome: state=1 licks=0 bouts=0
2026-01-07 18:31:20.823,4777212,INFO,[Main Loop] Cat switched Handsome  -> unknown   
2026-01-07 18:31:20.861,4777250,INFO,[Main Loop] unknown: state=0 licks=0 bouts=0
2026-01-07 18:31:21.399,4777788,INFO,[Main Loop] unknown: state=1 licks=0 bouts=0
2026-01-07 18:31:21.497,4777886,INFO,[Main Loop] unknown: state=0 licks=1 bouts=0
2026-01-07 18:31:21.541,4777930,INFO,[Main Loop] unknown: state=1 licks=1 bouts=0
2026-01-07 18:31:21.595,4777984,INFO,[Main Loop] unknown: state=0 licks=2 bouts=0
2026-01-07 18:31:22.599,4778988,INFO,[Main Loop] unknown: state=0 licks=0 bouts=0
2026-01-07 18:31:24.317,4780706,INFO,[Main Loop] unknown: state=1 licks=0 bouts=0
2026-01-07 18:31:24.377,4780766,INFO,[Main Loop] unknown: state=0 licks=1 bouts=0
2026-01-07 18:31:24.457,4780846,INFO,[Main Loop] unknown: state=1 licks=1 bouts=0
2026-01-07 18:31:25.729,4782118,INFO,[Main Loop] unknown: state=0 licks=1 bouts=0
2026-01-07 18:31:25.835,4782224,INFO,[Main Loop] unknown: state=1 licks=1 bouts=0
2026-01-07 18:31:25.883,4782272,INFO,[Main Loop] unknown: state=0 licks=2 bouts=0
2026-01-07 18:31:26.885,4783274,INFO,[Main Loop] unknown: state=0 licks=0 bouts=0
2026-01-07 18:31:29.391,4785780,INFO,[Main Loop] unknown: state=1 licks=0 bouts=0
2026-01-07 18:31:30.749,4787138,INFO,[Main Loop] unknown: state=0 licks=0 bouts=0
2026-01-07 18:31:34.307,4790696,INFO,[Main Loop] unknown: state=1 licks=0 bouts=0
2026-01-07 18:31:35.299,4791688,INFO,[Main Loop] unknown: state=0 licks=0 bouts=0
2026-01-07 18:31:39.063,4795452,INFO,[Main Loop] unknown: state=1 licks=0 bouts=0
2026-01-07 18:31:40.381,4796770,INFO,[Main Loop] unknown: state=0 licks=0 bouts=0
2026-01-07 18:31:44.793,4801182,INFO,[Main Loop] unknown: state=1 licks=0 bouts=0
2026-01-07 18:31:45.885,4802274,INFO,[Main Loop] unknown: state=0 licks=0 bouts=0
2026-01-07 18:31:49.163,4805552,INFO,[Main Loop] unknown: state=1 licks=0 bouts=0
2026-01-07 18:31:50.135,4806524,INFO,[Main Loop] unknown: state=0 licks=0 bouts=0
2026-01-07 18:31:53.165,4809554,INFO,[Main Loop] unknown: state=1 licks=0 bouts=0
2026-01-07 18:31:54.283,4810672,INFO,[Main Loop] unknown: state=0 licks=0 bouts=0
2026-01-07 18:31:57.873,4814262,INFO,[Main Loop] unknown: state=1 licks=0 bouts=0
2026-01-07 18:31:59.251,4815640,INFO,[Main Loop] unknown: state=0 licks=0 bouts=0
2026-01-07 18:31:59.323,4815712,INFO,[Main Loop] unknown: state=1 licks=0 bouts=0
2026-01-07 18:31:59.417,4815806,INFO,[Main Loop] unknown: state=0 licks=1 bouts=0
2026-01-07 18:32:00.435,4816824,INFO,[Main Loop] unknown: state=0 licks=0 bouts=0
2026-01-07 18:32:04.385,4820774,INFO,[Main Loop] unknown: state=1 licks=0 bouts=0
2026-01-07 18:32:05.713,4822102,INFO,[Main Loop] unknown: state=0 licks=0 bouts=0
2026-01-07 18:32:05.787,4822176,INFO,[Main Loop] unknown: state=1 licks=0 bouts=0
2026-01-07 18:32:05.869,4822258,INFO,[Main Loop] unknown: state=0 licks=1 bouts=0
2026-01-07 18:32:06.871,4823260,INFO,[Main Loop] unknown: state=0 licks=0 bouts=0
2026-01-07 18:32:09.821,4826210,INFO,[Main Loop] unknown: state=1 licks=0 bouts=0
2026-01-07 18:32:10.935,4827324,INFO,[Main Loop] unknown: state=0 licks=0 bouts=0
2026-01-07 18:32:15.587,4831976,INFO,[Main Loop] unknown: state=1 licks=0 bouts=0
2026-01-07 18:32:16.899,4833288,INFO,[Main Loop] unknown: state=0 licks=0 bouts=0
2026-01-07 18:32:20.541,4836930,INFO,[Main Loop] unknown: state=1 licks=0 bouts=0
2026-01-07 18:32:21.857,4838246,INFO,[Main Loop] unknown: state=0 licks=0 bouts=0
2026-01-07 18:32:25.667,4842056,INFO,[Main Loop] unknown: state=1 licks=0 bouts=0
2026-01-07 18:32:27.293,4843682,INFO,[Main Loop] unknown: state=0 licks=0 bouts=0
2026-01-07 18:32:31.795,4848184,INFO,[Main Loop] unknown: state=1 licks=0 bouts=0
2026-01-07 18:32:33.487,4849876,INFO,[Main Loop] unknown: state=0 licks=0 bouts=0
2026-01-07 18:32:33.577,4849966,INFO,[Main Loop] unknown: state=1 licks=0 bouts=0
2026-01-07 18:32:33.651,4850040,INFO,[Main Loop] unknown: state=0 licks=1 bouts=0
2026-01-07 18:32:34.673,4851062,INFO,[Main Loop] unknown: state=0 licks=0 bouts=0
2026-01-07 18:32:38.431,4854820,INFO,[Main Loop] unknown: state=1 licks=0 bouts=0
2026-01-07 18:32:39.635,4856024,INFO,[Main Loop] unknown: state=0 licks=0 bouts=0
2026-01-07 18:32:42.443,4858832,INFO,[Main Loop] unknown: state=1 licks=0 bouts=0
2026-01-07 18:32:43.525,4859914,INFO,[Main Loop] unknown: state=0 licks=0 bouts=0
2026-01-07 18:32:43.575,4859964,INFO,[Main Loop] unknown: state=1 licks=0 bouts=0
2026-01-07 18:32:43.623,4860012,INFO,[Main Loop] unknown: state=0 licks=1 bouts=0
2026-01-07 18:32:44.625,4861014,INFO,[Main Loop] unknown: state=0 licks=0 bouts=0
2026-01-07 18:32:47.785,4864174,INFO,[Main Loop] unknown: state=1 licks=0 bouts=0
2026-01-07 18:32:49.207,4865596,INFO,[Main Loop] unknown: state=0 licks=0 bouts=0
2026-01-07 18:32:49.335,4865724,INFO,[Main Loop] unknown: state=1 licks=0 bouts=0
2026-01-07 18:32:49.387,4865776,INFO,[Main Loop] unknown: state=0 licks=1 bouts=0
2026-01-07 18:32:50.387,4866776,INFO,[Main Loop] unknown: state=0 licks=0 bouts=0
2026-01-07 19:03:07.319,6683708,INFO,[Main Loop] unknown: state=1 licks=0 bouts=0
2026-01-07 19:03:08.321,6684710,INFO,[Main Loop] unknown: state=0 licks=0 bouts=0
2026-01-07 19:03:13.169,6689558,INFO,[Main Loop] unknown: state=1 licks=0 bouts=0
2026-01-07 19:03:14.081,6690470,INFO,[Main Loop] unknown: state=0 licks=0 bouts=0
2026-01-07 19:03:18.619,6695008,INFO,[Main Loop] unknown: state=1 licks=0 bouts=0
2026-01-07 19:03:20.223,6696612,INFO,[Main Loop] unknown: state=0 licks=0 bouts=0
2026-01-07 19:03:24.597,6700986,INFO,[Main Loop] unknown: state=1 licks=0 bouts=0
2026-01-07 19:03:25.537,6701926,INFO,[Main Loop] unknown: state=0 licks=0 bouts=0
2026-01-07 19:03:25.603,6701992,INFO,[Main Loop] unknown: state=1 licks=0 bouts=0
2026-01-07 19:03:25.671,6702060,INFO,[Main Loop] unknown: state=0 licks=1 bouts=0
2026-01-07 19:03:26.673,6703062,INFO,[Main Loop] unknown: state=0 licks=0 bouts=0
2026-01-07 19:03:28.243,6704632,INFO,[Main Loop] unknown: state=1 licks=0 bouts=0
2026-01-07 19:03:29.257,6705646,INFO,[Main Loop] unknown: state=0 licks=0 bouts=0
2026-01-07 19:03:32.961,6709350,INFO,[Main Loop] unknown: state=1 licks=0 bouts=0
2026-01-07 19:03:33.973,6710362,INFO,[Main Loop] unknown: state=0 licks=0 bouts=0
2026-01-07 19:03:37.639,6714028,INFO,[Main Loop] unknown: state=1 licks=0 bouts=0
2026-01-07 19:03:38.545,6714934,INFO,[Main Loop] unknown: state=0 licks=0 bouts=0
2026-01-07 19:03:43.401,6719790,INFO,[Main Loop] unknown: state=1 licks=0 bouts=0
2026-01-07 19:03:44.617,6721006,INFO,[Main Loop] unknown: state=0 licks=0 bouts=0
2026-01-07 19:03:48.271,6724660,INFO,[Main Loop] unknown: state=1 licks=0 bouts=0
2026-01-07 19:03:49.365,6725754,INFO,[Main Loop] unknown: state=0 licks=0 bouts=0
2026-01-07 19:03:49.457,6725846,INFO,[Main Loop] unknown: state=1 licks=0 bouts=0
2026-01-07 19:03:49.535,6725924,INFO,[Main Loop] unknown: state=0 licks=1 bouts=0
2026-01-07 19:03:50.535,6726924,INFO,[Main Loop] unknown: state=0 licks=0 bouts=0
2026-01-07 19:03:53.677,6730066,INFO,[Main Loop] unknown: state=1 licks=0 bouts=0
2026-01-07 19:03:54.743,6731132,INFO,[Main Loop] unknown: state=0 licks=0 bouts=0
2026-01-07 19:03:58.487,6734876,INFO,[Main Loop] unknown: state=1 licks=0 bouts=0
2026-01-07 19:03:59.589,6735978,INFO,[Main Loop] unknown: state=0 licks=0 bouts=0
2026-01-07 19:04:04.905,6741294,INFO,[Main Loop] unknown: state=1 licks=0 bouts=0
2026-01-07 19:04:05.973,6742362,INFO,[Main Loop] unknown: state=0 licks=0 bouts=0
2026-01-08 15:08:44.091,79020480,INFO,[Main Loop] Cat switched unknown   -> Handsome  
2026-01-08 15:08:44.123,79020512,INFO,[Main Loop] Handsome: state=0 licks=0 bouts=0
2026-01-08 15:08:45.115,79021504,INFO,[Main Loop] Cat switched Handsome  -> unknown   
2026-01-08 15:08:45.115,79021504,INFO,[Main Loop] unknown: state=0 licks=0 bouts=0
2026-01-08 19:39:23.835,95260224,INFO,[Main Loop] Cat switched unknown   -> Handsome  
2026-01-08 19:39:23.867,95260256,INFO,[Main Loop] Handsome: state=0 licks=0 bouts=0
2026-01-08 19:39:24.859,95261248,INFO,[Main Loop] Cat switched Handsome  -> unknown   
2026-01-08 19:39:24.891,95261280,INFO,[Main Loop] unknown: state=0 licks=0 bouts=0
2026-01-08 19:40:23.899,95320288,INFO,[Main Loop] unknown: state=1 licks=0 bouts=0
2026-01-08 19:40:25.019,95321408,INFO,[Main Loop] unknown: state=0 licks=0 bouts=0
2026-01-08 19:40:31.867,95328256,INFO,[Main Loop] unknown: state=1 licks=0 bouts=0
2026-01-08 19:40:32.027,95328416,INFO,[Main Loop] unknown: state=0 licks=0 bouts=0
2026-01-08 19:40:32.155,95328544,INFO,[Main Loop] unknown: state=1 licks=0 bouts=0
2026-01-08 19:40:33.051,95329440,INFO,[Main Loop] unknown: state=0 licks=0 bouts=0
2026-01-08 19:40:37.051,95333440,INFO,[Main Loop] unknown: state=1 licks=0 bouts=0
2026-01-08 19:40:37.211,95333600,INFO,[Main Loop] unknown: state=0 licks=0 bouts=0
2026-01-08 19:40:37.307,95333696,INFO,[Main Loop] unknown: state=1 licks=0 bouts=0
2026-01-08 19:40:37.947,95334336,INFO,[Main Loop] unknown: state=0 licks=0 bouts=0
2026-01-08 19:40:42.363,95338752,INFO,[Main Loop] unknown: state=1 licks=0 bouts=0
2026-01-08 19:40:42.459,95338848,INFO,[Main Loop] unknown: state=0 licks=1 bouts=0
2026-01-08 19:40:42.587,95338976,INFO,[Main Loop] unknown: state=1 licks=1 bouts=0
2026-01-08 19:40:42.875,95339264,INFO,[Main Loop] unknown: state=0 licks=1 bouts=0
2026-01-08 19:40:42.971,95339360,INFO,[Main Loop] unknown: state=1 licks=1 bouts=0
2026-01-08 19:40:43.387,95339776,INFO,[Main Loop] unknown: state=0 licks=1 bouts=0
2026-01-08 19:40:43.451,95339840,INFO,[Main Loop] unknown: state=1 licks=1 bouts=0
2026-01-08 19:40:43.579,95339968,INFO,[Main Loop] unknown: state=0 licks=1 bouts=0
2026-01-08 19:40:44.603,95340992,INFO,[Main Loop] unknown: state=0 licks=0 bouts=0
2026-01-08 19:40:48.187,95344576,INFO,[Main Loop] unknown: state=1 licks=0 bouts=0
2026-01-08 19:40:48.251,95344640,INFO,[Main Loop] unknown: state=0 licks=1 bouts=0
2026-01-08 19:40:48.379,95344768,INFO,[Main Loop] unknown: state=1 licks=1 bouts=0
2026-01-08 19:40:49.083,95345472,INFO,[Main Loop] unknown: state=0 licks=1 bouts=0
2026-01-08 19:40:50.139,95346528,INFO,[Main Loop] unknown: state=0 licks=0 bouts=0
2026-01-08 19:40:54.619,95351008,INFO,[Main Loop] unknown: state=1 licks=0 bouts=0
2026-01-08 19:40:54.779,95351168,INFO,[Main Loop] unknown: state=0 licks=1 bouts=0
2026-01-08 19:40:54.875,95351264,INFO,[Main Loop] unknown: state=1 licks=1 bouts=0
2026-01-08 19:40:55.675,95352064,INFO,[Main Loop] unknown: state=0 licks=1 bouts=0
2026-01-08 19:40:56.699,95353088,INFO,[Main Loop] unknown: state=0 licks=0 bouts=0
2026-01-08 19:40:59.291,95355680,INFO,[Main Loop] unknown: state=1 licks=0 bouts=0
2026-01-08 19:40:59.483,95355872,INFO,[Main Loop] unknown: state=0 licks=0 bouts=0
2026-01-08 19:40:59.547,95355936,INFO,[Main Loop] unknown: state=1 licks=0 bouts=0
2026-01-08 19:41:00.027,95356416,INFO,[Main Loop] unknown: state=0 licks=0 bouts=0
2026-01-08 19:41:00.123,95356512,INFO,[Main Loop] unknown: state=1 licks=0 bouts=0
2026-01-08 19:41:00.219,95356608,INFO,[Main Loop] unknown: state=0 licks=1 bouts=0
2026-01-08 19:41:01.211,95357600,INFO,[Main Loop] unknown: state=0 licks=0 bouts=0
2026-01-08 19:41:04.955,95361344,INFO,[Main Loop] unknown: state=1 licks=0 bouts=0
2026-01-08 19:41:05.083,95361472,INFO,[Main Loop] unknown: state=0 licks=1 bouts=0
2026-01-08 19:41:05.179,95361568,INFO,[Main Loop] unknown: state=1 licks=1 bouts=0
2026-01-08 19:41:05.883,95362272,INFO,[Main Loop] unknown: state=0 licks=1 bouts=0
2026-01-08 19:41:06.875,95363264,INFO,[Main Loop] unknown: state=0 licks=0 bouts=0
2026-01-08 19:41:10.843,95367232,INFO,[Main Loop] unknown: state=1 licks=0 bouts=0
2026-01-08 19:41:11.867,95368256,INFO,[Main Loop] unknown: state=0 licks=0 bouts=0
2026-01-08 19:41:16.475,95372864,INFO,[Main Loop] unknown: state=1 licks=0 bouts=0
2026-01-08 19:41:16.539,95372928,INFO,[Main Loop] unknown: state=0 licks=1 bouts=0
2026-01-08 19:41:17.051,95373440,INFO,[Main Loop] unknown: state=1 licks=1 bouts=0
2026-01-08 19:41:18.043,95374432,INFO,[Main Loop] unknown: state=0 licks=1 bouts=0
2026-01-08 19:41:19.035,95375424,INFO,[Main Loop] unknown: state=0 licks=0 bouts=0
2026-01-08 19:41:21.851,95378240,INFO,[Main Loop] unknown: state=1 licks=0 bouts=0
2026-01-08 19:41:22.715,95379104,INFO,[Main Loop] unknown: state=0 licks=0 bouts=0
2026-01-08 19:41:26.715,95383104,INFO,[Main Loop] unknown: state=1 licks=0 bouts=0
2026-01-08 19:41:26.779,95383168,INFO,[Main Loop] unknown: state=0 licks=1 bouts=0
2026-01-08 19:41:26.971,95383360,INFO,[Main Loop] unknown: state=1 licks=1 bouts=0
2026-01-08 19:41:27.131,95383520,INFO,[Main Loop] unknown: state=0 licks=2 bouts=0
2026-01-08 19:41:27.291,95383680,INFO,[Main Loop] unknown: state=1 licks=2 bouts=0
2026-01-08 19:41:27.771,95384160,INFO,[Main Loop] unknown: state=0 licks=2 bouts=0
2026-01-08 19:41:27.835,95384224,INFO,[Main Loop] unknown: state=1 licks=2 bouts=0
2026-01-08 19:41:27.963,95384352,INFO,[Main Loop] unknown: state=0 licks=3 bouts=0
2026-01-08 19:41:28.955,95385344,INFO,[Main Loop] unknown: state=0 licks=0 bouts=1
2026-01-08 19:41:31.995,95388384,INFO,[Main Loop] unknown: state=1 licks=0 bouts=1
2026-01-08 19:41:33.147,95389536,INFO,[Main Loop] unknown: state=0 licks=0 bouts=1
2026-01-08 19:41:38.011,95394400,INFO,[Main Loop] unknown: state=1 licks=0 bouts=1
2026-01-08 19:41:39.035,95395424,INFO,[Main Loop] unknown: state=0 licks=0 bouts=1
2026-01-08 19:41:43.579,95399968,INFO,[Main Loop] unknown: state=1 licks=0 bouts=1
2026-01-08 19:41:44.827,95401216,INFO,[Main Loop] unknown: state=0 licks=0 bouts=1
2026-01-08 19:41:48.315,95404704,INFO,[Main Loop] unknown: state=1 licks=0 bouts=1
2026-01-08 19:41:48.379,95404768,INFO,[Main Loop] unknown: state=0 licks=1 bouts=1
2026-01-08 19:41:48.603,95404992,INFO,[Main Loop] unknown: state=1 licks=1 bouts=1
2026-01-08 19:41:49.467,95405856,INFO,[Main Loop] unknown: state=0 licks=1 bouts=1
2026-01-08 19:41:50.491,95406880,INFO,[Main Loop] unknown: state=0 licks=0 bouts=1
2026-01-08 20:04:36.123,96772512,INFO,[Main Loop] Cat switched unknown   -> Handsome  
2026-01-08 20:04:36.155,96772544,INFO,[Main Loop] Handsome: state=0 licks=0 bouts=0
2026-01-08 20:04:37.115,96773504,INFO,[Main Loop] Cat switched Handsome  -> unknown   
2026-01-08 20:04:37.115,96773504,INFO,[Main Loop] unknown: state=0 licks=0 bouts=1
2026-01-09 04:38:35.355,127611744,INFO,[Main Loop] Cat switched unknown   -> Handsome  
2026-01-09 04:38:35.387,127611776,INFO,[Main Loop] Handsome: state=0 licks=0 bouts=0
2026-01-09 04:38:36.379,127612768,INFO,[Main Loop] Cat switched Handsome  -> unknown   
2026-01-09 04:38:36.411,127612800,INFO,[Main Loop] unknown: state=0 licks=0 bouts=1
2026-01-09 07:02:00.315,136216704,INFO,[Main Loop] unknown: state=1 licks=0 bouts=1
2026-01-09 07:02:00.891,136217280,INFO,[Main Loop] unknown: state=0 licks=0 bouts=1
2026-01-09 07:10:36.219,136732608,INFO,[Main Loop] Cat switched unknown   -> Handsome  
2026-01-09 07:10:36.219,136732608,INFO,[Main Loop] Handsome: state=0 licks=0 bouts=0
2026-01-09 07:10:37.243,136733632,INFO,[Main Loop] Cat switched Handsome  -> unknown   
2026-01-09 07:10:37.243,136733632,INFO,[Main Loop] unknown: state=0 licks=0 bouts=1
2026-01-09 07:10:56.315,136752704,INFO,[Main Loop] unknown: state=1 licks=0 bouts=1
2026-01-09 07:10:56.699,136753088,INFO,[Main Loop] unknown: state=0 licks=0 bouts=1
2026-01-09 17:39:56.091,174492480,INFO,[Main Loop] Cat switched unknown   -> Handsome  
2026-01-09 17:39:56.155,174492544,INFO,[Main Loop] Handsome: state=0 licks=0 bouts=0
2026-01-09 17:39:57.115,174493504,INFO,[Main Loop] Cat switched Handsome  -> unknown   
2026-01-09 17:39:57.115,174493504,INFO,[Main Loop] unknown: state=0 licks=0 bouts=1
2026-01-09 17:46:42.683,174899072,INFO,[Main Loop] Cat switched unknown   -> Handsome  
2026-01-09 17:46:42.683,174899072,INFO,[Main Loop] Handsome: state=0 licks=0 bouts=0
2026-01-09 17:46:43.707,174900096,INFO,[Main Loop] Cat switched Handsome  -> unknown   
2026-01-09 17:46:43.707,174900096,INFO,[Main Loop] unknown: state=0 licks=0 bouts=1
2026-01-09 17:46:44.283,174900672,INFO,[Main Loop] Cat switched unknown   -> Handsome  
2026-01-09 17:46:44.347,174900736,INFO,[Main Loop] Handsome: state=0 licks=0 bouts=0
2026-01-09 17:46:46.331,174902720,INFO,[Main Loop] Cat switched Handsome  -> unknown   
2026-01-09 17:46:46.331,174902720,INFO,[Main Loop] unknown: state=0 licks=0 bouts=1
2026-01-09 17:46:46.907,174903296,INFO,[Main Loop] Cat switched unknown   -> Handsome  
2026-01-09 17:46:46.907,174903296,INFO,[Main Loop] Handsome: state=0 licks=0 bouts=0
2026-01-09 17:46:49.659,174906048,INFO,[Main Loop] Cat switched Handsome  -> unknown   
2026-01-09 17:46:49.723,174906112,INFO,[Main Loop] unknown: state=0 licks=0 bouts=1
2026-01-09 17:46:59.067,174915456,INFO,[Main Loop] Cat switched unknown   -> Handsome  
2026-01-09 17:46:59.067,174915456,INFO,[Main Loop] Handsome: state=0 licks=0 bouts=0
2026-01-09 17:47:00.091,174916480,INFO,[Main Loop] Cat switched Handsome  -> unknown   
2026-01-09 17:47:00.091,174916480,INFO,[Main Loop] unknown: state=0 licks=0 bouts=1
2026-01-09 20:21:46.363,184202752,INFO,[Main Loop] unknown: state=1 licks=0 bouts=1
2026-01-09 20:21:47.259,184203648,INFO,[Main Loop] unknown: state=0 licks=0 bouts=1
2026-01-09 20:21:51.483,184207872,INFO,[Main Loop] unknown: state=1 licks=0 bouts=1
2026-01-09 20:21:52.251,184208640,INFO,[Main Loop] unknown: state=0 licks=0 bouts=1
2026-01-09 20:21:56.667,184213056,INFO,[Main Loop] unknown: state=1 licks=0 bouts=1
2026-01-09 20:21:57.435,184213824,INFO,[Main Loop] unknown: state=0 licks=0 bouts=1
2026-01-09 20:22:01.147,184217536,INFO,[Main Loop] unknown: state=1 licks=0 bouts=1
2026-01-09 20:22:01.659,184218048,INFO,[Main Loop] unknown: state=0 licks=0 bouts=1
2026-01-09 20:22:07.035,184223424,INFO,[Main Loop] unknown: state=1 licks=0 bouts=1
2026-01-09 20:22:07.867,184224256,INFO,[Main Loop] unknown: state=0 licks=0 bouts=1
2026-01-09 20:22:12.091,184228480,INFO,[Main Loop] unknown: state=1 licks=0 bouts=1
2026-01-09 20:22:12.347,184228736,INFO,[Main Loop] unknown: state=0 licks=0 bouts=1
2026-01-09 20:22:12.475,184228864,INFO,[Main Loop] unknown: state=1 licks=0 bouts=1
2026-01-09 20:22:12.539,184228928,INFO,[Main Loop] unknown: state=0 licks=1 bouts=1
2026-01-09 20:22:12.603,184228992,INFO,[Main Loop] unknown: state=1 licks=1 bouts=1
2026-01-09 20:22:12.731,184229120,INFO,[Main Loop] unknown: state=0 licks=2 bouts=1
2026-01-09 20:22:12.795,184229184,INFO,[Main Loop] unknown: state=1 licks=2 bouts=1
2026-01-09 20:22:12.923,184229312,INFO,[Main Loop] unknown: state=0 licks=3 bouts=1
2026-01-09 20:22:13.883,184230272,INFO,[Main Loop] unknown: state=0 licks=0 bouts=2
2026-01-09 20:22:17.083,184233472,INFO,[Main Loop] unknown: state=1 licks=0 bouts=2
2026-01-09 20:22:17.467,184233856,INFO,[Main Loop] unknown: state=0 licks=0 bouts=2
2026-01-09 20:22:17.595,184233984,INFO,[Main Loop] unknown: state=1 licks=0 bouts=2
2026-01-09 20:22:17.723,184234112,INFO,[Main Loop] unknown: state=0 licks=1 bouts=2
2026-01-09 20:22:18.747,184235136,INFO,[Main Loop] unknown: state=0 licks=0 bouts=2
2026-01-09 20:22:21.883,184238272,INFO,[Main Loop] unknown: state=1 licks=0 bouts=2
2026-01-09 20:22:22.011,184238400,INFO,[Main Loop] unknown: state=0 licks=1 bouts=2
2026-01-09 20:22:22.203,184238592,INFO,[Main Loop] unknown: state=1 licks=1 bouts=2
2026-01-09 20:22:22.267,184238656,INFO,[Main Loop] unknown: state=0 licks=2 bouts=2
2026-01-09 20:22:23.291,184239680,INFO,[Main Loop] unknown: state=0 licks=0 bouts=2
2026-01-09 20:22:27.451,184243840,INFO,[Main Loop] unknown: state=1 licks=0 bouts=2
2026-01-09 20:22:27.643,184244032,INFO,[Main Loop] unknown: state=0 licks=0 bouts=2
2026-01-09 20:22:27.771,184244160,INFO,[Main Loop] unknown: state=1 licks=0 bouts=2
2026-01-09 20:22:27.899,184244288,INFO,[Main Loop] unknown: state=0 licks=1 bouts=2
2026-01-09 20:22:28.923,184245312,INFO,[Main Loop] unknown: state=0 licks=0 bouts=2
2026-01-09 20:22:32.187,184248576,INFO,[Main Loop] unknown: state=1 licks=0 bouts=2
2026-01-09 20:22:32.443,184248832,INFO,[Main Loop] unknown: state=0 licks=0 bouts=2
2026-01-09 20:22:32.699,184249088,INFO,[Main Loop] unknown: state=1 licks=0 bouts=2
2026-01-09 20:22:32.891,184249280,INFO,[Main Loop] unknown: state=0 licks=0 bouts=2
2026-01-09 20:22:36.795,184253184,INFO,[Main Loop] unknown: state=1 licks=0 bouts=2
2026-01-09 20:22:36.987,184253376,INFO,[Main Loop] unknown: state=0 licks=0 bouts=2
2026-01-09 20:22:42.747,184259136,INFO,[Main Loop] unknown: state=1 licks=0 bouts=2
2026-01-09 20:22:42.939,184259328,INFO,[Main Loop] unknown: state=0 licks=0 bouts=2
2026-01-09 20:22:50.363,184266752,INFO,[Main Loop] unknown: state=1 licks=0 bouts=2
2026-01-09 20:22:50.491,184266880,INFO,[Main Loop] unknown: state=0 licks=1 bouts=2
2026-01-09 20:22:50.811,184267200,INFO,[Main Loop] unknown: state=1 licks=1 bouts=2
2026-01-09 20:22:50.875,184267264,INFO,[Main Loop] unknown: state=0 licks=2 bouts=2
2026-01-09 20:22:51.963,184268352,INFO,[Main Loop] unknown: state=0 licks=0 bouts=2
2026-01-09 20:22:56.315,184272704,INFO,[Main Loop] unknown: state=1 licks=0 bouts=2
2026-01-09 20:22:56.443,184272832,INFO,[Main Loop] unknown: state=0 licks=1 bouts=2
2026-01-09 20:22:57.467,184273856,INFO,[Main Loop] unknown: state=0 licks=0 bouts=2
2026-01-09 20:23:00.731,184277120,INFO,[Main Loop] unknown: state=1 licks=0 bouts=2
2026-01-09 20:23:00.923,184277312,INFO,[Main Loop] unknown: state=0 licks=0 bouts=2
2026-01-09 20:23:07.515,184283904,INFO,[Main Loop] unknown: state=1 licks=0 bouts=2
2026-01-09 20:23:07.771,184284160,INFO,[Main Loop] unknown: state=0 licks=0 bouts=2
2026-01-09 20:23:11.355,184287744,INFO,[Main Loop] unknown: state=1 licks=0 bouts=2
2026-01-09 20:23:11.483,184287872,INFO,[Main Loop] unknown: state=0 licks=1 bouts=2
2026-01-09 20:23:12.507,184288896,INFO,[Main Loop] unknown: state=0 licks=0 bouts=2
2026-01-10 05:51:24.667,218381056,INFO,[Main Loop] Cat switched unknown   -> Handsome  
2026-01-10 05:51:24.731,218381120,INFO,[Main Loop] Handsome: state=0 licks=0 bouts=0
2026-01-10 05:51:25.691,218382080,INFO,[Main Loop] Cat switched Handsome  -> unknown   
2026-01-10 05:51:25.691,218382080,INFO,[Main Loop] unknown: state=0 licks=0 bouts=2
2026-01-10 17:55:50.139,261846528,INFO,[Main Loop] unknown: state=1 licks=0 bouts=2
2026-01-10 17:55:50.971,261847360,INFO,[Main Loop] unknown: state=0 licks=0 bouts=2
2026-01-10 17:55:55.963,261852352,INFO,[Main Loop] unknown: state=1 licks=0 bouts=2
2026-01-10 17:55:56.859,261853248,INFO,[Main Loop] unknown: state=0 licks=0 bouts=2
2026-01-10 17:56:00.827,261857216,INFO,[Main Loop] unknown: state=1 licks=0 bouts=2
2026-01-10 17:56:02.107,261858496,INFO,[Main Loop] unknown: state=0 licks=0 bouts=2
2026-01-10 17:56:07.035,261863424,INFO,[Main Loop] unknown: state=1 licks=0 bouts=2
2026-01-10 17:56:07.867,261864256,INFO,[Main Loop] unknown: state=0 licks=0 bouts=2
2026-01-10 17:56:11.707,261868096,INFO,[Main Loop] unknown: state=1 licks=0 bouts=2
2026-01-10 17:56:12.411,261868800,INFO,[Main Loop] unknown: state=0 licks=0 bouts=2
2026-01-10 17:56:16.379,261872768,INFO,[Main Loop] unknown: state=1 licks=0 bouts=2
2026-01-10 17:56:17.659,261874048,INFO,[Main Loop] unknown: state=0 licks=0 bouts=2
2026-01-10 17:56:21.499,261877888,INFO,[Main Loop] unknown: state=1 licks=0 bouts=2
2026-01-10 17:56:22.331,261878720,INFO,[Main Loop] unknown: state=0 licks=0 bouts=2
2026-01-10 17:56:26.107,261882496,INFO,[Main Loop] unknown: state=1 licks=0 bouts=2
2026-01-10 17:56:26.747,261883136,INFO,[Main Loop] unknown: state=0 licks=0 bouts=2
2026-01-10 17:56:52.219,261908608,INFO,[Main Loop] unknown: state=1 licks=0 bouts=2
2026-01-10 17:56:53.179,261909568,INFO,[Main Loop] unknown: state=0 licks=0 bouts=2
2026-01-10 17:56:57.403,261913792,INFO,[Main Loop] unknown: state=1 licks=0 bouts=2
2026-01-10 17:56:57.531,261913920,INFO,[Main Loop] unknown: state=0 licks=1 bouts=2
2026-01-10 17:56:57.659,261914048,INFO,[Main Loop] unknown: state=1 licks=1 bouts=2
2026-01-10 17:56:57.851,261914240,INFO,[Main Loop] unknown: state=0 licks=1 bouts=2
2026-01-10 17:56:57.979,261914368,INFO,[Main Loop] unknown: state=1 licks=1 bouts=2
2026-01-10 17:56:58.427,261914816,INFO,[Main Loop] unknown: state=0 licks=1 bouts=2
2026-01-10 17:56:59.387,261915776,INFO,[Main Loop] unknown: state=0 licks=0 bouts=2
2026-01-10 17:57:03.803,261920192,INFO,[Main Loop] unknown: state=1 licks=0 bouts=2
2026-01-10 17:57:04.443,261920832,INFO,[Main Loop] unknown: state=0 licks=0 bouts=2
2026-01-10 17:57:04.507,261920896,INFO,[Main Loop] unknown: state=1 licks=0 bouts=2
2026-01-10 17:57:04.635,261921024,INFO,[Main Loop] unknown: state=0 licks=1 bouts=2
2026-01-10 17:57:05.659,261922048,INFO,[Main Loop] unknown: state=0 licks=0 bouts=2
2026-01-10 17:57:08.795,261925184,INFO,[Main Loop] unknown: state=1 licks=0 bouts=2
2026-01-10 17:57:09.435,261925824,INFO,[Main Loop] unknown: state=0 licks=0 bouts=2
2026-01-10 18:32:23.611,264040000,INFO,[Main Loop] unknown: state=1 licks=0 bouts=2
2026-01-10 18:32:24.955,264041344,INFO,[Main Loop] unknown: state=0 licks=0 bouts=2
2026-01-10 18:32:30.203,264046592,INFO,[Main Loop] unknown: state=1 licks=0 bouts=2
2026-01-10 18:32:31.227,264047616,INFO,[Main Loop] unknown: state=0 licks=0 bouts=2
2026-01-10 18:32:35.323,264051712,INFO,[Main Loop] unknown: state=1 licks=0 bouts=2
2026-01-10 18:32:36.219,264052608,INFO,[Main Loop] unknown: state=0 licks=0 bouts=2
2026-01-10 18:32:41.467,264057856,INFO,[Main Loop] unknown: state=1 licks=0 bouts=2
2026-01-10 18:32:42.363,264058752,INFO,[Main Loop] unknown: state=0 licks=0 bouts=2
2026-01-10 18:32:47.227,264063616,INFO,[Main Loop] unknown: state=1 licks=0 bouts=2
2026-01-10 18:32:47.931,264064320,INFO,[Main Loop] unknown: state=0 licks=0 bouts=2
2026-01-10 18:32:51.707,264068096,INFO,[Main Loop] unknown: state=1 licks=0 bouts=2
2026-01-10 18:32:51.835,264068224,INFO,[Main Loop] unknown: state=0 licks=1 bouts=2
2026-01-10 18:32:51.963,264068352,INFO,[Main Loop] unknown: state=1 licks=1 bouts=2
2026-01-10 18:32:52.987,264069376,INFO,[Main Loop] unknown: state=0 licks=1 bouts=2
2026-01-10 18:32:54.075,264070464,INFO,[Main Loop] unknown: state=0 licks=0 bouts=2
2026-01-10 18:32:57.467,264073856,INFO,[Main Loop] unknown: state=1 licks=0 bouts=2
2026-01-10 18:32:58.491,264074880,INFO,[Main Loop] unknown: state=0 licks=0 bouts=2
2026-01-10 18:33:02.331,264078720,INFO,[Main Loop] unknown: state=1 licks=0 bouts=2
2026-01-10 18:33:03.227,264079616,INFO,[Main Loop] unknown: state=0 licks=0 bouts=2
2026-01-10 18:33:08.731,264085120,INFO,[Main Loop] unknown: state=1 licks=0 bouts=2
2026-01-10 18:33:09.307,264085696,INFO,[Main Loop] unknown: state=0 licks=0 bouts=2
2026-01-10 18:33:15.195,264091584,INFO,[Main Loop] unknown: state=1 licks=0 bouts=2
2026-01-10 18:33:15.963,264092352,INFO,[Main Loop] unknown: state=0 licks=0 bouts=2
2026-01-10 18:33:16.091,264092480,INFO,[Main Loop] unknown: state=1 licks=0 bouts=2
2026-01-10 18:33:16.219,264092608,INFO,[Main Loop] unknown: state=0 licks=1 bouts=2
2026-01-10 18:33:17.243,264093632,INFO,[Main Loop] unknown: state=0 licks=0 bouts=2
2026-01-10 18:33:20.827,264097216,INFO,[Main Loop] unknown: state=1 licks=0 bouts=2
2026-01-10 18:33:21.467,264097856,INFO,[Main Loop] unknown: state=0 licks=0 bouts=2
2026-01-10 18:33:26.075,264102464,INFO,[Main Loop] unknown: state=1 licks=0 bouts=2
2026-01-10 18:33:26.331,264102720,INFO,[Main Loop] unknown: state=0 licks=0 bouts=2
2026-01-10 18:33:26.459,264102848,INFO,[Main Loop] unknown: state=1 licks=0 bouts=2
2026-01-10 18:33:26.587,264102976,INFO,[Main Loop] unknown: state=0 licks=1 bouts=2
2026-01-10 18:33:27.611,264104000,INFO,[Main Loop] unknown: state=0 licks=0 bouts=2
2026-01-10 18:33:30.363,264106752,INFO,[Main Loop] unknown: state=1 licks=0 bouts=2
2026-01-10 18:33:30.619,264107008,INFO,[Main Loop] unknown: state=0 licks=0 bouts=2
2026-01-10 18:33:52.699,264129088,INFO,[Main Loop] unknown: state=1 licks=0 bouts=2
2026-01-10 18:33:53.083,264129472,INFO,[Main Loop] unknown: state=0 licks=0 bouts=2
2026-01-10 18:33:53.723,264130112,INFO,[Main Loop] unknown: state=1 licks=0 bouts=2
2026-01-10 18:33:53.979,264130368,INFO,[Main Loop] unknown: state=0 licks=0 bouts=2
2026-01-10 18:34:24.187,264160576,INFO,[Main Loop] unknown: state=1 licks=0 bouts=2
2026-01-10 18:34:24.315,264160704,INFO,[Main Loop] unknown: state=0 licks=1 bouts=2
2026-01-10 18:34:25.211,264161600,INFO,[Main Loop] unknown: state=0 licks=0 bouts=2
2026-01-10 20:26:53.307,270909696,INFO,[Main Loop] unknown: state=1 licks=0 bouts=2
2026-01-10 20:26:53.435,270909824,INFO,[Main Loop] unknown: state=0 licks=1 bouts=2
2026-01-10 20:26:54.459,270910848,INFO,[Main Loop] unknown: state=0 licks=0 bouts=2
2026-01-11 04:02:47.931,298264320,INFO,[Main Loop] Cat switched unknown   -> Handsome  
2026-01-11 04:02:47.931,298264320,INFO,[Main Loop] Handsome: state=0 licks=0 bouts=0
2026-01-11 04:02:48.955,298265344,INFO,[Main Loop] Cat switched Handsome  -> unknown   
2026-01-11 04:02:48.955,298265344,INFO,[Main Loop] unknown: state=0 licks=0 bouts=2
2026-01-11 14:53:00.411,337276800,INFO,[Main Loop] Cat switched unknown   -> Handsome  
2026-01-11 14:53:00.411,337276800,INFO,[Main Loop] Handsome: state=0 licks=0 bouts=0
2026-01-11 14:53:01.435,337277824,INFO,[Main Loop] Cat switched Handsome  -> unknown   
2026-01-11 14:53:01.435,337277824,INFO,[Main Loop] unknown: state=0 licks=0 bouts=2
2026-01-11 18:10:29.883,349126272,INFO,[Main Loop] Cat switched unknown   -> Handsome  
2026-01-11 18:10:29.883,349126272,INFO,[Main Loop] Handsome: state=0 licks=0 bouts=0
2026-01-11 18:10:30.907,349127296,INFO,[Main Loop] Cat switched Handsome  -> unknown   
2026-01-11 18:10:30.907,349127296,INFO,[Main Loop] unknown: state=0 licks=0 bouts=2
2026-01-11 18:11:17.499,349173888,INFO,[Main Loop] Cat switched unknown   -> Handsome  
2026-01-11 18:11:17.499,349173888,INFO,[Main Loop] Handsome: state=0 licks=0 bouts=0
2026-01-11 18:11:18.139,349174528,INFO,[Main Loop] Handsome: state=1 licks=0 bouts=0
2026-01-11 18:11:19.035,349175424,INFO,[Main Loop] Handsome: state=0 licks=0 bouts=0
2026-01-11 18:11:20.187,349176576,INFO,[Main Loop] Cat switched Handsome  -> unknown   
2026-01-11 18:11:20.187,349176576,INFO,[Main Loop] unknown: state=0 licks=0 bouts=2
2026-01-11 18:11:22.875,349179264,INFO,[Main Loop] unknown: state=1 licks=0 bouts=2
2026-01-11 18:11:23.899,349180288,INFO,[Main Loop] unknown: state=0 licks=0 bouts=2
2026-01-11 18:11:26.971,349183360,INFO,[Main Loop] unknown: state=1 licks=0 bouts=2
2026-01-11 18:11:27.995,349184384,INFO,[Main Loop] unknown: state=0 licks=0 bouts=2
2026-01-11 18:11:32.347,349188736,INFO,[Main Loop] unknown: state=1 licks=0 bouts=2
2026-01-11 18:11:34.139,349190528,INFO,[Main Loop] unknown: state=0 licks=0 bouts=2
2026-01-11 18:11:37.851,349194240,INFO,[Main Loop] unknown: state=1 licks=0 bouts=2
2026-01-11 18:11:39.131,349195520,INFO,[Main Loop] unknown: state=0 licks=0 bouts=2
2026-01-11 18:11:46.171,349202560,INFO,[Main Loop] unknown: state=1 licks=0 bouts=2
2026-01-11 18:11:47.451,349203840,INFO,[Main Loop] unknown: state=0 licks=0 bouts=2
2026-01-11 18:16:22.267,349478656,INFO,[Main Loop] unknown: state=1 licks=0 bouts=2
2026-01-11 18:16:23.035,349479424,INFO,[Main Loop] unknown: state=0 licks=0 bouts=2
2026-01-11 18:16:27.387,349483776,INFO,[Main Loop] unknown: state=1 licks=0 bouts=2
2026-01-11 18:16:28.411,349484800,INFO,[Main Loop] unknown: state=0 licks=0 bouts=2
2026-01-11 18:16:31.995,349488384,INFO,[Main Loop] unknown: state=1 licks=0 bouts=2
2026-01-11 18:16:32.763,349489152,INFO,[Main Loop] unknown: state=0 licks=0 bouts=2
2026-01-11 18:16:36.219,349492608,INFO,[Main Loop] unknown: state=1 licks=0 bouts=2
2026-01-11 18:16:37.371,349493760,INFO,[Main Loop] unknown: state=0 licks=0 bouts=2
2026-01-11 18:16:45.179,349501568,INFO,[Main Loop] Cat switched unknown   -> Handsome  
2026-01-11 18:16:45.179,349501568,INFO,[Main Loop] Handsome: state=0 licks=0 bouts=0
2026-01-11 18:16:46.203,349502592,INFO,[Main Loop] Cat switched Handsome  -> unknown   
2026-01-11 18:16:46.203,349502592,INFO,[Main Loop] unknown: state=0 licks=0 bouts=2
2026-01-11 18:56:11.387,351867776,INFO,[Main Loop] Cat switched unknown   -> Handsome  
2026-01-11 18:56:11.387,351867776,INFO,[Main Loop] Handsome: state=0 licks=0 bouts=0
2026-01-11 18:56:11.899,351868288,INFO,[Main Loop] Handsome: state=1 licks=0 bouts=0
2026-01-11 18:56:12.411,351868800,INFO,[Main Loop] Handsome: state=0 licks=0 bouts=0
2026-01-11 18:56:12.411,351868800,INFO,[Main Loop] Cat switched Handsome  -> unknown   
2026-01-11 18:56:12.411,351868800,INFO,[Main Loop] unknown: state=0 licks=0 bouts=2
2026-01-11 18:56:15.355,351871744,INFO,[Main Loop] unknown: state=1 licks=0 bouts=2
2026-01-11 18:56:16.507,351872896,INFO,[Main Loop] unknown: state=0 licks=0 bouts=2
2026-01-11 18:56:20.091,351876480,INFO,[Main Loop] unknown: state=1 licks=0 bouts=2
2026-01-11 18:56:22.267,351878656,INFO,[Main Loop] unknown: state=0 licks=0 bouts=2
2026-01-11 18:56:26.235,351882624,INFO,[Main Loop] unknown: state=1 licks=0 bouts=2
2026-01-11 18:56:27.259,351883648,INFO,[Main Loop] unknown: state=0 licks=0 bouts=2
2026-01-11 18:56:30.971,351887360,INFO,[Main Loop] Cat switched unknown   -> Handsome  
2026-01-11 18:56:30.971,351887360,INFO,[Main Loop] Handsome: state=0 licks=0 bouts=0
2026-01-11 18:56:31.995,351888384,INFO,[Main Loop] Cat switched Handsome  -> unknown   
2026-01-11 18:56:31.995,351888384,INFO,[Main Loop] unknown: state=0 licks=0 bouts=2
2026-01-11 18:58:11.963,351988352,INFO,[Main Loop] unknown: state=1 licks=0 bouts=2
2026-01-11 18:58:13.755,351990144,INFO,[Main Loop] unknown: state=0 licks=0 bouts=2
2026-01-11 18:58:18.619,351995008,INFO,[Main Loop] unknown: state=1 licks=0 bouts=2
2026-01-11 18:58:19.515,351995904,INFO,[Main Loop] unknown: state=0 licks=0 bouts=2
2026-01-11 18:58:22.587,351998976,INFO,[Main Loop] unknown: state=1 licks=0 bouts=2
2026-01-11 18:58:23.611,352000000,INFO,[Main Loop] unknown: state=0 licks=0 bouts=2
2026-01-11 18:58:27.451,352003840,INFO,[Main Loop] unknown: state=1 licks=0 bouts=2
2026-01-11 18:58:28.347,352004736,INFO,[Main Loop] unknown: state=0 licks=0 bouts=2
2026-01-11 18:58:33.211,352009600,INFO,[Main Loop] unknown: state=1 licks=0 bouts=2
2026-01-11 18:58:34.363,352010752,INFO,[Main Loop] unknown: state=0 licks=0 bouts=2
2026-01-11 18:58:37.819,352014208,INFO,[Main Loop] unknown: state=1 licks=0 bouts=2
2026-01-11 18:58:38.843,352015232,INFO,[Main Loop] unknown: state=0 licks=0 bouts=2
2026-01-11 18:58:42.811,352019200,INFO,[Main Loop] unknown: state=1 licks=0 bouts=2
2026-01-11 18:58:43.963,352020352,INFO,[Main Loop] unknown: state=0 licks=0 bouts=2
2026-01-11 18:58:47.675,352024064,INFO,[Main Loop] unknown: state=1 licks=0 bouts=2
2026-01-11 18:58:48.827,352025216,INFO,[Main Loop] unknown: state=0 licks=0 bouts=2
2026-01-11 18:58:52.539,352028928,INFO,[Main Loop] unknown: state=1 licks=0 bouts=2
2026-01-11 18:58:53.947,352030336,INFO,[Main Loop] unknown: state=0 licks=0 bouts=2
2026-01-11 18:58:57.019,352033408,INFO,[Main Loop] unknown: state=1 licks=0 bouts=2
2026-01-11 18:58:58.683,352035072,INFO,[Main Loop] unknown: state=0 licks=0 bouts=2
2026-01-11 18:59:05.467,352041856,INFO,[Main Loop] unknown: state=1 licks=0 bouts=2
2026-01-11 18:59:07.003,352043392,INFO,[Main Loop] unknown: state=0 licks=0 bouts=2
2026-01-11 18:59:12.379,352048768,INFO,[Main Loop] unknown: state=1 licks=0 bouts=2
2026-01-11 18:59:13.659,352050048,INFO,[Main Loop] unknown: state=0 licks=0 bouts=2
2026-01-11 18:59:17.755,352054144,INFO,[Main Loop] unknown: state=1 licks=0 bouts=2
2026-01-11 18:59:19.163,352055552,INFO,[Main Loop] unknown: state=0 licks=0 bouts=2
2026-01-11 18:59:22.491,352058880,INFO,[Main Loop] Cat switched unknown   -> Handsome  
2026-01-11 18:59:22.491,352058880,INFO,[Main Loop] Handsome: state=0 licks=0 bouts=0
2026-01-11 18:59:23.515,352059904,INFO,[Main Loop] Cat switched Handsome  -> unknown   
2026-01-11 18:59:23.515,352059904,INFO,[Main Loop] unknown: state=0 licks=0 bouts=2
2026-01-11 19:41:56.091,354612480,INFO,[Main Loop] unknown: state=1 licks=0 bouts=2
2026-01-11 19:41:56.219,354612608,INFO,[Main Loop] unknown: state=0 licks=1 bouts=2
2026-01-11 19:41:57.243,354613632,INFO,[Main Loop] unknown: state=0 licks=0 bouts=2
2026-01-11 20:13:51.867,356528256,INFO,[Main Loop] unknown: state=1 licks=0 bouts=2
2026-01-11 20:13:51.995,356528384,INFO,[Main Loop] unknown: state=0 licks=1 bouts=2
2026-01-11 20:13:53.019,356529408,INFO,[Main Loop] unknown: state=0 licks=0 bouts=2
2026-01-11 23:34:09.531,368545920,INFO,[Main Loop] unknown: state=1 licks=0 bouts=2
2026-01-11 23:34:09.659,368546048,INFO,[Main Loop] unknown: state=0 licks=1 bouts=2
2026-01-11 23:34:10.683,368547072,INFO,[Main Loop] unknown: state=0 licks=0 bouts=2
2026-01-12 00:15:32.091,371028480,INFO,[Main Loop] unknown: state=1 licks=0 bouts=2
2026-01-12 00:15:32.219,371028608,INFO,[Main Loop] unknown: state=0 licks=1 bouts=2
2026-01-12 00:15:33.243,371029632,INFO,[Main Loop] unknown: state=0 licks=0 bouts=2
2026-01-12 01:41:01.563,376157952,INFO,[Main Loop] unknown: state=1 licks=0 bouts=2
2026-01-12 01:41:01.691,376158080,INFO,[Main Loop] unknown: state=0 licks=1 bouts=2
2026-01-12 01:41:02.715,376159104,INFO,[Main Loop] unknown: state=0 licks=0 bouts=2
2026-01-12 03:58:41.787,384418176,INFO,[Main Loop] unknown: state=1 licks=0 bouts=2
2026-01-12 03:58:41.915,384418304,INFO,[Main Loop] unknown: state=0 licks=1 bouts=2
2026-01-12 03:58:42.939,384419328,INFO,[Main Loop] unknown: state=0 licks=0 bouts=2
2026-01-12 04:09:59.163,385095552,INFO,[Main Loop] unknown: state=1 licks=0 bouts=2
2026-01-12 04:09:59.291,385095680,INFO,[Main Loop] unknown: state=0 licks=1 bouts=2
2026-01-12 04:10:00.315,385096704,INFO,[Main Loop] unknown: state=0 licks=0 bouts=2
2026-01-12 04:21:41.883,385798272,INFO,[Main Loop] unknown: state=1 licks=0 bouts=2
2026-01-12 04:21:42.011,385798400,INFO,[Main Loop] unknown: state=0 licks=1 bouts=2
2026-01-12 04:21:43.035,385799424,INFO,[Main Loop] unknown: state=0 licks=0 bouts=2
2026-01-12 06:03:43.227,391919616,INFO,[Main Loop] unknown: state=1 licks=0 bouts=2
2026-01-12 06:03:43.355,391919744,INFO,[Main Loop] unknown: state=0 licks=1 bouts=2
2026-01-12 06:03:44.251,391920640,INFO,[Main Loop] unknown: state=0 licks=0 bouts=2
2026-01-12 06:34:37.947,393774336,INFO,[Main Loop] unknown: state=1 licks=0 bouts=2
2026-01-12 06:34:38.075,393774464,INFO,[Main Loop] unknown: state=0 licks=1 bouts=2
2026-01-12 06:34:39.099,393775488,INFO,[Main Loop] unknown: state=0 licks=0 bouts=2
2026-01-12 10:04:48.123,406384512,INFO,[Main Loop] unknown: state=1 licks=0 bouts=2
2026-01-12 10:04:48.251,406384640,INFO,[Main Loop] unknown: state=0 licks=1 bouts=2
2026-01-12 10:04:49.275,406385664,INFO,[Main Loop] unknown: state=0 licks=0 bouts=2
2026-01-12 10:33:44.187,408120576,INFO,[Main Loop] unknown: state=1 licks=0 bouts=2
2026-01-12 10:33:44.315,408120704,INFO,[Main Loop] unknown: state=0 licks=1 bouts=2
2026-01-12 10:33:45.339,408121728,INFO,[Main Loop] unknown: state=0 licks=0 bouts=2
2026-01-12 10:56:15.483,409471872,INFO,[Main Loop] unknown: state=1 licks=0 bouts=2
2026-01-12 10:56:15.611,409472000,INFO,[Main Loop] unknown: state=0 licks=1 bouts=2
2026-01-12 10:56:16.635,409473024,INFO,[Main Loop] unknown: state=0 licks=0 bouts=2
2026-01-12 12:10:29.115,413925504,INFO,[Main Loop] unknown: state=1 licks=0 bouts=2
2026-01-12 12:10:29.371,413925760,INFO,[Main Loop] unknown: state=0 licks=0 bouts=2
2026-01-12 12:18:28.347,414404736,INFO,[Main Loop] unknown: state=1 licks=0 bouts=2
2026-01-12 12:18:28.475,414404864,INFO,[Main Loop] unknown: state=0 licks=1 bouts=2
2026-01-12 12:18:29.499,414405888,INFO,[Main Loop] unknown: state=0 licks=0 bouts=2
2026-01-12 12:26:19.131,414875520,INFO,[Main Loop] unknown: state=1 licks=0 bouts=2
2026-01-12 12:26:19.259,414875648,INFO,[Main Loop] unknown: state=0 licks=1 bouts=2
2026-01-12 12:26:20.283,414876672,INFO,[Main Loop] unknown: state=0 licks=0 bouts=2
2026-01-12 12:33:07.323,415283712,INFO,[Main Loop] unknown: state=1 licks=0 bouts=2
2026-01-12 12:33:07.451,415283840,INFO,[Main Loop] unknown: state=0 licks=1 bouts=2
2026-01-12 12:33:08.475,415284864,INFO,[Main Loop] unknown: state=0 licks=0 bouts=2
2026-01-12 12:53:52.251,416528640,INFO,[Main Loop] unknown: state=1 licks=0 bouts=2
2026-01-12 12:53:52.379,416528768,INFO,[Main Loop] unknown: state=0 licks=1 bouts=2
2026-01-12 12:53:53.403,416529792,INFO,[Main Loop] unknown: state=0 licks=0 bouts=2
2026-01-12 13:37:20.379,419136768,INFO,[Main Loop] unknown: state=1 licks=0 bouts=2
2026-01-12 13:37:20.507,419136896,INFO,[Main Loop] unknown: state=0 licks=1 bouts=2
2026-01-12 13:37:21.531,419137920,INFO,[Main Loop] unknown: state=0 licks=0 bouts=2
2026-01-12 14:39:40.155,422876544,INFO,[Main Loop] unknown: state=1 licks=0 bouts=2
2026-01-12 14:39:40.283,422876672,INFO,[Main Loop] unknown: state=0 licks=1 bouts=2
2026-01-12 14:39:41.307,422877696,INFO,[Main Loop] unknown: state=0 licks=0 bouts=2
2026-01-12 14:46:09.147,423265536,INFO,[Main Loop] unknown: state=1 licks=0 bouts=2
2026-01-12 14:46:09.275,423265664,INFO,[Main Loop] unknown: state=0 licks=1 bouts=2
2026-01-12 14:46:10.299,423266688,INFO,[Main Loop] unknown: state=0 licks=0 bouts=2
2026-01-12 15:02:49.467,424265856,INFO,[Main Loop] unknown: state=1 licks=0 bouts=2
2026-01-12 15:02:49.723,424266112,INFO,[Main Loop] unknown: state=0 licks=0 bouts=2
2026-01-12 15:11:59.739,424816128,INFO,[Main Loop] unknown: state=1 licks=0 bouts=2
2026-01-12 15:11:59.867,424816256,INFO,[Main Loop] unknown: state=0 licks=1 bouts=2
2026-01-12 15:12:00.891,424817280,INFO,[Main Loop] unknown: state=0 licks=0 bouts=2
2026-01-12 15:25:54.939,425651328,INFO,[Main Loop] unknown: state=1 licks=0 bouts=2
2026-01-12 15:25:55.067,425651456,INFO,[Main Loop] unknown: state=0 licks=1 bouts=2
2026-01-12 15:25:56.091,425652480,INFO,[Main Loop] unknown: state=0 licks=0 bouts=2
2026-01-12 15:32:21.356,4800,INFO,[MySystemLog] Logging to SD: /sd/system.log
2026-01-12 15:32:21.372,4816,INFO,[Main Loop] System Log Started
2026-01-12 15:32:21.382,4826,INFO,"[Main Loop] all defined cats: ['bob', 'Handsome', 'henk']"
2026-01-12 15:32:21.880,5324,INFO,[Main Loop] Objects created
2026-01-12 15:32:21.890,5334,INFO,[Main Loop] Starting monitoring loop
2026-01-12 15:32:21.907,5351,INFO,[Main Loop] Cat switched None      -> unknown   
2026-01-12 15:32:21.921,5365,INFO,[Main Loop] unknown: state=0 licks=0 bouts=0
2026-01-12 15:32:26.360,10253,INFO,[MySystemLog] Logging to SD: /sd/system.log
2026-01-12 15:32:26.385,10278,INFO,[Main Loop] System Log Started
2026-01-12 15:32:26.398,10291,INFO,"[Main Loop] all defined cats: ['bob', 'Handsome', 'henk']"
2026-01-12 15:32:26.973,10866,INFO,[Main Loop] Objects created
2026-01-12 15:32:27.066,10959,INFO,[Main Loop] Starting monitoring loop
2026-01-12 15:32:27.084,10977,INFO,[Main Loop] Cat switched None      -> unknown   
2026-01-12 15:32:27.100,10993,INFO,[Main Loop] unknown: state=0 licks=0 bouts=0
2026-01-12 15:33:31.365,4754,INFO,[MySystemLog] Logging to SD: /sd/system.log
2026-01-12 15:33:31.380,4769,INFO,[Main Loop] System Log Started
2026-01-12 15:33:31.392,4781,INFO,"[Main Loop] all defined cats: ['bob', 'Handsome', 'henk']"
2026-01-12 15:33:31.868,5257,INFO,[Main Loop] Objects created
2026-01-12 15:33:31.878,5267,INFO,[Main Loop] Starting monitoring loop
2026-01-12 15:33:31.896,5285,INFO,[Main Loop] Cat switched None      -> unknown   
2026-01-12 15:33:31.913,5302,INFO,[Main Loop] unknown: state=0 licks=0 bouts=0
2026-01-12 15:33:39.372,12998,INFO,[MySystemLog] Logging to SD: /sd/system.log
2026-01-12 15:33:39.384,13010,INFO,[Main Loop] System Log Started
2026-01-12 15:33:39.396,13022,INFO,"[Main Loop] all defined cats: ['bob', 'Handsome', 'henk']"
2026-01-12 15:33:39.871,13497,INFO,[Main Loop] Objects created
2026-01-12 15:33:39.881,13507,INFO,[Main Loop] Starting monitoring loop
2026-01-12 15:33:39.899,13525,INFO,[Main Loop] Cat switched None      -> unknown   
2026-01-12 15:33:39.915,13541,INFO,[Main Loop] unknown: state=0 licks=0 bouts=0
2026-01-12 15:34:01.375,4764,INFO,[MySystemLog] Logging to SD: /sd/system.log
2026-01-12 15:34:01.390,4779,INFO,[Main Loop] System Log Started
2026-01-12 15:34:01.401,4790,INFO,"[Main Loop] all defined cats: ['bob', 'Handsome', 'henk']"
2026-01-12 15:34:01.876,5265,INFO,[Main Loop] Objects created
2026-01-12 15:34:01.889,5278,INFO,[Main Loop] Starting monitoring loop
2026-01-12 15:34:01.906,5295,INFO,[Main Loop] Cat switched None      -> unknown   
2026-01-12 15:34:01.923,5312,INFO,[Main Loop] unknown: state=0 licks=0 bouts=0
2026-01-12 15:34:10.379,13449,INFO,[MySystemLog] Logging to SD: /sd/system.log
2026-01-12 15:34:10.391,13461,INFO,[Main Loop] System Log Started
2026-01-12 15:34:10.403,13473,INFO,"[Main Loop] all defined cats: ['bob', 'Handsome', 'henk']"
2026-01-12 15:34:10.878,13948,INFO,[Main Loop] Objects created
2026-01-12 15:34:10.889,13959,INFO,[Main Loop] Starting monitoring loop
2026-01-12 15:34:10.905,13975,INFO,[Main Loop] Cat switched None      -> unknown   
2026-01-12 15:34:10.920,13990,INFO,[Main Loop] unknown: state=0 licks=0 bouts=0
2026-01-12 15:34:29.384,32442,INFO,[MySystemLog] Logging to SD: /sd/system.log
2026-01-12 15:34:29.397,32455,INFO,[Main Loop] System Log Started
2026-01-12 15:34:29.408,32466,INFO,"[Main Loop] all defined cats: ['bob', 'Handsome', 'henk']"
2026-01-12 15:34:29.884,32942,INFO,[Main Loop] Objects created
2026-01-12 15:34:29.894,32952,INFO,[Main Loop] Starting monitoring loop
2026-01-12 15:34:29.912,32970,INFO,[Main Loop] Cat switched None      -> unknown   
2026-01-12 15:34:29.927,32985,INFO,[Main Loop] unknown: state=0 licks=0 bouts=0
