2026-02-04 19:42:41.250,370802688,INFO,[Main Loop] unknown: state=0 licks=0 bouts=1
2026-02-04 19:42:45.218,370806656,INFO,[Main Loop] unknown: state=1 licks=0 bouts=1
2026-02-04 19:42:46.114,370807552,INFO,[Main Loop] unknown: state=0 licks=0 bouts=1
2026-02-04 19:42:49.954,370811392,INFO,[Main Loop] unknown: state=1 licks=0 bouts=1
2026-02-04 19:42:50.978,370812416,INFO,[Main Loop] unknown: state=0 licks=0 bouts=1
2026-02-04 19:42:51.106,370812544,INFO,[Main Loop] unknown: state=1 licks=0 bouts=1
2026-02-04 19:42:51.234,370812672,INFO,[Main Loop] unknown: state=0 licks=1 bouts=1
2026-02-04 19:42:52.258,370813696,INFO,[Main Loop] unknown: state=0 licks=0 bouts=1
2026-02-04 19:42:54.178,370815616,INFO,[Main Loop] unknown: state=1 licks=0 bouts=1
2026-02-04 19:42:54.306,370815744,INFO,[Main Loop] unknown: state=0 licks=1 bouts=1
2026-02-04 19:42:54.434,370815872,INFO,[Main Loop] unknown: state=1 licks=1 bouts=1
2026-02-04 19:42:54.946,370816384,INFO,[Main Loop] unknown: state=0 licks=1 bouts=1
2026-02-04 19:42:55.074,370816512,INFO,[Main Loop] unknown: state=1 licks=1 bouts=1
2026-02-04 19:42:55.202,370816640,INFO,[Main Loop] unknown: state=0 licks=2 bouts=1
2026-02-04 19:42:56.226,370817664,INFO,[Main Loop] unknown: state=0 licks=0 bouts=1
2026-02-04 19:42:58.402,370819840,INFO,[Main Loop] unknown: state=1 licks=0 bouts=1
2026-02-04 19:42:59.298,370820736,INFO,[Main Loop] unknown: state=0 licks=0 bouts=1
2026-02-04 19:42:59.426,370820864,INFO,[Main Loop] unknown: state=1 licks=0 bouts=1
2026-02-04 19:42:59.554,370820992,INFO,[Main Loop] unknown: state=0 licks=1 bouts=1
2026-02-04 19:42:59.682,370821120,INFO,[Main Loop] unknown: state=1 licks=1 bouts=1
2026-02-04 19:42:59.810,370821248,INFO,[Main Loop] unknown: state=0 licks=2 bouts=1
2026-02-04 19:43:00.834,370822272,INFO,[Main Loop] unknown: state=0 licks=0 bouts=1
2026-02-04 19:43:04.802,370826240,INFO,[Main Loop] unknown: state=1 licks=0 bouts=1
2026-02-04 19:43:06.210,370827648,INFO,[Main Loop] unknown: state=0 licks=0 bouts=1
2026-02-04 19:43:13.122,370834560,INFO,[Main Loop] unknown: state=1 licks=0 bouts=1
2026-02-04 19:43:14.786,370836224,INFO,[Main Loop] unknown: state=0 licks=0 bouts=1
2026-02-04 19:43:18.242,370839680,INFO,[Main Loop] unknown: state=1 licks=0 bouts=1
2026-02-04 19:43:19.778,370841216,INFO,[Main Loop] unknown: state=0 licks=0 bouts=1
2026-02-04 19:43:22.722,370844160,INFO,[Main Loop] unknown: state=1 licks=0 bouts=1
2026-02-04 19:43:23.618,370845056,INFO,[Main Loop] unknown: state=0 licks=0 bouts=1
2026-02-04 19:43:23.746,370845184,INFO,[Main Loop] unknown: state=1 licks=0 bouts=1
2026-02-04 19:43:23.874,370845312,INFO,[Main Loop] unknown: state=0 licks=1 bouts=1
2026-02-04 19:43:24.898,370846336,INFO,[Main Loop] unknown: state=0 licks=0 bouts=1
2026-02-04 19:43:26.818,370848256,INFO,[Main Loop] unknown: state=1 licks=0 bouts=1
2026-02-04 19:43:27.714,370849152,INFO,[Main Loop] unknown: state=0 licks=0 bouts=1
2026-02-04 19:43:27.842,370849280,INFO,[Main Loop] unknown: state=1 licks=0 bouts=1
2026-02-04 19:43:27.970,370849408,INFO,[Main Loop] unknown: state=0 licks=1 bouts=1
2026-02-04 19:43:28.994,370850432,INFO,[Main Loop] unknown: state=0 licks=0 bouts=1
2026-02-04 19:43:31.042,370852480,INFO,[Main Loop] unknown: state=1 licks=0 bouts=1
2026-02-04 19:43:32.322,370853760,INFO,[Main Loop] unknown: state=0 licks=0 bouts=1
2026-02-04 19:43:32.450,370853888,INFO,[Main Loop] unknown: state=1 licks=0 bouts=1
2026-02-04 19:43:32.578,370854016,INFO,[Main Loop] unknown: state=0 licks=1 bouts=1
2026-02-04 19:43:33.602,370855040,INFO,[Main Loop] unknown: state=0 licks=0 bouts=1
2026-02-04 19:43:36.290,370857728,INFO,[Main Loop] unknown: state=1 licks=0 bouts=1
2026-02-04 19:43:37.698,370859136,INFO,[Main Loop] unknown: state=0 licks=0 bouts=1
2026-02-04 19:43:41.282,370862720,INFO,[Main Loop] unknown: state=1 licks=0 bouts=1
2026-02-04 19:43:42.690,370864128,INFO,[Main Loop] unknown: state=0 licks=0 bouts=1
2026-02-04 19:43:47.554,370868992,INFO,[Main Loop] unknown: state=1 licks=0 bouts=1
2026-02-04 19:43:48.834,370870272,INFO,[Main Loop] unknown: state=0 licks=0 bouts=1
2026-02-04 19:43:48.962,370870400,INFO,[Main Loop] unknown: state=1 licks=0 bouts=1
2026-02-04 19:43:49.090,370870528,INFO,[Main Loop] unknown: state=0 licks=1 bouts=1
2026-02-04 19:43:50.114,370871552,INFO,[Main Loop] unknown: state=0 licks=0 bouts=1
2026-02-04 19:43:53.186,370874624,INFO,[Main Loop] unknown: state=1 licks=0 bouts=1
2026-02-04 19:43:54.338,370875776,INFO,[Main Loop] unknown: state=0 licks=0 bouts=1
2026-02-04 19:43:54.466,370875904,INFO,[Main Loop] unknown: state=1 licks=0 bouts=1
2026-02-04 19:43:54.594,370876032,INFO,[Main Loop] unknown: state=0 licks=1 bouts=1
2026-02-04 19:43:55.618,370877056,INFO,[Main Loop] unknown: state=0 licks=0 bouts=1
2026-02-04 19:43:58.050,370879488,INFO,[Main Loop] unknown: state=1 licks=0 bouts=1
2026-02-04 19:43:59.330,370880768,INFO,[Main Loop] unknown: state=0 licks=0 bouts=1
2026-02-04 19:44:03.426,370884864,INFO,[Main Loop] unknown: state=1 licks=0 bouts=1
2026-02-04 19:44:04.450,370885888,INFO,[Main Loop] unknown: state=0 licks=0 bouts=1
2026-02-04 19:44:07.394,370888832,INFO,[Main Loop] unknown: state=1 licks=0 bouts=1
2026-02-04 19:44:08.546,370889984,INFO,[Main Loop] unknown: state=0 licks=0 bouts=1
2026-02-04 19:44:16.866,370898304,INFO,[Main Loop] unknown: state=1 licks=0 bouts=1
2026-02-04 19:44:18.402,370899840,INFO,[Main Loop] unknown: state=0 licks=0 bouts=1
2026-02-04 19:44:20.962,370902400,INFO,[Main Loop] unknown: state=1 licks=0 bouts=1
2026-02-04 19:44:21.730,370903168,INFO,[Main Loop] unknown: state=0 licks=0 bouts=1
2026-02-04 19:44:21.858,370903296,INFO,[Main Loop] unknown: state=1 licks=0 bouts=1
2026-02-04 19:44:21.986,370903424,INFO,[Main Loop] unknown: state=0 licks=1 bouts=1
2026-02-04 19:44:22.114,370903552,INFO,[Main Loop] unknown: state=1 licks=1 bouts=1
2026-02-04 19:44:22.242,370903680,INFO,[Main Loop] unknown: state=0 licks=2 bouts=1
2026-02-04 19:44:22.370,370903808,INFO,[Main Loop] unknown: state=1 licks=2 bouts=1
2026-02-04 19:44:22.498,370903936,INFO,[Main Loop] unknown: state=0 licks=3 bouts=1
2026-02-04 19:44:23.522,370904960,INFO,[Main Loop] unknown: state=0 licks=0 bouts=2
2026-02-04 19:44:25.058,370906496,INFO,[Main Loop] unknown: state=1 licks=0 bouts=2
2026-02-04 19:44:26.082,370907520,INFO,[Main Loop] unknown: state=0 licks=0 bouts=2
2026-02-04 19:44:26.210,370907648,INFO,[Main Loop] unknown: state=1 licks=0 bouts=2
2026-02-04 19:44:26.338,370907776,INFO,[Main Loop] unknown: state=0 licks=1 bouts=2
2026-02-04 19:44:27.234,370908672,INFO,[Main Loop] unknown: state=1 licks=1 bouts=2
2026-02-04 19:44:27.362,370908800,INFO,[Main Loop] unknown: state=0 licks=2 bouts=2
2026-02-04 19:44:28.386,370909824,INFO,[Main Loop] unknown: state=0 licks=0 bouts=2
2026-02-04 19:44:28.770,370910208,INFO,[Main Loop] unknown: state=1 licks=0 bouts=2
2026-02-04 19:44:29.538,370910976,INFO,[Main Loop] unknown: state=0 licks=0 bouts=2
2026-02-04 19:44:29.666,370911104,INFO,[Main Loop] unknown: state=1 licks=0 bouts=2
2026-02-04 19:44:29.794,370911232,INFO,[Main Loop] unknown: state=0 licks=1 bouts=2
2026-02-04 19:44:30.818,370912256,INFO,[Main Loop] unknown: state=0 licks=0 bouts=2
2026-02-04 19:44:33.122,370914560,INFO,[Main Loop] unknown: state=1 licks=0 bouts=2
2026-02-04 19:44:34.530,370915968,INFO,[Main Loop] unknown: state=0 licks=0 bouts=2
2026-02-04 19:44:37.602,370919040,INFO,[Main Loop] unknown: state=1 licks=0 bouts=2
2026-02-04 19:44:39.138,370920576,INFO,[Main Loop] unknown: state=0 licks=0 bouts=2
2026-02-04 19:44:41.954,370923392,INFO,[Main Loop] unknown: state=1 licks=0 bouts=2
2026-02-04 19:44:43.234,370924672,INFO,[Main Loop] unknown: state=0 licks=0 bouts=2
2026-02-04 19:44:47.330,370928768,INFO,[Main Loop] unknown: state=1 licks=0 bouts=2
2026-02-04 19:44:48.482,370929920,INFO,[Main Loop] unknown: state=0 licks=0 bouts=2
2026-02-04 19:44:48.610,370930048,INFO,[Main Loop] unknown: state=1 licks=0 bouts=2
2026-02-04 19:44:48.738,370930176,INFO,[Main Loop] unknown: state=0 licks=1 bouts=2
2026-02-04 19:44:49.762,370931200,INFO,[Main Loop] unknown: state=0 licks=0 bouts=2
2026-02-04 19:44:57.314,370938752,INFO,[Main Loop] unknown: state=1 licks=0 bouts=2
2026-02-04 19:44:58.722,370940160,INFO,[Main Loop] unknown: state=0 licks=0 bouts=2
2026-02-04 19:46:28.834,371030272,INFO,[Main Loop] unknown: state=1 licks=0 bouts=2
2026-02-04 19:46:30.498,371031936,INFO,[Main Loop] unknown: state=0 licks=0 bouts=2
2026-02-04 19:46:36.130,371037568,INFO,[Main Loop] unknown: state=1 licks=0 bouts=2
2026-02-04 19:46:37.410,371038848,INFO,[Main Loop] unknown: state=0 licks=0 bouts=2
2026-02-04 19:46:41.250,371042688,INFO,[Main Loop] unknown: state=1 licks=0 bouts=2
2026-02-04 19:46:42.402,371043840,INFO,[Main Loop] unknown: state=0 licks=0 bouts=2
2026-02-04 19:46:46.370,371047808,INFO,[Main Loop] unknown: state=1 licks=0 bouts=2
2026-02-04 19:46:47.394,371048832,INFO,[Main Loop] unknown: state=0 licks=0 bouts=2
2026-02-04 19:46:47.522,371048960,INFO,[Main Loop] unknown: state=1 licks=0 bouts=2
2026-02-04 19:46:47.650,371049088,INFO,[Main Loop] unknown: state=0 licks=1 bouts=2
2026-02-04 19:46:48.674,371050112,INFO,[Main Loop] unknown: state=0 licks=0 bouts=2
2026-02-04 19:46:53.154,371054592,INFO,[Main Loop] unknown: state=1 licks=0 bouts=2
2026-02-04 19:46:54.562,371056000,INFO,[Main Loop] unknown: state=0 licks=0 bouts=2
2026-02-04 19:46:58.658,371060096,INFO,[Main Loop] unknown: state=1 licks=0 bouts=2
2026-02-04 19:46:59.810,371061248,INFO,[Main Loop] unknown: state=0 licks=0 bouts=2
2026-02-04 19:47:03.906,371065344,INFO,[Main Loop] unknown: state=1 licks=0 bouts=2
2026-02-04 19:47:05.058,371066496,INFO,[Main Loop] unknown: state=0 licks=0 bouts=2
2026-02-04 19:47:05.314,371066752,INFO,[Main Loop] unknown: state=1 licks=0 bouts=2
2026-02-04 19:47:05.442,371066880,INFO,[Main Loop] unknown: state=0 licks=1 bouts=2
2026-02-04 19:47:06.466,371067904,INFO,[Main Loop] unknown: state=0 licks=0 bouts=2
2026-02-04 19:47:09.026,371070464,INFO,[Main Loop] unknown: state=1 licks=0 bouts=2
2026-02-04 19:47:09.922,371071360,INFO,[Main Loop] unknown: state=0 licks=0 bouts=2
2026-02-04 19:47:10.050,371071488,INFO,[Main Loop] unknown: state=1 licks=0 bouts=2
2026-02-04 19:47:10.178,371071616,INFO,[Main Loop] unknown: state=0 licks=1 bouts=2
2026-02-04 19:47:11.202,371072640,INFO,[Main Loop] unknown: state=0 licks=0 bouts=2
2026-02-04 19:47:13.762,371075200,INFO,[Main Loop] unknown: state=1 licks=0 bouts=2
2026-02-04 19:47:14.530,371075968,INFO,[Main Loop] unknown: state=0 licks=0 bouts=2
2026-02-04 19:47:20.162,371081600,INFO,[Main Loop] unknown: state=1 licks=0 bouts=2
2026-02-04 19:47:21.058,371082496,INFO,[Main Loop] unknown: state=0 licks=0 bouts=2
2026-02-04 19:47:24.514,371085952,INFO,[Main Loop] unknown: state=1 licks=0 bouts=2
2026-02-04 19:47:25.410,371086848,INFO,[Main Loop] unknown: state=0 licks=0 bouts=2
2026-02-04 19:47:25.666,371087104,INFO,[Main Loop] unknown: state=1 licks=0 bouts=2
2026-02-04 19:47:25.794,371087232,INFO,[Main Loop] unknown: state=0 licks=1 bouts=2
2026-02-04 19:47:26.818,371088256,INFO,[Main Loop] unknown: state=0 licks=0 bouts=2
2026-02-04 19:47:28.738,371090176,INFO,[Main Loop] unknown: state=1 licks=0 bouts=2
2026-02-04 19:47:30.274,371091712,INFO,[Main Loop] unknown: state=0 licks=0 bouts=2
2026-02-04 19:47:33.730,371095168,INFO,[Main Loop] unknown: state=1 licks=0 bouts=2
2026-02-04 19:47:33.858,371095296,INFO,[Main Loop] unknown: state=0 licks=1 bouts=2
2026-02-04 19:47:34.882,371096320,INFO,[Main Loop] unknown: state=0 licks=0 bouts=2
2026-02-04 19:47:35.778,371097216,INFO,[Main Loop] unknown: state=1 licks=0 bouts=2
2026-02-04 19:47:36.802,371098240,INFO,[Main Loop] unknown: state=0 licks=0 bouts=2
2026-02-04 19:47:43.586,371105024,INFO,[Main Loop] unknown: state=1 licks=0 bouts=2
2026-02-04 19:47:44.866,371106304,INFO,[Main Loop] unknown: state=0 licks=0 bouts=2
2026-02-04 19:47:49.346,371110784,INFO,[Main Loop] unknown: state=1 licks=0 bouts=2
2026-02-04 19:47:50.242,371111680,INFO,[Main Loop] unknown: state=0 licks=0 bouts=2
2026-02-04 19:47:54.466,371115904,INFO,[Main Loop] unknown: state=1 licks=0 bouts=2
2026-02-04 19:47:55.362,371116800,INFO,[Main Loop] unknown: state=0 licks=0 bouts=2
2026-02-04 19:47:55.490,371116928,INFO,[Main Loop] unknown: state=1 licks=0 bouts=2
2026-02-04 19:47:55.746,371117184,INFO,[Main Loop] unknown: state=0 licks=0 bouts=2
2026-02-04 19:48:00.610,371122048,INFO,[Main Loop] unknown: state=1 licks=0 bouts=2
2026-02-04 19:48:01.762,371123200,INFO,[Main Loop] unknown: state=0 licks=0 bouts=2
2026-02-04 19:48:01.890,371123328,INFO,[Main Loop] unknown: state=1 licks=0 bouts=2
2026-02-04 19:48:02.018,371123456,INFO,[Main Loop] unknown: state=0 licks=1 bouts=2
2026-02-04 19:48:03.042,371124480,INFO,[Main Loop] unknown: state=0 licks=0 bouts=2
2026-02-04 19:48:05.346,371126784,INFO,[Main Loop] unknown: state=1 licks=0 bouts=2
2026-02-04 19:48:06.498,371127936,INFO,[Main Loop] unknown: state=0 licks=0 bouts=2
2026-02-04 19:48:09.954,371131392,INFO,[Main Loop] unknown: state=1 licks=0 bouts=2
2026-02-04 19:48:11.106,371132544,INFO,[Main Loop] unknown: state=0 licks=0 bouts=2
2026-02-04 19:48:15.330,371136768,INFO,[Main Loop] unknown: state=1 licks=0 bouts=2
2026-02-04 19:48:16.098,371137536,INFO,[Main Loop] unknown: state=0 licks=0 bouts=2
2026-02-04 19:48:16.226,371137664,INFO,[Main Loop] unknown: state=1 licks=0 bouts=2
2026-02-04 19:48:16.354,371137792,INFO,[Main Loop] unknown: state=0 licks=1 bouts=2
2026-02-04 19:48:17.378,371138816,INFO,[Main Loop] unknown: state=0 licks=0 bouts=2
2026-02-04 19:48:21.090,371142528,INFO,[Main Loop] unknown: state=1 licks=0 bouts=2
2026-02-04 19:48:22.754,371144192,INFO,[Main Loop] unknown: state=0 licks=0 bouts=2
2026-02-04 19:48:26.722,371148160,INFO,[Main Loop] unknown: state=1 licks=0 bouts=2
2026-02-04 19:48:28.002,371149440,INFO,[Main Loop] unknown: state=0 licks=0 bouts=2
2026-02-04 21:02:46.114,375607552,INFO,[Main Loop] unknown: state=1 licks=0 bouts=2
2026-02-04 21:02:46.242,375607680,INFO,[Main Loop] unknown: state=0 licks=1 bouts=2
2026-02-04 21:02:47.266,375608704,INFO,[Main Loop] unknown: state=0 licks=0 bouts=2
2026-02-04 21:06:09.634,375811072,INFO,[Main Loop] unknown: state=1 licks=0 bouts=2
2026-02-04 21:06:09.762,375811200,INFO,[Main Loop] unknown: state=0 licks=1 bouts=2
2026-02-04 21:06:10.786,375812224,INFO,[Main Loop] unknown: state=0 licks=0 bouts=2
2026-02-04 21:48:36.962,378358400,INFO,[Main Loop] unknown: state=1 licks=0 bouts=2
2026-02-04 21:48:37.730,378359168,INFO,[Main Loop] unknown: state=0 licks=0 bouts=2
2026-02-04 21:48:41.058,378362496,INFO,[Main Loop] unknown: state=1 licks=0 bouts=2
2026-02-04 21:48:42.210,378363648,INFO,[Main Loop] unknown: state=0 licks=0 bouts=2
2026-02-04 21:48:45.538,378366976,INFO,[Main Loop] unknown: state=1 licks=0 bouts=2
2026-02-04 21:48:46.434,378367872,INFO,[Main Loop] unknown: state=0 licks=0 bouts=2
2026-02-04 21:48:46.562,378368000,INFO,[Main Loop] unknown: state=1 licks=0 bouts=2
2026-02-04 21:48:46.690,378368128,INFO,[Main Loop] unknown: state=0 licks=1 bouts=2
2026-02-04 21:48:47.714,378369152,INFO,[Main Loop] unknown: state=0 licks=0 bouts=2
2026-02-04 21:48:51.298,378372736,INFO,[Main Loop] unknown: state=1 licks=0 bouts=2
2026-02-04 21:48:51.938,378373376,INFO,[Main Loop] unknown: state=0 licks=0 bouts=2
2026-02-04 21:48:52.066,378373504,INFO,[Main Loop] unknown: state=1 licks=0 bouts=2
2026-02-04 21:48:52.194,378373632,INFO,[Main Loop] unknown: state=0 licks=1 bouts=2
2026-02-04 21:48:53.218,378374656,INFO,[Main Loop] unknown: state=0 licks=0 bouts=2
2026-02-04 21:48:55.138,378376576,INFO,[Main Loop] unknown: state=1 licks=0 bouts=2
2026-02-04 21:48:55.266,378376704,INFO,[Main Loop] unknown: state=0 licks=1 bouts=2
2026-02-04 21:48:55.394,378376832,INFO,[Main Loop] unknown: state=1 licks=1 bouts=2
2026-02-04 21:48:56.162,378377600,INFO,[Main Loop] unknown: state=0 licks=1 bouts=2
2026-02-04 21:48:57.186,378378624,INFO,[Main Loop] unknown: state=0 licks=0 bouts=2
2026-02-04 21:49:00.386,378381824,INFO,[Main Loop] unknown: state=1 licks=0 bouts=2
2026-02-04 21:49:01.154,378382592,INFO,[Main Loop] unknown: state=0 licks=0 bouts=2
2026-02-04 21:49:04.994,378386432,INFO,[Main Loop] unknown: state=1 licks=0 bouts=2
2026-02-04 21:49:05.122,378386560,INFO,[Main Loop] unknown: state=0 licks=1 bouts=2
2026-02-04 21:49:05.250,378386688,INFO,[Main Loop] unknown: state=1 licks=1 bouts=2
2026-02-04 21:49:06.530,378387968,INFO,[Main Loop] unknown: state=0 licks=1 bouts=2
2026-02-04 21:49:07.554,378388992,INFO,[Main Loop] unknown: state=0 licks=0 bouts=2
2026-02-04 21:49:11.266,378392704,INFO,[Main Loop] unknown: state=1 licks=0 bouts=2
2026-02-04 21:49:12.418,378393856,INFO,[Main Loop] unknown: state=0 licks=0 bouts=2
2026-02-04 21:49:16.130,378397568,INFO,[Main Loop] unknown: state=1 licks=0 bouts=2
2026-02-04 21:49:17.026,378398464,INFO,[Main Loop] unknown: state=0 licks=0 bouts=2
2026-02-04 21:49:17.154,378398592,INFO,[Main Loop] unknown: state=1 licks=0 bouts=2
2026-02-04 21:49:17.282,378398720,INFO,[Main Loop] unknown: state=0 licks=1 bouts=2
2026-02-04 21:49:18.306,378399744,INFO,[Main Loop] unknown: state=0 licks=0 bouts=2
2026-02-04 21:49:20.866,378402304,INFO,[Main Loop] unknown: state=1 licks=0 bouts=2
2026-02-04 21:49:21.890,378403328,INFO,[Main Loop] unknown: state=0 licks=0 bouts=2
2026-02-04 21:49:25.730,378407168,INFO,[Main Loop] unknown: state=1 licks=0 bouts=2
2026-02-04 21:49:26.754,378408192,INFO,[Main Loop] unknown: state=0 licks=0 bouts=2
2026-02-04 21:49:26.882,378408320,INFO,[Main Loop] unknown: state=1 licks=0 bouts=2
2026-02-04 21:49:27.010,378408448,INFO,[Main Loop] unknown: state=0 licks=1 bouts=2
2026-02-04 21:49:28.034,378409472,INFO,[Main Loop] unknown: state=0 licks=0 bouts=2
2026-02-04 21:49:30.210,378411648,INFO,[Main Loop] unknown: state=1 licks=0 bouts=2
2026-02-04 21:49:30.978,378412416,INFO,[Main Loop] unknown: state=0 licks=0 bouts=2
2026-02-04 21:49:31.106,378412544,INFO,[Main Loop] unknown: state=1 licks=0 bouts=2
2026-02-04 21:49:31.234,378412672,INFO,[Main Loop] unknown: state=0 licks=1 bouts=2
2026-02-04 21:49:32.258,378413696,INFO,[Main Loop] unknown: state=0 licks=0 bouts=2
2026-02-04 21:49:35.074,378416512,INFO,[Main Loop] unknown: state=1 licks=0 bouts=2
2026-02-04 21:49:35.202,378416640,INFO,[Main Loop] unknown: state=0 licks=1 bouts=2
2026-02-04 21:49:35.330,378416768,INFO,[Main Loop] unknown: state=1 licks=1 bouts=2
2026-02-04 21:49:36.098,378417536,INFO,[Main Loop] unknown: state=0 licks=1 bouts=2
2026-02-04 21:49:37.122,378418560,INFO,[Main Loop] unknown: state=0 licks=0 bouts=2
2026-02-04 21:49:40.962,378422400,INFO,[Main Loop] unknown: state=1 licks=0 bouts=2
2026-02-04 21:49:41.730,378423168,INFO,[Main Loop] unknown: state=0 licks=0 bouts=2
2026-02-04 21:49:45.698,378427136,INFO,[Main Loop] unknown: state=1 licks=0 bouts=2
2026-02-04 21:49:46.466,378427904,INFO,[Main Loop] unknown: state=0 licks=0 bouts=2
2026-02-04 21:49:46.594,378428032,INFO,[Main Loop] unknown: state=1 licks=0 bouts=2
2026-02-04 21:49:46.722,378428160,INFO,[Main Loop] unknown: state=0 licks=1 bouts=2
2026-02-04 21:49:47.746,378429184,INFO,[Main Loop] unknown: state=0 licks=0 bouts=2
2026-02-04 21:49:50.306,378431744,INFO,[Main Loop] unknown: state=1 licks=0 bouts=2
2026-02-04 21:49:51.074,378432512,INFO,[Main Loop] unknown: state=0 licks=0 bouts=2
2026-02-04 21:49:51.202,378432640,INFO,[Main Loop] unknown: state=1 licks=0 bouts=2
2026-02-04 21:49:51.330,378432768,INFO,[Main Loop] unknown: state=0 licks=1 bouts=2
2026-02-04 21:49:52.354,378433792,INFO,[Main Loop] unknown: state=0 licks=0 bouts=2
2026-02-04 21:49:54.402,378435840,INFO,[Main Loop] unknown: state=1 licks=0 bouts=2
2026-02-04 21:49:55.298,378436736,INFO,[Main Loop] unknown: state=0 licks=0 bouts=2
2026-02-04 21:49:55.426,378436864,INFO,[Main Loop] unknown: state=1 licks=0 bouts=2
2026-02-04 21:49:55.554,378436992,INFO,[Main Loop] unknown: state=0 licks=1 bouts=2
2026-02-04 21:49:56.578,378438016,INFO,[Main Loop] unknown: state=0 licks=0 bouts=2
2026-02-04 21:49:58.114,378439552,INFO,[Main Loop] unknown: state=1 licks=0 bouts=2
2026-02-04 21:49:58.242,378439680,INFO,[Main Loop] unknown: state=0 licks=1 bouts=2
2026-02-04 21:49:58.370,378439808,INFO,[Main Loop] unknown: state=1 licks=1 bouts=2
2026-02-04 21:49:58.498,378439936,INFO,[Main Loop] unknown: state=0 licks=2 bouts=2
2026-02-04 21:49:58.754,378440192,INFO,[Main Loop] unknown: state=1 licks=2 bouts=2
2026-02-04 21:49:58.882,378440320,INFO,[Main Loop] unknown: state=0 licks=3 bouts=2
2026-02-04 21:49:59.010,378440448,INFO,[Main Loop] unknown: state=1 licks=3 bouts=2
2026-02-04 21:49:59.138,378440576,INFO,[Main Loop] unknown: state=0 licks=4 bouts=2
2026-02-04 21:50:00.162,378441600,INFO,[Main Loop] unknown: state=0 licks=0 bouts=3
2026-02-04 21:50:03.106,378444544,INFO,[Main Loop] unknown: state=1 licks=0 bouts=3
2026-02-04 21:50:03.362,378444800,INFO,[Main Loop] unknown: state=0 licks=0 bouts=3
2026-02-04 21:50:03.490,378444928,INFO,[Main Loop] unknown: state=1 licks=0 bouts=3
2026-02-04 21:50:03.618,378445056,INFO,[Main Loop] unknown: state=0 licks=1 bouts=3
2026-02-04 21:50:03.746,378445184,INFO,[Main Loop] unknown: state=1 licks=1 bouts=3
2026-02-04 21:50:03.874,378445312,INFO,[Main Loop] unknown: state=0 licks=2 bouts=3
2026-02-04 21:50:04.898,378446336,INFO,[Main Loop] unknown: state=0 licks=0 bouts=3
2026-02-04 21:50:08.098,378449536,INFO,[Main Loop] unknown: state=1 licks=0 bouts=3
2026-02-04 21:50:08.738,378450176,INFO,[Main Loop] unknown: state=0 licks=0 bouts=3
2026-02-04 21:50:08.866,378450304,INFO,[Main Loop] unknown: state=1 licks=0 bouts=3
2026-02-04 21:50:08.994,378450432,INFO,[Main Loop] unknown: state=0 licks=1 bouts=3
2026-02-04 21:50:09.122,378450560,INFO,[Main Loop] unknown: state=1 licks=1 bouts=3
2026-02-04 21:50:09.250,378450688,INFO,[Main Loop] unknown: state=0 licks=2 bouts=3
2026-02-04 21:50:09.378,378450816,INFO,[Main Loop] unknown: state=1 licks=2 bouts=3
2026-02-04 21:50:09.506,378450944,INFO,[Main Loop] unknown: state=0 licks=3 bouts=3
2026-02-04 21:50:10.530,378451968,INFO,[Main Loop] unknown: state=0 licks=0 bouts=4
2026-02-04 21:50:13.346,378454784,INFO,[Main Loop] unknown: state=1 licks=0 bouts=4
2026-02-04 21:50:14.498,378455936,INFO,[Main Loop] unknown: state=0 licks=0 bouts=4
2026-02-04 21:50:14.626,378456064,INFO,[Main Loop] unknown: state=1 licks=0 bouts=4
2026-02-04 21:50:14.754,378456192,INFO,[Main Loop] unknown: state=0 licks=1 bouts=4
2026-02-04 21:50:15.778,378457216,INFO,[Main Loop] unknown: state=0 licks=0 bouts=4
2026-02-04 21:50:19.490,378460928,INFO,[Main Loop] unknown: state=1 licks=0 bouts=4
2026-02-04 21:50:20.386,378461824,INFO,[Main Loop] unknown: state=0 licks=0 bouts=4
2026-02-04 21:50:20.514,378461952,INFO,[Main Loop] unknown: state=1 licks=0 bouts=4
2026-02-04 21:50:20.642,378462080,INFO,[Main Loop] unknown: state=0 licks=1 bouts=4
2026-02-04 21:50:21.666,378463104,INFO,[Main Loop] unknown: state=0 licks=0 bouts=4
2026-02-04 21:50:25.378,378466816,INFO,[Main Loop] unknown: state=1 licks=0 bouts=4
2026-02-04 21:50:26.274,378467712,INFO,[Main Loop] unknown: state=0 licks=0 bouts=4
2026-02-04 21:50:26.402,378467840,INFO,[Main Loop] unknown: state=1 licks=0 bouts=4
2026-02-04 21:50:26.530,378467968,INFO,[Main Loop] unknown: state=0 licks=1 bouts=4
2026-02-04 21:50:27.554,378468992,INFO,[Main Loop] unknown: state=0 licks=0 bouts=4
2026-02-04 21:50:30.626,378472064,INFO,[Main Loop] unknown: state=1 licks=0 bouts=4
2026-02-04 21:50:30.754,378472192,INFO,[Main Loop] unknown: state=0 licks=1 bouts=4
2026-02-04 21:50:30.882,378472320,INFO,[Main Loop] unknown: state=1 licks=1 bouts=4
2026-02-04 21:50:31.138,378472576,INFO,[Main Loop] unknown: state=0 licks=1 bouts=4
2026-02-04 21:50:31.522,378472960,INFO,[Main Loop] unknown: state=1 licks=1 bouts=4
2026-02-04 21:50:31.650,378473088,INFO,[Main Loop] unknown: state=0 licks=2 bouts=4
2026-02-04 21:50:32.674,378474112,INFO,[Main Loop] unknown: state=0 licks=0 bouts=4
2026-02-04 21:50:34.466,378475904,INFO,[Main Loop] unknown: state=1 licks=0 bouts=4
2026-02-04 21:50:34.978,378476416,INFO,[Main Loop] unknown: state=0 licks=0 bouts=4
2026-02-04 21:50:35.106,378476544,INFO,[Main Loop] unknown: state=1 licks=0 bouts=4
2026-02-04 21:50:35.618,378477056,INFO,[Main Loop] unknown: state=0 licks=0 bouts=4
2026-02-04 21:50:39.458,378480896,INFO,[Main Loop] unknown: state=1 licks=0 bouts=4
2026-02-04 21:50:40.354,378481792,INFO,[Main Loop] unknown: state=0 licks=0 bouts=4
2026-02-04 21:50:40.482,378481920,INFO,[Main Loop] unknown: state=1 licks=0 bouts=4
2026-02-04 21:50:40.610,378482048,INFO,[Main Loop] unknown: state=0 licks=1 bouts=4
2026-02-04 21:50:41.634,378483072,INFO,[Main Loop] unknown: state=0 licks=0 bouts=4
2026-02-04 21:50:43.938,378485376,INFO,[Main Loop] unknown: state=1 licks=0 bouts=4
2026-02-04 21:50:44.450,378485888,INFO,[Main Loop] unknown: state=0 licks=0 bouts=4
2026-02-04 21:50:44.578,378486016,INFO,[Main Loop] unknown: state=1 licks=0 bouts=4
2026-02-04 21:50:44.834,378486272,INFO,[Main Loop] unknown: state=0 licks=0 bouts=4
2026-02-04 21:50:50.082,378491520,INFO,[Main Loop] unknown: state=1 licks=0 bouts=4
2026-02-04 21:50:50.338,378491776,INFO,[Main Loop] unknown: state=0 licks=0 bouts=4
2026-02-04 21:50:50.466,378491904,INFO,[Main Loop] unknown: state=1 licks=0 bouts=4
2026-02-04 21:50:50.594,378492032,INFO,[Main Loop] unknown: state=0 licks=1 bouts=4
2026-02-04 21:50:50.722,378492160,INFO,[Main Loop] unknown: state=1 licks=1 bouts=4
2026-02-04 21:50:50.978,378492416,INFO,[Main Loop] unknown: state=0 licks=1 bouts=4
2026-02-04 21:50:51.362,378492800,INFO,[Main Loop] unknown: state=1 licks=1 bouts=4
2026-02-04 21:50:51.490,378492928,INFO,[Main Loop] unknown: state=0 licks=2 bouts=4
2026-02-04 21:50:52.514,378493952,INFO,[Main Loop] unknown: state=0 licks=0 bouts=4
2026-02-04 21:50:54.434,378495872,INFO,[Main Loop] unknown: state=1 licks=0 bouts=4
2026-02-04 21:50:54.946,378496384,INFO,[Main Loop] unknown: state=0 licks=0 bouts=4
2026-02-04 21:50:55.074,378496512,INFO,[Main Loop] unknown: state=1 licks=0 bouts=4
2026-02-04 21:50:55.202,378496640,INFO,[Main Loop] unknown: state=0 licks=1 bouts=4
2026-02-04 21:50:56.226,378497664,INFO,[Main Loop] unknown: state=0 licks=0 bouts=4
2026-02-04 21:50:58.530,378499968,INFO,[Main Loop] unknown: state=1 licks=0 bouts=4
2026-02-04 21:50:58.914,378500352,INFO,[Main Loop] unknown: state=0 licks=0 bouts=4
2026-02-04 21:50:59.042,378500480,INFO,[Main Loop] unknown: state=1 licks=0 bouts=4
2026-02-04 21:50:59.170,378500608,INFO,[Main Loop] unknown: state=0 licks=1 bouts=4
2026-02-04 21:50:59.298,378500736,INFO,[Main Loop] unknown: state=1 licks=1 bouts=4
2026-02-04 21:50:59.554,378500992,INFO,[Main Loop] unknown: state=0 licks=1 bouts=4
2026-02-04 21:50:59.682,378501120,INFO,[Main Loop] unknown: state=1 licks=1 bouts=4
2026-02-04 21:50:59.810,378501248,INFO,[Main Loop] unknown: state=0 licks=2 bouts=4
2026-02-04 21:51:00.834,378502272,INFO,[Main Loop] unknown: state=0 licks=0 bouts=4
2026-02-04 22:15:38.210,379979648,INFO,[Main Loop] unknown: state=1 licks=0 bouts=4
2026-02-04 22:15:38.338,379979776,INFO,[Main Loop] unknown: state=0 licks=1 bouts=4
2026-02-04 22:15:39.362,379980800,INFO,[Main Loop] unknown: state=0 licks=0 bouts=4
2026-02-05 00:06:45.986,386647424,INFO,[Main Loop] unknown: state=1 licks=0 bouts=4
2026-02-05 00:06:46.242,386647680,INFO,[Main Loop] unknown: state=0 licks=0 bouts=4
2026-02-05 00:23:07.874,387629312,INFO,[Main Loop] unknown: state=1 licks=0 bouts=4
2026-02-05 00:23:08.002,387629440,INFO,[Main Loop] unknown: state=0 licks=1 bouts=4
2026-02-05 00:23:09.026,387630464,INFO,[Main Loop] unknown: state=0 licks=0 bouts=4
2026-02-05 01:23:31.298,391252736,INFO,[Main Loop] unknown: state=1 licks=0 bouts=4
2026-02-05 01:23:31.426,391252864,INFO,[Main Loop] unknown: state=0 licks=1 bouts=4
2026-02-05 01:23:32.450,391253888,INFO,[Main Loop] unknown: state=0 licks=0 bouts=4
2026-02-05 01:55:48.194,393189632,INFO,[Main Loop] unknown: state=1 licks=0 bouts=4
2026-02-05 01:55:48.322,393189760,INFO,[Main Loop] unknown: state=0 licks=1 bouts=4
2026-02-05 01:55:49.218,393190656,INFO,[Main Loop] unknown: state=0 licks=0 bouts=4
2026-02-05 05:13:14.210,405035648,INFO,[Main Loop] unknown: state=1 licks=0 bouts=4
2026-02-05 05:13:14.338,405035776,INFO,[Main Loop] unknown: state=0 licks=1 bouts=4
2026-02-05 05:13:15.362,405036800,INFO,[Main Loop] unknown: state=0 licks=0 bouts=4
2026-02-05 08:28:53.090,416774528,INFO,[Main Loop] unknown: state=1 licks=0 bouts=4
2026-02-05 08:28:53.218,416774656,INFO,[Main Loop] unknown: state=0 licks=1 bouts=4
2026-02-05 08:28:54.242,416775680,INFO,[Main Loop] unknown: state=0 licks=0 bouts=4
2026-02-05 09:35:37.826,420779264,INFO,[Main Loop] unknown: state=1 licks=0 bouts=4
2026-02-05 09:35:38.082,420779520,INFO,[Main Loop] unknown: state=0 licks=0 bouts=4
2026-02-05 10:33:24.211,4605,INFO,[MySystemLog] Logging to SD: /sd/system.log
2026-02-05 10:33:24.224,4618,INFO,[Main Loop] System Log Started
2026-02-05 10:33:24.234,4628,INFO,"[Main Loop] all defined cats: ['bob', 'Handsome', 'henk']"
2026-02-05 10:33:24.665,5059,INFO,[Main Loop] Objects created
2026-02-05 10:33:24.676,5070,INFO,[Main Loop] Starting monitoring loop
2026-02-05 10:33:24.693,5087,INFO,[Main Loop] Cat switched None      -> unknown   
2026-02-05 10:33:24.707,5101,INFO,[Main Loop] unknown: state=0 licks=0 bouts=0
2026-02-05 10:33:29.214,9944,INFO,[MySystemLog] Logging to SD: /sd/system.log
2026-02-05 10:33:29.225,9955,INFO,[Main Loop] System Log Started
2026-02-05 10:33:29.236,9966,INFO,"[Main Loop] all defined cats: ['bob', 'Handsome', 'henk']"
2026-02-05 10:33:29.645,10375,INFO,[Main Loop] Objects created
2026-02-05 10:33:29.656,10386,INFO,[Main Loop] Starting monitoring loop
2026-02-05 10:33:29.673,10403,INFO,[Main Loop] Cat switched None      -> unknown   
2026-02-05 10:33:29.687,10417,INFO,[Main Loop] unknown: state=0 licks=0 bouts=0
2026-02-05 10:33:38.216,19048,INFO,[MySystemLog] Logging to SD: /sd/system.log
2026-02-05 10:33:38.229,19061,INFO,[Main Loop] System Log Started
2026-02-05 10:33:38.240,19072,INFO,"[Main Loop] all defined cats: ['bob', 'Handsome', 'henk']"
2026-02-05 10:33:38.646,19478,INFO,[Main Loop] Objects created
2026-02-05 10:33:38.658,19490,INFO,[Main Loop] Starting monitoring loop
2026-02-05 10:33:38.674,19506,INFO,[Main Loop] Cat switched None      -> unknown   
2026-02-05 10:33:38.688,19520,INFO,[Main Loop] unknown: state=0 licks=0 bouts=0
2026-02-05 10:33:46.221,27061,INFO,[MySystemLog] Logging to SD: /sd/system.log
2026-02-05 10:33:46.234,27074,INFO,[Main Loop] System Log Started
2026-02-05 10:33:46.245,27085,INFO,"[Main Loop] all defined cats: ['bob', 'Handsome', 'henk']"
2026-02-05 10:33:46.650,27490,INFO,[Main Loop] Objects created
2026-02-05 10:33:46.661,27501,INFO,[Main Loop] Starting monitoring loop
2026-02-05 10:33:46.677,27517,INFO,[Main Loop] Cat switched None      -> unknown   
2026-02-05 10:33:46.691,27531,INFO,[Main Loop] unknown: state=0 licks=0 bouts=0
