2026-01-12 15:38:28.017,4406,INFO,[MySystemLog] Logging to SD: /sd/system.log
2026-01-12 15:38:28.042,4431,INFO,[Main Loop] System Log Started
2026-01-12 15:38:28.053,4442,INFO,"[Main Loop] all defined cats: ['bob', 'Handsome', 'henk']"
2026-01-12 15:38:28.340,4729,INFO,[Main Loop] Objects created
2026-01-12 15:38:28.351,4740,INFO,[Main Loop] Starting monitoring loop
2026-01-12 15:38:28.368,4757,INFO,[Main Loop] Cat switched None      -> unknown   
2026-01-12 15:38:28.382,4771,INFO,[Main Loop] unknown: state=0 licks=0 bouts=0
2026-01-12 15:38:33.020,9571,INFO,[MySystemLog] Logging to SD: /sd/system.log
2026-01-12 15:38:36.021,13081,INFO,[MySystemLog] Logging to SD: /sd/system.log
2026-01-12 15:38:36.033,13093,INFO,[Main Loop] System Log Started
2026-01-12 15:38:36.045,13105,INFO,"[Main Loop] all defined cats: ['bob', 'Handsome', 'henk']"
2026-01-12 15:38:36.310,13370,INFO,[Main Loop] Objects created
2026-01-12 15:38:36.320,13380,INFO,[Main Loop] Starting monitoring loop
2026-01-12 15:38:36.338,13398,INFO,[Main Loop] Cat switched None      -> unknown   
2026-01-12 15:38:36.353,13413,INFO,[Main Loop] unknown: state=0 licks=0 bouts=0
2026-01-12 15:38:55.023,31682,INFO,[MySystemLog] Logging to SD: /sd/system.log
2026-01-12 15:38:55.037,31696,INFO,[Main Loop] System Log Started
2026-01-12 15:38:55.049,31708,INFO,"[Main Loop] all defined cats: ['bob', 'Handsome', 'henk']"
2026-01-12 15:38:55.313,31972,INFO,[Main Loop] Objects created
2026-01-12 15:38:55.324,31983,INFO,[Main Loop] Starting monitoring loop
2026-01-12 15:38:55.341,32000,INFO,[Main Loop] Cat switched None      -> unknown   
2026-01-12 15:38:55.356,32015,INFO,[Main Loop] unknown: state=0 licks=0 bouts=0
2026-01-12 15:39:22.026,4422,INFO,[MySystemLog] Logging to SD: /sd/system.log
2026-01-12 15:39:22.040,4436,INFO,[Main Loop] System Log Started
2026-01-12 15:39:22.052,4448,INFO,"[Main Loop] all defined cats: ['bob', 'Handsome', 'henk']"
2026-01-12 15:39:22.316,4712,INFO,[Main Loop] Objects created
2026-01-12 15:39:22.328,4724,INFO,[Main Loop] Starting monitoring loop
2026-01-12 15:39:22.347,4743,INFO,[Main Loop] Cat switched None      -> unknown   
2026-01-12 15:39:22.359,4755,INFO,[Main Loop] unknown: state=0 licks=0 bouts=0
2026-01-12 15:39:27.031,9041,INFO,[MySystemLog] Logging to SD: /sd/system.log
2026-01-12 15:39:27.046,9056,INFO,[Main Loop] System Log Started
2026-01-12 15:39:27.140,9150,INFO,"[Main Loop] all defined cats: ['bob', 'Handsome', 'henk']"
2026-01-12 15:39:27.406,9416,INFO,[Main Loop] Objects created
2026-01-12 15:39:27.417,9427,INFO,[Main Loop] Starting monitoring loop
2026-01-12 15:39:27.435,9445,INFO,[Main Loop] Cat switched None      -> unknown   
2026-01-12 15:39:27.449,9459,INFO,[Main Loop] unknown: state=0 licks=0 bouts=0
2026-01-12 15:48:27.035,4424,INFO,[MySystemLog] Logging to SD: /sd/system.log
2026-01-12 15:48:27.048,4437,INFO,[Main Loop] System Log Started
2026-01-12 15:48:27.060,4449,INFO,"[Main Loop] all defined cats: ['bob', 'Handsome', 'henk']"
2026-01-12 15:48:27.324,4713,INFO,[Main Loop] Objects created
2026-01-12 15:48:27.335,4724,INFO,[Main Loop] Starting monitoring loop
2026-01-12 15:48:27.354,4743,INFO,[Main Loop] Cat switched None      -> unknown   
2026-01-12 15:48:27.368,4757,INFO,[Main Loop] unknown: state=0 licks=0 bouts=0
2026-01-12 18:50:47.491,10944880,INFO,[Main Loop] unknown: state=1 licks=0 bouts=0
2026-01-12 18:50:48.359,10945748,INFO,[Main Loop] unknown: state=0 licks=0 bouts=0
2026-01-12 18:50:53.115,10950504,INFO,[Main Loop] unknown: state=1 licks=0 bouts=0
2026-01-12 18:50:54.107,10951496,INFO,[Main Loop] unknown: state=0 licks=0 bouts=0
2026-01-12 18:50:57.463,10954852,INFO,[Main Loop] unknown: state=1 licks=0 bouts=0
2026-01-12 18:50:58.983,10956372,INFO,[Main Loop] unknown: state=0 licks=0 bouts=0
2026-01-12 18:51:04.651,10962040,INFO,[Main Loop] unknown: state=1 licks=0 bouts=0
2026-01-12 18:51:06.667,10964056,INFO,[Main Loop] unknown: state=0 licks=0 bouts=0
2026-01-12 18:51:58.083,11015472,INFO,[Main Loop] unknown: state=1 licks=0 bouts=0
2026-01-12 18:51:59.431,11016820,INFO,[Main Loop] unknown: state=0 licks=0 bouts=0
2026-01-12 18:52:02.691,11020080,INFO,[Main Loop] unknown: state=1 licks=0 bouts=0
2026-01-12 18:52:03.763,11021152,INFO,[Main Loop] unknown: state=0 licks=0 bouts=0
2026-01-12 18:52:06.943,11024332,INFO,[Main Loop] unknown: state=1 licks=0 bouts=0
2026-01-12 18:52:07.891,11025280,INFO,[Main Loop] unknown: state=0 licks=0 bouts=0
2026-01-12 18:52:07.943,11025332,INFO,[Main Loop] unknown: state=1 licks=0 bouts=0
2026-01-12 18:52:08.023,11025412,INFO,[Main Loop] unknown: state=0 licks=1 bouts=0
2026-01-12 18:52:09.023,11026412,INFO,[Main Loop] unknown: state=0 licks=0 bouts=0
2026-01-12 18:52:11.203,11028592,INFO,[Main Loop] unknown: state=1 licks=0 bouts=0
2026-01-12 18:52:12.231,11029620,INFO,[Main Loop] unknown: state=0 licks=0 bouts=0
2026-01-12 18:52:16.663,11034052,INFO,[Main Loop] unknown: state=1 licks=0 bouts=0
2026-01-12 18:52:17.803,11035192,INFO,[Main Loop] unknown: state=0 licks=0 bouts=0
2026-01-12 18:52:17.935,11035324,INFO,[Main Loop] unknown: state=1 licks=0 bouts=0
2026-01-12 18:52:17.983,11035372,INFO,[Main Loop] unknown: state=0 licks=1 bouts=0
2026-01-12 18:52:18.983,11036372,INFO,[Main Loop] unknown: state=0 licks=0 bouts=0
2026-01-12 18:52:21.871,11039260,INFO,[Main Loop] unknown: state=1 licks=0 bouts=0
2026-01-12 18:52:23.067,11040456,INFO,[Main Loop] unknown: state=0 licks=0 bouts=0
2026-01-12 18:52:26.235,11043624,INFO,[Main Loop] unknown: state=1 licks=0 bouts=0
2026-01-12 18:52:26.347,11043736,INFO,[Main Loop] unknown: state=0 licks=1 bouts=0
2026-01-12 18:52:26.447,11043836,INFO,[Main Loop] unknown: state=1 licks=1 bouts=0
2026-01-12 18:52:27.303,11044692,INFO,[Main Loop] unknown: state=0 licks=1 bouts=0
2026-01-12 18:52:28.323,11045712,INFO,[Main Loop] unknown: state=0 licks=0 bouts=0
2026-01-12 18:52:31.071,11048460,INFO,[Main Loop] unknown: state=1 licks=0 bouts=0
2026-01-12 18:52:32.131,11049520,INFO,[Main Loop] unknown: state=0 licks=0 bouts=0
2026-01-12 18:52:38.727,11056116,INFO,[Main Loop] unknown: state=1 licks=0 bouts=0
2026-01-12 18:52:39.919,11057308,INFO,[Main Loop] unknown: state=0 licks=0 bouts=0
2026-01-12 18:52:43.091,11060480,INFO,[Main Loop] unknown: state=1 licks=0 bouts=0
2026-01-12 18:52:43.171,11060560,INFO,[Main Loop] unknown: state=0 licks=1 bouts=0
2026-01-12 18:52:43.287,11060676,INFO,[Main Loop] unknown: state=1 licks=1 bouts=0
2026-01-12 18:52:44.187,11061576,INFO,[Main Loop] unknown: state=0 licks=1 bouts=0
2026-01-12 18:52:45.187,11062576,INFO,[Main Loop] unknown: state=0 licks=0 bouts=0
2026-01-12 18:52:48.075,11065464,INFO,[Main Loop] unknown: state=1 licks=0 bouts=0
2026-01-12 18:52:49.059,11066448,INFO,[Main Loop] unknown: state=0 licks=0 bouts=0
2026-01-12 18:52:49.107,11066496,INFO,[Main Loop] unknown: state=1 licks=0 bouts=0
2026-01-12 18:52:49.175,11066564,INFO,[Main Loop] unknown: state=0 licks=1 bouts=0
2026-01-12 18:52:50.179,11067568,INFO,[Main Loop] unknown: state=0 licks=0 bouts=0
2026-01-12 18:52:52.939,11070328,INFO,[Main Loop] unknown: state=1 licks=0 bouts=0
2026-01-12 18:52:53.775,11071164,INFO,[Main Loop] unknown: state=0 licks=0 bouts=0
2026-01-12 18:53:01.779,11079168,INFO,[Main Loop] unknown: state=1 licks=0 bouts=0
2026-01-12 18:53:03.139,11080528,INFO,[Main Loop] unknown: state=0 licks=0 bouts=0
2026-01-12 18:53:03.187,11080576,INFO,[Main Loop] unknown: state=1 licks=0 bouts=0
2026-01-12 18:53:03.279,11080668,INFO,[Main Loop] unknown: state=0 licks=1 bouts=0
2026-01-12 18:53:04.279,11081668,INFO,[Main Loop] unknown: state=0 licks=0 bouts=0
2026-01-12 18:53:06.851,11084240,INFO,[Main Loop] unknown: state=1 licks=0 bouts=0
2026-01-12 18:53:08.059,11085448,INFO,[Main Loop] unknown: state=0 licks=0 bouts=0
2026-01-12 19:05:28.447,11825836,INFO,[Main Loop] unknown: state=1 licks=0 bouts=0
2026-01-12 19:05:29.435,11826824,INFO,[Main Loop] unknown: state=0 licks=0 bouts=0
2026-01-12 19:05:34.595,11831984,INFO,[Main Loop] unknown: state=1 licks=0 bouts=0
2026-01-12 19:05:35.671,11833060,INFO,[Main Loop] unknown: state=0 licks=0 bouts=0
2026-01-12 19:05:39.319,11836708,INFO,[Main Loop] unknown: state=1 licks=0 bouts=0
2026-01-12 19:05:40.259,11837648,INFO,[Main Loop] unknown: state=0 licks=0 bouts=0
2026-01-12 19:05:43.855,11841244,INFO,[Main Loop] unknown: state=1 licks=0 bouts=0
2026-01-12 19:05:44.831,11842220,INFO,[Main Loop] unknown: state=0 licks=0 bouts=0
2026-01-12 19:05:49.203,11846592,INFO,[Main Loop] unknown: state=1 licks=0 bouts=0
2026-01-12 19:05:50.119,11847508,INFO,[Main Loop] unknown: state=0 licks=0 bouts=0
2026-01-12 19:05:54.375,11851764,INFO,[Main Loop] unknown: state=1 licks=0 bouts=0
2026-01-12 19:05:54.447,11851836,INFO,[Main Loop] unknown: state=0 licks=1 bouts=0
2026-01-12 19:05:54.527,11851916,INFO,[Main Loop] unknown: state=1 licks=1 bouts=0
2026-01-12 19:05:55.363,11852752,INFO,[Main Loop] unknown: state=0 licks=1 bouts=0
2026-01-12 19:05:56.363,11853752,INFO,[Main Loop] unknown: state=0 licks=0 bouts=0
2026-01-12 19:06:00.351,11857740,INFO,[Main Loop] unknown: state=1 licks=0 bouts=0
2026-01-12 19:06:01.635,11859024,INFO,[Main Loop] unknown: state=0 licks=0 bouts=0
2026-01-12 19:06:05.227,11862616,INFO,[Main Loop] unknown: state=1 licks=0 bouts=0
2026-01-12 19:06:05.315,11862704,INFO,[Main Loop] unknown: state=0 licks=1 bouts=0
2026-01-12 19:06:05.443,11862832,INFO,[Main Loop] unknown: state=1 licks=1 bouts=0
2026-01-12 19:06:06.403,11863792,INFO,[Main Loop] unknown: state=0 licks=1 bouts=0
2026-01-12 19:06:07.411,11864800,INFO,[Main Loop] unknown: state=0 licks=0 bouts=0
2026-01-12 19:06:09.859,11867248,INFO,[Main Loop] unknown: state=1 licks=0 bouts=0
2026-01-12 19:06:11.011,11868400,INFO,[Main Loop] unknown: state=0 licks=0 bouts=0
2026-01-12 19:06:14.607,11871996,INFO,[Main Loop] unknown: state=1 licks=0 bouts=0
2026-01-12 19:06:15.531,11872920,INFO,[Main Loop] unknown: state=0 licks=0 bouts=0
2026-01-12 19:06:19.503,11876892,INFO,[Main Loop] unknown: state=1 licks=0 bouts=0
2026-01-12 19:06:21.019,11878408,INFO,[Main Loop] unknown: state=0 licks=0 bouts=0
2026-01-12 19:06:26.643,11884032,INFO,[Main Loop] unknown: state=1 licks=0 bouts=0
2026-01-12 19:06:27.959,11885348,INFO,[Main Loop] unknown: state=0 licks=0 bouts=0
2026-01-12 19:06:31.619,11889008,INFO,[Main Loop] unknown: state=1 licks=0 bouts=0
2026-01-12 19:06:32.691,11890080,INFO,[Main Loop] unknown: state=0 licks=0 bouts=0
2026-01-12 19:06:36.139,11893528,INFO,[Main Loop] unknown: state=1 licks=0 bouts=0
2026-01-12 19:06:36.187,11893576,INFO,[Main Loop] unknown: state=0 licks=0 bouts=0
2026-01-12 19:06:36.247,11893636,INFO,[Main Loop] unknown: state=1 licks=0 bouts=0
2026-01-12 19:06:37.331,11894720,INFO,[Main Loop] unknown: state=0 licks=0 bouts=0
2026-01-12 19:06:40.947,11898336,INFO,[Main Loop] unknown: state=1 licks=0 bouts=0
2026-01-12 19:06:42.283,11899672,INFO,[Main Loop] unknown: state=0 licks=0 bouts=0
2026-01-13 07:26:28.979,56286368,INFO,[Main Loop] Detected key 879B029A405D30010000000000
2026-01-13 07:26:28.995,56286384,INFO,[Main Loop] Cat switched unknown   -> Handsome  
2026-01-13 07:26:29.043,56286432,INFO,[Main Loop] Handsome: state=0 licks=0 bouts=0
2026-01-13 07:26:29.987,56287376,INFO,[Main Loop] Cat switched Handsome  -> unknown   
2026-01-13 07:26:30.019,56287408,INFO,[Main Loop] unknown: state=0 licks=0 bouts=0
2026-01-13 07:26:33.219,56290608,INFO,[Main Loop] unknown: state=1 licks=0 bouts=0
2026-01-13 07:26:34.691,56292080,INFO,[Main Loop] unknown: state=0 licks=0 bouts=0
2026-01-13 07:26:39.763,56297152,INFO,[Main Loop] unknown: state=1 licks=0 bouts=0
2026-01-13 07:26:40.867,56298256,INFO,[Main Loop] unknown: state=0 licks=0 bouts=0
2026-01-13 07:26:45.747,56303136,INFO,[Main Loop] unknown: state=1 licks=0 bouts=0
2026-01-13 07:26:46.563,56303952,INFO,[Main Loop] unknown: state=0 licks=0 bouts=0
2026-01-13 07:26:51.459,56308848,INFO,[Main Loop] unknown: state=1 licks=0 bouts=0
2026-01-13 07:26:51.571,56308960,INFO,[Main Loop] unknown: state=0 licks=1 bouts=0
2026-01-13 07:26:51.747,56309136,INFO,[Main Loop] unknown: state=1 licks=1 bouts=0
2026-01-13 07:26:52.579,56309968,INFO,[Main Loop] unknown: state=0 licks=1 bouts=0
2026-01-13 07:26:52.755,56310144,INFO,[Main Loop] unknown: state=1 licks=1 bouts=0
2026-01-13 07:26:52.819,56310208,INFO,[Main Loop] unknown: state=0 licks=2 bouts=0
2026-01-13 07:26:53.827,56311216,INFO,[Main Loop] unknown: state=0 licks=0 bouts=0
2026-01-13 07:26:58.083,56315472,INFO,[Main Loop] unknown: state=1 licks=0 bouts=0
2026-01-13 07:26:58.147,56315536,INFO,[Main Loop] unknown: state=0 licks=1 bouts=0
2026-01-13 07:26:58.371,56315760,INFO,[Main Loop] unknown: state=1 licks=1 bouts=0
2026-01-13 07:26:59.955,56317344,INFO,[Main Loop] unknown: state=0 licks=1 bouts=0
2026-01-13 07:27:00.003,56317392,INFO,[Main Loop] unknown: state=1 licks=1 bouts=0
2026-01-13 07:27:00.099,56317488,INFO,[Main Loop] unknown: state=0 licks=2 bouts=0
2026-01-13 07:27:01.139,56318528,INFO,[Main Loop] unknown: state=0 licks=0 bouts=0
2026-01-13 07:27:04.963,56322352,INFO,[Main Loop] unknown: state=1 licks=0 bouts=0
2026-01-13 07:27:05.091,56322480,INFO,[Main Loop] unknown: state=0 licks=0 bouts=0
2026-01-13 07:27:05.251,56322640,INFO,[Main Loop] unknown: state=1 licks=0 bouts=0
2026-01-13 07:27:05.651,56323040,INFO,[Main Loop] unknown: state=0 licks=0 bouts=0
2026-01-13 07:27:05.747,56323136,INFO,[Main Loop] unknown: state=1 licks=0 bouts=0
2026-01-13 07:27:05.987,56323376,INFO,[Main Loop] unknown: state=0 licks=0 bouts=0
2026-01-13 07:27:06.051,56323440,INFO,[Main Loop] unknown: state=1 licks=0 bouts=0
2026-01-13 07:27:06.211,56323600,INFO,[Main Loop] unknown: state=0 licks=0 bouts=0
2026-01-13 07:27:12.227,56329616,INFO,[Main Loop] unknown: state=1 licks=0 bouts=0
2026-01-13 07:27:12.307,56329696,INFO,[Main Loop] unknown: state=0 licks=1 bouts=0
2026-01-13 07:27:12.675,56330064,INFO,[Main Loop] unknown: state=1 licks=1 bouts=0
2026-01-13 07:27:13.331,56330720,INFO,[Main Loop] unknown: state=0 licks=1 bouts=0
2026-01-13 07:27:13.523,56330912,INFO,[Main Loop] unknown: state=1 licks=1 bouts=0
2026-01-13 07:27:13.619,56331008,INFO,[Main Loop] unknown: state=0 licks=2 bouts=0
2026-01-13 07:27:13.699,56331088,INFO,[Main Loop] unknown: state=1 licks=2 bouts=0
2026-01-13 07:27:14.019,56331408,INFO,[Main Loop] unknown: state=0 licks=2 bouts=0
2026-01-13 07:27:14.051,56331440,INFO,[Main Loop] unknown: state=1 licks=2 bouts=0
2026-01-13 07:27:14.163,56331552,INFO,[Main Loop] unknown: state=0 licks=3 bouts=0
2026-01-13 07:27:15.203,56332592,INFO,[Main Loop] unknown: state=0 licks=0 bouts=1
2026-01-13 07:27:19.283,56336672,INFO,[Main Loop] unknown: state=1 licks=0 bouts=1
2026-01-13 07:27:20.291,56337680,INFO,[Main Loop] unknown: state=0 licks=0 bouts=1
2026-01-13 07:27:20.355,56337744,INFO,[Main Loop] unknown: state=1 licks=0 bouts=1
2026-01-13 07:27:20.403,56337792,INFO,[Main Loop] unknown: state=0 licks=0 bouts=1
2026-01-13 07:27:24.387,56341776,INFO,[Main Loop] unknown: state=1 licks=0 bouts=1
2026-01-13 07:27:24.467,56341856,INFO,[Main Loop] unknown: state=0 licks=1 bouts=1
2026-01-13 07:27:24.675,56342064,INFO,[Main Loop] unknown: state=1 licks=1 bouts=1
2026-01-13 07:27:24.803,56342192,INFO,[Main Loop] unknown: state=0 licks=2 bouts=1
2026-01-13 07:27:24.915,56342304,INFO,[Main Loop] unknown: state=1 licks=2 bouts=1
2026-01-13 07:27:25.331,56342720,INFO,[Main Loop] unknown: state=0 licks=2 bouts=1
2026-01-13 07:27:25.475,56342864,INFO,[Main Loop] unknown: state=1 licks=2 bouts=1
2026-01-13 07:27:25.603,56342992,INFO,[Main Loop] unknown: state=0 licks=3 bouts=1
2026-01-13 07:27:26.595,56343984,INFO,[Main Loop] unknown: state=0 licks=0 bouts=2
2026-01-13 07:27:31.539,56348928,INFO,[Main Loop] unknown: state=1 licks=0 bouts=2
2026-01-13 07:27:31.731,56349120,INFO,[Main Loop] unknown: state=0 licks=0 bouts=2
2026-01-13 07:27:31.779,56349168,INFO,[Main Loop] unknown: state=1 licks=0 bouts=2
2026-01-13 07:27:32.771,56350160,INFO,[Main Loop] unknown: state=0 licks=0 bouts=2
2026-01-13 07:27:39.363,56356752,INFO,[Main Loop] unknown: state=1 licks=0 bouts=2
2026-01-13 07:27:40.451,56357840,INFO,[Main Loop] unknown: state=0 licks=0 bouts=2
2026-01-13 07:27:40.579,56357968,INFO,[Main Loop] unknown: state=1 licks=0 bouts=2
2026-01-13 07:27:40.643,56358032,INFO,[Main Loop] unknown: state=0 licks=1 bouts=2
2026-01-13 07:27:41.651,56359040,INFO,[Main Loop] unknown: state=0 licks=0 bouts=2
2026-01-13 07:27:45.155,56362544,INFO,[Main Loop] unknown: state=1 licks=0 bouts=2
2026-01-13 07:27:45.235,56362624,INFO,[Main Loop] unknown: state=0 licks=1 bouts=2
2026-01-13 07:27:45.427,56362816,INFO,[Main Loop] unknown: state=1 licks=1 bouts=2
2026-01-13 07:27:46.179,56363568,INFO,[Main Loop] unknown: state=0 licks=1 bouts=2
2026-01-13 07:27:46.243,56363632,INFO,[Main Loop] unknown: state=1 licks=1 bouts=2
2026-01-13 07:27:46.419,56363808,INFO,[Main Loop] unknown: state=0 licks=1 bouts=2
2026-01-13 07:27:46.547,56363936,INFO,[Main Loop] unknown: state=1 licks=1 bouts=2
2026-01-13 07:27:46.595,56363984,INFO,[Main Loop] unknown: state=0 licks=1 bouts=2
2026-01-13 07:27:47.603,56364992,INFO,[Main Loop] unknown: state=0 licks=0 bouts=2
2026-01-13 07:27:50.483,56367872,INFO,[Main Loop] unknown: state=1 licks=0 bouts=2
2026-01-13 07:27:50.627,56368016,INFO,[Main Loop] unknown: state=0 licks=1 bouts=2
2026-01-13 07:27:50.691,56368080,INFO,[Main Loop] unknown: state=1 licks=1 bouts=2
2026-01-13 07:27:51.539,56368928,INFO,[Main Loop] unknown: state=0 licks=1 bouts=2
2026-01-13 07:27:51.603,56368992,INFO,[Main Loop] unknown: state=1 licks=1 bouts=2
2026-01-13 07:27:51.715,56369104,INFO,[Main Loop] unknown: state=0 licks=2 bouts=2
2026-01-13 07:27:52.723,56370112,INFO,[Main Loop] unknown: state=0 licks=0 bouts=2
2026-01-13 07:27:58.435,56375824,INFO,[Main Loop] unknown: state=1 licks=0 bouts=2
2026-01-13 07:27:59.459,56376848,INFO,[Main Loop] unknown: state=0 licks=0 bouts=2
2026-01-13 07:27:59.523,56376912,INFO,[Main Loop] unknown: state=1 licks=0 bouts=2
2026-01-13 07:27:59.571,56376960,INFO,[Main Loop] unknown: state=0 licks=0 bouts=2
2026-01-13 07:28:03.555,56380944,INFO,[Main Loop] unknown: state=1 licks=0 bouts=2
2026-01-13 07:28:04.611,56382000,INFO,[Main Loop] unknown: state=0 licks=0 bouts=2
2026-01-13 07:28:09.395,56386784,INFO,[Main Loop] unknown: state=1 licks=0 bouts=2
2026-01-13 07:28:09.523,56386912,INFO,[Main Loop] unknown: state=0 licks=1 bouts=2
2026-01-13 07:28:09.619,56387008,INFO,[Main Loop] unknown: state=1 licks=1 bouts=2
2026-01-13 07:28:10.547,56387936,INFO,[Main Loop] unknown: state=0 licks=1 bouts=2
2026-01-13 07:28:10.611,56388000,INFO,[Main Loop] unknown: state=1 licks=1 bouts=2
2026-01-13 07:28:10.723,56388112,INFO,[Main Loop] unknown: state=0 licks=2 bouts=2
2026-01-13 07:28:10.883,56388272,INFO,[Main Loop] unknown: state=1 licks=2 bouts=2
2026-01-13 07:28:10.947,56388336,INFO,[Main Loop] unknown: state=0 licks=2 bouts=2
2026-01-13 07:28:11.939,56389328,INFO,[Main Loop] unknown: state=0 licks=0 bouts=2
2026-01-13 07:28:15.187,56392576,INFO,[Main Loop] unknown: state=1 licks=0 bouts=2
2026-01-13 07:28:16.419,56393808,INFO,[Main Loop] unknown: state=0 licks=0 bouts=2
2026-01-13 07:28:22.291,56399680,INFO,[Main Loop] unknown: state=1 licks=0 bouts=2
2026-01-13 07:28:22.371,56399760,INFO,[Main Loop] unknown: state=0 licks=1 bouts=2
2026-01-13 07:28:22.451,56399840,INFO,[Main Loop] unknown: state=1 licks=1 bouts=2
2026-01-13 07:28:23.539,56400928,INFO,[Main Loop] unknown: state=0 licks=1 bouts=2
2026-01-13 07:28:23.651,56401040,INFO,[Main Loop] unknown: state=1 licks=1 bouts=2
2026-01-13 07:28:23.715,56401104,INFO,[Main Loop] unknown: state=0 licks=1 bouts=2
2026-01-13 07:28:24.691,56402080,INFO,[Main Loop] unknown: state=0 licks=0 bouts=2
2026-01-13 07:28:30.643,56408032,INFO,[Main Loop] unknown: state=1 licks=0 bouts=2
2026-01-13 07:28:31.875,56409264,INFO,[Main Loop] unknown: state=0 licks=0 bouts=2
2026-01-13 07:28:36.339,56413728,INFO,[Main Loop] unknown: state=1 licks=0 bouts=2
2026-01-13 07:28:36.387,56413776,INFO,[Main Loop] unknown: state=0 licks=0 bouts=2
2026-01-13 07:28:36.531,56413920,INFO,[Main Loop] unknown: state=1 licks=0 bouts=2
2026-01-13 07:28:37.971,56415360,INFO,[Main Loop] unknown: state=0 licks=0 bouts=2
2026-01-13 07:28:42.595,56419984,INFO,[Main Loop] unknown: state=1 licks=0 bouts=2
2026-01-13 07:28:42.771,56420160,INFO,[Main Loop] unknown: state=0 licks=0 bouts=2
2026-01-13 07:28:42.867,56420256,INFO,[Main Loop] unknown: state=1 licks=0 bouts=2
2026-01-13 07:28:43.843,56421232,INFO,[Main Loop] unknown: state=0 licks=0 bouts=2
2026-01-13 07:28:44.115,56421504,INFO,[Main Loop] unknown: state=1 licks=0 bouts=2
2026-01-13 07:28:44.195,56421584,INFO,[Main Loop] unknown: state=0 licks=1 bouts=2
2026-01-13 07:28:45.219,56422608,INFO,[Main Loop] unknown: state=0 licks=0 bouts=2
2026-01-13 07:28:47.955,56425344,INFO,[Main Loop] unknown: state=1 licks=0 bouts=2
2026-01-13 07:28:48.019,56425408,INFO,[Main Loop] unknown: state=0 licks=1 bouts=2
2026-01-13 07:28:48.147,56425536,INFO,[Main Loop] unknown: state=1 licks=1 bouts=2
2026-01-13 07:28:49.171,56426560,INFO,[Main Loop] unknown: state=0 licks=1 bouts=2
2026-01-13 07:28:49.347,56426736,INFO,[Main Loop] unknown: state=1 licks=1 bouts=2
2026-01-13 07:28:49.411,56426800,INFO,[Main Loop] unknown: state=0 licks=1 bouts=2
2026-01-13 07:28:50.403,56427792,INFO,[Main Loop] unknown: state=0 licks=0 bouts=2
2026-01-13 07:28:54.211,56431600,INFO,[Main Loop] unknown: state=1 licks=0 bouts=2
2026-01-13 07:28:54.275,56431664,INFO,[Main Loop] unknown: state=0 licks=1 bouts=2
2026-01-13 07:28:54.403,56431792,INFO,[Main Loop] unknown: state=1 licks=1 bouts=2
2026-01-13 07:28:55.491,56432880,INFO,[Main Loop] unknown: state=0 licks=1 bouts=2
2026-01-13 07:28:55.635,56433024,INFO,[Main Loop] unknown: state=1 licks=1 bouts=2
2026-01-13 07:28:55.683,56433072,INFO,[Main Loop] unknown: state=0 licks=2 bouts=2
2026-01-13 07:28:56.691,56434080,INFO,[Main Loop] unknown: state=0 licks=0 bouts=2
2026-01-13 07:28:59.603,56436992,INFO,[Main Loop] unknown: state=1 licks=0 bouts=2
2026-01-13 07:29:00.627,56438016,INFO,[Main Loop] unknown: state=0 licks=0 bouts=2
2026-01-13 07:29:00.675,56438064,INFO,[Main Loop] unknown: state=1 licks=0 bouts=2
2026-01-13 07:29:00.739,56438128,INFO,[Main Loop] unknown: state=0 licks=1 bouts=2
2026-01-13 07:29:00.851,56438240,INFO,[Main Loop] unknown: state=1 licks=1 bouts=2
2026-01-13 07:29:00.931,56438320,INFO,[Main Loop] unknown: state=0 licks=2 bouts=2
2026-01-13 07:29:01.923,56439312,INFO,[Main Loop] unknown: state=0 licks=0 bouts=2
2026-01-13 07:29:06.067,56443456,INFO,[Main Loop] unknown: state=1 licks=0 bouts=2
2026-01-13 07:29:07.235,56444624,INFO,[Main Loop] unknown: state=0 licks=0 bouts=2
2026-01-13 07:29:07.283,56444672,INFO,[Main Loop] unknown: state=1 licks=0 bouts=2
2026-01-13 07:29:07.411,56444800,INFO,[Main Loop] unknown: state=0 licks=1 bouts=2
2026-01-13 07:29:08.419,56445808,INFO,[Main Loop] unknown: state=0 licks=0 bouts=2
2026-01-13 07:29:13.571,56450960,INFO,[Main Loop] unknown: state=1 licks=0 bouts=2
2026-01-13 07:29:14.659,56452048,INFO,[Main Loop] unknown: state=0 licks=0 bouts=2
2026-01-13 07:29:20.691,56458080,INFO,[Main Loop] unknown: state=1 licks=0 bouts=2
2026-01-13 07:29:22.083,56459472,INFO,[Main Loop] unknown: state=0 licks=0 bouts=2
2026-01-13 07:29:27.715,56465104,INFO,[Main Loop] unknown: state=1 licks=0 bouts=2
2026-01-13 07:29:27.763,56465152,INFO,[Main Loop] unknown: state=0 licks=1 bouts=2
2026-01-13 07:29:27.907,56465296,INFO,[Main Loop] unknown: state=1 licks=1 bouts=2
2026-01-13 07:29:28.963,56466352,INFO,[Main Loop] unknown: state=0 licks=1 bouts=2
2026-01-13 07:29:29.123,56466512,INFO,[Main Loop] unknown: state=1 licks=1 bouts=2
2026-01-13 07:29:29.171,56466560,INFO,[Main Loop] unknown: state=0 licks=1 bouts=2
2026-01-13 07:29:30.195,56467584,INFO,[Main Loop] unknown: state=0 licks=0 bouts=2
2026-01-13 07:29:34.627,56472016,INFO,[Main Loop] unknown: state=1 licks=0 bouts=2
2026-01-13 07:29:35.907,56473296,INFO,[Main Loop] unknown: state=0 licks=0 bouts=2
2026-01-13 07:29:44.947,56482336,INFO,[Main Loop] unknown: state=1 licks=0 bouts=2
2026-01-13 07:29:46.947,56484336,INFO,[Main Loop] unknown: state=0 licks=0 bouts=2
2026-01-13 07:29:50.595,56487984,INFO,[Main Loop] unknown: state=1 licks=0 bouts=2
2026-01-13 07:29:51.843,56489232,INFO,[Main Loop] unknown: state=0 licks=0 bouts=2
2026-01-13 07:29:59.475,56496864,INFO,[Main Loop] unknown: state=1 licks=0 bouts=2
2026-01-13 07:30:00.819,56498208,INFO,[Main Loop] unknown: state=0 licks=0 bouts=2
2026-01-13 07:30:00.883,56498272,INFO,[Main Loop] unknown: state=1 licks=0 bouts=2
2026-01-13 07:30:00.931,56498320,INFO,[Main Loop] unknown: state=0 licks=1 bouts=2
2026-01-13 07:30:01.939,56499328,INFO,[Main Loop] unknown: state=0 licks=0 bouts=2
2026-01-13 07:30:07.827,56505216,INFO,[Main Loop] unknown: state=1 licks=0 bouts=2
2026-01-13 07:30:08.931,56506320,INFO,[Main Loop] unknown: state=0 licks=0 bouts=2
2026-01-13 07:30:15.443,56512832,INFO,[Main Loop] unknown: state=1 licks=0 bouts=2
2026-01-13 07:30:16.579,56513968,INFO,[Main Loop] unknown: state=0 licks=0 bouts=2
2026-01-13 07:30:16.675,56514064,INFO,[Main Loop] unknown: state=1 licks=0 bouts=2
2026-01-13 07:30:16.723,56514112,INFO,[Main Loop] unknown: state=0 licks=0 bouts=2
2026-01-13 07:30:21.811,56519200,INFO,[Main Loop] unknown: state=1 licks=0 bouts=2
2026-01-13 07:30:23.171,56520560,INFO,[Main Loop] unknown: state=0 licks=0 bouts=2
2026-01-13 20:30:38.035,103335424,INFO,[Main Loop] unknown: state=1 licks=0 bouts=2
2026-01-13 20:30:38.131,103335520,INFO,[Main Loop] unknown: state=0 licks=1 bouts=2
2026-01-13 20:30:38.323,103335712,INFO,[Main Loop] unknown: state=1 licks=1 bouts=2
2026-01-13 20:30:39.283,103336672,INFO,[Main Loop] unknown: state=0 licks=1 bouts=2
2026-01-13 20:30:40.307,103337696,INFO,[Main Loop] unknown: state=0 licks=0 bouts=2
2026-01-13 20:30:44.563,103341952,INFO,[Main Loop] unknown: state=1 licks=0 bouts=2
2026-01-13 20:30:45.651,103343040,INFO,[Main Loop] unknown: state=0 licks=0 bouts=2
2026-01-13 20:30:49.171,103346560,INFO,[Main Loop] unknown: state=1 licks=0 bouts=2
2026-01-13 20:30:49.267,103346656,INFO,[Main Loop] unknown: state=0 licks=1 bouts=2
2026-01-13 20:30:49.491,103346880,INFO,[Main Loop] unknown: state=1 licks=1 bouts=2
2026-01-13 20:30:50.259,103347648,INFO,[Main Loop] unknown: state=0 licks=1 bouts=2
2026-01-13 20:30:51.283,103348672,INFO,[Main Loop] unknown: state=0 licks=0 bouts=2
2026-01-13 20:30:53.459,103350848,INFO,[Main Loop] unknown: state=1 licks=0 bouts=2
2026-01-13 20:30:54.451,103351840,INFO,[Main Loop] unknown: state=0 licks=0 bouts=2
2026-01-13 20:30:57.843,103355232,INFO,[Main Loop] unknown: state=1 licks=0 bouts=2
2026-01-13 20:30:58.611,103356000,INFO,[Main Loop] unknown: state=0 licks=0 bouts=2
2026-01-13 20:31:02.515,103359904,INFO,[Main Loop] unknown: state=1 licks=0 bouts=2
2026-01-13 20:31:02.611,103360000,INFO,[Main Loop] unknown: state=0 licks=1 bouts=2
2026-01-13 20:31:02.675,103360064,INFO,[Main Loop] unknown: state=1 licks=1 bouts=2
2026-01-13 20:31:03.795,103361184,INFO,[Main Loop] unknown: state=0 licks=1 bouts=2
2026-01-13 20:31:03.987,103361376,INFO,[Main Loop] unknown: state=1 licks=1 bouts=2
2026-01-13 20:31:04.051,103361440,INFO,[Main Loop] unknown: state=0 licks=2 bouts=2
2026-01-13 20:31:05.075,103362464,INFO,[Main Loop] unknown: state=0 licks=0 bouts=2
2026-01-13 20:31:15.251,103372640,INFO,[Main Loop] unknown: state=1 licks=0 bouts=2
2026-01-13 20:31:16.499,103373888,INFO,[Main Loop] unknown: state=0 licks=0 bouts=2
2026-01-13 20:31:20.627,103378016,INFO,[Main Loop] unknown: state=1 licks=0 bouts=2
2026-01-13 20:31:21.683,103379072,INFO,[Main Loop] unknown: state=0 licks=0 bouts=2
2026-01-13 20:31:21.779,103379168,INFO,[Main Loop] unknown: state=1 licks=0 bouts=2
2026-01-13 20:31:21.843,103379232,INFO,[Main Loop] unknown: state=0 licks=1 bouts=2
2026-01-13 20:31:22.835,103380224,INFO,[Main Loop] unknown: state=0 licks=0 bouts=2
2026-01-13 20:31:25.491,103382880,INFO,[Main Loop] unknown: state=1 licks=0 bouts=2
2026-01-13 20:31:26.707,103384096,INFO,[Main Loop] unknown: state=0 licks=0 bouts=2
2026-01-13 20:31:31.283,103388672,INFO,[Main Loop] unknown: state=1 licks=0 bouts=2
2026-01-13 20:31:32.179,103389568,INFO,[Main Loop] unknown: state=0 licks=0 bouts=2
2026-01-13 20:31:35.507,103392896,INFO,[Main Loop] unknown: state=1 licks=0 bouts=2
2026-01-13 20:31:35.571,103392960,INFO,[Main Loop] unknown: state=0 licks=1 bouts=2
2026-01-13 20:31:35.731,103393120,INFO,[Main Loop] unknown: state=1 licks=1 bouts=2
2026-01-13 20:31:36.659,103394048,INFO,[Main Loop] unknown: state=0 licks=1 bouts=2
2026-01-13 20:31:37.683,103395072,INFO,[Main Loop] unknown: state=0 licks=0 bouts=2
2026-01-13 20:31:39.987,103397376,INFO,[Main Loop] unknown: state=1 licks=0 bouts=2
2026-01-13 20:31:40.083,103397472,INFO,[Main Loop] unknown: state=0 licks=1 bouts=2
2026-01-13 20:31:40.147,103397536,INFO,[Main Loop] unknown: state=1 licks=1 bouts=2
2026-01-13 20:31:40.787,103398176,INFO,[Main Loop] unknown: state=0 licks=1 bouts=2
2026-01-13 20:31:40.947,103398336,INFO,[Main Loop] unknown: state=1 licks=1 bouts=2
2026-01-13 20:31:41.011,103398400,INFO,[Main Loop] unknown: state=0 licks=2 bouts=2
2026-01-13 20:31:41.075,103398464,INFO,[Main Loop] unknown: state=1 licks=2 bouts=2
2026-01-13 20:31:41.139,103398528,INFO,[Main Loop] unknown: state=0 licks=3 bouts=2
2026-01-13 20:31:42.163,103399552,INFO,[Main Loop] unknown: state=0 licks=0 bouts=3
2026-01-13 20:31:44.275,103401664,INFO,[Main Loop] unknown: state=1 licks=0 bouts=3
2026-01-13 20:31:44.371,103401760,INFO,[Main Loop] unknown: state=0 licks=1 bouts=3
2026-01-13 20:31:44.787,103402176,INFO,[Main Loop] unknown: state=1 licks=1 bouts=3
2026-01-13 20:31:45.363,103402752,INFO,[Main Loop] unknown: state=0 licks=1 bouts=3
2026-01-13 20:31:45.395,103402784,INFO,[Main Loop] unknown: state=1 licks=1 bouts=3
2026-01-13 20:31:45.587,103402976,INFO,[Main Loop] unknown: state=0 licks=1 bouts=3
2026-01-13 20:31:46.611,103404000,INFO,[Main Loop] unknown: state=0 licks=0 bouts=3
2026-01-13 20:31:51.731,103409120,INFO,[Main Loop] unknown: state=1 licks=0 bouts=3
2026-01-13 20:31:52.915,103410304,INFO,[Main Loop] unknown: state=0 licks=0 bouts=3
2026-01-13 20:31:57.587,103414976,INFO,[Main Loop] unknown: state=1 licks=0 bouts=3
2026-01-13 20:31:58.323,103415712,INFO,[Main Loop] unknown: state=0 licks=0 bouts=3
2026-01-13 20:31:58.387,103415776,INFO,[Main Loop] unknown: state=1 licks=0 bouts=3
2026-01-13 20:31:58.483,103415872,INFO,[Main Loop] unknown: state=0 licks=1 bouts=3
2026-01-13 20:31:59.507,103416896,INFO,[Main Loop] unknown: state=0 licks=0 bouts=3
2026-01-13 21:04:03.283,105340672,INFO,[Main Loop] unknown: state=1 licks=0 bouts=3
2026-01-13 21:04:04.531,105341920,INFO,[Main Loop] unknown: state=0 licks=0 bouts=3
2026-01-13 21:04:08.115,105345504,INFO,[Main Loop] unknown: state=1 licks=0 bouts=3
2026-01-13 21:04:09.395,105346784,INFO,[Main Loop] unknown: state=0 licks=0 bouts=3
2026-01-13 21:04:12.659,105350048,INFO,[Main Loop] unknown: state=1 licks=0 bouts=3
2026-01-13 21:04:13.715,105351104,INFO,[Main Loop] unknown: state=0 licks=0 bouts=3
2026-01-13 21:04:16.851,105354240,INFO,[Main Loop] unknown: state=1 licks=0 bouts=3
2026-01-13 21:04:17.875,105355264,INFO,[Main Loop] unknown: state=0 licks=0 bouts=3
2026-01-13 21:04:22.035,105359424,INFO,[Main Loop] unknown: state=1 licks=0 bouts=3
2026-01-13 21:04:23.123,105360512,INFO,[Main Loop] unknown: state=0 licks=0 bouts=3
2026-01-13 21:04:28.275,105365664,INFO,[Main Loop] unknown: state=1 licks=0 bouts=3
2026-01-13 21:04:29.843,105367232,INFO,[Main Loop] unknown: state=0 licks=0 bouts=3
2026-01-13 21:04:33.331,105370720,INFO,[Main Loop] unknown: state=1 licks=0 bouts=3
2026-01-13 21:04:34.259,105371648,INFO,[Main Loop] unknown: state=0 licks=0 bouts=3
2026-01-13 21:04:37.267,105374656,INFO,[Main Loop] unknown: state=1 licks=0 bouts=3
2026-01-13 21:04:38.131,105375520,INFO,[Main Loop] unknown: state=0 licks=0 bouts=3
2026-01-13 21:04:40.787,105378176,INFO,[Main Loop] unknown: state=1 licks=0 bouts=3
2026-01-13 21:04:41.811,105379200,INFO,[Main Loop] unknown: state=0 licks=0 bouts=3
2026-01-13 21:04:45.363,105382752,INFO,[Main Loop] unknown: state=1 licks=0 bouts=3
2026-01-13 21:04:45.427,105382816,INFO,[Main Loop] unknown: state=0 licks=1 bouts=3
2026-01-13 21:04:45.491,105382880,INFO,[Main Loop] unknown: state=1 licks=1 bouts=3
2026-01-13 21:04:46.579,105383968,INFO,[Main Loop] unknown: state=0 licks=1 bouts=3
2026-01-13 21:04:47.603,105384992,INFO,[Main Loop] unknown: state=0 licks=0 bouts=3
2026-01-13 21:04:49.811,105387200,INFO,[Main Loop] unknown: state=1 licks=0 bouts=3
2026-01-13 21:04:50.995,105388384,INFO,[Main Loop] unknown: state=0 licks=0 bouts=3
2026-01-13 21:04:54.771,105392160,INFO,[Main Loop] unknown: state=1 licks=0 bouts=3
2026-01-13 21:04:56.211,105393600,INFO,[Main Loop] unknown: state=0 licks=0 bouts=3
2026-01-13 21:04:59.923,105397312,INFO,[Main Loop] unknown: state=1 licks=0 bouts=3
2026-01-13 21:05:00.979,105398368,INFO,[Main Loop] unknown: state=0 licks=0 bouts=3
2026-01-13 21:05:04.627,105402016,INFO,[Main Loop] unknown: state=1 licks=0 bouts=3
2026-01-13 21:05:04.691,105402080,INFO,[Main Loop] unknown: state=0 licks=1 bouts=3
2026-01-13 21:05:04.787,105402176,INFO,[Main Loop] unknown: state=1 licks=1 bouts=3
2026-01-13 21:05:05.779,105403168,INFO,[Main Loop] unknown: state=0 licks=1 bouts=3
2026-01-13 21:05:06.803,105404192,INFO,[Main Loop] unknown: state=0 licks=0 bouts=3
2026-01-13 21:05:09.491,105406880,INFO,[Main Loop] unknown: state=1 licks=0 bouts=3
2026-01-13 21:05:10.707,105408096,INFO,[Main Loop] unknown: state=0 licks=0 bouts=3
2026-01-13 21:05:13.587,105410976,INFO,[Main Loop] unknown: state=1 licks=0 bouts=3
2026-01-13 21:05:13.715,105411104,INFO,[Main Loop] unknown: state=0 licks=1 bouts=3
2026-01-13 21:05:13.779,105411168,INFO,[Main Loop] unknown: state=1 licks=1 bouts=3
2026-01-13 21:05:14.835,105412224,INFO,[Main Loop] unknown: state=0 licks=1 bouts=3
2026-01-13 21:05:14.899,105412288,INFO,[Main Loop] unknown: state=1 licks=1 bouts=3
2026-01-13 21:05:15.123,105412512,INFO,[Main Loop] unknown: state=0 licks=1 bouts=3
2026-01-13 21:05:16.115,105413504,INFO,[Main Loop] unknown: state=0 licks=0 bouts=3
2026-01-13 21:05:19.827,105417216,INFO,[Main Loop] unknown: state=1 licks=0 bouts=3
2026-01-13 21:05:20.883,105418272,INFO,[Main Loop] unknown: state=0 licks=0 bouts=3
2026-01-13 21:05:27.699,105425088,INFO,[Main Loop] unknown: state=1 licks=0 bouts=3
2026-01-13 21:05:28.979,105426368,INFO,[Main Loop] unknown: state=0 licks=0 bouts=3
2026-01-13 21:05:31.699,105429088,INFO,[Main Loop] unknown: state=1 licks=0 bouts=3
2026-01-13 21:05:32.275,105429664,INFO,[Main Loop] unknown: state=0 licks=0 bouts=3
2026-01-13 21:05:32.627,105430016,INFO,[Main Loop] unknown: state=1 licks=0 bouts=3
2026-01-13 21:05:32.723,105430112,INFO,[Main Loop] unknown: state=0 licks=1 bouts=3
2026-01-13 21:05:32.851,105430240,INFO,[Main Loop] unknown: state=1 licks=1 bouts=3
2026-01-13 21:05:33.011,105430400,INFO,[Main Loop] unknown: state=0 licks=1 bouts=3
2026-01-13 21:05:34.035,105431424,INFO,[Main Loop] unknown: state=0 licks=0 bouts=3
2026-01-13 21:05:37.139,105434528,INFO,[Main Loop] unknown: state=1 licks=0 bouts=3
2026-01-13 21:05:38.035,105435424,INFO,[Main Loop] unknown: state=0 licks=0 bouts=3
2026-01-13 21:05:38.131,105435520,INFO,[Main Loop] unknown: state=1 licks=0 bouts=3
2026-01-13 21:05:38.259,105435648,INFO,[Main Loop] unknown: state=0 licks=0 bouts=3
2026-01-13 21:05:38.355,105435744,INFO,[Main Loop] unknown: state=1 licks=0 bouts=3
2026-01-13 21:05:38.451,105435840,INFO,[Main Loop] unknown: state=0 licks=1 bouts=3
2026-01-13 21:05:39.475,105436864,INFO,[Main Loop] unknown: state=0 licks=0 bouts=3
2026-01-13 21:05:41.779,105439168,INFO,[Main Loop] unknown: state=1 licks=0 bouts=3
2026-01-13 21:05:42.643,105440032,INFO,[Main Loop] unknown: state=0 licks=0 bouts=3
2026-01-13 21:05:46.195,105443584,INFO,[Main Loop] unknown: state=1 licks=0 bouts=3
2026-01-13 21:05:46.867,105444256,INFO,[Main Loop] unknown: state=0 licks=0 bouts=3
2026-01-13 21:05:46.963,105444352,INFO,[Main Loop] unknown: state=1 licks=0 bouts=3
2026-01-13 21:05:47.123,105444512,INFO,[Main Loop] unknown: state=0 licks=0 bouts=3
2026-01-13 21:05:47.187,105444576,INFO,[Main Loop] unknown: state=1 licks=0 bouts=3
2026-01-13 21:05:47.283,105444672,INFO,[Main Loop] unknown: state=0 licks=1 bouts=3
2026-01-13 21:05:48.275,105445664,INFO,[Main Loop] unknown: state=0 licks=0 bouts=3
2026-01-14 17:51:29.043,180186432,INFO,[Main Loop] Cat switched unknown   -> Handsome  
2026-01-14 17:51:29.107,180186496,INFO,[Main Loop] Handsome: state=0 licks=0 bouts=0
2026-01-14 17:51:29.619,180187008,INFO,[Main Loop] Handsome: state=1 licks=0 bouts=0
2026-01-14 17:51:30.003,180187392,INFO,[Main Loop] Handsome: state=0 licks=0 bouts=0
2026-01-14 17:51:30.067,180187456,INFO,[Main Loop] Cat switched Handsome  -> unknown   
2026-01-14 17:51:30.067,180187456,INFO,[Main Loop] unknown: state=0 licks=0 bouts=3
2026-01-14 17:51:33.267,180190656,INFO,[Main Loop] unknown: state=1 licks=0 bouts=3
2026-01-14 17:51:33.971,180191360,INFO,[Main Loop] unknown: state=0 licks=0 bouts=3
2026-01-14 17:51:36.787,180194176,INFO,[Main Loop] unknown: state=1 licks=0 bouts=3
2026-01-14 17:51:37.619,180195008,INFO,[Main Loop] unknown: state=0 licks=0 bouts=3
2026-01-14 17:51:41.203,180198592,INFO,[Main Loop] unknown: state=1 licks=0 bouts=3
2026-01-14 17:51:42.227,180199616,INFO,[Main Loop] unknown: state=0 licks=0 bouts=3
2026-01-14 17:51:45.299,180202688,INFO,[Main Loop] unknown: state=1 licks=0 bouts=3
2026-01-14 17:51:46.195,180203584,INFO,[Main Loop] unknown: state=0 licks=0 bouts=3
2026-01-14 17:51:49.779,180207168,INFO,[Main Loop] Cat switched unknown   -> Handsome  
2026-01-14 17:51:49.843,180207232,INFO,[Main Loop] Handsome: state=0 licks=0 bouts=0
2026-01-14 17:51:50.675,180208064,INFO,[Main Loop] Handsome: state=1 licks=0 bouts=0
2026-01-14 17:51:50.803,180208192,INFO,[Main Loop] Cat switched Handsome  -> unknown   
2026-01-14 17:51:50.803,180208192,INFO,[Main Loop] unknown: state=0 licks=0 bouts=3
2026-01-14 17:51:51.315,180208704,INFO,[Main Loop] unknown: state=1 licks=0 bouts=3
2026-01-14 17:51:51.827,180209216,INFO,[Main Loop] unknown: state=0 licks=0 bouts=3
2026-01-14 19:13:22.387,185099776,INFO,[Main Loop] unknown: state=1 licks=0 bouts=3
2026-01-14 19:13:23.475,185100864,INFO,[Main Loop] unknown: state=0 licks=0 bouts=3
2026-01-14 19:13:28.659,185106048,INFO,[Main Loop] unknown: state=1 licks=0 bouts=3
2026-01-14 19:13:29.427,185106816,INFO,[Main Loop] unknown: state=0 licks=0 bouts=3
2026-01-14 19:13:33.267,185110656,INFO,[Main Loop] unknown: state=1 licks=0 bouts=3
2026-01-14 19:13:34.099,185111488,INFO,[Main Loop] unknown: state=0 licks=0 bouts=3
2026-01-14 19:13:37.363,185114752,INFO,[Main Loop] unknown: state=1 licks=0 bouts=3
2026-01-14 19:13:37.427,185114816,INFO,[Main Loop] unknown: state=0 licks=1 bouts=3
2026-01-14 19:13:37.619,185115008,INFO,[Main Loop] unknown: state=1 licks=1 bouts=3
2026-01-14 19:13:38.515,185115904,INFO,[Main Loop] unknown: state=0 licks=1 bouts=3
2026-01-14 19:13:39.539,185116928,INFO,[Main Loop] unknown: state=0 licks=0 bouts=3
2026-01-14 19:13:42.035,185119424,INFO,[Main Loop] unknown: state=1 licks=0 bouts=3
2026-01-14 19:13:42.995,185120384,INFO,[Main Loop] unknown: state=0 licks=0 bouts=3
2026-01-14 19:13:47.347,185124736,INFO,[Main Loop] unknown: state=1 licks=0 bouts=3
2026-01-14 19:13:48.243,185125632,INFO,[Main Loop] unknown: state=0 licks=0 bouts=3
2026-01-14 19:13:51.955,185129344,INFO,[Main Loop] unknown: state=1 licks=0 bouts=3
2026-01-14 19:13:52.083,185129472,INFO,[Main Loop] unknown: state=0 licks=1 bouts=3
2026-01-14 19:13:52.211,185129600,INFO,[Main Loop] unknown: state=1 licks=1 bouts=3
2026-01-14 19:13:53.171,185130560,INFO,[Main Loop] unknown: state=0 licks=1 bouts=3
2026-01-14 19:13:54.195,185131584,INFO,[Main Loop] unknown: state=0 licks=0 bouts=3
2026-01-14 19:13:57.459,185134848,INFO,[Main Loop] unknown: state=1 licks=0 bouts=3
2026-01-14 19:13:57.523,185134912,INFO,[Main Loop] unknown: state=0 licks=1 bouts=3
2026-01-14 19:13:57.971,185135360,INFO,[Main Loop] unknown: state=1 licks=1 bouts=3
2026-01-14 19:13:59.891,185137280,INFO,[Main Loop] unknown: state=0 licks=1 bouts=3
2026-01-14 19:14:00.915,185138304,INFO,[Main Loop] unknown: state=0 licks=0 bouts=3
2026-01-14 19:14:07.123,185144512,INFO,[Main Loop] unknown: state=1 licks=0 bouts=3
2026-01-14 19:14:08.403,185145792,INFO,[Main Loop] unknown: state=0 licks=0 bouts=3
2026-01-14 19:14:11.987,185149376,INFO,[Main Loop] unknown: state=1 licks=0 bouts=3
2026-01-14 19:14:13.395,185150784,INFO,[Main Loop] unknown: state=0 licks=0 bouts=3
2026-01-14 19:14:16.851,185154240,INFO,[Main Loop] unknown: state=1 licks=0 bouts=3
2026-01-14 19:14:18.003,185155392,INFO,[Main Loop] unknown: state=0 licks=0 bouts=3
2026-01-14 19:14:21.715,185159104,INFO,[Main Loop] unknown: state=1 licks=0 bouts=3
2026-01-14 19:14:22.675,185160064,INFO,[Main Loop] unknown: state=0 licks=0 bouts=3
2026-01-14 19:14:29.843,185167232,INFO,[Main Loop] unknown: state=1 licks=0 bouts=3
2026-01-14 19:14:29.907,185167296,INFO,[Main Loop] unknown: state=0 licks=1 bouts=3
2026-01-14 19:14:30.099,185167488,INFO,[Main Loop] unknown: state=1 licks=1 bouts=3
2026-01-14 19:14:32.915,185170304,INFO,[Main Loop] unknown: state=0 licks=1 bouts=3
2026-01-14 19:14:33.939,185171328,INFO,[Main Loop] unknown: state=0 licks=0 bouts=3
2026-01-14 19:15:44.403,185241792,INFO,[Main Loop] unknown: state=1 licks=0 bouts=3
2026-01-14 19:15:45.811,185243200,INFO,[Main Loop] unknown: state=0 licks=0 bouts=3
2026-01-14 19:15:49.203,185246592,INFO,[Main Loop] unknown: state=1 licks=0 bouts=3
2026-01-14 19:15:50.355,185247744,INFO,[Main Loop] unknown: state=0 licks=0 bouts=3
2026-01-14 19:15:52.915,185250304,INFO,[Main Loop] unknown: state=1 licks=0 bouts=3
2026-01-14 19:15:54.067,185251456,INFO,[Main Loop] unknown: state=0 licks=0 bouts=3
2026-01-14 19:15:57.843,185255232,INFO,[Main Loop] unknown: state=1 licks=0 bouts=3
2026-01-14 19:15:58.803,185256192,INFO,[Main Loop] unknown: state=0 licks=0 bouts=3
2026-01-14 19:16:02.771,185260160,INFO,[Main Loop] unknown: state=1 licks=0 bouts=3
2026-01-14 19:16:04.115,185261504,INFO,[Main Loop] unknown: state=0 licks=0 bouts=3
2026-01-14 19:17:06.771,185324160,INFO,[Main Loop] unknown: state=1 licks=0 bouts=3
2026-01-14 19:17:08.115,185325504,INFO,[Main Loop] unknown: state=0 licks=0 bouts=3
2026-01-14 19:17:11.507,185328896,INFO,[Main Loop] unknown: state=1 licks=0 bouts=3
2026-01-14 19:17:12.595,185329984,INFO,[Main Loop] unknown: state=0 licks=0 bouts=3
2026-01-14 19:17:15.155,185332544,INFO,[Main Loop] unknown: state=1 licks=0 bouts=3
2026-01-14 19:17:16.371,185333760,INFO,[Main Loop] unknown: state=0 licks=0 bouts=3
2026-01-14 19:17:19.763,185337152,INFO,[Main Loop] unknown: state=1 licks=0 bouts=3
2026-01-14 19:17:20.723,185338112,INFO,[Main Loop] unknown: state=0 licks=0 bouts=3
2026-01-14 19:17:25.139,185342528,INFO,[Main Loop] unknown: state=1 licks=0 bouts=3
2026-01-14 19:17:26.099,185343488,INFO,[Main Loop] unknown: state=0 licks=0 bouts=3
2026-01-14 19:17:30.451,185347840,INFO,[Main Loop] unknown: state=1 licks=0 bouts=3
2026-01-14 19:17:31.603,185348992,INFO,[Main Loop] unknown: state=0 licks=0 bouts=3
2026-01-14 19:17:34.803,185352192,INFO,[Main Loop] unknown: state=1 licks=0 bouts=3
2026-01-14 19:17:35.891,185353280,INFO,[Main Loop] unknown: state=0 licks=0 bouts=3
2026-01-14 19:17:38.835,185356224,INFO,[Main Loop] unknown: state=1 licks=0 bouts=3
2026-01-14 19:17:39.859,185357248,INFO,[Main Loop] unknown: state=0 licks=0 bouts=3
2026-01-14 19:17:43.059,185360448,INFO,[Main Loop] unknown: state=1 licks=0 bouts=3
2026-01-14 19:17:44.019,185361408,INFO,[Main Loop] unknown: state=0 licks=0 bouts=3
2026-01-14 19:17:47.219,185364608,INFO,[Main Loop] unknown: state=1 licks=0 bouts=3
2026-01-14 19:17:48.051,185365440,INFO,[Main Loop] unknown: state=0 licks=0 bouts=3
2026-01-14 20:28:43.475,189620864,INFO,[Main Loop] unknown: state=1 licks=0 bouts=3
2026-01-14 20:28:43.539,189620928,INFO,[Main Loop] unknown: state=0 licks=1 bouts=3
2026-01-14 20:28:44.499,189621888,INFO,[Main Loop] unknown: state=0 licks=0 bouts=3
2026-01-14 20:50:52.883,190950272,INFO,[Main Loop] unknown: state=1 licks=0 bouts=3
2026-01-14 20:50:53.011,190950400,INFO,[Main Loop] unknown: state=0 licks=1 bouts=3
2026-01-14 20:50:54.035,190951424,INFO,[Main Loop] unknown: state=0 licks=0 bouts=3
2026-01-14 21:33:56.819,193534208,INFO,[Main Loop] unknown: state=1 licks=0 bouts=3
2026-01-14 21:33:56.883,193534272,INFO,[Main Loop] unknown: state=0 licks=1 bouts=3
2026-01-14 21:33:57.907,193535296,INFO,[Main Loop] unknown: state=0 licks=0 bouts=3
2026-01-14 21:55:03.187,194800576,INFO,[Main Loop] unknown: state=1 licks=0 bouts=3
2026-01-14 21:55:03.891,194801280,INFO,[Main Loop] unknown: state=0 licks=0 bouts=3
2026-01-14 21:55:08.435,194805824,INFO,[Main Loop] unknown: state=1 licks=0 bouts=3
2026-01-14 21:55:08.627,194806016,INFO,[Main Loop] unknown: state=0 licks=0 bouts=3
2026-01-14 21:55:08.755,194806144,INFO,[Main Loop] unknown: state=1 licks=0 bouts=3
2026-01-14 21:55:09.523,194806912,INFO,[Main Loop] unknown: state=0 licks=0 bouts=3
2026-01-14 21:55:13.363,194810752,INFO,[Main Loop] unknown: state=1 licks=0 bouts=3
2026-01-14 21:55:14.451,194811840,INFO,[Main Loop] unknown: state=0 licks=0 bouts=3
2026-01-14 21:55:18.291,194815680,INFO,[Main Loop] unknown: state=1 licks=0 bouts=3
2026-01-14 21:55:19.315,194816704,INFO,[Main Loop] unknown: state=0 licks=0 bouts=3
2026-01-14 21:55:19.635,194817024,INFO,[Main Loop] unknown: state=1 licks=0 bouts=3
2026-01-14 21:55:19.763,194817152,INFO,[Main Loop] unknown: state=0 licks=1 bouts=3
2026-01-14 21:55:20.787,194818176,INFO,[Main Loop] unknown: state=0 licks=0 bouts=3
2026-01-14 21:55:23.475,194820864,INFO,[Main Loop] unknown: state=1 licks=0 bouts=3
2026-01-14 21:55:23.603,194820992,INFO,[Main Loop] unknown: state=0 licks=1 bouts=3
2026-01-14 21:55:23.795,194821184,INFO,[Main Loop] unknown: state=1 licks=1 bouts=3
2026-01-14 21:55:24.243,194821632,INFO,[Main Loop] unknown: state=0 licks=1 bouts=3
2026-01-14 21:55:24.307,194821696,INFO,[Main Loop] unknown: state=1 licks=1 bouts=3
2026-01-14 21:55:24.371,194821760,INFO,[Main Loop] unknown: state=0 licks=2 bouts=3
2026-01-14 21:55:25.395,194822784,INFO,[Main Loop] unknown: state=0 licks=0 bouts=3
2026-01-14 21:55:28.211,194825600,INFO,[Main Loop] unknown: state=1 licks=0 bouts=3
2026-01-14 21:55:29.363,194826752,INFO,[Main Loop] unknown: state=0 licks=0 bouts=3
2026-01-14 21:55:34.099,194831488,INFO,[Main Loop] unknown: state=1 licks=0 bouts=3
2026-01-14 21:55:34.803,194832192,INFO,[Main Loop] unknown: state=0 licks=0 bouts=3
2026-01-14 21:55:34.867,194832256,INFO,[Main Loop] unknown: state=1 licks=0 bouts=3
2026-01-14 21:55:34.995,194832384,INFO,[Main Loop] unknown: state=0 licks=1 bouts=3
2026-01-14 21:55:35.955,194833344,INFO,[Main Loop] unknown: state=0 licks=0 bouts=3
2026-01-14 21:55:39.283,194836672,INFO,[Main Loop] unknown: state=1 licks=0 bouts=3
2026-01-14 21:55:39.987,194837376,INFO,[Main Loop] unknown: state=0 licks=0 bouts=3
2026-01-14 21:55:43.763,194841152,INFO,[Main Loop] unknown: state=1 licks=0 bouts=3
2026-01-14 21:55:44.787,194842176,INFO,[Main Loop] unknown: state=0 licks=0 bouts=3
2026-01-14 21:55:52.915,194850304,INFO,[Main Loop] unknown: state=1 licks=0 bouts=3
2026-01-14 21:55:53.875,194851264,INFO,[Main Loop] unknown: state=0 licks=0 bouts=3
2026-01-14 21:55:58.547,194855936,INFO,[Main Loop] unknown: state=1 licks=0 bouts=3
2026-01-14 21:55:59.379,194856768,INFO,[Main Loop] unknown: state=0 licks=0 bouts=3
2026-01-14 22:27:55.155,196772544,INFO,[Main Loop] unknown: state=1 licks=0 bouts=3
2026-01-14 22:27:55.219,196772608,INFO,[Main Loop] unknown: state=0 licks=1 bouts=3
2026-01-14 22:27:56.243,196773632,INFO,[Main Loop] unknown: state=0 licks=0 bouts=3
2026-01-14 23:24:57.747,200195136,INFO,[Main Loop] unknown: state=1 licks=0 bouts=3
2026-01-14 23:24:57.875,200195264,INFO,[Main Loop] unknown: state=0 licks=1 bouts=3
2026-01-14 23:24:58.899,200196288,INFO,[Main Loop] unknown: state=0 licks=0 bouts=3
2026-01-14 23:36:23.187,200880576,INFO,[Main Loop] unknown: state=1 licks=0 bouts=3
2026-01-14 23:36:23.251,200880640,INFO,[Main Loop] unknown: state=0 licks=1 bouts=3
2026-01-14 23:36:24.275,200881664,INFO,[Main Loop] unknown: state=0 licks=0 bouts=3
2026-01-14 23:54:44.499,201981888,INFO,[Main Loop] unknown: state=1 licks=0 bouts=3
2026-01-14 23:54:44.563,201981952,INFO,[Main Loop] unknown: state=0 licks=1 bouts=3
2026-01-14 23:54:45.587,201982976,INFO,[Main Loop] unknown: state=0 licks=0 bouts=3
2026-01-15 00:17:58.419,203375808,INFO,[Main Loop] unknown: state=1 licks=0 bouts=3
2026-01-15 00:17:58.547,203375936,INFO,[Main Loop] unknown: state=0 licks=1 bouts=3
2026-01-15 00:17:59.571,203376960,INFO,[Main Loop] unknown: state=0 licks=0 bouts=3
2026-01-15 00:53:50.355,205527744,INFO,[Main Loop] unknown: state=1 licks=0 bouts=3
2026-01-15 00:53:50.419,205527808,INFO,[Main Loop] unknown: state=0 licks=1 bouts=3
2026-01-15 00:53:51.443,205528832,INFO,[Main Loop] unknown: state=0 licks=0 bouts=3
2026-01-15 01:21:38.451,207195840,INFO,[Main Loop] unknown: state=1 licks=0 bouts=3
2026-01-15 01:21:38.579,207195968,INFO,[Main Loop] unknown: state=0 licks=1 bouts=3
2026-01-15 01:21:39.603,207196992,INFO,[Main Loop] unknown: state=0 licks=0 bouts=3
2026-01-15 02:04:19.347,209756736,INFO,[Main Loop] unknown: state=1 licks=0 bouts=3
2026-01-15 02:04:19.411,209756800,INFO,[Main Loop] unknown: state=0 licks=1 bouts=3
2026-01-15 02:04:20.435,209757824,INFO,[Main Loop] unknown: state=0 licks=0 bouts=3
2026-01-15 02:07:09.843,209927232,INFO,[Main Loop] unknown: state=1 licks=0 bouts=3
2026-01-15 02:07:09.971,209927360,INFO,[Main Loop] unknown: state=0 licks=1 bouts=3
2026-01-15 02:07:10.995,209928384,INFO,[Main Loop] unknown: state=0 licks=0 bouts=3
2026-01-15 02:37:24.243,211741632,INFO,[Main Loop] unknown: state=1 licks=0 bouts=3
2026-01-15 02:37:24.307,211741696,INFO,[Main Loop] unknown: state=0 licks=1 bouts=3
2026-01-15 02:37:25.331,211742720,INFO,[Main Loop] unknown: state=0 licks=0 bouts=3
2026-01-15 03:24:33.555,214570944,INFO,[Main Loop] unknown: state=1 licks=0 bouts=3
2026-01-15 03:24:33.619,214571008,INFO,[Main Loop] unknown: state=0 licks=1 bouts=3
2026-01-15 03:24:34.643,214572032,INFO,[Main Loop] unknown: state=0 licks=0 bouts=3
2026-01-15 03:25:48.435,214645824,INFO,[Main Loop] unknown: state=1 licks=0 bouts=3
2026-01-15 03:25:48.499,214645888,INFO,[Main Loop] unknown: state=0 licks=1 bouts=3
2026-01-15 03:25:49.523,214646912,INFO,[Main Loop] unknown: state=0 licks=0 bouts=3
2026-01-15 03:35:50.931,215248320,INFO,[Main Loop] unknown: state=1 licks=0 bouts=3
2026-01-15 03:35:50.995,215248384,INFO,[Main Loop] unknown: state=0 licks=1 bouts=3
2026-01-15 03:35:52.019,215249408,INFO,[Main Loop] unknown: state=0 licks=0 bouts=3
2026-01-15 04:06:42.259,217099648,INFO,[Main Loop] unknown: state=1 licks=0 bouts=3
2026-01-15 04:06:42.387,217099776,INFO,[Main Loop] unknown: state=0 licks=0 bouts=3
2026-01-15 04:11:06.003,217363392,INFO,[Main Loop] unknown: state=1 licks=0 bouts=3
2026-01-15 04:11:06.131,217363520,INFO,[Main Loop] unknown: state=0 licks=1 bouts=3
2026-01-15 04:11:07.155,217364544,INFO,[Main Loop] unknown: state=0 licks=0 bouts=3
2026-01-15 06:18:28.371,225005760,INFO,[Main Loop] unknown: state=1 licks=0 bouts=3
2026-01-15 06:18:28.435,225005824,INFO,[Main Loop] unknown: state=0 licks=1 bouts=3
2026-01-15 06:18:29.459,225006848,INFO,[Main Loop] unknown: state=0 licks=0 bouts=3
2026-01-15 06:36:47.379,226104768,INFO,[Main Loop] unknown: state=1 licks=0 bouts=3
2026-01-15 06:36:47.507,226104896,INFO,[Main Loop] unknown: state=0 licks=1 bouts=3
2026-01-15 06:36:48.531,226105920,INFO,[Main Loop] unknown: state=0 licks=0 bouts=3
2026-01-15 07:23:15.219,228892608,INFO,[Main Loop] unknown: state=1 licks=0 bouts=3
2026-01-15 07:23:15.347,228892736,INFO,[Main Loop] unknown: state=0 licks=1 bouts=3
2026-01-15 07:23:16.371,228893760,INFO,[Main Loop] unknown: state=0 licks=0 bouts=3
2026-01-15 08:13:55.347,231932736,INFO,[Main Loop] unknown: state=1 licks=0 bouts=3
2026-01-15 08:13:55.475,231932864,INFO,[Main Loop] unknown: state=0 licks=1 bouts=3
2026-01-15 08:13:56.499,231933888,INFO,[Main Loop] unknown: state=0 licks=0 bouts=3
2026-01-15 08:50:01.107,234098496,INFO,[Main Loop] unknown: state=1 licks=0 bouts=3
2026-01-15 08:50:01.235,234098624,INFO,[Main Loop] unknown: state=0 licks=1 bouts=3
2026-01-15 08:50:02.259,234099648,INFO,[Main Loop] unknown: state=0 licks=0 bouts=3
2026-01-15 09:07:43.251,235160640,INFO,[Main Loop] unknown: state=1 licks=0 bouts=3
2026-01-15 09:07:43.379,235160768,INFO,[Main Loop] unknown: state=0 licks=1 bouts=3
2026-01-15 09:07:44.403,235161792,INFO,[Main Loop] unknown: state=0 licks=0 bouts=3
2026-01-15 10:42:08.787,240826176,INFO,[Main Loop] unknown: state=1 licks=0 bouts=3
2026-01-15 10:42:08.851,240826240,INFO,[Main Loop] unknown: state=0 licks=1 bouts=3
2026-01-15 10:42:09.875,240827264,INFO,[Main Loop] unknown: state=0 licks=0 bouts=3
2026-01-15 11:02:18.451,242035840,INFO,[Main Loop] unknown: state=1 licks=0 bouts=3
2026-01-15 11:02:18.515,242035904,INFO,[Main Loop] unknown: state=0 licks=1 bouts=3
2026-01-15 11:02:19.539,242036928,INFO,[Main Loop] unknown: state=0 licks=0 bouts=3
2026-01-15 11:09:18.867,242456256,INFO,[Main Loop] unknown: state=1 licks=0 bouts=3
2026-01-15 11:09:18.995,242456384,INFO,[Main Loop] unknown: state=0 licks=1 bouts=3
2026-01-15 11:09:20.019,242457408,INFO,[Main Loop] unknown: state=0 licks=0 bouts=3
2026-01-15 11:29:22.707,243660096,INFO,[Main Loop] unknown: state=1 licks=0 bouts=3
2026-01-15 11:29:22.771,243660160,INFO,[Main Loop] unknown: state=0 licks=1 bouts=3
2026-01-15 11:29:23.795,243661184,INFO,[Main Loop] unknown: state=0 licks=0 bouts=3
2026-01-15 12:08:55.827,246033216,INFO,[Main Loop] unknown: state=1 licks=0 bouts=3
2026-01-15 12:08:55.891,246033280,INFO,[Main Loop] unknown: state=0 licks=1 bouts=3
2026-01-15 12:08:56.915,246034304,INFO,[Main Loop] unknown: state=0 licks=0 bouts=3
2026-01-15 13:12:40.467,249857856,INFO,[Main Loop] unknown: state=1 licks=0 bouts=3
2026-01-15 13:12:40.531,249857920,INFO,[Main Loop] unknown: state=0 licks=1 bouts=3
2026-01-15 13:12:41.555,249858944,INFO,[Main Loop] unknown: state=0 licks=0 bouts=3
2026-01-15 13:34:39.507,251176896,INFO,[Main Loop] unknown: state=1 licks=0 bouts=3
2026-01-15 13:34:39.635,251177024,INFO,[Main Loop] unknown: state=0 licks=1 bouts=3
2026-01-15 13:34:40.659,251178048,INFO,[Main Loop] unknown: state=0 licks=0 bouts=3
2026-01-15 13:40:10.131,251507520,INFO,[Main Loop] unknown: state=1 licks=0 bouts=3
2026-01-15 13:40:10.259,251507648,INFO,[Main Loop] unknown: state=0 licks=1 bouts=3
2026-01-15 13:40:11.283,251508672,INFO,[Main Loop] unknown: state=0 licks=0 bouts=3
2026-01-15 15:23:20.979,257698368,INFO,[Main Loop] unknown: state=1 licks=0 bouts=3
2026-01-15 15:23:21.043,257698432,INFO,[Main Loop] unknown: state=0 licks=1 bouts=3
2026-01-15 15:23:22.067,257699456,INFO,[Main Loop] unknown: state=0 licks=0 bouts=3
2026-01-15 15:39:55.155,258692544,INFO,[Main Loop] unknown: state=1 licks=0 bouts=3
2026-01-15 15:39:55.219,258692608,INFO,[Main Loop] unknown: state=0 licks=1 bouts=3
2026-01-15 15:39:56.243,258693632,INFO,[Main Loop] unknown: state=0 licks=0 bouts=3
2026-01-15 17:33:17.459,265494848,INFO,[Main Loop] unknown: state=1 licks=0 bouts=3
2026-01-15 17:33:17.587,265494976,INFO,[Main Loop] unknown: state=0 licks=1 bouts=3
2026-01-15 17:33:18.611,265496000,INFO,[Main Loop] unknown: state=0 licks=0 bouts=3
