2026-01-23 14:32:29.017,4407,INFO,[MySystemLog] Logging to SD: /sd/system.log
2026-01-23 14:32:29.068,4458,INFO,[Main Loop] System Log Started
2026-01-23 14:32:29.089,4479,INFO,"[Main Loop] all defined cats: ['bob', 'Handsome', 'henk']"
2026-01-23 14:32:29.419,4809,INFO,[Main Loop] Objects created
2026-01-23 14:32:29.438,4828,INFO,[Main Loop] Starting monitoring loop
2026-01-23 14:32:29.464,4854,INFO,[Main Loop] Cat switched None      -> unknown   
2026-01-23 14:32:29.487,4877,INFO,[Main Loop] unknown: state=0 licks=0 bouts=0
2026-01-23 14:32:35.020,9973,INFO,[MySystemLog] Logging to SD: /sd/system.log
2026-01-23 14:32:35.045,9998,INFO,[Main Loop] System Log Started
2026-01-23 14:32:35.070,10023,INFO,"[Main Loop] all defined cats: ['bob', 'Handsome', 'henk']"
2026-01-23 14:32:35.349,10302,INFO,[Main Loop] Objects created
2026-01-23 14:32:35.374,10327,INFO,[Main Loop] Starting monitoring loop
2026-01-23 14:32:35.412,10365,INFO,[Main Loop] Cat switched None      -> unknown   
2026-01-23 14:32:35.463,10416,INFO,[Main Loop] unknown: state=0 licks=0 bouts=0
2026-01-23 14:32:42.023,17489,INFO,[MySystemLog] Logging to SD: /sd/system.log
2026-01-23 14:32:42.048,17514,INFO,[Main Loop] System Log Started
2026-01-23 14:32:42.072,17538,INFO,"[Main Loop] all defined cats: ['bob', 'Handsome', 'henk']"
2026-01-23 14:32:42.352,17818,INFO,[Main Loop] Objects created
2026-01-23 14:32:42.375,17841,INFO,[Main Loop] Starting monitoring loop
2026-01-23 14:32:42.408,17874,INFO,[Main Loop] Cat switched None      -> unknown   
2026-01-23 14:32:42.436,17902,INFO,[Main Loop] unknown: state=0 licks=0 bouts=0
2026-01-23 14:33:42.028,77802,INFO,[MySystemLog] Logging to SD: /sd/system.log
2026-01-23 14:33:42.052,77826,INFO,[Main Loop] System Log Started
2026-01-23 14:33:42.079,77853,INFO,"[Main Loop] all defined cats: ['bob', 'Handsome', 'henk']"
2026-01-23 14:33:42.358,78132,INFO,[Main Loop] Objects created
2026-01-23 14:33:42.385,78159,INFO,[Main Loop] Starting monitoring loop
2026-01-23 14:33:42.414,78188,INFO,[Main Loop] Cat switched None      -> unknown   
2026-01-23 14:33:42.442,78216,INFO,[Main Loop] unknown: state=0 licks=0 bouts=0
2026-01-23 14:44:05.029,4418,INFO,[MySystemLog] Logging to SD: /sd/system.log
2026-01-23 14:44:05.049,4438,INFO,[Main Loop] System Log Started
2026-01-23 14:44:05.070,4459,INFO,"[Main Loop] all defined cats: ['bob', 'Handsome', 'henk']"
2026-01-23 14:44:05.345,4734,INFO,[Main Loop] Objects created
2026-01-23 14:44:05.365,4754,INFO,[Main Loop] Starting monitoring loop
2026-01-23 14:44:05.393,4782,INFO,[Main Loop] Cat switched None      -> unknown   
2026-01-23 14:44:05.417,4806,INFO,[Main Loop] unknown: state=0 licks=0 bouts=0
2026-01-23 19:13:20.375,16159764,INFO,[Main Loop] unknown: state=1 licks=0 bouts=0
2026-01-23 19:13:23.119,16162508,INFO,[Main Loop] unknown: state=0 licks=0 bouts=0
2026-01-23 19:13:27.083,16166472,INFO,[Main Loop] unknown: state=1 licks=0 bouts=0
2026-01-23 19:13:27.151,16166540,INFO,[Main Loop] unknown: state=0 licks=1 bouts=0
2026-01-23 19:13:27.315,16166704,INFO,[Main Loop] unknown: state=1 licks=1 bouts=0
2026-01-23 19:13:28.211,16167600,INFO,[Main Loop] unknown: state=0 licks=1 bouts=0
2026-01-23 19:13:29.211,16168600,INFO,[Main Loop] unknown: state=0 licks=0 bouts=0
2026-01-23 19:13:32.491,16171880,INFO,[Main Loop] unknown: state=1 licks=0 bouts=0
2026-01-23 19:13:33.627,16173016,INFO,[Main Loop] unknown: state=0 licks=0 bouts=0
2026-01-23 19:13:37.995,16177384,INFO,[Main Loop] unknown: state=1 licks=0 bouts=0
2026-01-23 19:13:39.027,16178416,INFO,[Main Loop] unknown: state=0 licks=0 bouts=0
2026-01-23 19:13:42.799,16182188,INFO,[Main Loop] unknown: state=1 licks=0 bouts=0
2026-01-23 19:13:42.875,16182264,INFO,[Main Loop] unknown: state=0 licks=1 bouts=0
2026-01-23 19:13:43.059,16182448,INFO,[Main Loop] unknown: state=1 licks=1 bouts=0
2026-01-23 19:13:43.987,16183376,INFO,[Main Loop] unknown: state=0 licks=1 bouts=0
2026-01-23 19:13:44.971,16184360,INFO,[Main Loop] unknown: state=0 licks=0 bouts=0
2026-01-23 19:13:48.427,16187816,INFO,[Main Loop] unknown: state=1 licks=0 bouts=0
2026-01-23 19:13:49.427,16188816,INFO,[Main Loop] unknown: state=0 licks=0 bouts=0
2026-01-23 19:13:49.615,16189004,INFO,[Main Loop] unknown: state=1 licks=0 bouts=0
2026-01-23 19:13:49.699,16189088,INFO,[Main Loop] unknown: state=0 licks=1 bouts=0
2026-01-23 19:13:50.703,16190092,INFO,[Main Loop] unknown: state=0 licks=0 bouts=0
2026-01-23 19:13:54.223,16193612,INFO,[Main Loop] unknown: state=1 licks=0 bouts=0
2026-01-23 19:13:55.387,16194776,INFO,[Main Loop] unknown: state=0 licks=0 bouts=0
2026-01-23 19:13:59.343,16198732,INFO,[Main Loop] unknown: state=1 licks=0 bouts=0
2026-01-23 19:14:00.443,16199832,INFO,[Main Loop] unknown: state=0 licks=0 bouts=0
2026-01-23 19:14:03.443,16202832,INFO,[Main Loop] unknown: state=1 licks=0 bouts=0
2026-01-23 19:14:04.963,16204352,INFO,[Main Loop] unknown: state=0 licks=0 bouts=0
2026-01-23 19:14:08.311,16207700,INFO,[Main Loop] unknown: state=1 licks=0 bouts=0
2026-01-23 19:14:08.423,16207812,INFO,[Main Loop] unknown: state=0 licks=1 bouts=0
2026-01-23 19:14:08.703,16208092,INFO,[Main Loop] unknown: state=1 licks=1 bouts=0
2026-01-23 19:14:10.371,16209760,INFO,[Main Loop] unknown: state=0 licks=1 bouts=0
2026-01-23 19:14:11.359,16210748,INFO,[Main Loop] unknown: state=0 licks=0 bouts=0
2026-01-23 19:14:14.199,16213588,INFO,[Main Loop] unknown: state=1 licks=0 bouts=0
2026-01-23 19:14:14.291,16213680,INFO,[Main Loop] unknown: state=0 licks=1 bouts=0
2026-01-23 19:14:14.339,16213728,INFO,[Main Loop] unknown: state=1 licks=1 bouts=0
2026-01-23 19:14:15.379,16214768,INFO,[Main Loop] unknown: state=0 licks=1 bouts=0
2026-01-23 19:14:16.379,16215768,INFO,[Main Loop] unknown: state=0 licks=0 bouts=0
2026-01-23 19:14:20.203,16219592,INFO,[Main Loop] unknown: state=1 licks=0 bouts=0
2026-01-23 19:14:21.543,16220932,INFO,[Main Loop] unknown: state=0 licks=0 bouts=0
2026-01-23 19:14:25.171,16224560,INFO,[Main Loop] unknown: state=1 licks=0 bouts=0
2026-01-23 19:14:26.359,16225748,INFO,[Main Loop] unknown: state=0 licks=0 bouts=0
2026-01-23 19:14:29.123,16228512,INFO,[Main Loop] unknown: state=1 licks=0 bouts=0
2026-01-23 19:14:30.283,16229672,INFO,[Main Loop] unknown: state=0 licks=0 bouts=0
2026-01-23 19:14:33.739,16233128,INFO,[Main Loop] unknown: state=1 licks=0 bouts=0
2026-01-23 19:14:33.831,16233220,INFO,[Main Loop] unknown: state=0 licks=1 bouts=0
2026-01-23 19:14:33.879,16233268,INFO,[Main Loop] unknown: state=1 licks=1 bouts=0
2026-01-23 19:14:34.847,16234236,INFO,[Main Loop] unknown: state=0 licks=1 bouts=0
2026-01-23 19:14:35.851,16235240,INFO,[Main Loop] unknown: state=0 licks=0 bouts=0
2026-01-23 19:14:38.339,16237728,INFO,[Main Loop] unknown: state=1 licks=0 bouts=0
2026-01-23 19:14:39.687,16239076,INFO,[Main Loop] unknown: state=0 licks=0 bouts=0
2026-01-23 19:14:43.803,16243192,INFO,[Main Loop] unknown: state=1 licks=0 bouts=0
2026-01-23 19:14:44.987,16244376,INFO,[Main Loop] unknown: state=0 licks=0 bouts=0
2026-01-23 19:14:45.443,16244832,INFO,[Main Loop] unknown: state=1 licks=0 bouts=0
2026-01-23 19:14:45.495,16244884,INFO,[Main Loop] unknown: state=0 licks=1 bouts=0
2026-01-23 19:14:46.499,16245888,INFO,[Main Loop] unknown: state=0 licks=0 bouts=0
2026-01-23 21:43:52.659,25192048,INFO,[Main Loop] unknown: state=1 licks=0 bouts=0
2026-01-23 21:43:54.163,25193552,INFO,[Main Loop] unknown: state=0 licks=0 bouts=0
2026-01-23 21:43:57.915,25197304,INFO,[Main Loop] unknown: state=1 licks=0 bouts=0
2026-01-23 21:43:58.947,25198336,INFO,[Main Loop] unknown: state=0 licks=0 bouts=0
2026-01-23 21:44:02.379,25201768,INFO,[Main Loop] unknown: state=1 licks=0 bouts=0
2026-01-23 21:44:03.763,25203152,INFO,[Main Loop] unknown: state=0 licks=0 bouts=0
2026-01-23 21:44:07.547,25206936,INFO,[Main Loop] unknown: state=1 licks=0 bouts=0
2026-01-23 21:44:08.635,25208024,INFO,[Main Loop] unknown: state=0 licks=0 bouts=0
2026-01-23 21:44:12.627,25212016,INFO,[Main Loop] unknown: state=1 licks=0 bouts=0
2026-01-23 21:44:14.195,25213584,INFO,[Main Loop] unknown: state=0 licks=0 bouts=0
2026-01-23 21:44:14.307,25213696,INFO,[Main Loop] unknown: state=1 licks=0 bouts=0
2026-01-23 21:44:14.371,25213760,INFO,[Main Loop] unknown: state=0 licks=1 bouts=0
2026-01-23 21:44:15.371,25214760,INFO,[Main Loop] unknown: state=0 licks=0 bouts=0
2026-01-23 21:44:17.851,25217240,INFO,[Main Loop] unknown: state=1 licks=0 bouts=0
2026-01-23 21:44:19.379,25218768,INFO,[Main Loop] unknown: state=0 licks=0 bouts=0
2026-01-23 21:44:22.995,25222384,INFO,[Main Loop] unknown: state=1 licks=0 bouts=0
2026-01-23 21:44:24.483,25223872,INFO,[Main Loop] unknown: state=0 licks=0 bouts=0
2026-01-23 21:44:24.531,25223920,INFO,[Main Loop] unknown: state=1 licks=0 bouts=0
2026-01-23 21:44:24.587,25223976,INFO,[Main Loop] unknown: state=0 licks=1 bouts=0
2026-01-23 21:44:25.587,25224976,INFO,[Main Loop] unknown: state=0 licks=0 bouts=0
2026-01-23 21:44:30.987,25230376,INFO,[Main Loop] unknown: state=1 licks=0 bouts=0
2026-01-23 21:44:32.331,25231720,INFO,[Main Loop] unknown: state=0 licks=0 bouts=0
2026-01-23 21:46:20.019,25339408,INFO,[Main Loop] unknown: state=1 licks=0 bouts=0
2026-01-23 21:46:20.555,25339944,INFO,[Main Loop] unknown: state=0 licks=0 bouts=0
2026-01-24 11:48:36.739,75876128,INFO,[Main Loop] unknown: state=1 licks=0 bouts=0
2026-01-24 11:48:36.835,75876224,INFO,[Main Loop] unknown: state=0 licks=1 bouts=0
2026-01-24 11:48:37.795,75877184,INFO,[Main Loop] unknown: state=1 licks=1 bouts=0
2026-01-24 11:48:38.307,75877696,INFO,[Main Loop] unknown: state=0 licks=1 bouts=0
2026-01-24 11:48:39.331,75878720,INFO,[Main Loop] unknown: state=0 licks=0 bouts=0
2026-01-24 16:47:15.875,93795264,INFO,[Main Loop] unknown: state=1 licks=0 bouts=0
2026-01-24 16:47:17.123,93796512,INFO,[Main Loop] unknown: state=0 licks=0 bouts=0
2026-01-24 16:47:20.899,93800288,INFO,[Main Loop] unknown: state=1 licks=0 bouts=0
2026-01-24 16:47:21.891,93801280,INFO,[Main Loop] unknown: state=0 licks=0 bouts=0
2026-01-24 16:47:25.347,93804736,INFO,[Main Loop] unknown: state=1 licks=0 bouts=0
2026-01-24 16:47:26.147,93805536,INFO,[Main Loop] unknown: state=0 licks=0 bouts=0
2026-01-24 16:47:30.019,93809408,INFO,[Main Loop] unknown: state=1 licks=0 bouts=0
2026-01-24 16:47:31.139,93810528,INFO,[Main Loop] unknown: state=0 licks=0 bouts=0
2026-01-24 16:47:35.011,93814400,INFO,[Main Loop] unknown: state=1 licks=0 bouts=0
2026-01-24 16:47:36.003,93815392,INFO,[Main Loop] unknown: state=0 licks=0 bouts=0
2026-01-24 16:47:39.395,93818784,INFO,[Main Loop] unknown: state=1 licks=0 bouts=0
2026-01-24 16:47:40.515,93819904,INFO,[Main Loop] unknown: state=0 licks=0 bouts=0
2026-01-24 16:47:43.683,93823072,INFO,[Main Loop] unknown: state=1 licks=0 bouts=0
2026-01-24 16:47:44.803,93824192,INFO,[Main Loop] unknown: state=0 licks=0 bouts=0
2026-01-24 16:47:47.491,93826880,INFO,[Main Loop] unknown: state=1 licks=0 bouts=0
2026-01-24 16:47:48.547,93827936,INFO,[Main Loop] unknown: state=0 licks=0 bouts=0
2026-01-24 16:47:51.875,93831264,INFO,[Main Loop] unknown: state=1 licks=0 bouts=0
2026-01-24 16:47:52.899,93832288,INFO,[Main Loop] unknown: state=0 licks=0 bouts=0
2026-01-24 16:47:56.611,93836000,INFO,[Main Loop] unknown: state=1 licks=0 bouts=0
2026-01-24 16:47:58.147,93837536,INFO,[Main Loop] unknown: state=0 licks=0 bouts=0
2026-01-24 16:48:00.963,93840352,INFO,[Main Loop] unknown: state=1 licks=0 bouts=0
2026-01-24 16:48:02.499,93841888,INFO,[Main Loop] unknown: state=0 licks=0 bouts=0
2026-01-24 16:48:06.499,93845888,INFO,[Main Loop] unknown: state=1 licks=0 bouts=0
2026-01-24 16:48:07.843,93847232,INFO,[Main Loop] unknown: state=0 licks=0 bouts=0
2026-01-24 16:48:08.003,93847392,INFO,[Main Loop] unknown: state=1 licks=0 bouts=0
2026-01-24 16:48:08.067,93847456,INFO,[Main Loop] unknown: state=0 licks=1 bouts=0
2026-01-24 16:48:09.123,93848512,INFO,[Main Loop] unknown: state=0 licks=0 bouts=0
2026-01-24 19:10:44.451,102403840,INFO,[Main Loop] unknown: state=1 licks=0 bouts=0
2026-01-24 19:10:46.115,102405504,INFO,[Main Loop] unknown: state=0 licks=0 bouts=0
2026-01-24 19:10:50.211,102409600,INFO,[Main Loop] unknown: state=1 licks=0 bouts=0
2026-01-24 19:10:51.555,102410944,INFO,[Main Loop] unknown: state=0 licks=0 bouts=0
2026-01-24 19:10:55.043,102414432,INFO,[Main Loop] unknown: state=1 licks=0 bouts=0
2026-01-24 19:10:56.035,102415424,INFO,[Main Loop] unknown: state=0 licks=0 bouts=0
2026-01-24 19:10:59.587,102418976,INFO,[Main Loop] unknown: state=1 licks=0 bouts=0
2026-01-24 19:11:00.547,102419936,INFO,[Main Loop] unknown: state=0 licks=0 bouts=0
2026-01-24 19:11:00.643,102420032,INFO,[Main Loop] unknown: state=1 licks=0 bouts=0
2026-01-24 19:11:00.675,102420064,INFO,[Main Loop] unknown: state=0 licks=1 bouts=0
2026-01-24 19:11:01.699,102421088,INFO,[Main Loop] unknown: state=0 licks=0 bouts=0
2026-01-24 19:11:04.643,102424032,INFO,[Main Loop] unknown: state=1 licks=0 bouts=0
2026-01-24 19:11:06.147,102425536,INFO,[Main Loop] unknown: state=0 licks=0 bouts=0
2026-01-24 19:11:09.699,102429088,INFO,[Main Loop] unknown: state=1 licks=0 bouts=0
2026-01-24 19:11:10.627,102430016,INFO,[Main Loop] unknown: state=0 licks=0 bouts=0
2026-01-24 19:11:14.915,102434304,INFO,[Main Loop] unknown: state=1 licks=0 bouts=0
2026-01-24 19:11:16.259,102435648,INFO,[Main Loop] unknown: state=0 licks=0 bouts=0
2026-01-24 19:11:20.419,102439808,INFO,[Main Loop] unknown: state=1 licks=0 bouts=0
2026-01-24 19:11:21.539,102440928,INFO,[Main Loop] unknown: state=0 licks=0 bouts=0
2026-01-24 19:11:25.059,102444448,INFO,[Main Loop] unknown: state=1 licks=0 bouts=0
2026-01-24 19:11:26.083,102445472,INFO,[Main Loop] unknown: state=0 licks=0 bouts=0
2026-01-24 19:11:29.731,102449120,INFO,[Main Loop] unknown: state=1 licks=0 bouts=0
2026-01-24 19:11:30.723,102450112,INFO,[Main Loop] unknown: state=0 licks=0 bouts=0
2026-01-24 19:11:34.499,102453888,INFO,[Main Loop] unknown: state=1 licks=0 bouts=0
2026-01-24 19:11:35.651,102455040,INFO,[Main Loop] unknown: state=0 licks=0 bouts=0
2026-01-24 19:11:39.683,102459072,INFO,[Main Loop] unknown: state=1 licks=0 bouts=0
2026-01-24 19:11:41.219,102460608,INFO,[Main Loop] unknown: state=0 licks=0 bouts=0
2026-01-24 19:11:44.163,102463552,INFO,[Main Loop] unknown: state=1 licks=0 bouts=0
2026-01-24 19:11:45.219,102464608,INFO,[Main Loop] unknown: state=0 licks=0 bouts=0
2026-01-24 19:11:48.579,102467968,INFO,[Main Loop] unknown: state=1 licks=0 bouts=0
2026-01-24 19:11:49.635,102469024,INFO,[Main Loop] unknown: state=0 licks=0 bouts=0
2026-01-24 19:11:54.499,102473888,INFO,[Main Loop] unknown: state=1 licks=0 bouts=0
2026-01-24 19:11:55.971,102475360,INFO,[Main Loop] unknown: state=0 licks=0 bouts=0
2026-01-24 19:12:00.131,102479520,INFO,[Main Loop] unknown: state=1 licks=0 bouts=0
2026-01-24 19:12:01.443,102480832,INFO,[Main Loop] unknown: state=0 licks=0 bouts=0
2026-01-24 19:12:05.987,102485376,INFO,[Main Loop] unknown: state=1 licks=0 bouts=0
2026-01-24 19:12:06.051,102485440,INFO,[Main Loop] unknown: state=0 licks=1 bouts=0
2026-01-24 19:12:06.147,102485536,INFO,[Main Loop] unknown: state=1 licks=1 bouts=0
2026-01-24 19:12:07.267,102486656,INFO,[Main Loop] unknown: state=0 licks=1 bouts=0
2026-01-24 19:12:08.259,102487648,INFO,[Main Loop] unknown: state=0 licks=0 bouts=0
2026-01-24 19:12:10.339,102489728,INFO,[Main Loop] unknown: state=1 licks=0 bouts=0
2026-01-24 19:12:11.555,102490944,INFO,[Main Loop] unknown: state=0 licks=0 bouts=0
2026-01-24 19:12:15.011,102494400,INFO,[Main Loop] unknown: state=1 licks=0 bouts=0
2026-01-24 19:12:16.131,102495520,INFO,[Main Loop] unknown: state=0 licks=0 bouts=0
2026-01-24 19:12:20.515,102499904,INFO,[Main Loop] unknown: state=1 licks=0 bouts=0
2026-01-24 19:12:21.731,102501120,INFO,[Main Loop] unknown: state=0 licks=0 bouts=0
2026-01-24 19:12:25.347,102504736,INFO,[Main Loop] unknown: state=1 licks=0 bouts=0
2026-01-24 19:12:26.627,102506016,INFO,[Main Loop] unknown: state=0 licks=0 bouts=0
2026-01-24 19:12:26.883,102506272,INFO,[Main Loop] unknown: state=1 licks=0 bouts=0
2026-01-24 19:12:26.947,102506336,INFO,[Main Loop] unknown: state=0 licks=1 bouts=0
2026-01-24 19:12:27.139,102506528,INFO,[Main Loop] unknown: state=1 licks=1 bouts=0
2026-01-24 19:12:27.203,102506592,INFO,[Main Loop] unknown: state=0 licks=2 bouts=0
2026-01-24 19:12:28.227,102507616,INFO,[Main Loop] unknown: state=0 licks=0 bouts=0
2026-01-24 19:12:31.363,102510752,INFO,[Main Loop] unknown: state=1 licks=0 bouts=0
2026-01-24 19:12:32.483,102511872,INFO,[Main Loop] unknown: state=0 licks=0 bouts=0
2026-01-24 19:12:39.491,102518880,INFO,[Main Loop] unknown: state=1 licks=0 bouts=0
2026-01-24 19:12:40.995,102520384,INFO,[Main Loop] unknown: state=0 licks=0 bouts=0
2026-01-24 19:12:44.899,102524288,INFO,[Main Loop] unknown: state=1 licks=0 bouts=0
2026-01-24 19:12:46.179,102525568,INFO,[Main Loop] unknown: state=0 licks=0 bouts=0
2026-01-24 19:12:48.739,102528128,INFO,[Main Loop] unknown: state=1 licks=0 bouts=0
2026-01-24 19:12:50.179,102529568,INFO,[Main Loop] unknown: state=0 licks=0 bouts=0
2026-01-24 19:12:54.147,102533536,INFO,[Main Loop] unknown: state=1 licks=0 bouts=0
2026-01-24 19:12:55.459,102534848,INFO,[Main Loop] unknown: state=0 licks=0 bouts=0
2026-01-24 19:12:55.555,102534944,INFO,[Main Loop] unknown: state=1 licks=0 bouts=0
2026-01-24 19:12:55.619,102535008,INFO,[Main Loop] unknown: state=0 licks=1 bouts=0
2026-01-24 19:12:56.643,102536032,INFO,[Main Loop] unknown: state=0 licks=0 bouts=0
2026-01-24 19:12:59.619,102539008,INFO,[Main Loop] unknown: state=1 licks=0 bouts=0
2026-01-24 19:13:01.059,102540448,INFO,[Main Loop] unknown: state=0 licks=0 bouts=0
2026-01-24 19:13:02.307,102541696,INFO,[Main Loop] unknown: state=1 licks=0 bouts=0
2026-01-24 19:13:02.371,102541760,INFO,[Main Loop] unknown: state=0 licks=1 bouts=0
2026-01-24 19:13:03.427,102542816,INFO,[Main Loop] unknown: state=0 licks=0 bouts=0
2026-01-24 19:13:03.939,102543328,INFO,[Main Loop] unknown: state=1 licks=0 bouts=0
2026-01-24 19:13:05.187,102544576,INFO,[Main Loop] unknown: state=0 licks=0 bouts=0
2026-01-24 19:13:08.739,102548128,INFO,[Main Loop] unknown: state=1 licks=0 bouts=0
2026-01-24 19:13:09.923,102549312,INFO,[Main Loop] unknown: state=0 licks=0 bouts=0
2026-01-24 19:13:13.187,102552576,INFO,[Main Loop] unknown: state=1 licks=0 bouts=0
2026-01-24 19:13:14.787,102554176,INFO,[Main Loop] unknown: state=0 licks=0 bouts=0
2026-01-24 19:13:18.211,102557600,INFO,[Main Loop] unknown: state=1 licks=0 bouts=0
2026-01-24 19:13:19.555,102558944,INFO,[Main Loop] unknown: state=0 licks=0 bouts=0
2026-01-24 19:13:19.651,102559040,INFO,[Main Loop] unknown: state=1 licks=0 bouts=0
2026-01-24 19:13:19.715,102559104,INFO,[Main Loop] unknown: state=0 licks=1 bouts=0
2026-01-24 19:13:20.739,102560128,INFO,[Main Loop] unknown: state=0 licks=0 bouts=0
2026-01-24 21:21:47.171,110266560,INFO,[Main Loop] Detected key 879B029A405D30010000000000
2026-01-24 21:21:47.171,110266560,INFO,[Main Loop] Cat switched unknown   -> Handsome  
2026-01-24 21:21:47.235,110266624,INFO,[Main Loop] Handsome: state=0 licks=0 bouts=0
2026-01-24 21:21:48.259,110267648,INFO,[Main Loop] Handsome: state=1 licks=0 bouts=0
2026-01-24 21:21:49.379,110268768,INFO,[Main Loop] Handsome: state=0 licks=0 bouts=0
2026-01-24 21:21:50.563,110269952,INFO,[Main Loop] Cat switched Handsome  -> unknown   
2026-01-24 21:21:50.595,110269984,INFO,[Main Loop] unknown: state=0 licks=0 bouts=0
2026-01-24 21:21:53.859,110273248,INFO,[Main Loop] unknown: state=1 licks=0 bouts=0
2026-01-24 21:21:55.075,110274464,INFO,[Main Loop] unknown: state=0 licks=0 bouts=0
2026-01-24 21:21:58.467,110277856,INFO,[Main Loop] unknown: state=1 licks=0 bouts=0
2026-01-24 21:21:59.459,110278848,INFO,[Main Loop] unknown: state=0 licks=0 bouts=0
2026-01-24 21:22:03.555,110282944,INFO,[Main Loop] unknown: state=1 licks=0 bouts=0
2026-01-24 21:22:04.835,110284224,INFO,[Main Loop] unknown: state=0 licks=0 bouts=0
2026-01-24 21:22:09.731,110289120,INFO,[Main Loop] unknown: state=1 licks=0 bouts=0
2026-01-24 21:22:10.787,110290176,INFO,[Main Loop] unknown: state=0 licks=0 bouts=0
2026-01-24 21:22:10.947,110290336,INFO,[Main Loop] unknown: state=1 licks=0 bouts=0
2026-01-24 21:22:11.011,110290400,INFO,[Main Loop] unknown: state=0 licks=1 bouts=0
2026-01-24 21:22:12.067,110291456,INFO,[Main Loop] unknown: state=0 licks=0 bouts=0
2026-01-24 21:22:14.499,110293888,INFO,[Main Loop] unknown: state=1 licks=0 bouts=0
2026-01-24 21:22:15.619,110295008,INFO,[Main Loop] unknown: state=0 licks=0 bouts=0
2026-01-24 21:22:19.363,110298752,INFO,[Main Loop] unknown: state=1 licks=0 bouts=0
2026-01-24 21:22:20.291,110299680,INFO,[Main Loop] unknown: state=0 licks=0 bouts=0
2026-01-24 21:22:20.355,110299744,INFO,[Main Loop] unknown: state=1 licks=0 bouts=0
2026-01-24 21:22:20.547,110299936,INFO,[Main Loop] unknown: state=0 licks=0 bouts=0
2026-01-24 21:22:24.803,110304192,INFO,[Main Loop] unknown: state=1 licks=0 bouts=0
2026-01-24 21:22:25.891,110305280,INFO,[Main Loop] unknown: state=0 licks=0 bouts=0
2026-01-24 21:22:25.923,110305312,INFO,[Main Loop] unknown: state=1 licks=0 bouts=0
2026-01-24 21:22:26.019,110305408,INFO,[Main Loop] unknown: state=0 licks=1 bouts=0
2026-01-24 21:22:27.043,110306432,INFO,[Main Loop] unknown: state=0 licks=0 bouts=0
2026-01-24 21:22:31.203,110310592,INFO,[Main Loop] unknown: state=1 licks=0 bouts=0
2026-01-24 21:22:32.227,110311616,INFO,[Main Loop] unknown: state=0 licks=0 bouts=0
2026-01-24 21:22:32.259,110311648,INFO,[Main Loop] unknown: state=1 licks=0 bouts=0
2026-01-24 21:22:32.355,110311744,INFO,[Main Loop] unknown: state=0 licks=1 bouts=0
2026-01-24 21:22:33.379,110312768,INFO,[Main Loop] unknown: state=0 licks=0 bouts=0
2026-01-24 21:22:36.227,110315616,INFO,[Main Loop] unknown: state=1 licks=0 bouts=0
2026-01-24 21:22:37.219,110316608,INFO,[Main Loop] unknown: state=0 licks=0 bouts=0
2026-01-24 21:22:37.283,110316672,INFO,[Main Loop] unknown: state=1 licks=0 bouts=0
2026-01-24 21:22:37.379,110316768,INFO,[Main Loop] unknown: state=0 licks=1 bouts=0
2026-01-24 21:22:38.403,110317792,INFO,[Main Loop] unknown: state=0 licks=0 bouts=0
2026-01-24 21:22:42.211,110321600,INFO,[Main Loop] unknown: state=1 licks=0 bouts=0
2026-01-24 21:22:43.299,110322688,INFO,[Main Loop] unknown: state=0 licks=0 bouts=0
2026-01-24 21:22:47.363,110326752,INFO,[Main Loop] unknown: state=1 licks=0 bouts=0
2026-01-24 21:22:48.547,110327936,INFO,[Main Loop] unknown: state=0 licks=0 bouts=0
2026-01-24 21:22:53.059,110332448,INFO,[Main Loop] unknown: state=1 licks=0 bouts=0
2026-01-24 21:22:54.147,110333536,INFO,[Main Loop] unknown: state=0 licks=0 bouts=0
2026-01-24 21:22:54.211,110333600,INFO,[Main Loop] unknown: state=1 licks=0 bouts=0
2026-01-24 21:22:54.307,110333696,INFO,[Main Loop] unknown: state=0 licks=1 bouts=0
2026-01-24 21:22:55.331,110334720,INFO,[Main Loop] unknown: state=0 licks=0 bouts=0
2026-01-24 21:22:58.211,110337600,INFO,[Main Loop] unknown: state=1 licks=0 bouts=0
2026-01-24 21:22:59.523,110338912,INFO,[Main Loop] unknown: state=0 licks=0 bouts=0
2026-01-24 21:23:03.907,110343296,INFO,[Main Loop] unknown: state=1 licks=0 bouts=0
2026-01-24 21:23:05.123,110344512,INFO,[Main Loop] unknown: state=0 licks=0 bouts=0
2026-01-24 21:23:05.155,110344544,INFO,[Main Loop] unknown: state=1 licks=0 bouts=0
2026-01-24 21:23:05.283,110344672,INFO,[Main Loop] unknown: state=0 licks=1 bouts=0
2026-01-24 21:23:06.339,110345728,INFO,[Main Loop] unknown: state=0 licks=0 bouts=0
2026-01-24 21:23:11.971,110351360,INFO,[Main Loop] unknown: state=1 licks=0 bouts=0
2026-01-24 21:23:13.475,110352864,INFO,[Main Loop] unknown: state=0 licks=0 bouts=0
2026-01-24 21:23:17.443,110356832,INFO,[Main Loop] unknown: state=1 licks=0 bouts=0
2026-01-24 21:23:18.563,110357952,INFO,[Main Loop] unknown: state=0 licks=0 bouts=0
2026-01-24 21:23:25.923,110365312,INFO,[Main Loop] unknown: state=1 licks=0 bouts=0
2026-01-24 21:23:27.619,110367008,INFO,[Main Loop] unknown: state=0 licks=0 bouts=0
2026-01-24 21:23:30.915,110370304,INFO,[Main Loop] unknown: state=1 licks=0 bouts=0
2026-01-24 21:23:32.291,110371680,INFO,[Main Loop] unknown: state=0 licks=0 bouts=0
2026-01-24 21:23:32.387,110371776,INFO,[Main Loop] unknown: state=1 licks=0 bouts=0
2026-01-24 21:23:32.451,110371840,INFO,[Main Loop] unknown: state=0 licks=1 bouts=0
2026-01-24 21:23:33.443,110372832,INFO,[Main Loop] unknown: state=0 licks=0 bouts=0
2026-01-24 21:23:36.003,110375392,INFO,[Main Loop] unknown: state=1 licks=0 bouts=0
2026-01-24 21:23:36.067,110375456,INFO,[Main Loop] unknown: state=0 licks=1 bouts=0
2026-01-24 21:23:36.131,110375520,INFO,[Main Loop] unknown: state=1 licks=1 bouts=0
2026-01-24 21:23:37.251,110376640,INFO,[Main Loop] unknown: state=0 licks=1 bouts=0
2026-01-24 21:23:38.275,110377664,INFO,[Main Loop] unknown: state=0 licks=0 bouts=0
2026-01-24 21:23:43.139,110382528,INFO,[Main Loop] unknown: state=1 licks=0 bouts=0
2026-01-24 21:23:44.195,110383584,INFO,[Main Loop] unknown: state=0 licks=0 bouts=0
2026-01-24 21:23:44.291,110383680,INFO,[Main Loop] unknown: state=1 licks=0 bouts=0
2026-01-24 21:23:44.483,110383872,INFO,[Main Loop] unknown: state=0 licks=0 bouts=0
2026-01-24 21:23:47.939,110387328,INFO,[Main Loop] unknown: state=1 licks=0 bouts=0
2026-01-24 21:23:49.507,110388896,INFO,[Main Loop] unknown: state=0 licks=0 bouts=0
2026-01-24 21:23:53.955,110393344,INFO,[Main Loop] unknown: state=1 licks=0 bouts=0
2026-01-24 21:23:55.523,110394912,INFO,[Main Loop] unknown: state=0 licks=0 bouts=0
2026-01-24 21:23:55.587,110394976,INFO,[Main Loop] unknown: state=1 licks=0 bouts=0
2026-01-24 21:23:55.651,110395040,INFO,[Main Loop] unknown: state=0 licks=1 bouts=0
2026-01-24 21:23:56.675,110396064,INFO,[Main Loop] unknown: state=0 licks=0 bouts=0
2026-01-25 02:17:19.139,127998528,INFO,[Main Loop] unknown: state=1 licks=0 bouts=0
2026-01-25 02:17:20.067,127999456,INFO,[Main Loop] unknown: state=0 licks=0 bouts=0
2026-01-25 02:17:27.331,128006720,INFO,[Main Loop] unknown: state=1 licks=0 bouts=0
2026-01-25 02:17:28.675,128008064,INFO,[Main Loop] unknown: state=0 licks=0 bouts=0
2026-01-25 02:17:34.819,128014208,INFO,[Main Loop] unknown: state=1 licks=0 bouts=0
2026-01-25 02:17:36.035,128015424,INFO,[Main Loop] unknown: state=0 licks=0 bouts=0
2026-01-25 02:17:40.899,128020288,INFO,[Main Loop] unknown: state=1 licks=0 bouts=0
2026-01-25 02:17:40.963,128020352,INFO,[Main Loop] unknown: state=0 licks=1 bouts=0
2026-01-25 02:17:41.155,128020544,INFO,[Main Loop] unknown: state=1 licks=1 bouts=0
2026-01-25 02:17:42.339,128021728,INFO,[Main Loop] unknown: state=0 licks=1 bouts=0
2026-01-25 02:17:43.363,128022752,INFO,[Main Loop] unknown: state=0 licks=0 bouts=0
2026-01-25 02:17:47.779,128027168,INFO,[Main Loop] unknown: state=1 licks=0 bouts=0
2026-01-25 02:17:49.027,128028416,INFO,[Main Loop] unknown: state=0 licks=0 bouts=0
2026-01-25 02:17:53.827,128033216,INFO,[Main Loop] unknown: state=1 licks=0 bouts=0
2026-01-25 02:17:55.043,128034432,INFO,[Main Loop] unknown: state=0 licks=0 bouts=0
2026-01-25 02:17:59.843,128039232,INFO,[Main Loop] unknown: state=1 licks=0 bouts=0
2026-01-25 02:17:59.939,128039328,INFO,[Main Loop] unknown: state=0 licks=1 bouts=0
2026-01-25 02:18:00.163,128039552,INFO,[Main Loop] unknown: state=1 licks=1 bouts=0
2026-01-25 02:18:00.259,128039648,INFO,[Main Loop] unknown: state=0 licks=2 bouts=0
2026-01-25 02:18:00.451,128039840,INFO,[Main Loop] unknown: state=1 licks=2 bouts=0
2026-01-25 02:18:01.539,128040928,INFO,[Main Loop] unknown: state=0 licks=2 bouts=0
2026-01-25 02:18:02.531,128041920,INFO,[Main Loop] unknown: state=0 licks=0 bouts=0
2026-01-25 02:18:07.331,128046720,INFO,[Main Loop] unknown: state=1 licks=0 bouts=0
2026-01-25 02:18:08.835,128048224,INFO,[Main Loop] unknown: state=0 licks=0 bouts=0
2026-01-25 02:18:16.131,128055520,INFO,[Main Loop] unknown: state=1 licks=0 bouts=0
2026-01-25 02:18:17.923,128057312,INFO,[Main Loop] unknown: state=0 licks=0 bouts=0
2026-01-25 02:18:24.803,128064192,INFO,[Main Loop] unknown: state=1 licks=0 bouts=0
2026-01-25 02:18:25.891,128065280,INFO,[Main Loop] unknown: state=0 licks=0 bouts=0
2026-01-25 04:48:17.379,137056768,INFO,[Main Loop] Cat switched unknown   -> Handsome  
2026-01-25 04:48:17.379,137056768,INFO,[Main Loop] Handsome: state=0 licks=0 bouts=0
2026-01-25 04:48:18.531,137057920,INFO,[Main Loop] Handsome: state=1 licks=0 bouts=0
2026-01-25 04:48:19.491,137058880,INFO,[Main Loop] Handsome: state=0 licks=0 bouts=0
2026-01-25 04:48:20.131,137059520,INFO,[Main Loop] Cat switched Handsome  -> unknown   
2026-01-25 04:48:20.131,137059520,INFO,[Main Loop] unknown: state=0 licks=0 bouts=0
2026-01-25 04:48:25.379,137064768,INFO,[Main Loop] unknown: state=1 licks=0 bouts=0
2026-01-25 04:48:25.571,137064960,INFO,[Main Loop] unknown: state=0 licks=0 bouts=0
2026-01-25 04:48:25.699,137065088,INFO,[Main Loop] unknown: state=1 licks=0 bouts=0
2026-01-25 04:48:26.595,137065984,INFO,[Main Loop] unknown: state=0 licks=0 bouts=0
2026-01-25 04:48:26.659,137066048,INFO,[Main Loop] unknown: state=1 licks=0 bouts=0
2026-01-25 04:48:26.723,137066112,INFO,[Main Loop] unknown: state=0 licks=1 bouts=0
2026-01-25 04:48:27.747,137067136,INFO,[Main Loop] unknown: state=0 licks=0 bouts=0
2026-01-25 04:48:32.355,137071744,INFO,[Main Loop] unknown: state=1 licks=0 bouts=0
2026-01-25 04:48:33.443,137072832,INFO,[Main Loop] unknown: state=0 licks=0 bouts=0
2026-01-25 04:48:38.435,137077824,INFO,[Main Loop] unknown: state=1 licks=0 bouts=0
2026-01-25 04:48:38.563,137077952,INFO,[Main Loop] unknown: state=0 licks=1 bouts=0
2026-01-25 04:48:38.819,137078208,INFO,[Main Loop] unknown: state=1 licks=1 bouts=0
2026-01-25 04:48:39.011,137078400,INFO,[Main Loop] unknown: state=0 licks=1 bouts=0
2026-01-25 04:48:39.075,137078464,INFO,[Main Loop] unknown: state=1 licks=1 bouts=0
2026-01-25 04:48:39.459,137078848,INFO,[Main Loop] unknown: state=0 licks=1 bouts=0
2026-01-25 04:48:40.483,137079872,INFO,[Main Loop] unknown: state=0 licks=0 bouts=0
2026-01-25 04:48:44.579,137083968,INFO,[Main Loop] unknown: state=1 licks=0 bouts=0
2026-01-25 04:48:44.643,137084032,INFO,[Main Loop] unknown: state=0 licks=1 bouts=0
2026-01-25 04:48:44.835,137084224,INFO,[Main Loop] unknown: state=1 licks=1 bouts=0
2026-01-25 04:48:45.027,137084416,INFO,[Main Loop] unknown: state=0 licks=1 bouts=0
2026-01-25 04:48:45.155,137084544,INFO,[Main Loop] unknown: state=1 licks=1 bouts=0
2026-01-25 04:48:45.347,137084736,INFO,[Main Loop] unknown: state=0 licks=1 bouts=0
2026-01-25 04:48:45.475,137084864,INFO,[Main Loop] unknown: state=1 licks=1 bouts=0
2026-01-25 04:48:45.603,137084992,INFO,[Main Loop] unknown: state=0 licks=2 bouts=0
2026-01-25 04:48:45.731,137085120,INFO,[Main Loop] unknown: state=1 licks=2 bouts=0
2026-01-25 04:48:45.859,137085248,INFO,[Main Loop] unknown: state=0 licks=3 bouts=0
2026-01-25 04:48:46.883,137086272,INFO,[Main Loop] unknown: state=0 licks=0 bouts=1
2026-01-25 04:48:52.003,137091392,INFO,[Main Loop] unknown: state=1 licks=0 bouts=1
2026-01-25 04:48:52.131,137091520,INFO,[Main Loop] unknown: state=0 licks=1 bouts=1
2026-01-25 04:48:52.323,137091712,INFO,[Main Loop] unknown: state=1 licks=1 bouts=1
2026-01-25 04:48:52.451,137091840,INFO,[Main Loop] unknown: state=0 licks=2 bouts=1
2026-01-25 04:48:52.579,137091968,INFO,[Main Loop] unknown: state=1 licks=2 bouts=1
2026-01-25 04:48:53.027,137092416,INFO,[Main Loop] unknown: state=0 licks=2 bouts=1
2026-01-25 04:48:54.051,137093440,INFO,[Main Loop] unknown: state=0 licks=0 bouts=1
2026-01-25 04:48:59.747,137099136,INFO,[Main Loop] unknown: state=1 licks=0 bouts=1
2026-01-25 04:49:01.347,137100736,INFO,[Main Loop] unknown: state=0 licks=0 bouts=1
2026-01-25 04:49:07.875,137107264,INFO,[Main Loop] unknown: state=1 licks=0 bouts=1
2026-01-25 04:49:09.091,137108480,INFO,[Main Loop] unknown: state=0 licks=0 bouts=1
2026-01-25 04:49:15.107,137114496,INFO,[Main Loop] unknown: state=1 licks=0 bouts=1
2026-01-25 04:49:15.171,137114560,INFO,[Main Loop] unknown: state=0 licks=1 bouts=1
2026-01-25 04:49:15.363,137114752,INFO,[Main Loop] unknown: state=1 licks=1 bouts=1
2026-01-25 04:49:16.067,137115456,INFO,[Main Loop] unknown: state=0 licks=1 bouts=1
2026-01-25 04:49:16.131,137115520,INFO,[Main Loop] unknown: state=1 licks=1 bouts=1
2026-01-25 04:49:16.323,137115712,INFO,[Main Loop] unknown: state=0 licks=1 bouts=1
2026-01-25 04:49:17.347,137116736,INFO,[Main Loop] unknown: state=0 licks=0 bouts=1
2026-01-25 04:49:21.315,137120704,INFO,[Main Loop] unknown: state=1 licks=0 bouts=1
2026-01-25 04:49:21.379,137120768,INFO,[Main Loop] unknown: state=0 licks=1 bouts=1
2026-01-25 04:49:21.571,137120960,INFO,[Main Loop] unknown: state=1 licks=1 bouts=1
2026-01-25 04:49:21.763,137121152,INFO,[Main Loop] unknown: state=0 licks=1 bouts=1
2026-01-25 04:49:21.827,137121216,INFO,[Main Loop] unknown: state=1 licks=1 bouts=1
2026-01-25 04:49:22.083,137121472,INFO,[Main Loop] unknown: state=0 licks=1 bouts=1
2026-01-25 04:49:22.147,137121536,INFO,[Main Loop] unknown: state=1 licks=1 bouts=1
2026-01-25 04:49:22.595,137121984,INFO,[Main Loop] unknown: state=0 licks=1 bouts=1
2026-01-25 04:49:23.619,137123008,INFO,[Main Loop] unknown: state=0 licks=0 bouts=1
2026-01-25 04:49:29.379,137128768,INFO,[Main Loop] unknown: state=1 licks=0 bouts=1
2026-01-25 04:49:29.571,137128960,INFO,[Main Loop] unknown: state=0 licks=0 bouts=1
2026-01-25 04:49:29.699,137129088,INFO,[Main Loop] unknown: state=1 licks=0 bouts=1
2026-01-25 04:49:29.955,137129344,INFO,[Main Loop] unknown: state=0 licks=0 bouts=1
2026-01-25 04:49:30.019,137129408,INFO,[Main Loop] unknown: state=1 licks=0 bouts=1
2026-01-25 04:49:30.403,137129792,INFO,[Main Loop] unknown: state=0 licks=0 bouts=1
2026-01-25 04:49:36.995,137136384,INFO,[Main Loop] unknown: state=1 licks=0 bouts=1
2026-01-25 04:49:38.147,137137536,INFO,[Main Loop] unknown: state=0 licks=0 bouts=1
2026-01-25 04:49:43.075,137142464,INFO,[Main Loop] unknown: state=1 licks=0 bouts=1
2026-01-25 04:49:43.971,137143360,INFO,[Main Loop] unknown: state=0 licks=0 bouts=1
2026-01-25 04:49:44.035,137143424,INFO,[Main Loop] unknown: state=1 licks=0 bouts=1
2026-01-25 04:49:44.099,137143488,INFO,[Main Loop] unknown: state=0 licks=1 bouts=1
2026-01-25 04:49:45.123,137144512,INFO,[Main Loop] unknown: state=0 licks=0 bouts=1
2026-01-25 04:49:48.963,137148352,INFO,[Main Loop] unknown: state=1 licks=0 bouts=1
2026-01-25 04:49:50.051,137149440,INFO,[Main Loop] unknown: state=0 licks=0 bouts=1
2026-01-25 04:49:55.811,137155200,INFO,[Main Loop] unknown: state=1 licks=0 bouts=1
2026-01-25 04:49:57.091,137156480,INFO,[Main Loop] unknown: state=0 licks=0 bouts=1
2026-01-25 04:50:03.683,137163072,INFO,[Main Loop] unknown: state=1 licks=0 bouts=1
2026-01-25 04:50:04.771,137164160,INFO,[Main Loop] unknown: state=0 licks=0 bouts=1
2026-01-25 04:50:12.387,137171776,INFO,[Main Loop] unknown: state=1 licks=0 bouts=1
2026-01-25 04:50:13.667,137173056,INFO,[Main Loop] unknown: state=0 licks=0 bouts=1
2026-01-25 18:06:16.547,184935936,INFO,[Main Loop] unknown: state=1 licks=0 bouts=1
2026-01-25 18:06:17.635,184937024,INFO,[Main Loop] unknown: state=0 licks=0 bouts=1
2026-01-25 18:06:20.643,184940032,INFO,[Main Loop] unknown: state=1 licks=0 bouts=1
2026-01-25 18:06:20.771,184940160,INFO,[Main Loop] unknown: state=0 licks=1 bouts=1
2026-01-25 18:06:20.899,184940288,INFO,[Main Loop] unknown: state=1 licks=1 bouts=1
2026-01-25 18:06:21.731,184941120,INFO,[Main Loop] unknown: state=0 licks=1 bouts=1
2026-01-25 18:06:22.755,184942144,INFO,[Main Loop] unknown: state=0 licks=0 bouts=1
2026-01-25 18:06:24.803,184944192,INFO,[Main Loop] unknown: state=1 licks=0 bouts=1
2026-01-25 18:06:25.699,184945088,INFO,[Main Loop] unknown: state=0 licks=0 bouts=1
2026-01-25 18:06:25.827,184945216,INFO,[Main Loop] unknown: state=1 licks=0 bouts=1
2026-01-25 18:06:25.891,184945280,INFO,[Main Loop] unknown: state=0 licks=1 bouts=1
2026-01-25 18:06:26.915,184946304,INFO,[Main Loop] unknown: state=0 licks=0 bouts=1
2026-01-25 18:06:28.899,184948288,INFO,[Main Loop] unknown: state=1 licks=0 bouts=1
2026-01-25 18:06:29.859,184949248,INFO,[Main Loop] unknown: state=0 licks=0 bouts=1
2026-01-25 18:06:30.051,184949440,INFO,[Main Loop] unknown: state=1 licks=0 bouts=1
2026-01-25 18:06:30.179,184949568,INFO,[Main Loop] unknown: state=0 licks=1 bouts=1
2026-01-25 18:06:31.203,184950592,INFO,[Main Loop] unknown: state=0 licks=0 bouts=1
2026-01-25 18:06:33.379,184952768,INFO,[Main Loop] unknown: state=1 licks=0 bouts=1
2026-01-25 18:06:34.595,184953984,INFO,[Main Loop] unknown: state=0 licks=0 bouts=1
2026-01-25 18:06:34.659,184954048,INFO,[Main Loop] unknown: state=1 licks=0 bouts=1
2026-01-25 18:06:34.787,184954176,INFO,[Main Loop] unknown: state=0 licks=1 bouts=1
2026-01-25 18:06:35.811,184955200,INFO,[Main Loop] unknown: state=0 licks=0 bouts=1
2026-01-25 18:06:38.371,184957760,INFO,[Main Loop] unknown: state=1 licks=0 bouts=1
2026-01-25 18:06:39.459,184958848,INFO,[Main Loop] unknown: state=0 licks=0 bouts=1
2026-01-25 18:06:43.363,184962752,INFO,[Main Loop] unknown: state=1 licks=0 bouts=1
2026-01-25 18:06:44.579,184963968,INFO,[Main Loop] unknown: state=0 licks=0 bouts=1
2026-01-25 18:06:47.715,184967104,INFO,[Main Loop] unknown: state=1 licks=0 bouts=1
2026-01-25 18:06:49.059,184968448,INFO,[Main Loop] unknown: state=0 licks=0 bouts=1
2026-01-25 18:06:51.939,184971328,INFO,[Main Loop] unknown: state=1 licks=0 bouts=1
2026-01-25 18:06:53.859,184973248,INFO,[Main Loop] unknown: state=0 licks=0 bouts=1
2026-01-25 18:06:56.931,184976320,INFO,[Main Loop] unknown: state=1 licks=0 bouts=1
2026-01-25 18:06:58.211,184977600,INFO,[Main Loop] unknown: state=0 licks=0 bouts=1
2026-01-25 20:11:00.323,192419712,INFO,[Main Loop] unknown: state=1 licks=0 bouts=1
2026-01-25 20:11:01.091,192420480,INFO,[Main Loop] unknown: state=0 licks=0 bouts=1
2026-01-25 20:11:05.379,192424768,INFO,[Main Loop] unknown: state=1 licks=0 bouts=1
2026-01-25 20:11:06.467,192425856,INFO,[Main Loop] unknown: state=0 licks=0 bouts=1
2026-01-25 20:11:10.499,192429888,INFO,[Main Loop] unknown: state=1 licks=0 bouts=1
2026-01-25 20:11:11.523,192430912,INFO,[Main Loop] unknown: state=0 licks=0 bouts=1
2026-01-25 20:11:14.787,192434176,INFO,[Main Loop] unknown: state=1 licks=0 bouts=1
2026-01-25 20:11:15.875,192435264,INFO,[Main Loop] unknown: state=0 licks=0 bouts=1
2026-01-25 20:11:19.779,192439168,INFO,[Main Loop] unknown: state=1 licks=0 bouts=1
2026-01-25 20:11:20.931,192440320,INFO,[Main Loop] unknown: state=0 licks=0 bouts=1
2026-01-25 20:11:25.795,192445184,INFO,[Main Loop] unknown: state=1 licks=0 bouts=1
2026-01-25 20:11:27.075,192446464,INFO,[Main Loop] unknown: state=0 licks=0 bouts=1
2026-01-25 20:11:30.979,192450368,INFO,[Main Loop] unknown: state=1 licks=0 bouts=1
2026-01-25 20:11:32.323,192451712,INFO,[Main Loop] unknown: state=0 licks=0 bouts=1
2026-01-25 20:11:35.395,192454784,INFO,[Main Loop] unknown: state=1 licks=0 bouts=1
2026-01-25 20:11:36.931,192456320,INFO,[Main Loop] unknown: state=0 licks=0 bouts=1
2026-01-25 20:11:40.387,192459776,INFO,[Main Loop] unknown: state=1 licks=0 bouts=1
2026-01-25 20:11:41.731,192461120,INFO,[Main Loop] unknown: state=0 licks=0 bouts=1
2026-01-25 20:11:45.251,192464640,INFO,[Main Loop] unknown: state=1 licks=0 bouts=1
2026-01-25 20:11:46.467,192465856,INFO,[Main Loop] unknown: state=0 licks=0 bouts=1
2026-01-25 20:11:50.051,192469440,INFO,[Main Loop] unknown: state=1 licks=0 bouts=1
2026-01-25 20:11:51.587,192470976,INFO,[Main Loop] unknown: state=0 licks=0 bouts=1
2026-01-25 20:11:56.707,192476096,INFO,[Main Loop] unknown: state=1 licks=0 bouts=1
2026-01-25 20:11:58.115,192477504,INFO,[Main Loop] unknown: state=0 licks=0 bouts=1
2026-01-25 20:12:02.147,192481536,INFO,[Main Loop] unknown: state=1 licks=0 bouts=1
2026-01-25 20:12:03.683,192483072,INFO,[Main Loop] unknown: state=0 licks=0 bouts=1
2026-01-25 20:12:08.355,192487744,INFO,[Main Loop] unknown: state=1 licks=0 bouts=1
2026-01-25 20:12:09.635,192489024,INFO,[Main Loop] unknown: state=0 licks=0 bouts=1
2026-01-25 20:12:13.219,192492608,INFO,[Main Loop] unknown: state=1 licks=0 bouts=1
2026-01-25 20:12:15.267,192494656,INFO,[Main Loop] unknown: state=0 licks=0 bouts=1
2026-01-25 22:26:06.947,200526336,INFO,[Main Loop] unknown: state=1 licks=0 bouts=1
2026-01-25 22:26:08.227,200527616,INFO,[Main Loop] unknown: state=0 licks=0 bouts=1
2026-01-25 22:26:12.451,200531840,INFO,[Main Loop] unknown: state=1 licks=0 bouts=1
2026-01-25 22:26:12.579,200531968,INFO,[Main Loop] unknown: state=0 licks=1 bouts=1
2026-01-25 22:26:12.707,200532096,INFO,[Main Loop] unknown: state=1 licks=1 bouts=1
2026-01-25 22:26:12.963,200532352,INFO,[Main Loop] unknown: state=0 licks=1 bouts=1
2026-01-25 22:26:13.027,200532416,INFO,[Main Loop] unknown: state=1 licks=1 bouts=1
2026-01-25 22:26:13.155,200532544,INFO,[Main Loop] unknown: state=0 licks=2 bouts=1
2026-01-25 22:26:13.347,200532736,INFO,[Main Loop] unknown: state=1 licks=2 bouts=1
2026-01-25 22:26:13.539,200532928,INFO,[Main Loop] unknown: state=0 licks=2 bouts=1
2026-01-25 22:26:14.563,200533952,INFO,[Main Loop] unknown: state=0 licks=0 bouts=1
2026-01-25 22:26:17.955,200537344,INFO,[Main Loop] unknown: state=1 licks=0 bouts=1
2026-01-25 22:26:18.147,200537536,INFO,[Main Loop] unknown: state=0 licks=0 bouts=1
2026-01-25 22:26:18.211,200537600,INFO,[Main Loop] unknown: state=1 licks=0 bouts=1
2026-01-25 22:26:18.659,200538048,INFO,[Main Loop] unknown: state=0 licks=0 bouts=1
2026-01-25 22:26:18.723,200538112,INFO,[Main Loop] unknown: state=1 licks=0 bouts=1
2026-01-25 22:26:18.851,200538240,INFO,[Main Loop] unknown: state=0 licks=1 bouts=1
2026-01-25 22:26:19.811,200539200,INFO,[Main Loop] unknown: state=0 licks=0 bouts=1
2026-01-25 22:26:23.331,200542720,INFO,[Main Loop] unknown: state=1 licks=0 bouts=1
2026-01-25 22:26:23.523,200542912,INFO,[Main Loop] unknown: state=0 licks=0 bouts=1
2026-01-25 22:26:23.651,200543040,INFO,[Main Loop] unknown: state=1 licks=0 bouts=1
2026-01-25 22:26:24.035,200543424,INFO,[Main Loop] unknown: state=0 licks=0 bouts=1
2026-01-25 22:26:24.163,200543552,INFO,[Main Loop] unknown: state=1 licks=0 bouts=1
2026-01-25 22:26:24.291,200543680,INFO,[Main Loop] unknown: state=0 licks=1 bouts=1
2026-01-25 22:26:25.315,200544704,INFO,[Main Loop] unknown: state=0 licks=0 bouts=1
2026-01-25 22:26:29.155,200548544,INFO,[Main Loop] unknown: state=1 licks=0 bouts=1
2026-01-25 22:26:30.179,200549568,INFO,[Main Loop] unknown: state=0 licks=0 bouts=1
2026-01-25 22:26:30.243,200549632,INFO,[Main Loop] unknown: state=1 licks=0 bouts=1
2026-01-25 22:26:30.883,200550272,INFO,[Main Loop] unknown: state=0 licks=0 bouts=1
2026-01-25 22:26:36.515,200555904,INFO,[Main Loop] unknown: state=1 licks=0 bouts=1
2026-01-25 22:26:36.579,200555968,INFO,[Main Loop] unknown: state=0 licks=1 bouts=1
2026-01-25 22:26:36.771,200556160,INFO,[Main Loop] unknown: state=1 licks=1 bouts=1
2026-01-25 22:26:37.027,200556416,INFO,[Main Loop] unknown: state=0 licks=1 bouts=1
2026-01-25 22:26:37.155,200556544,INFO,[Main Loop] unknown: state=1 licks=1 bouts=1
2026-01-25 22:26:37.539,200556928,INFO,[Main Loop] unknown: state=0 licks=1 bouts=1
2026-01-25 22:26:37.667,200557056,INFO,[Main Loop] unknown: state=1 licks=1 bouts=1
2026-01-25 22:26:37.795,200557184,INFO,[Main Loop] unknown: state=0 licks=2 bouts=1
2026-01-25 22:26:38.819,200558208,INFO,[Main Loop] unknown: state=0 licks=0 bouts=1
2026-01-25 22:26:41.507,200560896,INFO,[Main Loop] unknown: state=1 licks=0 bouts=1
2026-01-25 22:26:42.531,200561920,INFO,[Main Loop] unknown: state=0 licks=0 bouts=1
2026-01-25 22:26:42.595,200561984,INFO,[Main Loop] unknown: state=1 licks=0 bouts=1
2026-01-25 22:26:42.787,200562176,INFO,[Main Loop] unknown: state=0 licks=0 bouts=1
2026-01-25 22:26:46.627,200566016,INFO,[Main Loop] unknown: state=1 licks=0 bouts=1
2026-01-25 22:26:47.715,200567104,INFO,[Main Loop] unknown: state=0 licks=0 bouts=1
2026-01-25 22:26:51.875,200571264,INFO,[Main Loop] unknown: state=1 licks=0 bouts=1
2026-01-25 22:26:53.219,200572608,INFO,[Main Loop] unknown: state=0 licks=0 bouts=1
2026-01-25 22:26:57.379,200576768,INFO,[Main Loop] unknown: state=1 licks=0 bouts=1
2026-01-25 22:26:58.595,200577984,INFO,[Main Loop] unknown: state=0 licks=0 bouts=1
2026-01-25 22:27:03.139,200582528,INFO,[Main Loop] unknown: state=1 licks=0 bouts=1
2026-01-25 22:27:04.547,200583936,INFO,[Main Loop] unknown: state=0 licks=0 bouts=1
2026-01-25 22:27:09.731,200589120,INFO,[Main Loop] unknown: state=1 licks=0 bouts=1
2026-01-25 22:27:11.203,200590592,INFO,[Main Loop] unknown: state=0 licks=0 bouts=1
2026-01-25 22:27:15.747,200595136,INFO,[Main Loop] unknown: state=1 licks=0 bouts=1
2026-01-25 22:27:16.707,200596096,INFO,[Main Loop] unknown: state=0 licks=0 bouts=1
2026-01-25 22:27:20.227,200599616,INFO,[Main Loop] unknown: state=1 licks=0 bouts=1
2026-01-25 22:27:21.955,200601344,INFO,[Main Loop] unknown: state=0 licks=0 bouts=1
2026-01-25 22:28:19.043,200658432,INFO,[Main Loop] unknown: state=1 licks=0 bouts=1
2026-01-25 22:28:20.515,200659904,INFO,[Main Loop] unknown: state=0 licks=0 bouts=1
2026-01-25 22:28:24.931,200664320,INFO,[Main Loop] unknown: state=1 licks=0 bouts=1
2026-01-25 22:28:26.147,200665536,INFO,[Main Loop] unknown: state=0 licks=0 bouts=1
2026-01-25 22:28:30.883,200670272,INFO,[Main Loop] unknown: state=1 licks=0 bouts=1
2026-01-25 22:28:32.035,200671424,INFO,[Main Loop] unknown: state=0 licks=0 bouts=1
2026-01-25 22:28:32.099,200671488,INFO,[Main Loop] unknown: state=1 licks=0 bouts=1
2026-01-25 22:28:32.227,200671616,INFO,[Main Loop] unknown: state=0 licks=1 bouts=1
2026-01-25 22:28:33.187,200672576,INFO,[Main Loop] unknown: state=0 licks=0 bouts=1
2026-01-25 22:28:37.987,200677376,INFO,[Main Loop] unknown: state=1 licks=0 bouts=1
2026-01-25 22:28:38.947,200678336,INFO,[Main Loop] unknown: state=0 licks=0 bouts=1
2026-01-25 22:28:39.011,200678400,INFO,[Main Loop] unknown: state=1 licks=0 bouts=1
2026-01-25 22:28:39.139,200678528,INFO,[Main Loop] unknown: state=0 licks=1 bouts=1
2026-01-25 22:28:39.267,200678656,INFO,[Main Loop] unknown: state=1 licks=1 bouts=1
2026-01-25 22:28:39.331,200678720,INFO,[Main Loop] unknown: state=0 licks=2 bouts=1
2026-01-25 22:28:40.355,200679744,INFO,[Main Loop] unknown: state=0 licks=0 bouts=1
2026-01-25 22:28:43.939,200683328,INFO,[Main Loop] unknown: state=1 licks=0 bouts=1
2026-01-25 22:28:44.003,200683392,INFO,[Main Loop] unknown: state=0 licks=1 bouts=1
2026-01-25 22:28:44.131,200683520,INFO,[Main Loop] unknown: state=1 licks=1 bouts=1
2026-01-25 22:28:44.963,200684352,INFO,[Main Loop] unknown: state=0 licks=1 bouts=1
2026-01-25 22:28:45.987,200685376,INFO,[Main Loop] unknown: state=0 licks=0 bouts=1
2026-01-25 22:28:47.651,200687040,INFO,[Main Loop] unknown: state=1 licks=0 bouts=1
2026-01-25 22:28:48.675,200688064,INFO,[Main Loop] unknown: state=0 licks=0 bouts=1
2026-01-25 22:28:52.131,200691520,INFO,[Main Loop] unknown: state=1 licks=0 bouts=1
2026-01-25 22:28:52.195,200691584,INFO,[Main Loop] unknown: state=0 licks=1 bouts=1
2026-01-25 22:28:52.387,200691776,INFO,[Main Loop] unknown: state=1 licks=1 bouts=1
2026-01-25 22:28:53.219,200692608,INFO,[Main Loop] unknown: state=0 licks=1 bouts=1
2026-01-25 22:28:54.243,200693632,INFO,[Main Loop] unknown: state=0 licks=0 bouts=1
2026-01-25 22:28:56.483,200695872,INFO,[Main Loop] unknown: state=1 licks=0 bouts=1
2026-01-25 22:28:57.507,200696896,INFO,[Main Loop] unknown: state=0 licks=0 bouts=1
2026-01-25 22:29:00.963,200700352,INFO,[Main Loop] unknown: state=1 licks=0 bouts=1
2026-01-25 22:29:02.115,200701504,INFO,[Main Loop] unknown: state=0 licks=0 bouts=1
2026-01-26 08:11:55.107,235674496,INFO,[Main Loop] unknown: state=1 licks=0 bouts=1
2026-01-26 08:11:56.067,235675456,INFO,[Main Loop] unknown: state=0 licks=0 bouts=1
2026-01-26 08:12:01.315,235680704,INFO,[Main Loop] unknown: state=1 licks=0 bouts=1
2026-01-26 08:12:01.507,235680896,INFO,[Main Loop] unknown: state=0 licks=0 bouts=1
2026-01-26 08:12:01.635,235681024,INFO,[Main Loop] unknown: state=1 licks=0 bouts=1
2026-01-26 08:12:02.467,235681856,INFO,[Main Loop] unknown: state=0 licks=0 bouts=1
2026-01-26 08:12:06.307,235685696,INFO,[Main Loop] unknown: state=1 licks=0 bouts=1
2026-01-26 08:12:06.499,235685888,INFO,[Main Loop] unknown: state=0 licks=0 bouts=1
2026-01-26 08:12:06.627,235686016,INFO,[Main Loop] unknown: state=1 licks=0 bouts=1
2026-01-26 08:12:07.203,235686592,INFO,[Main Loop] unknown: state=0 licks=0 bouts=1
2026-01-26 08:12:07.395,235686784,INFO,[Main Loop] unknown: state=1 licks=0 bouts=1
2026-01-26 08:12:07.459,235686848,INFO,[Main Loop] unknown: state=0 licks=1 bouts=1
2026-01-26 08:12:08.483,235687872,INFO,[Main Loop] unknown: state=0 licks=0 bouts=1
2026-01-26 08:12:11.811,235691200,INFO,[Main Loop] unknown: state=1 licks=0 bouts=1
2026-01-26 08:12:12.771,235692160,INFO,[Main Loop] unknown: state=0 licks=0 bouts=1
2026-01-26 08:12:17.123,235696512,INFO,[Main Loop] unknown: state=1 licks=0 bouts=1
2026-01-26 08:12:18.019,235697408,INFO,[Main Loop] unknown: state=0 licks=0 bouts=1
2026-01-26 08:12:18.083,235697472,INFO,[Main Loop] unknown: state=1 licks=0 bouts=1
2026-01-26 08:12:18.211,235697600,INFO,[Main Loop] unknown: state=0 licks=1 bouts=1
2026-01-26 08:12:19.235,235698624,INFO,[Main Loop] unknown: state=0 licks=0 bouts=1
2026-01-26 08:12:23.075,235702464,INFO,[Main Loop] unknown: state=1 licks=0 bouts=1
2026-01-26 08:12:23.971,235703360,INFO,[Main Loop] unknown: state=0 licks=0 bouts=1
2026-01-26 08:12:24.035,235703424,INFO,[Main Loop] unknown: state=1 licks=0 bouts=1
2026-01-26 08:12:24.163,235703552,INFO,[Main Loop] unknown: state=0 licks=1 bouts=1
2026-01-26 08:12:25.187,235704576,INFO,[Main Loop] unknown: state=0 licks=0 bouts=1
2026-01-26 08:12:33.891,235713280,INFO,[Main Loop] unknown: state=1 licks=0 bouts=1
2026-01-26 08:12:35.427,235714816,INFO,[Main Loop] unknown: state=0 licks=0 bouts=1
2026-01-26 08:12:40.547,235719936,INFO,[Main Loop] unknown: state=1 licks=0 bouts=1
2026-01-26 08:12:41.315,235720704,INFO,[Main Loop] unknown: state=0 licks=0 bouts=1
2026-01-26 08:12:41.379,235720768,INFO,[Main Loop] unknown: state=1 licks=0 bouts=1
2026-01-26 08:12:41.507,235720896,INFO,[Main Loop] unknown: state=0 licks=1 bouts=1
2026-01-26 08:12:42.531,235721920,INFO,[Main Loop] unknown: state=0 licks=0 bouts=1
2026-01-26 08:12:46.627,235726016,INFO,[Main Loop] unknown: state=1 licks=0 bouts=1
2026-01-26 08:12:47.715,235727104,INFO,[Main Loop] unknown: state=0 licks=0 bouts=1
2026-01-26 08:12:52.643,235732032,INFO,[Main Loop] unknown: state=1 licks=0 bouts=1
2026-01-26 08:12:53.283,235732672,INFO,[Main Loop] unknown: state=0 licks=0 bouts=1
2026-01-26 08:12:53.347,235732736,INFO,[Main Loop] unknown: state=1 licks=0 bouts=1
2026-01-26 08:12:53.475,235732864,INFO,[Main Loop] unknown: state=0 licks=1 bouts=1
2026-01-26 08:12:53.603,235732992,INFO,[Main Loop] unknown: state=1 licks=1 bouts=1
2026-01-26 08:12:53.731,235733120,INFO,[Main Loop] unknown: state=0 licks=2 bouts=1
2026-01-26 08:12:54.755,235734144,INFO,[Main Loop] unknown: state=0 licks=0 bouts=1
2026-01-26 08:12:58.083,235737472,INFO,[Main Loop] unknown: state=1 licks=0 bouts=1
2026-01-26 08:12:58.147,235737536,INFO,[Main Loop] unknown: state=0 licks=1 bouts=1
2026-01-26 08:12:58.403,235737792,INFO,[Main Loop] unknown: state=1 licks=1 bouts=1
2026-01-26 08:12:59.427,235738816,INFO,[Main Loop] unknown: state=0 licks=1 bouts=1
2026-01-26 08:13:00.451,235739840,INFO,[Main Loop] unknown: state=0 licks=0 bouts=1
2026-01-26 08:13:04.611,235744000,INFO,[Main Loop] unknown: state=1 licks=0 bouts=1
2026-01-26 08:13:05.699,235745088,INFO,[Main Loop] unknown: state=0 licks=0 bouts=1
2026-01-26 08:13:05.763,235745152,INFO,[Main Loop] unknown: state=1 licks=0 bouts=1
2026-01-26 08:13:05.891,235745280,INFO,[Main Loop] unknown: state=0 licks=1 bouts=1
2026-01-26 08:13:06.915,235746304,INFO,[Main Loop] unknown: state=0 licks=0 bouts=1
2026-01-26 08:13:10.115,235749504,INFO,[Main Loop] unknown: state=1 licks=0 bouts=1
2026-01-26 08:13:10.691,235750080,INFO,[Main Loop] unknown: state=0 licks=0 bouts=1
2026-01-26 08:13:10.819,235750208,INFO,[Main Loop] unknown: state=1 licks=0 bouts=1
2026-01-26 08:13:10.883,235750272,INFO,[Main Loop] unknown: state=0 licks=1 bouts=1
2026-01-26 08:13:11.907,235751296,INFO,[Main Loop] unknown: state=0 licks=0 bouts=1
2026-01-26 08:13:18.435,235757824,INFO,[Main Loop] unknown: state=1 licks=0 bouts=1
2026-01-26 08:13:19.971,235759360,INFO,[Main Loop] unknown: state=0 licks=0 bouts=1
2026-01-26 08:13:20.035,235759424,INFO,[Main Loop] unknown: state=1 licks=0 bouts=1
2026-01-26 08:13:20.099,235759488,INFO,[Main Loop] unknown: state=0 licks=1 bouts=1
2026-01-26 08:13:21.123,235760512,INFO,[Main Loop] unknown: state=0 licks=0 bouts=1
2026-01-26 08:13:23.363,235762752,INFO,[Main Loop] unknown: state=1 licks=0 bouts=1
2026-01-26 08:13:23.491,235762880,INFO,[Main Loop] unknown: state=0 licks=1 bouts=1
2026-01-26 08:13:23.875,235763264,INFO,[Main Loop] unknown: state=1 licks=1 bouts=1
2026-01-26 08:13:24.771,235764160,INFO,[Main Loop] unknown: state=0 licks=1 bouts=1
2026-01-26 08:13:25.795,235765184,INFO,[Main Loop] unknown: state=0 licks=0 bouts=1
2026-01-26 08:13:29.699,235769088,INFO,[Main Loop] unknown: state=1 licks=0 bouts=1
2026-01-26 08:13:31.491,235770880,INFO,[Main Loop] unknown: state=0 licks=0 bouts=1
2026-01-26 10:24:31.394,4783,INFO,[MySystemLog] Logging to SD: /sd/system.log
2026-01-26 10:24:31.406,4795,INFO,[Main Loop] System Log Started
2026-01-26 10:24:31.420,4809,INFO,"[Main Loop] all defined cats: ['bob', 'Handsome', 'henk']"
2026-01-26 10:24:31.944,5333,INFO,[Main Loop] Objects created
2026-01-26 10:24:31.955,5344,INFO,[Main Loop] Starting monitoring loop
2026-01-26 10:24:31.976,5365,INFO,[Main Loop] Cat switched None      -> unknown   
2026-01-26 10:24:31.991,5380,INFO,[Main Loop] unknown: state=0 licks=0 bouts=0
2026-01-26 10:24:40.396,13709,INFO,[MySystemLog] Logging to SD: /sd/system.log
2026-01-26 10:24:40.410,13723,INFO,[Main Loop] System Log Started
2026-01-26 10:24:40.421,13734,INFO,"[Main Loop] all defined cats: ['bob', 'Handsome', 'henk']"
2026-01-26 10:24:40.941,14254,INFO,[Main Loop] Objects created
2026-01-26 10:24:40.952,14265,INFO,[Main Loop] Starting monitoring loop
2026-01-26 10:24:40.971,14284,INFO,[Main Loop] Cat switched None      -> unknown   
2026-01-26 10:24:40.983,14296,INFO,[Main Loop] unknown: state=0 licks=0 bouts=0
2026-01-26 10:24:59.400,33547,INFO,[MySystemLog] Logging to SD: /sd/system.log
2026-01-26 10:24:59.413,33560,INFO,[Main Loop] System Log Started
2026-01-26 10:24:59.426,33573,INFO,"[Main Loop] all defined cats: ['bob', 'Handsome', 'henk']"
2026-01-26 10:24:59.944,34091,INFO,[Main Loop] Objects created
2026-01-26 10:24:59.956,34103,INFO,[Main Loop] Starting monitoring loop
2026-01-26 10:24:59.974,34121,INFO,[Main Loop] Cat switched None      -> unknown   
2026-01-26 10:24:59.987,34134,INFO,[Main Loop] unknown: state=0 licks=0 bouts=0
